[ 2015-04-13T09:55:04+08:00 ] 127.0.0.1 /DreamCMS/Template/Admin/bootstrap/Layout/Js/jquery.min.js
INFO: [ app_init ] --START--
INFO: Run Behavior\BuildLiteBehavior [ RunTime:0.000000s ]
INFO: [ app_init ] --END-- [ RunTime:0.000000s ]
INFO: [ app_begin ] --START--
INFO: Run Behavior\ReadHtmlCacheBehavior [ RunTime:0.001494s ]
INFO: Run Behavior\FlChkLangBehavior [ RunTime:0.002987s ]
INFO: [ app_begin ] --END-- [ RunTime:0.007469s ]
ERR: 无法加载控制器:Template

[ 2015-04-13T09:55:15+08:00 ] 127.0.0.1 /DreamCMS/Template/Admin/bootstrap/Layout/Js/jquery.min.js
INFO: [ app_init ] --START--
INFO: Run Behavior\BuildLiteBehavior [ RunTime:0.000000s ]
INFO: [ app_init ] --END-- [ RunTime:0.001493s ]
INFO: [ app_begin ] --START--
INFO: Run Behavior\ReadHtmlCacheBehavior [ RunTime:0.001493s ]
INFO: Run Behavior\FlChkLangBehavior [ RunTime:0.001494s ]
INFO: [ app_begin ] --END-- [ RunTime:0.002987s ]
ERR: 无法加载控制器:Template

[ 2015-04-13T09:55:39+08:00 ] 127.0.0.1 /DreamCMS/Template/Admin/bootstrap/Layout/Js/jquery.min.js
INFO: [ app_init ] --START--
INFO: Run Behavior\BuildLiteBehavior [ RunTime:0.000000s ]
INFO: [ app_init ] --END-- [ RunTime:0.001494s ]
INFO: [ app_begin ] --START--
INFO: Run Behavior\ReadHtmlCacheBehavior [ RunTime:0.001493s ]
INFO: Run Behavior\FlChkLangBehavior [ RunTime:0.001494s ]
INFO: [ app_begin ] --END-- [ RunTime:0.002987s ]
ERR: 无法加载控制器:Template

[ 2015-04-13T10:03:39+08:00 ] 127.0.0.1 /DreamCMS/Template/Admin/bootstrap/Layout/Js/jquery.min.js
INFO: [ app_init ] --START--
INFO: Run Behavior\BuildLiteBehavior [ RunTime:0.000000s ]
INFO: [ app_init ] --END-- [ RunTime:0.001178s ]
INFO: [ app_begin ] --START--
INFO: Run Behavior\ReadHtmlCacheBehavior [ RunTime:0.001179s ]
INFO: Run Behavior\FlChkLangBehavior [ RunTime:0.017682s ]
INFO: [ app_begin ] --END-- [ RunTime:0.020040s ]
ERR: 无法加载控制器:Template

[ 2015-04-13T10:04:21+08:00 ] 127.0.0.1 /DreamCMS/Template/Admin/bootstrap/Layout/Js/jquery.min.js
INFO: [ app_init ] --START--
INFO: Run Behavior\BuildLiteBehavior [ RunTime:0.001066s ]
INFO: [ app_init ] --END-- [ RunTime:0.001066s ]
INFO: [ app_begin ] --START--
INFO: Run Behavior\ReadHtmlCacheBehavior [ RunTime:0.001066s ]
INFO: Run Behavior\FlChkLangBehavior [ RunTime:0.002131s ]
INFO: [ app_begin ] --END-- [ RunTime:0.003197s ]
ERR: 无法加载控制器:Template

[ 2015-04-13T10:08:37+08:00 ] 127.0.0.1 /DreamCMS/Template/Admin/bootstrap/Layout/Js/jquery.min.js
INFO: [ app_init ] --START--
INFO: Run Behavior\BuildLiteBehavior [ RunTime:0.000000s ]
INFO: [ app_init ] --END-- [ RunTime:0.000000s ]
INFO: [ app_begin ] --START--
INFO: Run Behavior\ReadHtmlCacheBehavior [ RunTime:0.001066s ]
INFO: Run Behavior\FlChkLangBehavior [ RunTime:0.001066s ]
INFO: [ app_begin ] --END-- [ RunTime:0.006395s ]
ERR: 无法加载控制器:Template

[ 2015-04-13T10:09:07+08:00 ] 127.0.0.1 /DreamCMS/Template/Admin/bootstrap/Layout/Js/jquery.min.js
INFO: [ app_init ] --START--
INFO: Run Behavior\BuildLiteBehavior [ RunTime:0.000000s ]
INFO: [ app_init ] --END-- [ RunTime:0.001025s ]
INFO: [ app_begin ] --START--
INFO: Run Behavior\ReadHtmlCacheBehavior [ RunTime:0.001025s ]
INFO: Run Behavior\FlChkLangBehavior [ RunTime:0.002050s ]
INFO: [ app_begin ] --END-- [ RunTime:0.003075s ]
ERR: 无法加载控制器:Template

[ 2015-04-13T10:09:23+08:00 ] 127.0.0.1 /DreamCMS/Template/Admin/bootstrap/Layout/Js/jquery.min.js
INFO: [ app_init ] --START--
INFO: Run Behavior\BuildLiteBehavior [ RunTime:0.001025s ]
INFO: [ app_init ] --END-- [ RunTime:0.001025s ]
INFO: [ app_begin ] --START--
INFO: Run Behavior\ReadHtmlCacheBehavior [ RunTime:0.001025s ]
INFO: Run Behavior\FlChkLangBehavior [ RunTime:0.001025s ]
INFO: [ app_begin ] --END-- [ RunTime:0.002050s ]
ERR: 无法加载控制器:Template

[ 2015-04-13T10:09:59+08:00 ] 127.0.0.1 /DreamCMS/Template/Admin/bootstrap/Layout/Js/jquery.min.js
INFO: [ app_init ] --START--
INFO: Run Behavior\BuildLiteBehavior [ RunTime:0.000000s ]
INFO: [ app_init ] --END-- [ RunTime:0.001025s ]
INFO: [ app_begin ] --START--
INFO: Run Behavior\ReadHtmlCacheBehavior [ RunTime:0.001026s ]
INFO: Run Behavior\FlChkLangBehavior [ RunTime:0.001025s ]
INFO: [ app_begin ] --END-- [ RunTime:0.002051s ]
ERR: 无法加载控制器:Template

[ 2015-04-13T09:27:36+08:00 ] 127.0.0.1 /DreamCMS/Template/Admin/bootstrap/Layout/Js/jquery.min.js
INFO: [ app_init ] --START--
INFO: Run Behavior\BuildLiteBehavior [ RunTime:0.000000s ]
INFO: [ app_init ] --END-- [ RunTime:0.001000s ]
INFO: [ app_begin ] --START--
INFO: Run Behavior\ReadHtmlCacheBehavior [ RunTime:0.001000s ]
INFO: Run Behavior\FlChkLangBehavior [ RunTime:0.002000s ]
INFO: [ app_begin ] --END-- [ RunTime:0.004000s ]
ERR: 无法加载控制器:Template

[ 2015-04-13T10:25:52+08:00 ] 127.0.0.1 /DreamCMS/Template/Admin/bootstrap/Layout/Js/jquery.min.js
INFO: [ app_init ] --START--
INFO: Run Behavior\BuildLiteBehavior [ RunTime:0.000000s ]
INFO: [ app_init ] --END-- [ RunTime:0.001002s ]
INFO: [ app_begin ] --START--
INFO: Run Behavior\ReadHtmlCacheBehavior [ RunTime:0.001002s ]
INFO: Run Behavior\FlChkLangBehavior [ RunTime:0.001002s ]
INFO: [ app_begin ] --END-- [ RunTime:0.003007s ]
ERR: 无法加载控制器:Template

