[ 2015-02-27T19:41:15+08:00 ] 127.0.0.1 /Dreamcms/
INFO: [ app_init ] --START--
INFO: Run Behavior\BuildLiteBehavior [ RunTime:0.000000s ]
INFO: [ app_init ] --END-- [ RunTime:0.035002s ]
NOTIC: [2] include_once(F:\xampp\htdocs\DreamCMS/Router/Site/Content.php): failed to open stream: No such file or directory F:\xampp\htdocs\DreamCMS\Site\Content\Conf\config.php 第 3 行.
NOTIC: [2] include_once(): Failed opening 'F:\xampp\htdocs\DreamCMS/Router/Site/Content.php' for inclusion (include_path='.;F:\xampp\php\PEAR') F:\xampp\htdocs\DreamCMS\Site\Content\Conf\config.php 第 3 行.
NOTIC: [2] array_merge(): Argument #1 is not an array F:\xampp\htdocs\DreamCMS\Site\Content\Conf\config.php 第 7 行.
INFO: [ app_begin ] --START--
INFO: Run Behavior\ReadHtmlCacheBehavior [ RunTime:0.005000s ]
INFO: Run Behavior\FlChkLangBehavior [ RunTime:0.006001s ]
INFO: [ app_begin ] --END-- [ RunTime:0.011001s ]
SQL: SHOW COLUMNS FROM `ur7_language` [ RunTime:0.0970s ]
INFO: [ view_filter ] --START--
INFO: Run Behavior\WriteHtmlCacheBehavior [ RunTime:0.001001s ]
INFO: [ view_filter ] --END-- [ RunTime:0.001001s ]
INFO: [ app_end ] --START--
INFO: Run Behavior\ShowPageTraceBehavior [ RunTime:0.026001s ]
INFO: [ app_end ] --END-- [ RunTime:0.026001s ]

[ 2015-02-27T19:41:15+08:00 ] 127.0.0.1 /Dreamcms/Template/Site/BootStrap/Layout/img/social-icons/pinterest.png
INFO: [ app_init ] --START--
INFO: Run Behavior\BuildLiteBehavior [ RunTime:0.000000s ]
INFO: [ app_init ] --END-- [ RunTime:0.000000s ]
NOTIC: [2] include_once(F:\xampp\htdocs\DreamCMS/Router/Site/Content.php): failed to open stream: No such file or directory F:\xampp\htdocs\DreamCMS\Site\Content\Conf\config.php 第 3 行.
NOTIC: [2] include_once(): Failed opening 'F:\xampp\htdocs\DreamCMS/Router/Site/Content.php' for inclusion (include_path='.;F:\xampp\php\PEAR') F:\xampp\htdocs\DreamCMS\Site\Content\Conf\config.php 第 3 行.
NOTIC: [2] array_merge(): Argument #1 is not an array F:\xampp\htdocs\DreamCMS\Site\Content\Conf\config.php 第 7 行.

[ 2015-02-27T19:41:15+08:00 ] 127.0.0.1 /Dreamcms/Template/Site/BootStrap/Layout/img/social-icons/dribbble.png
INFO: [ app_init ] --START--
INFO: Run Behavior\BuildLiteBehavior [ RunTime:0.000000s ]
INFO: [ app_init ] --END-- [ RunTime:0.001000s ]
NOTIC: [2] include_once(F:\xampp\htdocs\DreamCMS/Router/Site/Content.php): failed to open stream: No such file or directory F:\xampp\htdocs\DreamCMS\Site\Content\Conf\config.php 第 3 行.
NOTIC: [2] include_once(): Failed opening 'F:\xampp\htdocs\DreamCMS/Router/Site/Content.php' for inclusion (include_path='.;F:\xampp\php\PEAR') F:\xampp\htdocs\DreamCMS\Site\Content\Conf\config.php 第 3 行.
NOTIC: [2] array_merge(): Argument #1 is not an array F:\xampp\htdocs\DreamCMS\Site\Content\Conf\config.php 第 7 行.

[ 2015-02-27T19:41:15+08:00 ] 127.0.0.1 /Dreamcms/Template/Site/BootStrap/Layout/img/pattern.jpg
INFO: [ app_init ] --START--
INFO: Run Behavior\BuildLiteBehavior [ RunTime:0.000000s ]
INFO: [ app_init ] --END-- [ RunTime:0.001000s ]
NOTIC: [2] include_once(F:\xampp\htdocs\DreamCMS/Router/Site/Content.php): failed to open stream: No such file or directory F:\xampp\htdocs\DreamCMS\Site\Content\Conf\config.php 第 3 行.
NOTIC: [2] include_once(): Failed opening 'F:\xampp\htdocs\DreamCMS/Router/Site/Content.php' for inclusion (include_path='.;F:\xampp\php\PEAR') F:\xampp\htdocs\DreamCMS\Site\Content\Conf\config.php 第 3 行.
NOTIC: [2] array_merge(): Argument #1 is not an array F:\xampp\htdocs\DreamCMS\Site\Content\Conf\config.php 第 7 行.

[ 2015-02-27T19:41:15+08:00 ] 127.0.0.1 /Dreamcms/Template/Site/BootStrap/Layout/img/social-icons/facebook.png
INFO: [ app_init ] --START--
INFO: Run Behavior\BuildLiteBehavior [ RunTime:0.000000s ]
INFO: [ app_init ] --END-- [ RunTime:0.000000s ]
NOTIC: [2] include_once(F:\xampp\htdocs\DreamCMS/Router/Site/Content.php): failed to open stream: No such file or directory F:\xampp\htdocs\DreamCMS\Site\Content\Conf\config.php 第 3 行.
NOTIC: [2] include_once(): Failed opening 'F:\xampp\htdocs\DreamCMS/Router/Site/Content.php' for inclusion (include_path='.;F:\xampp\php\PEAR') F:\xampp\htdocs\DreamCMS\Site\Content\Conf\config.php 第 3 行.
NOTIC: [2] array_merge(): Argument #1 is not an array F:\xampp\htdocs\DreamCMS\Site\Content\Conf\config.php 第 7 行.

[ 2015-02-27T19:41:15+08:00 ] 127.0.0.1 /Dreamcms/Template/Site/BootStrap/Layout/img/social-icons/twitter.png
INFO: [ app_init ] --START--
INFO: Run Behavior\BuildLiteBehavior [ RunTime:0.000000s ]
INFO: [ app_init ] --END-- [ RunTime:0.001000s ]
NOTIC: [2] include_once(F:\xampp\htdocs\DreamCMS/Router/Site/Content.php): failed to open stream: No such file or directory F:\xampp\htdocs\DreamCMS\Site\Content\Conf\config.php 第 3 行.
NOTIC: [2] include_once(): Failed opening 'F:\xampp\htdocs\DreamCMS/Router/Site/Content.php' for inclusion (include_path='.;F:\xampp\php\PEAR') F:\xampp\htdocs\DreamCMS\Site\Content\Conf\config.php 第 3 行.
NOTIC: [2] array_merge(): Argument #1 is not an array F:\xampp\htdocs\DreamCMS\Site\Content\Conf\config.php 第 7 行.

[ 2015-02-27T19:41:20+08:00 ] 127.0.0.1 /DreamCMS/index.php/Content/Content/page/cid/1.html
INFO: [ app_init ] --START--
INFO: Run Behavior\BuildLiteBehavior [ RunTime:0.000000s ]
INFO: [ app_init ] --END-- [ RunTime:0.000000s ]
NOTIC: [2] include_once(F:\xampp\htdocs\DreamCMS/Router/Site/Content.php): failed to open stream: No such file or directory F:\xampp\htdocs\DreamCMS\Site\Content\Conf\config.php 第 3 行.
NOTIC: [2] include_once(): Failed opening 'F:\xampp\htdocs\DreamCMS/Router/Site/Content.php' for inclusion (include_path='.;F:\xampp\php\PEAR') F:\xampp\htdocs\DreamCMS\Site\Content\Conf\config.php 第 3 行.
NOTIC: [2] array_merge(): Argument #1 is not an array F:\xampp\htdocs\DreamCMS\Site\Content\Conf\config.php 第 7 行.
INFO: [ app_begin ] --START--
INFO: Run Behavior\ReadHtmlCacheBehavior [ RunTime:0.000000s ]
INFO: Run Behavior\FlChkLangBehavior [ RunTime:0.001000s ]
INFO: [ app_begin ] --END-- [ RunTime:0.001000s ]
SQL: SHOW COLUMNS FROM `ur7_language` [ RunTime:0.0030s ]
SQL: SHOW COLUMNS FROM `ur7_category` [ RunTime:0.0430s ]
SQL: SELECT * FROM `ur7_category` WHERE `id` = 1 LIMIT 1   [ RunTime:0.0300s ]
SQL: SHOW COLUMNS FROM `ur7_page` [ RunTime:0.0660s ]
SQL: SELECT * FROM `ur7_page` WHERE `cid` = 1 LIMIT 1   [ RunTime:0.0010s ]
INFO: [ view_filter ] --START--
INFO: Run Behavior\WriteHtmlCacheBehavior [ RunTime:0.001000s ]
INFO: [ view_filter ] --END-- [ RunTime:0.001000s ]
INFO: [ app_end ] --START--
INFO: Run Behavior\ShowPageTraceBehavior [ RunTime:0.001000s ]
INFO: [ app_end ] --END-- [ RunTime:0.001000s ]

[ 2015-02-27T19:41:20+08:00 ] 127.0.0.1 /DreamCMS/Template/Site/BootStrap/Layout/img/pattern.jpg
INFO: [ app_init ] --START--
INFO: Run Behavior\BuildLiteBehavior [ RunTime:0.000000s ]
INFO: [ app_init ] --END-- [ RunTime:0.000000s ]
NOTIC: [2] include_once(F:\xampp\htdocs\DreamCMS/Router/Site/Content.php): failed to open stream: No such file or directory F:\xampp\htdocs\DreamCMS\Site\Content\Conf\config.php 第 3 行.
NOTIC: [2] include_once(): Failed opening 'F:\xampp\htdocs\DreamCMS/Router/Site/Content.php' for inclusion (include_path='.;F:\xampp\php\PEAR') F:\xampp\htdocs\DreamCMS\Site\Content\Conf\config.php 第 3 行.
NOTIC: [2] array_merge(): Argument #1 is not an array F:\xampp\htdocs\DreamCMS\Site\Content\Conf\config.php 第 7 行.

[ 2015-02-27T19:41:20+08:00 ] 127.0.0.1 /DreamCMS/Template/Site/BootStrap/Layout/img/social-icons/dribbble.png
INFO: [ app_init ] --START--
INFO: Run Behavior\BuildLiteBehavior [ RunTime:0.000000s ]
INFO: [ app_init ] --END-- [ RunTime:0.003000s ]
NOTIC: [2] include_once(F:\xampp\htdocs\DreamCMS/Router/Site/Content.php): failed to open stream: No such file or directory F:\xampp\htdocs\DreamCMS\Site\Content\Conf\config.php 第 3 行.
NOTIC: [2] include_once(): Failed opening 'F:\xampp\htdocs\DreamCMS/Router/Site/Content.php' for inclusion (include_path='.;F:\xampp\php\PEAR') F:\xampp\htdocs\DreamCMS\Site\Content\Conf\config.php 第 3 行.
NOTIC: [2] array_merge(): Argument #1 is not an array F:\xampp\htdocs\DreamCMS\Site\Content\Conf\config.php 第 7 行.

[ 2015-02-27T19:41:20+08:00 ] 127.0.0.1 /DreamCMS/Template/Site/BootStrap/Layout/img/social-icons/pinterest.png
INFO: [ app_init ] --START--
INFO: Run Behavior\BuildLiteBehavior [ RunTime:0.000000s ]
INFO: [ app_init ] --END-- [ RunTime:0.000000s ]
NOTIC: [2] include_once(F:\xampp\htdocs\DreamCMS/Router/Site/Content.php): failed to open stream: No such file or directory F:\xampp\htdocs\DreamCMS\Site\Content\Conf\config.php 第 3 行.
NOTIC: [2] include_once(): Failed opening 'F:\xampp\htdocs\DreamCMS/Router/Site/Content.php' for inclusion (include_path='.;F:\xampp\php\PEAR') F:\xampp\htdocs\DreamCMS\Site\Content\Conf\config.php 第 3 行.
NOTIC: [2] array_merge(): Argument #1 is not an array F:\xampp\htdocs\DreamCMS\Site\Content\Conf\config.php 第 7 行.

[ 2015-02-27T19:41:20+08:00 ] 127.0.0.1 /DreamCMS/Template/Site/BootStrap/Layout/img/social-icons/twitter.png
INFO: [ app_init ] --START--
INFO: Run Behavior\BuildLiteBehavior [ RunTime:0.000000s ]
INFO: [ app_init ] --END-- [ RunTime:0.003000s ]
NOTIC: [2] include_once(F:\xampp\htdocs\DreamCMS/Router/Site/Content.php): failed to open stream: No such file or directory F:\xampp\htdocs\DreamCMS\Site\Content\Conf\config.php 第 3 行.
NOTIC: [2] include_once(): Failed opening 'F:\xampp\htdocs\DreamCMS/Router/Site/Content.php' for inclusion (include_path='.;F:\xampp\php\PEAR') F:\xampp\htdocs\DreamCMS\Site\Content\Conf\config.php 第 3 行.
NOTIC: [2] array_merge(): Argument #1 is not an array F:\xampp\htdocs\DreamCMS\Site\Content\Conf\config.php 第 7 行.

[ 2015-02-27T19:41:20+08:00 ] 127.0.0.1 /DreamCMS/Template/Site/BootStrap/Layout/img/social-icons/facebook.png
INFO: [ app_init ] --START--
INFO: Run Behavior\BuildLiteBehavior [ RunTime:0.000000s ]
INFO: [ app_init ] --END-- [ RunTime:0.001000s ]
NOTIC: [2] include_once(F:\xampp\htdocs\DreamCMS/Router/Site/Content.php): failed to open stream: No such file or directory F:\xampp\htdocs\DreamCMS\Site\Content\Conf\config.php 第 3 行.
NOTIC: [2] include_once(): Failed opening 'F:\xampp\htdocs\DreamCMS/Router/Site/Content.php' for inclusion (include_path='.;F:\xampp\php\PEAR') F:\xampp\htdocs\DreamCMS\Site\Content\Conf\config.php 第 3 行.
NOTIC: [2] array_merge(): Argument #1 is not an array F:\xampp\htdocs\DreamCMS\Site\Content\Conf\config.php 第 7 行.

[ 2015-02-27T19:41:22+08:00 ] 127.0.0.1 /DreamCMS/index.php/Content/Content/category/cid/2.html
INFO: [ app_init ] --START--
INFO: Run Behavior\BuildLiteBehavior [ RunTime:0.000000s ]
INFO: [ app_init ] --END-- [ RunTime:0.001000s ]
NOTIC: [2] include_once(F:\xampp\htdocs\DreamCMS/Router/Site/Content.php): failed to open stream: No such file or directory F:\xampp\htdocs\DreamCMS\Site\Content\Conf\config.php 第 3 行.
NOTIC: [2] include_once(): Failed opening 'F:\xampp\htdocs\DreamCMS/Router/Site/Content.php' for inclusion (include_path='.;F:\xampp\php\PEAR') F:\xampp\htdocs\DreamCMS\Site\Content\Conf\config.php 第 3 行.
NOTIC: [2] array_merge(): Argument #1 is not an array F:\xampp\htdocs\DreamCMS\Site\Content\Conf\config.php 第 7 行.
INFO: [ app_begin ] --START--
INFO: Run Behavior\ReadHtmlCacheBehavior [ RunTime:0.001000s ]
INFO: Run Behavior\FlChkLangBehavior [ RunTime:0.001000s ]
INFO: [ app_begin ] --END-- [ RunTime:0.002000s ]
SQL: SHOW COLUMNS FROM `ur7_language` [ RunTime:0.0030s ]
SQL: SHOW COLUMNS FROM `ur7_category` [ RunTime:0.0030s ]
SQL: SELECT * FROM `ur7_category` WHERE `id` = 2 LIMIT 1   [ RunTime:0.0000s ]
SQL: SELECT * FROM `ur7_category` WHERE `langid` = 1  [ RunTime:0.0010s ]
SQL: SELECT * FROM `ur7_category` WHERE `id` = 6 LIMIT 1   [ RunTime:0.0010s ]
SQL: SHOW COLUMNS FROM `ur7_model` [ RunTime:0.0410s ]
SQL: SELECT * FROM `ur7_model` WHERE `id` = 30 LIMIT 1   [ RunTime:0.0010s ]
NOTIC: [2048] Declaration of Model\Adomodel\ContentModel::add() should be compatible with Think\Model::add($data = '', $options = Array, $replace = false) F:\xampp\htdocs\DreamCMS\Model\Adomodel\ContentModel.class.php 第 9 行.
SQL: SHOW COLUMNS FROM `ur7_article` [ RunTime:0.0510s ]
SQL: SELECT * FROM `ur7_article` WHERE `cid` = 6 LIMIT 100   [ RunTime:0.0010s ]
SQL: SELECT * FROM `ur7_category` WHERE `langid` = 1  [ RunTime:0.0000s ]
SQL: SELECT * FROM `ur7_category` WHERE `id` = 7 LIMIT 1   [ RunTime:0.0000s ]
SQL: SELECT * FROM `ur7_model` WHERE `id` = 30 LIMIT 1   [ RunTime:0.0000s ]
SQL: SELECT * FROM `ur7_article` WHERE `cid` = 7 LIMIT 100   [ RunTime:0.0000s ]
SQL: SELECT * FROM `ur7_category` WHERE `langid` = 1  [ RunTime:0.0010s ]
SQL: SELECT * FROM `ur7_category` WHERE `id` = 8 LIMIT 1   [ RunTime:0.0000s ]
SQL: SELECT * FROM `ur7_model` WHERE `id` = 30 LIMIT 1   [ RunTime:0.0010s ]
SQL: SELECT * FROM `ur7_article` WHERE `cid` = 8 LIMIT 100   [ RunTime:0.0000s ]
SQL: SELECT * FROM `ur7_category` WHERE `langid` = 1  [ RunTime:0.0010s ]
SQL: SELECT * FROM `ur7_category` WHERE `id` = 9 LIMIT 1   [ RunTime:0.0000s ]
SQL: SELECT * FROM `ur7_model` WHERE `id` = 30 LIMIT 1   [ RunTime:0.0000s ]
SQL: SELECT * FROM `ur7_article` WHERE `cid` = 9 LIMIT 100   [ RunTime:0.0000s ]
NOTIC: [2] Invalid argument supplied for foreach() F:\xampp\htdocs\DreamCMS\Core\Library\Org\Helper\TMP.class.php 第 80 行.
INFO: [ view_filter ] --START--
INFO: Run Behavior\WriteHtmlCacheBehavior [ RunTime:0.001000s ]
INFO: [ view_filter ] --END-- [ RunTime:0.001000s ]
INFO: [ app_end ] --START--
INFO: Run Behavior\ShowPageTraceBehavior [ RunTime:0.002000s ]
INFO: [ app_end ] --END-- [ RunTime:0.002000s ]

[ 2015-02-27T19:41:22+08:00 ] 127.0.0.1 /DreamCMS/Template/Site/BootStrap/Layout/img/social-icons/facebook.png
INFO: [ app_init ] --START--
INFO: Run Behavior\BuildLiteBehavior [ RunTime:0.000000s ]
INFO: [ app_init ] --END-- [ RunTime:0.000000s ]
NOTIC: [2] include_once(F:\xampp\htdocs\DreamCMS/Router/Site/Content.php): failed to open stream: No such file or directory F:\xampp\htdocs\DreamCMS\Site\Content\Conf\config.php 第 3 行.
NOTIC: [2] include_once(): Failed opening 'F:\xampp\htdocs\DreamCMS/Router/Site/Content.php' for inclusion (include_path='.;F:\xampp\php\PEAR') F:\xampp\htdocs\DreamCMS\Site\Content\Conf\config.php 第 3 行.
NOTIC: [2] array_merge(): Argument #1 is not an array F:\xampp\htdocs\DreamCMS\Site\Content\Conf\config.php 第 7 行.

[ 2015-02-27T19:41:22+08:00 ] 127.0.0.1 /DreamCMS/Template/Site/BootStrap/Layout/img/pattern.jpg
INFO: [ app_init ] --START--
INFO: Run Behavior\BuildLiteBehavior [ RunTime:0.000000s ]
INFO: [ app_init ] --END-- [ RunTime:0.001000s ]
NOTIC: [2] include_once(F:\xampp\htdocs\DreamCMS/Router/Site/Content.php): failed to open stream: No such file or directory F:\xampp\htdocs\DreamCMS\Site\Content\Conf\config.php 第 3 行.
NOTIC: [2] include_once(): Failed opening 'F:\xampp\htdocs\DreamCMS/Router/Site/Content.php' for inclusion (include_path='.;F:\xampp\php\PEAR') F:\xampp\htdocs\DreamCMS\Site\Content\Conf\config.php 第 3 行.
NOTIC: [2] array_merge(): Argument #1 is not an array F:\xampp\htdocs\DreamCMS\Site\Content\Conf\config.php 第 7 行.

[ 2015-02-27T19:41:22+08:00 ] 127.0.0.1 /DreamCMS/Template/Site/BootStrap/Layout/img/social-icons/dribbble.png
INFO: [ app_init ] --START--
INFO: Run Behavior\BuildLiteBehavior [ RunTime:0.000000s ]
INFO: [ app_init ] --END-- [ RunTime:0.001000s ]
NOTIC: [2] include_once(F:\xampp\htdocs\DreamCMS/Router/Site/Content.php): failed to open stream: No such file or directory F:\xampp\htdocs\DreamCMS\Site\Content\Conf\config.php 第 3 行.
NOTIC: [2] include_once(): Failed opening 'F:\xampp\htdocs\DreamCMS/Router/Site/Content.php' for inclusion (include_path='.;F:\xampp\php\PEAR') F:\xampp\htdocs\DreamCMS\Site\Content\Conf\config.php 第 3 行.
NOTIC: [2] array_merge(): Argument #1 is not an array F:\xampp\htdocs\DreamCMS\Site\Content\Conf\config.php 第 7 行.

[ 2015-02-27T19:41:22+08:00 ] 127.0.0.1 /DreamCMS/Template/Site/BootStrap/Layout/img/social-icons/twitter.png
INFO: [ app_init ] --START--
INFO: Run Behavior\BuildLiteBehavior [ RunTime:0.000000s ]
INFO: [ app_init ] --END-- [ RunTime:0.001000s ]
NOTIC: [2] include_once(F:\xampp\htdocs\DreamCMS/Router/Site/Content.php): failed to open stream: No such file or directory F:\xampp\htdocs\DreamCMS\Site\Content\Conf\config.php 第 3 行.
NOTIC: [2] include_once(): Failed opening 'F:\xampp\htdocs\DreamCMS/Router/Site/Content.php' for inclusion (include_path='.;F:\xampp\php\PEAR') F:\xampp\htdocs\DreamCMS\Site\Content\Conf\config.php 第 3 行.
NOTIC: [2] array_merge(): Argument #1 is not an array F:\xampp\htdocs\DreamCMS\Site\Content\Conf\config.php 第 7 行.

[ 2015-02-27T19:41:22+08:00 ] 127.0.0.1 /DreamCMS/Template/Site/BootStrap/Layout/img/social-icons/pinterest.png
INFO: [ app_init ] --START--
INFO: Run Behavior\BuildLiteBehavior [ RunTime:0.000000s ]
INFO: [ app_init ] --END-- [ RunTime:0.000000s ]
NOTIC: [2] include_once(F:\xampp\htdocs\DreamCMS/Router/Site/Content.php): failed to open stream: No such file or directory F:\xampp\htdocs\DreamCMS\Site\Content\Conf\config.php 第 3 行.
NOTIC: [2] include_once(): Failed opening 'F:\xampp\htdocs\DreamCMS/Router/Site/Content.php' for inclusion (include_path='.;F:\xampp\php\PEAR') F:\xampp\htdocs\DreamCMS\Site\Content\Conf\config.php 第 3 行.
NOTIC: [2] array_merge(): Argument #1 is not an array F:\xampp\htdocs\DreamCMS\Site\Content\Conf\config.php 第 7 行.

[ 2015-02-27T19:41:23+08:00 ] 127.0.0.1 /DreamCMS/index.php/Content/Content/newslist/cid/3.html
INFO: [ app_init ] --START--
INFO: Run Behavior\BuildLiteBehavior [ RunTime:0.000000s ]
INFO: [ app_init ] --END-- [ RunTime:0.001000s ]
NOTIC: [2] include_once(F:\xampp\htdocs\DreamCMS/Router/Site/Content.php): failed to open stream: No such file or directory F:\xampp\htdocs\DreamCMS\Site\Content\Conf\config.php 第 3 行.
NOTIC: [2] include_once(): Failed opening 'F:\xampp\htdocs\DreamCMS/Router/Site/Content.php' for inclusion (include_path='.;F:\xampp\php\PEAR') F:\xampp\htdocs\DreamCMS\Site\Content\Conf\config.php 第 3 行.
NOTIC: [2] array_merge(): Argument #1 is not an array F:\xampp\htdocs\DreamCMS\Site\Content\Conf\config.php 第 7 行.
INFO: [ app_begin ] --START--
INFO: Run Behavior\ReadHtmlCacheBehavior [ RunTime:0.001000s ]
INFO: Run Behavior\FlChkLangBehavior [ RunTime:0.001000s ]
INFO: [ app_begin ] --END-- [ RunTime:0.002000s ]
SQL: SHOW COLUMNS FROM `ur7_language` [ RunTime:0.0020s ]
SQL: SHOW COLUMNS FROM `ur7_category` [ RunTime:0.0040s ]
SQL: SELECT * FROM `ur7_category` WHERE `id` = 3 LIMIT 1   [ RunTime:0.0000s ]
INFO: [ view_filter ] --START--
INFO: Run Behavior\WriteHtmlCacheBehavior [ RunTime:0.001000s ]
INFO: [ view_filter ] --END-- [ RunTime:0.001000s ]
INFO: [ app_end ] --START--
INFO: Run Behavior\ShowPageTraceBehavior [ RunTime:0.002000s ]
INFO: [ app_end ] --END-- [ RunTime:0.002000s ]

[ 2015-02-27T19:41:23+08:00 ] 127.0.0.1 /DreamCMS/Template/Site/BootStrap/Layout/img/social-icons/dribbble.png
INFO: [ app_init ] --START--
INFO: Run Behavior\BuildLiteBehavior [ RunTime:0.000000s ]
INFO: [ app_init ] --END-- [ RunTime:0.001000s ]
NOTIC: [2] include_once(F:\xampp\htdocs\DreamCMS/Router/Site/Content.php): failed to open stream: No such file or directory F:\xampp\htdocs\DreamCMS\Site\Content\Conf\config.php 第 3 行.
NOTIC: [2] include_once(): Failed opening 'F:\xampp\htdocs\DreamCMS/Router/Site/Content.php' for inclusion (include_path='.;F:\xampp\php\PEAR') F:\xampp\htdocs\DreamCMS\Site\Content\Conf\config.php 第 3 行.
NOTIC: [2] array_merge(): Argument #1 is not an array F:\xampp\htdocs\DreamCMS\Site\Content\Conf\config.php 第 7 行.

[ 2015-02-27T19:41:23+08:00 ] 127.0.0.1 /DreamCMS/Template/Site/BootStrap/Layout/img/social-icons/facebook.png
INFO: [ app_init ] --START--
INFO: Run Behavior\BuildLiteBehavior [ RunTime:0.000000s ]
INFO: [ app_init ] --END-- [ RunTime:0.001000s ]
NOTIC: [2] include_once(F:\xampp\htdocs\DreamCMS/Router/Site/Content.php): failed to open stream: No such file or directory F:\xampp\htdocs\DreamCMS\Site\Content\Conf\config.php 第 3 行.
NOTIC: [2] include_once(): Failed opening 'F:\xampp\htdocs\DreamCMS/Router/Site/Content.php' for inclusion (include_path='.;F:\xampp\php\PEAR') F:\xampp\htdocs\DreamCMS\Site\Content\Conf\config.php 第 3 行.
NOTIC: [2] array_merge(): Argument #1 is not an array F:\xampp\htdocs\DreamCMS\Site\Content\Conf\config.php 第 7 行.

[ 2015-02-27T19:41:23+08:00 ] 127.0.0.1 /DreamCMS/Template/Site/BootStrap/Layout/img/pattern.jpg
INFO: [ app_init ] --START--
INFO: Run Behavior\BuildLiteBehavior [ RunTime:0.000000s ]
INFO: [ app_init ] --END-- [ RunTime:0.000000s ]
NOTIC: [2] include_once(F:\xampp\htdocs\DreamCMS/Router/Site/Content.php): failed to open stream: No such file or directory F:\xampp\htdocs\DreamCMS\Site\Content\Conf\config.php 第 3 行.
NOTIC: [2] include_once(): Failed opening 'F:\xampp\htdocs\DreamCMS/Router/Site/Content.php' for inclusion (include_path='.;F:\xampp\php\PEAR') F:\xampp\htdocs\DreamCMS\Site\Content\Conf\config.php 第 3 行.
NOTIC: [2] array_merge(): Argument #1 is not an array F:\xampp\htdocs\DreamCMS\Site\Content\Conf\config.php 第 7 行.

[ 2015-02-27T19:41:23+08:00 ] 127.0.0.1 /DreamCMS/Template/Site/BootStrap/Layout/img/social-icons/pinterest.png
INFO: [ app_init ] --START--
INFO: Run Behavior\BuildLiteBehavior [ RunTime:0.000000s ]
INFO: [ app_init ] --END-- [ RunTime:0.000000s ]
NOTIC: [2] include_once(F:\xampp\htdocs\DreamCMS/Router/Site/Content.php): failed to open stream: No such file or directory F:\xampp\htdocs\DreamCMS\Site\Content\Conf\config.php 第 3 行.
NOTIC: [2] include_once(): Failed opening 'F:\xampp\htdocs\DreamCMS/Router/Site/Content.php' for inclusion (include_path='.;F:\xampp\php\PEAR') F:\xampp\htdocs\DreamCMS\Site\Content\Conf\config.php 第 3 行.
NOTIC: [2] array_merge(): Argument #1 is not an array F:\xampp\htdocs\DreamCMS\Site\Content\Conf\config.php 第 7 行.

[ 2015-02-27T19:41:23+08:00 ] 127.0.0.1 /DreamCMS/Template/Site/BootStrap/Layout/img/social-icons/twitter.png
INFO: [ app_init ] --START--
INFO: Run Behavior\BuildLiteBehavior [ RunTime:0.000000s ]
INFO: [ app_init ] --END-- [ RunTime:0.001000s ]
NOTIC: [2] include_once(F:\xampp\htdocs\DreamCMS/Router/Site/Content.php): failed to open stream: No such file or directory F:\xampp\htdocs\DreamCMS\Site\Content\Conf\config.php 第 3 行.
NOTIC: [2] include_once(): Failed opening 'F:\xampp\htdocs\DreamCMS/Router/Site/Content.php' for inclusion (include_path='.;F:\xampp\php\PEAR') F:\xampp\htdocs\DreamCMS\Site\Content\Conf\config.php 第 3 行.
NOTIC: [2] array_merge(): Argument #1 is not an array F:\xampp\htdocs\DreamCMS\Site\Content\Conf\config.php 第 7 行.

[ 2015-02-27T19:41:24+08:00 ] 127.0.0.1 /DreamCMS/index.php/Content/Content/newslist/cid/4.html
INFO: [ app_init ] --START--
INFO: Run Behavior\BuildLiteBehavior [ RunTime:0.000000s ]
INFO: [ app_init ] --END-- [ RunTime:0.000000s ]
NOTIC: [2] include_once(F:\xampp\htdocs\DreamCMS/Router/Site/Content.php): failed to open stream: No such file or directory F:\xampp\htdocs\DreamCMS\Site\Content\Conf\config.php 第 3 行.
NOTIC: [2] include_once(): Failed opening 'F:\xampp\htdocs\DreamCMS/Router/Site/Content.php' for inclusion (include_path='.;F:\xampp\php\PEAR') F:\xampp\htdocs\DreamCMS\Site\Content\Conf\config.php 第 3 行.
NOTIC: [2] array_merge(): Argument #1 is not an array F:\xampp\htdocs\DreamCMS\Site\Content\Conf\config.php 第 7 行.
INFO: [ app_begin ] --START--
INFO: Run Behavior\ReadHtmlCacheBehavior [ RunTime:0.000000s ]
INFO: Run Behavior\FlChkLangBehavior [ RunTime:0.002000s ]
INFO: [ app_begin ] --END-- [ RunTime:0.002000s ]
SQL: SHOW COLUMNS FROM `ur7_language` [ RunTime:0.0020s ]
SQL: SHOW COLUMNS FROM `ur7_category` [ RunTime:0.0030s ]
SQL: SELECT * FROM `ur7_category` WHERE `id` = 4 LIMIT 1   [ RunTime:0.0000s ]
INFO: [ view_filter ] --START--
INFO: Run Behavior\WriteHtmlCacheBehavior [ RunTime:0.001000s ]
INFO: [ view_filter ] --END-- [ RunTime:0.001000s ]
INFO: [ app_end ] --START--
INFO: Run Behavior\ShowPageTraceBehavior [ RunTime:0.001000s ]
INFO: [ app_end ] --END-- [ RunTime:0.001000s ]

[ 2015-02-27T19:41:24+08:00 ] 127.0.0.1 /DreamCMS/Template/Site/BootStrap/Layout/img/pattern.jpg
INFO: [ app_init ] --START--
INFO: Run Behavior\BuildLiteBehavior [ RunTime:0.000000s ]
INFO: [ app_init ] --END-- [ RunTime:0.001000s ]
NOTIC: [2] include_once(F:\xampp\htdocs\DreamCMS/Router/Site/Content.php): failed to open stream: No such file or directory F:\xampp\htdocs\DreamCMS\Site\Content\Conf\config.php 第 3 行.
NOTIC: [2] include_once(): Failed opening 'F:\xampp\htdocs\DreamCMS/Router/Site/Content.php' for inclusion (include_path='.;F:\xampp\php\PEAR') F:\xampp\htdocs\DreamCMS\Site\Content\Conf\config.php 第 3 行.
NOTIC: [2] array_merge(): Argument #1 is not an array F:\xampp\htdocs\DreamCMS\Site\Content\Conf\config.php 第 7 行.

[ 2015-02-27T19:41:24+08:00 ] 127.0.0.1 /DreamCMS/Template/Site/BootStrap/Layout/img/social-icons/facebook.png
INFO: [ app_init ] --START--
INFO: Run Behavior\BuildLiteBehavior [ RunTime:0.000000s ]
INFO: [ app_init ] --END-- [ RunTime:0.000000s ]
NOTIC: [2] include_once(F:\xampp\htdocs\DreamCMS/Router/Site/Content.php): failed to open stream: No such file or directory F:\xampp\htdocs\DreamCMS\Site\Content\Conf\config.php 第 3 行.
NOTIC: [2] include_once(): Failed opening 'F:\xampp\htdocs\DreamCMS/Router/Site/Content.php' for inclusion (include_path='.;F:\xampp\php\PEAR') F:\xampp\htdocs\DreamCMS\Site\Content\Conf\config.php 第 3 行.
NOTIC: [2] array_merge(): Argument #1 is not an array F:\xampp\htdocs\DreamCMS\Site\Content\Conf\config.php 第 7 行.

[ 2015-02-27T19:41:24+08:00 ] 127.0.0.1 /DreamCMS/Template/Site/BootStrap/Layout/img/social-icons/dribbble.png
INFO: [ app_init ] --START--
INFO: Run Behavior\BuildLiteBehavior [ RunTime:0.000000s ]
INFO: [ app_init ] --END-- [ RunTime:0.001000s ]
NOTIC: [2] include_once(F:\xampp\htdocs\DreamCMS/Router/Site/Content.php): failed to open stream: No such file or directory F:\xampp\htdocs\DreamCMS\Site\Content\Conf\config.php 第 3 行.
NOTIC: [2] include_once(): Failed opening 'F:\xampp\htdocs\DreamCMS/Router/Site/Content.php' for inclusion (include_path='.;F:\xampp\php\PEAR') F:\xampp\htdocs\DreamCMS\Site\Content\Conf\config.php 第 3 行.
NOTIC: [2] array_merge(): Argument #1 is not an array F:\xampp\htdocs\DreamCMS\Site\Content\Conf\config.php 第 7 行.

[ 2015-02-27T19:41:24+08:00 ] 127.0.0.1 /DreamCMS/Template/Site/BootStrap/Layout/img/social-icons/pinterest.png
INFO: [ app_init ] --START--
INFO: Run Behavior\BuildLiteBehavior [ RunTime:0.000000s ]
INFO: [ app_init ] --END-- [ RunTime:0.000000s ]
NOTIC: [2] include_once(F:\xampp\htdocs\DreamCMS/Router/Site/Content.php): failed to open stream: No such file or directory F:\xampp\htdocs\DreamCMS\Site\Content\Conf\config.php 第 3 行.
NOTIC: [2] include_once(): Failed opening 'F:\xampp\htdocs\DreamCMS/Router/Site/Content.php' for inclusion (include_path='.;F:\xampp\php\PEAR') F:\xampp\htdocs\DreamCMS\Site\Content\Conf\config.php 第 3 行.
NOTIC: [2] array_merge(): Argument #1 is not an array F:\xampp\htdocs\DreamCMS\Site\Content\Conf\config.php 第 7 行.

[ 2015-02-27T19:41:24+08:00 ] 127.0.0.1 /DreamCMS/Template/Site/BootStrap/Layout/img/social-icons/twitter.png
INFO: [ app_init ] --START--
INFO: Run Behavior\BuildLiteBehavior [ RunTime:0.000000s ]
INFO: [ app_init ] --END-- [ RunTime:0.001000s ]
NOTIC: [2] include_once(F:\xampp\htdocs\DreamCMS/Router/Site/Content.php): failed to open stream: No such file or directory F:\xampp\htdocs\DreamCMS\Site\Content\Conf\config.php 第 3 行.
NOTIC: [2] include_once(): Failed opening 'F:\xampp\htdocs\DreamCMS/Router/Site/Content.php' for inclusion (include_path='.;F:\xampp\php\PEAR') F:\xampp\htdocs\DreamCMS\Site\Content\Conf\config.php 第 3 行.
NOTIC: [2] array_merge(): Argument #1 is not an array F:\xampp\htdocs\DreamCMS\Site\Content\Conf\config.php 第 7 行.

[ 2015-02-27T19:41:25+08:00 ] 127.0.0.1 /DreamCMS/index.php/Content/Content/page/cid/1.html
INFO: [ app_init ] --START--
INFO: Run Behavior\BuildLiteBehavior [ RunTime:0.000000s ]
INFO: [ app_init ] --END-- [ RunTime:0.000000s ]
NOTIC: [2] include_once(F:\xampp\htdocs\DreamCMS/Router/Site/Content.php): failed to open stream: No such file or directory F:\xampp\htdocs\DreamCMS\Site\Content\Conf\config.php 第 3 行.
NOTIC: [2] include_once(): Failed opening 'F:\xampp\htdocs\DreamCMS/Router/Site/Content.php' for inclusion (include_path='.;F:\xampp\php\PEAR') F:\xampp\htdocs\DreamCMS\Site\Content\Conf\config.php 第 3 行.
NOTIC: [2] array_merge(): Argument #1 is not an array F:\xampp\htdocs\DreamCMS\Site\Content\Conf\config.php 第 7 行.
INFO: [ app_begin ] --START--
INFO: Run Behavior\ReadHtmlCacheBehavior [ RunTime:0.001000s ]
INFO: Run Behavior\FlChkLangBehavior [ RunTime:0.000000s ]
INFO: [ app_begin ] --END-- [ RunTime:0.001000s ]
SQL: SHOW COLUMNS FROM `ur7_language` [ RunTime:0.0070s ]
SQL: SHOW COLUMNS FROM `ur7_page` [ RunTime:0.0020s ]
SQL: SELECT * FROM `ur7_page` WHERE `cid` = 1 LIMIT 1   [ RunTime:0.0000s ]
INFO: [ view_filter ] --START--
INFO: Run Behavior\WriteHtmlCacheBehavior [ RunTime:0.000000s ]
INFO: [ view_filter ] --END-- [ RunTime:0.000000s ]
INFO: [ app_end ] --START--
INFO: Run Behavior\ShowPageTraceBehavior [ RunTime:0.001000s ]
INFO: [ app_end ] --END-- [ RunTime:0.001000s ]

[ 2015-02-27T19:41:25+08:00 ] 127.0.0.1 /DreamCMS/Template/Site/BootStrap/Layout/img/social-icons/facebook.png
INFO: [ app_init ] --START--
INFO: Run Behavior\BuildLiteBehavior [ RunTime:0.000000s ]
INFO: [ app_init ] --END-- [ RunTime:0.001000s ]
NOTIC: [2] include_once(F:\xampp\htdocs\DreamCMS/Router/Site/Content.php): failed to open stream: No such file or directory F:\xampp\htdocs\DreamCMS\Site\Content\Conf\config.php 第 3 行.
NOTIC: [2] include_once(): Failed opening 'F:\xampp\htdocs\DreamCMS/Router/Site/Content.php' for inclusion (include_path='.;F:\xampp\php\PEAR') F:\xampp\htdocs\DreamCMS\Site\Content\Conf\config.php 第 3 行.
NOTIC: [2] array_merge(): Argument #1 is not an array F:\xampp\htdocs\DreamCMS\Site\Content\Conf\config.php 第 7 行.

[ 2015-02-27T19:41:25+08:00 ] 127.0.0.1 /DreamCMS/Template/Site/BootStrap/Layout/img/social-icons/twitter.png
INFO: [ app_init ] --START--
INFO: Run Behavior\BuildLiteBehavior [ RunTime:0.000000s ]
INFO: [ app_init ] --END-- [ RunTime:0.001000s ]
NOTIC: [2] include_once(F:\xampp\htdocs\DreamCMS/Router/Site/Content.php): failed to open stream: No such file or directory F:\xampp\htdocs\DreamCMS\Site\Content\Conf\config.php 第 3 行.
NOTIC: [2] include_once(): Failed opening 'F:\xampp\htdocs\DreamCMS/Router/Site/Content.php' for inclusion (include_path='.;F:\xampp\php\PEAR') F:\xampp\htdocs\DreamCMS\Site\Content\Conf\config.php 第 3 行.
NOTIC: [2] array_merge(): Argument #1 is not an array F:\xampp\htdocs\DreamCMS\Site\Content\Conf\config.php 第 7 行.

[ 2015-02-27T19:41:25+08:00 ] 127.0.0.1 /DreamCMS/Template/Site/BootStrap/Layout/img/pattern.jpg
INFO: [ app_init ] --START--
INFO: Run Behavior\BuildLiteBehavior [ RunTime:0.000000s ]
INFO: [ app_init ] --END-- [ RunTime:0.000000s ]
NOTIC: [2] include_once(F:\xampp\htdocs\DreamCMS/Router/Site/Content.php): failed to open stream: No such file or directory F:\xampp\htdocs\DreamCMS\Site\Content\Conf\config.php 第 3 行.
NOTIC: [2] include_once(): Failed opening 'F:\xampp\htdocs\DreamCMS/Router/Site/Content.php' for inclusion (include_path='.;F:\xampp\php\PEAR') F:\xampp\htdocs\DreamCMS\Site\Content\Conf\config.php 第 3 行.
NOTIC: [2] array_merge(): Argument #1 is not an array F:\xampp\htdocs\DreamCMS\Site\Content\Conf\config.php 第 7 行.

[ 2015-02-27T19:41:25+08:00 ] 127.0.0.1 /DreamCMS/Template/Site/BootStrap/Layout/img/social-icons/dribbble.png
INFO: [ app_init ] --START--
INFO: Run Behavior\BuildLiteBehavior [ RunTime:0.000000s ]
INFO: [ app_init ] --END-- [ RunTime:0.000000s ]
NOTIC: [2] include_once(F:\xampp\htdocs\DreamCMS/Router/Site/Content.php): failed to open stream: No such file or directory F:\xampp\htdocs\DreamCMS\Site\Content\Conf\config.php 第 3 行.
NOTIC: [2] include_once(): Failed opening 'F:\xampp\htdocs\DreamCMS/Router/Site/Content.php' for inclusion (include_path='.;F:\xampp\php\PEAR') F:\xampp\htdocs\DreamCMS\Site\Content\Conf\config.php 第 3 行.
NOTIC: [2] array_merge(): Argument #1 is not an array F:\xampp\htdocs\DreamCMS\Site\Content\Conf\config.php 第 7 行.

[ 2015-02-27T19:41:25+08:00 ] 127.0.0.1 /DreamCMS/Template/Site/BootStrap/Layout/img/social-icons/pinterest.png
INFO: [ app_init ] --START--
INFO: Run Behavior\BuildLiteBehavior [ RunTime:0.000000s ]
INFO: [ app_init ] --END-- [ RunTime:0.001000s ]
NOTIC: [2] include_once(F:\xampp\htdocs\DreamCMS/Router/Site/Content.php): failed to open stream: No such file or directory F:\xampp\htdocs\DreamCMS\Site\Content\Conf\config.php 第 3 行.
NOTIC: [2] include_once(): Failed opening 'F:\xampp\htdocs\DreamCMS/Router/Site/Content.php' for inclusion (include_path='.;F:\xampp\php\PEAR') F:\xampp\htdocs\DreamCMS\Site\Content\Conf\config.php 第 3 行.
NOTIC: [2] array_merge(): Argument #1 is not an array F:\xampp\htdocs\DreamCMS\Site\Content\Conf\config.php 第 7 行.

[ 2015-02-27T19:41:26+08:00 ] 127.0.0.1 /DreamCMS/
INFO: [ app_init ] --START--
INFO: Run Behavior\BuildLiteBehavior [ RunTime:0.000000s ]
INFO: [ app_init ] --END-- [ RunTime:0.000000s ]
NOTIC: [2] include_once(F:\xampp\htdocs\DreamCMS/Router/Site/Content.php): failed to open stream: No such file or directory F:\xampp\htdocs\DreamCMS\Site\Content\Conf\config.php 第 3 行.
NOTIC: [2] include_once(): Failed opening 'F:\xampp\htdocs\DreamCMS/Router/Site/Content.php' for inclusion (include_path='.;F:\xampp\php\PEAR') F:\xampp\htdocs\DreamCMS\Site\Content\Conf\config.php 第 3 行.
NOTIC: [2] array_merge(): Argument #1 is not an array F:\xampp\htdocs\DreamCMS\Site\Content\Conf\config.php 第 7 行.
INFO: [ app_begin ] --START--
INFO: Run Behavior\ReadHtmlCacheBehavior [ RunTime:0.000000s ]
INFO: Run Behavior\FlChkLangBehavior [ RunTime:0.001000s ]
INFO: [ app_begin ] --END-- [ RunTime:0.001000s ]
SQL: SHOW COLUMNS FROM `ur7_language` [ RunTime:0.0030s ]
INFO: [ view_filter ] --START--
INFO: Run Behavior\WriteHtmlCacheBehavior [ RunTime:0.001000s ]
INFO: [ view_filter ] --END-- [ RunTime:0.001000s ]
INFO: [ app_end ] --START--
INFO: Run Behavior\ShowPageTraceBehavior [ RunTime:0.001000s ]
INFO: [ app_end ] --END-- [ RunTime:0.001000s ]

[ 2015-02-27T19:41:26+08:00 ] 127.0.0.1 /DreamCMS/Template/Site/BootStrap/Layout/img/social-icons/twitter.png
INFO: [ app_init ] --START--
INFO: Run Behavior\BuildLiteBehavior [ RunTime:0.000000s ]
INFO: [ app_init ] --END-- [ RunTime:0.001000s ]
NOTIC: [2] include_once(F:\xampp\htdocs\DreamCMS/Router/Site/Content.php): failed to open stream: No such file or directory F:\xampp\htdocs\DreamCMS\Site\Content\Conf\config.php 第 3 行.
NOTIC: [2] include_once(): Failed opening 'F:\xampp\htdocs\DreamCMS/Router/Site/Content.php' for inclusion (include_path='.;F:\xampp\php\PEAR') F:\xampp\htdocs\DreamCMS\Site\Content\Conf\config.php 第 3 行.
NOTIC: [2] array_merge(): Argument #1 is not an array F:\xampp\htdocs\DreamCMS\Site\Content\Conf\config.php 第 7 行.

[ 2015-02-27T19:41:26+08:00 ] 127.0.0.1 /DreamCMS/Template/Site/BootStrap/Layout/img/social-icons/pinterest.png
INFO: [ app_init ] --START--
INFO: Run Behavior\BuildLiteBehavior [ RunTime:0.000000s ]
INFO: [ app_init ] --END-- [ RunTime:0.001000s ]
NOTIC: [2] include_once(F:\xampp\htdocs\DreamCMS/Router/Site/Content.php): failed to open stream: No such file or directory F:\xampp\htdocs\DreamCMS\Site\Content\Conf\config.php 第 3 行.
NOTIC: [2] include_once(): Failed opening 'F:\xampp\htdocs\DreamCMS/Router/Site/Content.php' for inclusion (include_path='.;F:\xampp\php\PEAR') F:\xampp\htdocs\DreamCMS\Site\Content\Conf\config.php 第 3 行.
NOTIC: [2] array_merge(): Argument #1 is not an array F:\xampp\htdocs\DreamCMS\Site\Content\Conf\config.php 第 7 行.

[ 2015-02-27T19:41:26+08:00 ] 127.0.0.1 /DreamCMS/Template/Site/BootStrap/Layout/img/social-icons/dribbble.png
INFO: [ app_init ] --START--
INFO: Run Behavior\BuildLiteBehavior [ RunTime:0.000000s ]
INFO: [ app_init ] --END-- [ RunTime:0.000000s ]
NOTIC: [2] include_once(F:\xampp\htdocs\DreamCMS/Router/Site/Content.php): failed to open stream: No such file or directory F:\xampp\htdocs\DreamCMS\Site\Content\Conf\config.php 第 3 行.
NOTIC: [2] include_once(): Failed opening 'F:\xampp\htdocs\DreamCMS/Router/Site/Content.php' for inclusion (include_path='.;F:\xampp\php\PEAR') F:\xampp\htdocs\DreamCMS\Site\Content\Conf\config.php 第 3 行.
NOTIC: [2] array_merge(): Argument #1 is not an array F:\xampp\htdocs\DreamCMS\Site\Content\Conf\config.php 第 7 行.

[ 2015-02-27T19:41:26+08:00 ] 127.0.0.1 /DreamCMS/Template/Site/BootStrap/Layout/img/social-icons/facebook.png
INFO: [ app_init ] --START--
INFO: Run Behavior\BuildLiteBehavior [ RunTime:0.000000s ]
INFO: [ app_init ] --END-- [ RunTime:0.001000s ]
NOTIC: [2] include_once(F:\xampp\htdocs\DreamCMS/Router/Site/Content.php): failed to open stream: No such file or directory F:\xampp\htdocs\DreamCMS\Site\Content\Conf\config.php 第 3 行.
NOTIC: [2] include_once(): Failed opening 'F:\xampp\htdocs\DreamCMS/Router/Site/Content.php' for inclusion (include_path='.;F:\xampp\php\PEAR') F:\xampp\htdocs\DreamCMS\Site\Content\Conf\config.php 第 3 行.
NOTIC: [2] array_merge(): Argument #1 is not an array F:\xampp\htdocs\DreamCMS\Site\Content\Conf\config.php 第 7 行.

[ 2015-02-27T19:41:26+08:00 ] 127.0.0.1 /DreamCMS/Template/Site/BootStrap/Layout/img/pattern.jpg
INFO: [ app_init ] --START--
INFO: Run Behavior\BuildLiteBehavior [ RunTime:0.000000s ]
INFO: [ app_init ] --END-- [ RunTime:0.000000s ]
NOTIC: [2] include_once(F:\xampp\htdocs\DreamCMS/Router/Site/Content.php): failed to open stream: No such file or directory F:\xampp\htdocs\DreamCMS\Site\Content\Conf\config.php 第 3 行.
NOTIC: [2] include_once(): Failed opening 'F:\xampp\htdocs\DreamCMS/Router/Site/Content.php' for inclusion (include_path='.;F:\xampp\php\PEAR') F:\xampp\htdocs\DreamCMS\Site\Content\Conf\config.php 第 3 行.
NOTIC: [2] array_merge(): Argument #1 is not an array F:\xampp\htdocs\DreamCMS\Site\Content\Conf\config.php 第 7 行.

[ 2015-02-27T19:41:35+08:00 ] 127.0.0.1 /DreamCMS/Template/Admin/bootstrap/Layout/js/jquery.min.js
INFO: [ app_init ] --START--
INFO: Run Behavior\BuildLiteBehavior [ RunTime:0.000000s ]
INFO: [ app_init ] --END-- [ RunTime:0.000000s ]
NOTIC: [2] include_once(F:\xampp\htdocs\DreamCMS/Router/Site/Content.php): failed to open stream: No such file or directory F:\xampp\htdocs\DreamCMS\Site\Content\Conf\config.php 第 3 行.
NOTIC: [2] include_once(): Failed opening 'F:\xampp\htdocs\DreamCMS/Router/Site/Content.php' for inclusion (include_path='.;F:\xampp\php\PEAR') F:\xampp\htdocs\DreamCMS\Site\Content\Conf\config.php 第 3 行.
NOTIC: [2] array_merge(): Argument #1 is not an array F:\xampp\htdocs\DreamCMS\Site\Content\Conf\config.php 第 7 行.
INFO: [ app_begin ] --START--
INFO: Run Behavior\ReadHtmlCacheBehavior [ RunTime:0.001000s ]
INFO: Run Behavior\FlChkLangBehavior [ RunTime:0.001000s ]
INFO: [ app_begin ] --END-- [ RunTime:0.002000s ]
ERR: 无法加载控制器:Template

