[ 2015-03-05T10:54:12+08:00 ] 127.0.0.1 /Dreamcms/Template/Admin/bootstrap/Layout/js/jquery.min.js
INFO: [ app_init ] --START--
INFO: Run Behavior\BuildLiteBehavior [ RunTime:0.000000s ]
INFO: [ app_init ] --END-- [ RunTime:0.001000s ]
INFO: [ app_begin ] --START--
INFO: Run Behavior\ReadHtmlCacheBehavior [ RunTime:0.001000s ]
INFO: Run Behavior\FlChkLangBehavior [ RunTime:0.002000s ]
INFO: [ app_begin ] --END-- [ RunTime:0.005000s ]
ERR: 无法加载控制器:Template

[ 2015-03-05T10:54:23+08:00 ] 127.0.0.1 /Dreamcms/Template/Admin/bootstrap/Layout/js/jquery.min.js
INFO: [ app_init ] --START--
INFO: Run Behavior\BuildLiteBehavior [ RunTime:0.000000s ]
INFO: [ app_init ] --END-- [ RunTime:0.001000s ]
INFO: [ app_begin ] --START--
INFO: Run Behavior\ReadHtmlCacheBehavior [ RunTime:0.001000s ]
INFO: Run Behavior\FlChkLangBehavior [ RunTime:0.001000s ]
INFO: [ app_begin ] --END-- [ RunTime:0.003000s ]
ERR: 无法加载控制器:Template

[ 2015-03-05T10:54:32+08:00 ] 127.0.0.1 /Dreamcms/Template/Admin/bootstrap/Layout/js/jquery.min.js
INFO: [ app_init ] --START--
INFO: Run Behavior\BuildLiteBehavior [ RunTime:0.000000s ]
INFO: [ app_init ] --END-- [ RunTime:0.001000s ]
INFO: [ app_begin ] --START--
INFO: Run Behavior\ReadHtmlCacheBehavior [ RunTime:0.000000s ]
INFO: Run Behavior\FlChkLangBehavior [ RunTime:0.000000s ]
INFO: [ app_begin ] --END-- [ RunTime:0.002001s ]
ERR: 无法加载控制器:Template

[ 2015-03-05T10:54:48+08:00 ] 127.0.0.1 /Dreamcms/Template/Plugin/Test/Res/thumb.png
INFO: [ app_init ] --START--
INFO: Run Behavior\BuildLiteBehavior [ RunTime:0.000000s ]
INFO: [ app_init ] --END-- [ RunTime:0.000000s ]

[ 2015-03-05T10:55:26+08:00 ] 127.0.0.1 /Dreamcms/
INFO: [ app_init ] --START--
INFO: Run Behavior\BuildLiteBehavior [ RunTime:0.000000s ]
INFO: [ app_init ] --END-- [ RunTime:0.001001s ]
INFO: [ app_begin ] --START--
INFO: Run Behavior\ReadHtmlCacheBehavior [ RunTime:0.001000s ]
INFO: Run Behavior\FlChkLangBehavior [ RunTime:0.001000s ]
INFO: [ app_begin ] --END-- [ RunTime:0.002000s ]
SQL: SHOW COLUMNS FROM `ur7_language` [ RunTime:0.0040s ]
INFO: [ view_filter ] --START--
INFO: Run Behavior\WriteHtmlCacheBehavior [ RunTime:0.004000s ]
INFO: [ view_filter ] --END-- [ RunTime:0.004000s ]
INFO: [ app_end ] --START--
INFO: Run Behavior\ShowPageTraceBehavior [ RunTime:0.002000s ]
INFO: [ app_end ] --END-- [ RunTime:0.002000s ]

[ 2015-03-05T10:55:26+08:00 ] 127.0.0.1 /Dreamcms/Template/Site/BootStrap/Layout/img/social-icons/facebook.png
INFO: [ app_init ] --START--
INFO: Run Behavior\BuildLiteBehavior [ RunTime:0.000000s ]
INFO: [ app_init ] --END-- [ RunTime:0.000000s ]

[ 2015-03-05T10:55:27+08:00 ] 127.0.0.1 /Dreamcms/Template/Site/BootStrap/Layout/img/pattern.jpg
INFO: [ app_init ] --START--
INFO: Run Behavior\BuildLiteBehavior [ RunTime:0.000000s ]
INFO: [ app_init ] --END-- [ RunTime:0.001000s ]

[ 2015-03-05T10:55:27+08:00 ] 127.0.0.1 /Dreamcms/Template/Site/BootStrap/Layout/img/social-icons/dribbble.png
INFO: [ app_init ] --START--
INFO: Run Behavior\BuildLiteBehavior [ RunTime:0.000000s ]
INFO: [ app_init ] --END-- [ RunTime:0.001000s ]

[ 2015-03-05T10:55:27+08:00 ] 127.0.0.1 /Dreamcms/Template/Site/BootStrap/Layout/img/social-icons/twitter.png
INFO: [ app_init ] --START--
INFO: Run Behavior\BuildLiteBehavior [ RunTime:0.000000s ]
INFO: [ app_init ] --END-- [ RunTime:0.001000s ]

[ 2015-03-05T10:55:27+08:00 ] 127.0.0.1 /Dreamcms/Template/Site/BootStrap/Layout/img/social-icons/pinterest.png
INFO: [ app_init ] --START--
INFO: Run Behavior\BuildLiteBehavior [ RunTime:0.000000s ]
INFO: [ app_init ] --END-- [ RunTime:0.001000s ]

[ 2015-03-05T10:56:36+08:00 ] 127.0.0.1 /Dreamcms/
INFO: [ app_init ] --START--
INFO: Run Behavior\BuildLiteBehavior [ RunTime:0.000000s ]
INFO: [ app_init ] --END-- [ RunTime:0.001000s ]
INFO: [ app_begin ] --START--
INFO: Run Behavior\ReadHtmlCacheBehavior [ RunTime:0.001000s ]
INFO: Run Behavior\FlChkLangBehavior [ RunTime:0.002000s ]
INFO: [ app_begin ] --END-- [ RunTime:0.003000s ]
SQL: SHOW COLUMNS FROM `ur7_language` [ RunTime:0.0030s ]
INFO: [ view_filter ] --START--
INFO: Run Behavior\WriteHtmlCacheBehavior [ RunTime:0.001000s ]
INFO: [ view_filter ] --END-- [ RunTime:0.001000s ]
INFO: [ app_end ] --START--
INFO: Run Behavior\ShowPageTraceBehavior [ RunTime:0.001000s ]
INFO: [ app_end ] --END-- [ RunTime:0.001000s ]

[ 2015-03-05T10:56:36+08:00 ] 127.0.0.1 /Dreamcms/Template/Site/BootStrap/Layout/img/pattern.jpg
INFO: [ app_init ] --START--
INFO: Run Behavior\BuildLiteBehavior [ RunTime:0.000000s ]
INFO: [ app_init ] --END-- [ RunTime:0.001000s ]

[ 2015-03-05T10:56:36+08:00 ] 127.0.0.1 /Dreamcms/Template/Site/BootStrap/Layout/img/social-icons/twitter.png
INFO: [ app_init ] --START--
INFO: Run Behavior\BuildLiteBehavior [ RunTime:0.000000s ]
INFO: [ app_init ] --END-- [ RunTime:0.000000s ]

[ 2015-03-05T10:56:36+08:00 ] 127.0.0.1 /Dreamcms/Template/Site/BootStrap/Layout/img/social-icons/pinterest.png
INFO: [ app_init ] --START--
INFO: Run Behavior\BuildLiteBehavior [ RunTime:0.000000s ]
INFO: [ app_init ] --END-- [ RunTime:0.001000s ]

[ 2015-03-05T10:56:36+08:00 ] 127.0.0.1 /Dreamcms/Template/Site/BootStrap/Layout/img/social-icons/facebook.png
INFO: [ app_init ] --START--
INFO: Run Behavior\BuildLiteBehavior [ RunTime:0.000000s ]
INFO: [ app_init ] --END-- [ RunTime:0.001000s ]

[ 2015-03-05T10:56:37+08:00 ] 127.0.0.1 /Dreamcms/Template/Site/BootStrap/Layout/img/social-icons/dribbble.png
INFO: [ app_init ] --START--
INFO: Run Behavior\BuildLiteBehavior [ RunTime:0.000000s ]
INFO: [ app_init ] --END-- [ RunTime:0.000000s ]

[ 2015-03-05T10:56:41+08:00 ] 127.0.0.1 /DreamCMS/page_1
INFO: [ app_init ] --START--
INFO: Run Behavior\BuildLiteBehavior [ RunTime:0.000000s ]
INFO: [ app_init ] --END-- [ RunTime:0.000000s ]
INFO: [ app_begin ] --START--
INFO: Run Behavior\ReadHtmlCacheBehavior [ RunTime:0.001000s ]
INFO: Run Behavior\FlChkLangBehavior [ RunTime:0.001000s ]
INFO: [ app_begin ] --END-- [ RunTime:0.002000s ]
SQL: SHOW COLUMNS FROM `ur7_language` [ RunTime:0.0040s ]
SQL: SHOW COLUMNS FROM `ur7_page` [ RunTime:0.0400s ]
SQL: SELECT * FROM `ur7_page` WHERE `cid` = 1 LIMIT 1   [ RunTime:0.0010s ]
INFO: [ view_filter ] --START--
INFO: Run Behavior\WriteHtmlCacheBehavior [ RunTime:0.001000s ]
INFO: [ view_filter ] --END-- [ RunTime:0.001000s ]
INFO: [ app_end ] --START--
INFO: Run Behavior\ShowPageTraceBehavior [ RunTime:0.001000s ]
INFO: [ app_end ] --END-- [ RunTime:0.002000s ]

[ 2015-03-05T10:56:41+08:00 ] 127.0.0.1 /DreamCMS/Template/Site/BootStrap/Layout/img/social-icons/pinterest.png
INFO: [ app_init ] --START--
INFO: Run Behavior\BuildLiteBehavior [ RunTime:0.000000s ]
INFO: [ app_init ] --END-- [ RunTime:0.000000s ]

[ 2015-03-05T10:56:41+08:00 ] 127.0.0.1 /DreamCMS/Template/Site/BootStrap/Layout/img/pattern.jpg
INFO: [ app_init ] --START--
INFO: Run Behavior\BuildLiteBehavior [ RunTime:0.000000s ]
INFO: [ app_init ] --END-- [ RunTime:0.001000s ]

[ 2015-03-05T10:56:41+08:00 ] 127.0.0.1 /DreamCMS/Template/Site/BootStrap/Layout/img/social-icons/twitter.png
INFO: [ app_init ] --START--
INFO: Run Behavior\BuildLiteBehavior [ RunTime:0.001000s ]
INFO: [ app_init ] --END-- [ RunTime:0.007001s ]

[ 2015-03-05T10:56:41+08:00 ] 127.0.0.1 /DreamCMS/Template/Site/BootStrap/Layout/img/social-icons/dribbble.png
INFO: [ app_init ] --START--
INFO: Run Behavior\BuildLiteBehavior [ RunTime:0.000000s ]
INFO: [ app_init ] --END-- [ RunTime:0.001000s ]

[ 2015-03-05T10:56:41+08:00 ] 127.0.0.1 /DreamCMS/Template/Site/BootStrap/Layout/img/social-icons/facebook.png
INFO: [ app_init ] --START--
INFO: Run Behavior\BuildLiteBehavior [ RunTime:0.000000s ]
INFO: [ app_init ] --END-- [ RunTime:0.002001s ]

[ 2015-03-05T10:56:43+08:00 ] 127.0.0.1 /DreamCMS/category_2
INFO: [ app_init ] --START--
INFO: Run Behavior\BuildLiteBehavior [ RunTime:0.000000s ]
INFO: [ app_init ] --END-- [ RunTime:0.000000s ]
INFO: [ app_begin ] --START--
INFO: Run Behavior\ReadHtmlCacheBehavior [ RunTime:0.001000s ]
INFO: Run Behavior\FlChkLangBehavior [ RunTime:0.002000s ]
INFO: [ app_begin ] --END-- [ RunTime:0.003000s ]
SQL: SHOW COLUMNS FROM `ur7_language` [ RunTime:0.0040s ]
SQL: SHOW COLUMNS FROM `ur7_category` [ RunTime:0.0370s ]
SQL: SELECT * FROM `ur7_category` WHERE `langid` = 1  [ RunTime:0.0000s ]
SQL: SELECT * FROM `ur7_category` WHERE `id` = 6 LIMIT 1   [ RunTime:0.0000s ]
SQL: SHOW COLUMNS FROM `ur7_model` [ RunTime:0.0180s ]
SQL: SELECT * FROM `ur7_model` WHERE `id` = 30 LIMIT 1   [ RunTime:0.0000s ]
NOTIC: [2048] Declaration of Model\Adomodel\ContentModel::add() should be compatible with Think\Model::add($data = '', $options = Array, $replace = false) D:\xampp\htdocs\DreamCMS\Model\Adomodel\ContentModel.class.php 第 9 行.
SQL: SHOW COLUMNS FROM `ur7_article` [ RunTime:0.0300s ]
SQL: SELECT * FROM `ur7_article` WHERE `cid` = 6 LIMIT 100   [ RunTime:0.0000s ]
SQL: SELECT * FROM `ur7_category` WHERE `langid` = 1  [ RunTime:0.0010s ]
SQL: SELECT * FROM `ur7_category` WHERE `id` = 7 LIMIT 1   [ RunTime:0.0000s ]
SQL: SELECT * FROM `ur7_model` WHERE `id` = 30 LIMIT 1   [ RunTime:0.0000s ]
SQL: SELECT * FROM `ur7_article` WHERE `cid` = 7 LIMIT 100   [ RunTime:0.0000s ]
SQL: SELECT * FROM `ur7_category` WHERE `langid` = 1  [ RunTime:0.0010s ]
SQL: SELECT * FROM `ur7_category` WHERE `id` = 8 LIMIT 1   [ RunTime:0.0000s ]
SQL: SELECT * FROM `ur7_model` WHERE `id` = 30 LIMIT 1   [ RunTime:0.0000s ]
SQL: SELECT * FROM `ur7_article` WHERE `cid` = 8 LIMIT 100   [ RunTime:0.0000s ]
SQL: SELECT * FROM `ur7_category` WHERE `langid` = 1  [ RunTime:0.0010s ]
SQL: SELECT * FROM `ur7_category` WHERE `id` = 9 LIMIT 1   [ RunTime:0.0000s ]
SQL: SELECT * FROM `ur7_model` WHERE `id` = 30 LIMIT 1   [ RunTime:0.0000s ]
SQL: SELECT * FROM `ur7_article` WHERE `cid` = 9 LIMIT 100   [ RunTime:0.0010s ]
NOTIC: [2] Invalid argument supplied for foreach() D:\xampp\htdocs\DreamCMS\Core\Library\Org\Helper\TMP.class.php 第 79 行.
INFO: [ view_filter ] --START--
INFO: Run Behavior\WriteHtmlCacheBehavior [ RunTime:0.000000s ]
INFO: [ view_filter ] --END-- [ RunTime:0.001000s ]
INFO: [ app_end ] --START--
INFO: Run Behavior\ShowPageTraceBehavior [ RunTime:0.001001s ]
INFO: [ app_end ] --END-- [ RunTime:0.001001s ]

[ 2015-03-05T10:56:43+08:00 ] 127.0.0.1 /DreamCMS/Template/Site/BootStrap/Layout/img/social-icons/dribbble.png
INFO: [ app_init ] --START--
INFO: Run Behavior\BuildLiteBehavior [ RunTime:0.000000s ]
INFO: [ app_init ] --END-- [ RunTime:0.001001s ]

[ 2015-03-05T10:56:44+08:00 ] 127.0.0.1 /DreamCMS/Template/Site/BootStrap/Layout/img/social-icons/facebook.png
INFO: [ app_init ] --START--
INFO: Run Behavior\BuildLiteBehavior [ RunTime:0.001000s ]
INFO: [ app_init ] --END-- [ RunTime:0.001000s ]

[ 2015-03-05T10:56:44+08:00 ] 127.0.0.1 /DreamCMS/Template/Site/BootStrap/Layout/img/social-icons/pinterest.png
INFO: [ app_init ] --START--
INFO: Run Behavior\BuildLiteBehavior [ RunTime:0.000000s ]
INFO: [ app_init ] --END-- [ RunTime:0.001000s ]

[ 2015-03-05T10:56:44+08:00 ] 127.0.0.1 /DreamCMS/Template/Site/BootStrap/Layout/img/social-icons/twitter.png
INFO: [ app_init ] --START--
INFO: Run Behavior\BuildLiteBehavior [ RunTime:0.000000s ]
INFO: [ app_init ] --END-- [ RunTime:0.019002s ]

[ 2015-03-05T10:56:44+08:00 ] 127.0.0.1 /DreamCMS/Template/Site/BootStrap/Layout/img/pattern.jpg
INFO: [ app_init ] --START--
INFO: Run Behavior\BuildLiteBehavior [ RunTime:0.000000s ]
INFO: [ app_init ] --END-- [ RunTime:0.001000s ]

[ 2015-03-05T10:56:50+08:00 ] 127.0.0.1 /DreamCMS/artlist_3
INFO: [ app_init ] --START--
INFO: Run Behavior\BuildLiteBehavior [ RunTime:0.000000s ]
INFO: [ app_init ] --END-- [ RunTime:0.001000s ]
INFO: [ app_begin ] --START--
INFO: Run Behavior\ReadHtmlCacheBehavior [ RunTime:0.001000s ]
INFO: Run Behavior\FlChkLangBehavior [ RunTime:0.001000s ]
INFO: [ app_begin ] --END-- [ RunTime:0.002000s ]
SQL: SHOW COLUMNS FROM `ur7_language` [ RunTime:0.0040s ]
SQL: SHOW COLUMNS FROM `ur7_category` [ RunTime:0.0050s ]
SQL: SELECT * FROM `ur7_category` WHERE `id` = 3 LIMIT 1   [ RunTime:0.0000s ]
INFO: [ view_filter ] --START--
INFO: Run Behavior\WriteHtmlCacheBehavior [ RunTime:0.000000s ]
INFO: [ view_filter ] --END-- [ RunTime:0.001000s ]
INFO: [ app_end ] --START--
INFO: Run Behavior\ShowPageTraceBehavior [ RunTime:0.001000s ]
INFO: [ app_end ] --END-- [ RunTime:0.001000s ]

[ 2015-03-05T10:56:50+08:00 ] 127.0.0.1 /DreamCMS/Template/Site/BootStrap/Layout/img/pattern.jpg
INFO: [ app_init ] --START--
INFO: Run Behavior\BuildLiteBehavior [ RunTime:0.000000s ]
INFO: [ app_init ] --END-- [ RunTime:0.001000s ]

[ 2015-03-05T10:56:50+08:00 ] 127.0.0.1 /DreamCMS/Template/Site/BootStrap/Layout/img/social-icons/facebook.png
INFO: [ app_init ] --START--
INFO: Run Behavior\BuildLiteBehavior [ RunTime:0.000000s ]
INFO: [ app_init ] --END-- [ RunTime:0.001000s ]

[ 2015-03-05T10:56:50+08:00 ] 127.0.0.1 /DreamCMS/Template/Site/BootStrap/Layout/img/social-icons/twitter.png
INFO: [ app_init ] --START--
INFO: Run Behavior\BuildLiteBehavior [ RunTime:0.000000s ]
INFO: [ app_init ] --END-- [ RunTime:0.001000s ]

[ 2015-03-05T10:56:50+08:00 ] 127.0.0.1 /DreamCMS/Template/Site/BootStrap/Layout/img/social-icons/dribbble.png
INFO: [ app_init ] --START--
INFO: Run Behavior\BuildLiteBehavior [ RunTime:0.000000s ]
INFO: [ app_init ] --END-- [ RunTime:0.001000s ]

[ 2015-03-05T10:56:50+08:00 ] 127.0.0.1 /DreamCMS/Template/Site/BootStrap/Layout/img/social-icons/pinterest.png
INFO: [ app_init ] --START--
INFO: Run Behavior\BuildLiteBehavior [ RunTime:0.000000s ]
INFO: [ app_init ] --END-- [ RunTime:0.001000s ]

[ 2015-03-05T10:56:51+08:00 ] 127.0.0.1 /DreamCMS/artlist_4
INFO: [ app_init ] --START--
INFO: Run Behavior\BuildLiteBehavior [ RunTime:0.000000s ]
INFO: [ app_init ] --END-- [ RunTime:0.001000s ]
INFO: [ app_begin ] --START--
INFO: Run Behavior\ReadHtmlCacheBehavior [ RunTime:0.001000s ]
INFO: Run Behavior\FlChkLangBehavior [ RunTime:0.001001s ]
INFO: [ app_begin ] --END-- [ RunTime:0.003001s ]
SQL: SHOW COLUMNS FROM `ur7_language` [ RunTime:0.0030s ]
SQL: SHOW COLUMNS FROM `ur7_category` [ RunTime:0.0040s ]
SQL: SELECT * FROM `ur7_category` WHERE `id` = 4 LIMIT 1   [ RunTime:0.0010s ]
INFO: [ view_filter ] --START--
INFO: Run Behavior\WriteHtmlCacheBehavior [ RunTime:0.000000s ]
INFO: [ view_filter ] --END-- [ RunTime:0.000000s ]
INFO: [ app_end ] --START--
INFO: Run Behavior\ShowPageTraceBehavior [ RunTime:0.000000s ]
INFO: [ app_end ] --END-- [ RunTime:0.001000s ]

[ 2015-03-05T10:56:51+08:00 ] 127.0.0.1 /DreamCMS/Template/Site/BootStrap/Layout/img/pattern.jpg
INFO: [ app_init ] --START--
INFO: Run Behavior\BuildLiteBehavior [ RunTime:0.000000s ]
INFO: [ app_init ] --END-- [ RunTime:0.000000s ]

[ 2015-03-05T10:56:52+08:00 ] 127.0.0.1 /DreamCMS/Template/Site/BootStrap/Layout/img/social-icons/dribbble.png
INFO: [ app_init ] --START--
INFO: Run Behavior\BuildLiteBehavior [ RunTime:0.000000s ]
INFO: [ app_init ] --END-- [ RunTime:0.001000s ]

[ 2015-03-05T10:56:52+08:00 ] 127.0.0.1 /DreamCMS/Template/Site/BootStrap/Layout/img/social-icons/facebook.png
INFO: [ app_init ] --START--
INFO: Run Behavior\BuildLiteBehavior [ RunTime:0.000000s ]
INFO: [ app_init ] --END-- [ RunTime:0.001000s ]

[ 2015-03-05T10:56:52+08:00 ] 127.0.0.1 /DreamCMS/Template/Site/BootStrap/Layout/img/social-icons/twitter.png
INFO: [ app_init ] --START--
INFO: Run Behavior\BuildLiteBehavior [ RunTime:0.000000s ]
INFO: [ app_init ] --END-- [ RunTime:0.001000s ]

[ 2015-03-05T10:56:52+08:00 ] 127.0.0.1 /DreamCMS/Template/Site/BootStrap/Layout/img/social-icons/pinterest.png
INFO: [ app_init ] --START--
INFO: Run Behavior\BuildLiteBehavior [ RunTime:0.000000s ]
INFO: [ app_init ] --END-- [ RunTime:0.000000s ]

[ 2015-03-05T10:56:52+08:00 ] 127.0.0.1 /DreamCMS/bbs/
INFO: [ app_init ] --START--
INFO: Run Behavior\BuildLiteBehavior [ RunTime:0.000000s ]
INFO: [ app_init ] --END-- [ RunTime:0.001000s ]
INFO: [ app_begin ] --START--
INFO: Run Behavior\ReadHtmlCacheBehavior [ RunTime:0.001000s ]
INFO: Run Behavior\FlChkLangBehavior [ RunTime:0.001000s ]
INFO: [ app_begin ] --END-- [ RunTime:0.002000s ]
ERR: 无法加载控制器:Bbs

[ 2015-03-05T10:56:54+08:00 ] 127.0.0.1 /DreamCMS/artlist_4
INFO: [ app_init ] --START--
INFO: Run Behavior\BuildLiteBehavior [ RunTime:0.000000s ]
INFO: [ app_init ] --END-- [ RunTime:0.001000s ]
INFO: [ app_begin ] --START--
INFO: Run Behavior\ReadHtmlCacheBehavior [ RunTime:0.002000s ]
INFO: Run Behavior\FlChkLangBehavior [ RunTime:0.001001s ]
INFO: [ app_begin ] --END-- [ RunTime:0.003001s ]
SQL: SHOW COLUMNS FROM `ur7_language` [ RunTime:0.0050s ]
INFO: [ view_filter ] --START--
INFO: Run Behavior\WriteHtmlCacheBehavior [ RunTime:0.000000s ]
INFO: [ view_filter ] --END-- [ RunTime:0.000000s ]
INFO: [ app_end ] --START--
INFO: Run Behavior\ShowPageTraceBehavior [ RunTime:0.000000s ]
INFO: [ app_end ] --END-- [ RunTime:0.001000s ]

[ 2015-03-05T10:56:55+08:00 ] 127.0.0.1 /DreamCMS/Template/Site/BootStrap/Layout/img/pattern.jpg
INFO: [ app_init ] --START--
INFO: Run Behavior\BuildLiteBehavior [ RunTime:0.000000s ]
INFO: [ app_init ] --END-- [ RunTime:0.001000s ]

[ 2015-03-05T10:56:55+08:00 ] 127.0.0.1 /DreamCMS/Template/Site/BootStrap/Layout/img/social-icons/twitter.png
INFO: [ app_init ] --START--
INFO: Run Behavior\BuildLiteBehavior [ RunTime:0.000000s ]
INFO: [ app_init ] --END-- [ RunTime:0.001000s ]

[ 2015-03-05T10:56:55+08:00 ] 127.0.0.1 /DreamCMS/Template/Site/BootStrap/Layout/img/social-icons/pinterest.png
INFO: [ app_init ] --START--
INFO: Run Behavior\BuildLiteBehavior [ RunTime:0.001000s ]
INFO: [ app_init ] --END-- [ RunTime:0.001000s ]

[ 2015-03-05T10:56:55+08:00 ] 127.0.0.1 /DreamCMS/Template/Site/BootStrap/Layout/img/social-icons/facebook.png
INFO: [ app_init ] --START--
INFO: Run Behavior\BuildLiteBehavior [ RunTime:0.000000s ]
INFO: [ app_init ] --END-- [ RunTime:0.000000s ]

[ 2015-03-05T10:56:55+08:00 ] 127.0.0.1 /DreamCMS/Template/Site/BootStrap/Layout/img/social-icons/dribbble.png
INFO: [ app_init ] --START--
INFO: Run Behavior\BuildLiteBehavior [ RunTime:0.000000s ]
INFO: [ app_init ] --END-- [ RunTime:0.001000s ]

[ 2015-03-05T11:02:16+08:00 ] 127.0.0.1 /Dreamcms/Template/Plugin/Test/Res/thumb.png
INFO: [ app_init ] --START--
INFO: Run Behavior\BuildLiteBehavior [ RunTime:0.000000s ]
INFO: [ app_init ] --END-- [ RunTime:0.000000s ]

