[ 2015-02-06T08:51:54+08:00 ] 127.0.0.1 /DreamCms/Template/Admin/bootstrap/Layout/js/jquery.min.js
INFO: [ app_init ] --START--
INFO: Run Behavior\BuildLiteBehavior [ RunTime:0.000000s ]
INFO: [ app_init ] --END-- [ RunTime:0.001000s ]
NOTIC: [2] include_once(D:\xampp\htdocs\DreamCMS/Router/Site/Content.php): failed to open stream: No such file or directory D:\xampp\htdocs\DreamCMS\Site\Content\Conf\config.php 第 3 行.
NOTIC: [2] include_once(): Failed opening 'D:\xampp\htdocs\DreamCMS/Router/Site/Content.php' for inclusion (include_path='.;\xampp\php\PEAR') D:\xampp\htdocs\DreamCMS\Site\Content\Conf\config.php 第 3 行.
NOTIC: [2] array_merge(): Argument #1 is not an array D:\xampp\htdocs\DreamCMS\Site\Content\Conf\config.php 第 7 行.
INFO: [ app_begin ] --START--
INFO: Run Behavior\ReadHtmlCacheBehavior [ RunTime:0.001000s ]
INFO: Run Behavior\FlChkLangBehavior [ RunTime:0.001000s ]
INFO: [ app_begin ] --END-- [ RunTime:0.002000s ]
ERR: 无法加载控制器:Template

[ 2015-02-06T16:28:25+08:00 ] ::1 /DreamCMS/index.php
INFO: [ app_init ] --START--
INFO: Run Behavior\BuildLiteBehavior [ RunTime:0.000000s ]
INFO: [ app_init ] --END-- [ RunTime:0.047004s ]
NOTIC: [2] include_once(D:\xampp\htdocs\DreamCMS/Router/Site/Content.php): failed to open stream: No such file or directory D:\xampp\htdocs\DreamCMS\Site\Content\Conf\config.php 第 3 行.
NOTIC: [2] include_once(): Failed opening 'D:\xampp\htdocs\DreamCMS/Router/Site/Content.php' for inclusion (include_path='.;\xampp\php\PEAR') D:\xampp\htdocs\DreamCMS\Site\Content\Conf\config.php 第 3 行.
NOTIC: [2] array_merge(): Argument #1 is not an array D:\xampp\htdocs\DreamCMS\Site\Content\Conf\config.php 第 7 行.
INFO: [ app_begin ] --START--
INFO: Run Behavior\ReadHtmlCacheBehavior [ RunTime:0.021002s ]
INFO: Run Behavior\FlChkLangBehavior [ RunTime:0.047005s ]
INFO: [ app_begin ] --END-- [ RunTime:0.070007s ]
SQL: SHOW COLUMNS FROM `ur7_language` [ RunTime:0.4330s ]
SQL: SELECT * FROM `ur7_language` WHERE `default` = 1 LIMIT 1   [ RunTime:0.1080s ]
SQL: SHOW COLUMNS FROM `ur7_category` [ RunTime:0.1370s ]
SQL: SELECT * FROM `ur7_category` WHERE `langid` = 1 AND `menushow` = 1  [ RunTime:0.0120s ]
SQL: SELECT * FROM `ur7_language`  [ RunTime:0.0020s ]
SQL: SELECT * FROM `ur7_category` WHERE `langid` = 1  [ RunTime:0.0010s ]
SQL: SHOW COLUMNS FROM `ur7_page` [ RunTime:0.1230s ]
SQL: SELECT * FROM `ur7_page` WHERE `cid` = 10 LIMIT 1   [ RunTime:0.0010s ]
NOTIC: [2] Missing argument 3 for Org\Helper\TMP::QCWRITECACHE(), called in D:\xampp\htdocs\DreamCMS\Core\Library\Org\Helper\TMP.class.php on line 171 and defined D:\xampp\htdocs\DreamCMS\Core\Library\Org\Helper\TMP.class.php 第 181 行.
NOTIC: [8] Undefined variable: cache D:\xampp\htdocs\DreamCMS\Core\Library\Org\Helper\TMP.class.php 第 185 行.
SQL: SELECT * FROM `ur7_category` WHERE `langid` = 1  [ RunTime:0.0000s ]
SQL: SELECT * FROM `ur7_page` WHERE `cid` = 11 LIMIT 1   [ RunTime:0.0010s ]
NOTIC: [2] Missing argument 3 for Org\Helper\TMP::QCWRITECACHE(), called in D:\xampp\htdocs\DreamCMS\Core\Library\Org\Helper\TMP.class.php on line 171 and defined D:\xampp\htdocs\DreamCMS\Core\Library\Org\Helper\TMP.class.php 第 181 行.
NOTIC: [8] Undefined variable: cache D:\xampp\htdocs\DreamCMS\Core\Library\Org\Helper\TMP.class.php 第 185 行.
SQL: SELECT * FROM `ur7_category` WHERE `langid` = 1  [ RunTime:0.0010s ]
SQL: SELECT * FROM `ur7_page` WHERE `cid` = 12 LIMIT 1   [ RunTime:0.0000s ]
NOTIC: [2] Missing argument 3 for Org\Helper\TMP::QCWRITECACHE(), called in D:\xampp\htdocs\DreamCMS\Core\Library\Org\Helper\TMP.class.php on line 171 and defined D:\xampp\htdocs\DreamCMS\Core\Library\Org\Helper\TMP.class.php 第 181 行.
NOTIC: [8] Undefined variable: cache D:\xampp\htdocs\DreamCMS\Core\Library\Org\Helper\TMP.class.php 第 185 行.
INFO: [ view_filter ] --START--
INFO: Run Behavior\WriteHtmlCacheBehavior [ RunTime:0.021003s ]
INFO: [ view_filter ] --END-- [ RunTime:0.022003s ]
INFO: [ app_end ] --START--
INFO: Run Behavior\ShowPageTraceBehavior [ RunTime:0.008000s ]
INFO: [ app_end ] --END-- [ RunTime:0.009001s ]

[ 2015-02-06T16:28:27+08:00 ] ::1 /DreamCMS/Template/Site/BootStrap/Layout/img/social-icons/dribbble.png
INFO: [ app_init ] --START--
INFO: Run Behavior\BuildLiteBehavior [ RunTime:0.000000s ]
INFO: [ app_init ] --END-- [ RunTime:0.001000s ]
NOTIC: [2] include_once(D:\xampp\htdocs\DreamCMS/Router/Site/Content.php): failed to open stream: No such file or directory D:\xampp\htdocs\DreamCMS\Site\Content\Conf\config.php 第 3 行.
NOTIC: [2] include_once(): Failed opening 'D:\xampp\htdocs\DreamCMS/Router/Site/Content.php' for inclusion (include_path='.;\xampp\php\PEAR') D:\xampp\htdocs\DreamCMS\Site\Content\Conf\config.php 第 3 行.
NOTIC: [2] array_merge(): Argument #1 is not an array D:\xampp\htdocs\DreamCMS\Site\Content\Conf\config.php 第 7 行.

[ 2015-02-06T16:28:27+08:00 ] ::1 /DreamCMS/Template/Site/BootStrap/Layout/img/social-icons/facebook.png
INFO: [ app_init ] --START--
INFO: Run Behavior\BuildLiteBehavior [ RunTime:0.000000s ]
INFO: [ app_init ] --END-- [ RunTime:0.001000s ]
NOTIC: [2] include_once(D:\xampp\htdocs\DreamCMS/Router/Site/Content.php): failed to open stream: No such file or directory D:\xampp\htdocs\DreamCMS\Site\Content\Conf\config.php 第 3 行.
NOTIC: [2] include_once(): Failed opening 'D:\xampp\htdocs\DreamCMS/Router/Site/Content.php' for inclusion (include_path='.;\xampp\php\PEAR') D:\xampp\htdocs\DreamCMS\Site\Content\Conf\config.php 第 3 行.
NOTIC: [2] array_merge(): Argument #1 is not an array D:\xampp\htdocs\DreamCMS\Site\Content\Conf\config.php 第 7 行.

[ 2015-02-06T16:28:27+08:00 ] ::1 /DreamCMS/Template/Site/BootStrap/Layout/img/pattern.jpg
INFO: [ app_init ] --START--
INFO: Run Behavior\BuildLiteBehavior [ RunTime:0.000000s ]
INFO: [ app_init ] --END-- [ RunTime:0.001000s ]
NOTIC: [2] include_once(D:\xampp\htdocs\DreamCMS/Router/Site/Content.php): failed to open stream: No such file or directory D:\xampp\htdocs\DreamCMS\Site\Content\Conf\config.php 第 3 行.
NOTIC: [2] include_once(): Failed opening 'D:\xampp\htdocs\DreamCMS/Router/Site/Content.php' for inclusion (include_path='.;\xampp\php\PEAR') D:\xampp\htdocs\DreamCMS\Site\Content\Conf\config.php 第 3 行.
NOTIC: [2] array_merge(): Argument #1 is not an array D:\xampp\htdocs\DreamCMS\Site\Content\Conf\config.php 第 7 行.

[ 2015-02-06T16:28:27+08:00 ] ::1 /DreamCMS/Template/Site/BootStrap/Layout/img/social-icons/pinterest.png
INFO: [ app_init ] --START--
INFO: Run Behavior\BuildLiteBehavior [ RunTime:0.000000s ]
INFO: [ app_init ] --END-- [ RunTime:0.001000s ]
NOTIC: [2] include_once(D:\xampp\htdocs\DreamCMS/Router/Site/Content.php): failed to open stream: No such file or directory D:\xampp\htdocs\DreamCMS\Site\Content\Conf\config.php 第 3 行.
NOTIC: [2] include_once(): Failed opening 'D:\xampp\htdocs\DreamCMS/Router/Site/Content.php' for inclusion (include_path='.;\xampp\php\PEAR') D:\xampp\htdocs\DreamCMS\Site\Content\Conf\config.php 第 3 行.
NOTIC: [2] array_merge(): Argument #1 is not an array D:\xampp\htdocs\DreamCMS\Site\Content\Conf\config.php 第 7 行.

[ 2015-02-06T16:28:27+08:00 ] ::1 /DreamCMS/Template/Site/BootStrap/Layout/img/social-icons/twitter.png
INFO: [ app_init ] --START--
INFO: Run Behavior\BuildLiteBehavior [ RunTime:0.000000s ]
INFO: [ app_init ] --END-- [ RunTime:0.001000s ]
NOTIC: [2] include_once(D:\xampp\htdocs\DreamCMS/Router/Site/Content.php): failed to open stream: No such file or directory D:\xampp\htdocs\DreamCMS\Site\Content\Conf\config.php 第 3 行.
NOTIC: [2] include_once(): Failed opening 'D:\xampp\htdocs\DreamCMS/Router/Site/Content.php' for inclusion (include_path='.;\xampp\php\PEAR') D:\xampp\htdocs\DreamCMS\Site\Content\Conf\config.php 第 3 行.
NOTIC: [2] array_merge(): Argument #1 is not an array D:\xampp\htdocs\DreamCMS\Site\Content\Conf\config.php 第 7 行.

[ 2015-02-06T16:28:47+08:00 ] 127.0.0.1 /Dreamcms/Template/Admin/bootstrap/Layout/js/jquery.min.js
INFO: [ app_init ] --START--
INFO: Run Behavior\BuildLiteBehavior [ RunTime:0.000000s ]
INFO: [ app_init ] --END-- [ RunTime:0.001000s ]
NOTIC: [2] include_once(D:\xampp\htdocs\DreamCMS/Router/Site/Content.php): failed to open stream: No such file or directory D:\xampp\htdocs\DreamCMS\Site\Content\Conf\config.php 第 3 行.
NOTIC: [2] include_once(): Failed opening 'D:\xampp\htdocs\DreamCMS/Router/Site/Content.php' for inclusion (include_path='.;\xampp\php\PEAR') D:\xampp\htdocs\DreamCMS\Site\Content\Conf\config.php 第 3 行.
NOTIC: [2] array_merge(): Argument #1 is not an array D:\xampp\htdocs\DreamCMS\Site\Content\Conf\config.php 第 7 行.
INFO: [ app_begin ] --START--
INFO: Run Behavior\ReadHtmlCacheBehavior [ RunTime:0.001000s ]
INFO: Run Behavior\FlChkLangBehavior [ RunTime:0.002000s ]
INFO: [ app_begin ] --END-- [ RunTime:0.003000s ]
ERR: 无法加载控制器:Template

