[ 2015-03-27T11:21:50+08:00 ] 127.0.0.1 /DreamCMS/admin.php/Plugin/Plugin/pluginlist.html
INFO: [ app_init ] --START--
INFO: Run Behavior\BuildLiteBehavior [ RunTime:0.000000s ]
INFO: [ app_init ] --END-- [ RunTime:0.001000s ]
INFO: [ app_begin ] --START--
INFO: Run Behavior\ReadHtmlCacheBehavior [ RunTime:0.001000s ]
INFO: Run Behavior\FlChkLangBehavior [ RunTime:0.004000s ]
INFO: [ app_begin ] --END-- [ RunTime:0.006000s ]
NOTIC: [2048] Declaration of Auth\Controller\AuthbaseController::display() should be compatible with Think\Controller::display($templateFile = '', $charset = '', $contentType = '', $content = '', $prefix = '') D:\xampp\htdocs\DreamCMS\Admin\Auth\Controller\AuthbaseController.class.php 第 8 行.
NOTIC: [8] Use of undefined constant TMPL_PATH - assumed 'TMPL_PATH' D:\xampp\htdocs\DreamCMS\Admin\Common\Controller\AdminbaseController.class.php 第 14 行.
SQL: SHOW COLUMNS FROM `ur7_language` [ RunTime:0.0160s ]
SQL: SHOW COLUMNS FROM `ur7_admin_auth_group` [ RunTime:0.0040s ]
SQL: SELECT * FROM `ur7_admin_auth_group` ORDER BY sort  [ RunTime:0.0000s ]
SQL: SHOW COLUMNS FROM `ur7_admin_auth_action` [ RunTime:0.0040s ]
NOTIC: [2048] Declaration of Model\Adomodel\PluginModel::add() should be compatible with Think\Model::add($data = '', $options = Array, $replace = false) D:\xampp\htdocs\DreamCMS\Model\Adomodel\PluginModel.class.php 第 69 行.
SQL: SHOW COLUMNS FROM `ur7_plugin` [ RunTime:0.0390s ]
SQL: SELECT * FROM `ur7_plugin`  [ RunTime:0.0000s ]
NOTIC: [8] Undefined variable: p_arr D:\xampp\htdocs\DreamCMS\Template\Admin\bootstrap\Plugin\Plugin\pluginlist.php 第 46 行.
NOTIC: [8] Undefined variable: p_arr D:\xampp\htdocs\DreamCMS\Template\Admin\bootstrap\Plugin\Plugin\pluginlist.php 第 46 行.
NOTIC: [8] Undefined variable: p_arr D:\xampp\htdocs\DreamCMS\Template\Admin\bootstrap\Plugin\Plugin\pluginlist.php 第 46 行.
NOTIC: [8] Undefined variable: p_arr D:\xampp\htdocs\DreamCMS\Template\Admin\bootstrap\Plugin\Plugin\pluginlist.php 第 46 行.
NOTIC: [8] Undefined variable: p_arr D:\xampp\htdocs\DreamCMS\Template\Admin\bootstrap\Plugin\Plugin\pluginlist.php 第 46 行.
NOTIC: [8] Undefined variable: p_arr D:\xampp\htdocs\DreamCMS\Template\Admin\bootstrap\Plugin\Plugin\pluginlist.php 第 46 行.
NOTIC: [8] Undefined variable: p_arr D:\xampp\htdocs\DreamCMS\Template\Admin\bootstrap\Plugin\Plugin\pluginlist.php 第 46 行.
NOTIC: [8] Undefined variable: p_arr D:\xampp\htdocs\DreamCMS\Template\Admin\bootstrap\Plugin\Plugin\pluginlist.php 第 46 行.
NOTIC: [8] Undefined variable: p_arr D:\xampp\htdocs\DreamCMS\Template\Admin\bootstrap\Plugin\Plugin\pluginlist.php 第 46 行.
NOTIC: [8] Undefined variable: p_arr D:\xampp\htdocs\DreamCMS\Template\Admin\bootstrap\Plugin\Plugin\pluginlist.php 第 46 行.
INFO: [ view_filter ] --START--
INFO: Run Behavior\WriteHtmlCacheBehavior [ RunTime:0.001000s ]
INFO: [ view_filter ] --END-- [ RunTime:0.001000s ]
INFO: [ app_end ] --START--
INFO: Run Behavior\ShowPageTraceBehavior [ RunTime:0.001000s ]
INFO: [ app_end ] --END-- [ RunTime:0.001000s ]

