[ 2015-03-17T11:00:06+08:00 ] 127.0.0.1 /Dreamcms/admin.php/Plugin/Plugin/pluginlist.html
INFO: [ app_init ] --START--
INFO: Run Behavior\BuildLiteBehavior [ RunTime:0.000000s ]
INFO: [ app_init ] --END-- [ RunTime:0.000000s ]
INFO: [ app_begin ] --START--
INFO: Run Behavior\ReadHtmlCacheBehavior [ RunTime:0.001000s ]
INFO: Run Behavior\FlChkLangBehavior [ RunTime:0.002000s ]
INFO: [ app_begin ] --END-- [ RunTime:0.004000s ]
NOTIC: [2048] Declaration of Auth\Controller\AuthbaseController::display() should be compatible with Think\Controller::display($templateFile = '', $charset = '', $contentType = '', $content = '', $prefix = '') D:\xampp\htdocs\DreamCMS\Admin\Auth\Controller\AuthbaseController.class.php 第 8 行.
NOTIC: [8] Use of undefined constant TMPL_PATH - assumed 'TMPL_PATH' D:\xampp\htdocs\DreamCMS\Admin\Common\Controller\AdminbaseController.class.php 第 14 行.
SQL: SHOW COLUMNS FROM `ur7_language` [ RunTime:0.0060s ]
SQL: SHOW COLUMNS FROM `ur7_admin_auth_group` [ RunTime:0.0050s ]
SQL: SELECT * FROM `ur7_admin_auth_group` ORDER BY sort  [ RunTime:0.0010s ]
SQL: SHOW COLUMNS FROM `ur7_admin_auth_action` [ RunTime:0.0160s ]
NOTIC: [2048] Declaration of Model\Adomodel\PluginModel::add() should be compatible with Think\Model::add($data = '', $options = Array, $replace = false) D:\xampp\htdocs\DreamCMS\Model\Adomodel\PluginModel.class.php 第 69 行.
SQL: SHOW COLUMNS FROM `ur7_plugin` [ RunTime:0.0460s ]
SQL: SELECT * FROM `ur7_plugin`  [ RunTime:0.0000s ]
NOTIC: [8] Undefined variable: p_arr D:\xampp\htdocs\DreamCMS\Template\Admin\bootstrap\Plugin\Plugin\pluginlist.php 第 46 行.
NOTIC: [8] Undefined variable: p_arr D:\xampp\htdocs\DreamCMS\Template\Admin\bootstrap\Plugin\Plugin\pluginlist.php 第 46 行.
NOTIC: [8] Undefined variable: p_arr D:\xampp\htdocs\DreamCMS\Template\Admin\bootstrap\Plugin\Plugin\pluginlist.php 第 46 行.
NOTIC: [8] Undefined variable: p_arr D:\xampp\htdocs\DreamCMS\Template\Admin\bootstrap\Plugin\Plugin\pluginlist.php 第 46 行.
NOTIC: [8] Undefined variable: p_arr D:\xampp\htdocs\DreamCMS\Template\Admin\bootstrap\Plugin\Plugin\pluginlist.php 第 46 行.
NOTIC: [8] Undefined variable: p_arr D:\xampp\htdocs\DreamCMS\Template\Admin\bootstrap\Plugin\Plugin\pluginlist.php 第 46 行.
NOTIC: [8] Undefined variable: p_arr D:\xampp\htdocs\DreamCMS\Template\Admin\bootstrap\Plugin\Plugin\pluginlist.php 第 46 行.
NOTIC: [8] Undefined variable: p_arr D:\xampp\htdocs\DreamCMS\Template\Admin\bootstrap\Plugin\Plugin\pluginlist.php 第 46 行.
NOTIC: [8] Undefined variable: p_arr D:\xampp\htdocs\DreamCMS\Template\Admin\bootstrap\Plugin\Plugin\pluginlist.php 第 46 行.
NOTIC: [8] Undefined variable: p_arr D:\xampp\htdocs\DreamCMS\Template\Admin\bootstrap\Plugin\Plugin\pluginlist.php 第 46 行.
INFO: [ view_filter ] --START--
INFO: Run Behavior\WriteHtmlCacheBehavior [ RunTime:0.010000s ]
INFO: [ view_filter ] --END-- [ RunTime:0.010000s ]
INFO: [ app_end ] --START--
INFO: Run Behavior\ShowPageTraceBehavior [ RunTime:0.001000s ]
INFO: [ app_end ] --END-- [ RunTime:0.001000s ]

[ 2015-03-17T11:00:08+08:00 ] 127.0.0.1 /Dreamcms/admin.php/Plugin/Plugin/getconfigure.html
INFO: [ app_init ] --START--
INFO: Run Behavior\BuildLiteBehavior [ RunTime:0.000000s ]
INFO: [ app_init ] --END-- [ RunTime:0.000000s ]
INFO: [ app_begin ] --START--
INFO: Run Behavior\ReadHtmlCacheBehavior [ RunTime:0.001000s ]
INFO: Run Behavior\FlChkLangBehavior [ RunTime:0.002000s ]
INFO: [ app_begin ] --END-- [ RunTime:0.004000s ]
NOTIC: [2048] Declaration of Auth\Controller\AuthbaseController::display() should be compatible with Think\Controller::display($templateFile = '', $charset = '', $contentType = '', $content = '', $prefix = '') D:\xampp\htdocs\DreamCMS\Admin\Auth\Controller\AuthbaseController.class.php 第 8 行.
NOTIC: [8] Use of undefined constant TMPL_PATH - assumed 'TMPL_PATH' D:\xampp\htdocs\DreamCMS\Admin\Common\Controller\AdminbaseController.class.php 第 14 行.
SQL: SHOW COLUMNS FROM `ur7_language` [ RunTime:0.0320s ]
SQL: SHOW COLUMNS FROM `ur7_admin_auth_group` [ RunTime:0.0150s ]
SQL: SELECT * FROM `ur7_admin_auth_group` ORDER BY sort  [ RunTime:0.0030s ]
SQL: SHOW COLUMNS FROM `ur7_admin_auth_action` [ RunTime:0.0090s ]
SQL: SELECT * FROM `ur7_admin_auth_action` WHERE `group` = 'Plugin' AND `controller` = 'Plugin' AND `action` = 'getconfigure' LIMIT 1   [ RunTime:0.0020s ]
NOTIC: [2048] Declaration of Model\Adomodel\PluginModel::add() should be compatible with Think\Model::add($data = '', $options = Array, $replace = false) D:\xampp\htdocs\DreamCMS\Model\Adomodel\PluginModel.class.php 第 69 行.
SQL: SHOW COLUMNS FROM `ur7_plugin` [ RunTime:0.0050s ]
SQL: SELECT * FROM `ur7_plugin` WHERE `id` = 37 LIMIT 1   [ RunTime:0.0000s ]
SQL: SHOW COLUMNS FROM `ur7_plugin_res` [ RunTime:0.0680s ]
SQL: SELECT * FROM `ur7_plugin_res` WHERE `type` = 1 AND `pid` = 37  [ RunTime:0.0000s ]
NOTIC: [2] Invalid argument supplied for foreach() D:\xampp\htdocs\DreamCMS\Admin\Plugin\Controller\PluginController.class.php 第 303 行.
SQL: SELECT * FROM `ur7_plugin_res` WHERE `type` = 2 AND `pid` = 37  [ RunTime:0.0000s ]
NOTIC: [2] Invalid argument supplied for foreach() D:\xampp\htdocs\DreamCMS\Admin\Plugin\Controller\PluginController.class.php 第 311 行.
SQL: SHOW COLUMNS FROM `ur7_hook_list` [ RunTime:0.0290s ]
SQL: SELECT * FROM `ur7_hook_list` WHERE `pid` = 37 AND `type` = 1  [ RunTime:0.0000s ]
NOTIC: [2] Invalid argument supplied for foreach() D:\xampp\htdocs\DreamCMS\Admin\Plugin\Controller\PluginController.class.php 第 319 行.
SQL: SELECT * FROM `ur7_hook_list` WHERE `pid` = 37 AND `type` = 2  [ RunTime:0.0000s ]
INFO: [ app_end ] --START--
INFO: Run Behavior\ShowPageTraceBehavior [ RunTime:0.001000s ]
INFO: [ app_end ] --END-- [ RunTime:0.002000s ]

[ 2015-03-17T13:48:58+08:00 ] 127.0.0.1 /Dreamcms/admin.php/Plugin/Plugin/pluginlist.html
INFO: [ app_init ] --START--
INFO: Run Behavior\BuildLiteBehavior [ RunTime:0.000000s ]
INFO: [ app_init ] --END-- [ RunTime:0.354035s ]
INFO: [ app_begin ] --START--
INFO: Run Behavior\ReadHtmlCacheBehavior [ RunTime:0.091009s ]
INFO: Run Behavior\FlChkLangBehavior [ RunTime:0.096010s ]
INFO: [ app_begin ] --END-- [ RunTime:0.188019s ]
NOTIC: [2048] Declaration of Auth\Controller\AuthbaseController::display() should be compatible with Think\Controller::display($templateFile = '', $charset = '', $contentType = '', $content = '', $prefix = '') D:\xampp\htdocs\DreamCMS\Admin\Auth\Controller\AuthbaseController.class.php 第 8 行.
NOTIC: [8] Use of undefined constant TMPL_PATH - assumed 'TMPL_PATH' D:\xampp\htdocs\DreamCMS\Admin\Common\Controller\AdminbaseController.class.php 第 14 行.
SQL: SHOW COLUMNS FROM `ur7_language` [ RunTime:3.6104s ]
SQL: SHOW COLUMNS FROM `ur7_admin_auth_group` [ RunTime:0.1020s ]
SQL: SELECT * FROM `ur7_admin_auth_group` ORDER BY sort  [ RunTime:0.3790s ]
SQL: SHOW COLUMNS FROM `ur7_admin_auth_action` [ RunTime:0.0420s ]
NOTIC: [2048] Declaration of Model\Adomodel\PluginModel::add() should be compatible with Think\Model::add($data = '', $options = Array, $replace = false) D:\xampp\htdocs\DreamCMS\Model\Adomodel\PluginModel.class.php 第 69 行.
SQL: SHOW COLUMNS FROM `ur7_plugin` [ RunTime:0.1050s ]
SQL: SELECT * FROM `ur7_plugin`  [ RunTime:0.0550s ]
NOTIC: [8] Undefined variable: p_arr D:\xampp\htdocs\DreamCMS\Template\Admin\bootstrap\Plugin\Plugin\pluginlist.php 第 46 行.
NOTIC: [8] Undefined variable: p_arr D:\xampp\htdocs\DreamCMS\Template\Admin\bootstrap\Plugin\Plugin\pluginlist.php 第 46 行.
NOTIC: [8] Undefined variable: p_arr D:\xampp\htdocs\DreamCMS\Template\Admin\bootstrap\Plugin\Plugin\pluginlist.php 第 46 行.
NOTIC: [8] Undefined variable: p_arr D:\xampp\htdocs\DreamCMS\Template\Admin\bootstrap\Plugin\Plugin\pluginlist.php 第 46 行.
NOTIC: [8] Undefined variable: p_arr D:\xampp\htdocs\DreamCMS\Template\Admin\bootstrap\Plugin\Plugin\pluginlist.php 第 46 行.
NOTIC: [8] Undefined variable: p_arr D:\xampp\htdocs\DreamCMS\Template\Admin\bootstrap\Plugin\Plugin\pluginlist.php 第 46 行.
NOTIC: [8] Undefined variable: p_arr D:\xampp\htdocs\DreamCMS\Template\Admin\bootstrap\Plugin\Plugin\pluginlist.php 第 46 行.
NOTIC: [8] Undefined variable: p_arr D:\xampp\htdocs\DreamCMS\Template\Admin\bootstrap\Plugin\Plugin\pluginlist.php 第 46 行.
NOTIC: [8] Undefined variable: p_arr D:\xampp\htdocs\DreamCMS\Template\Admin\bootstrap\Plugin\Plugin\pluginlist.php 第 46 行.
NOTIC: [8] Undefined variable: p_arr D:\xampp\htdocs\DreamCMS\Template\Admin\bootstrap\Plugin\Plugin\pluginlist.php 第 46 行.
INFO: [ view_filter ] --START--
INFO: Run Behavior\WriteHtmlCacheBehavior [ RunTime:0.112011s ]
INFO: [ view_filter ] --END-- [ RunTime:0.112011s ]
INFO: [ app_end ] --START--
INFO: Run Behavior\ShowPageTraceBehavior [ RunTime:0.025002s ]
INFO: [ app_end ] --END-- [ RunTime:0.025002s ]

