[ 2015-04-11T16:36:45+08:00 ] 127.0.0.1 /DreamCMS/Admin.php/Index/Index/getleftmenu.html
INFO: [ app_init ] --START--
INFO: Run Behavior\BuildLiteBehavior [ RunTime:0.000000s ]
INFO: [ app_init ] --END-- [ RunTime:0.000000s ]
INFO: [ app_begin ] --START--
INFO: Run Behavior\ReadHtmlCacheBehavior [ RunTime:0.000000s ]
INFO: Run Behavior\FlChkLangBehavior [ RunTime:0.000000s ]
INFO: [ app_begin ] --END-- [ RunTime:0.000000s ]
NOTIC: [2048] Declaration of Auth\Controller\AuthbaseController::display() should be compatible with Think\Controller::display($templateFile = '', $charset = '', $contentType = '', $content = '', $prefix = '') F:\xampp\htdocs\DreamCMS\Admin\Auth\Controller\AuthbaseController.class.php 第 8 行.
NOTIC: [8] Use of undefined constant TMPL_PATH - assumed 'TMPL_PATH' F:\xampp\htdocs\DreamCMS\Admin\Common\Controller\AdminbaseController.class.php 第 14 行.
SQL: SHOW COLUMNS FROM `ur7_language` [ RunTime:0.0000s ]
SQL: SHOW COLUMNS FROM `ur7_admin_auth_group` [ RunTime:0.0156s ]
SQL: SELECT * FROM `ur7_admin_auth_group` ORDER BY sort  [ RunTime:0.0000s ]
SQL: SHOW COLUMNS FROM `ur7_admin_auth_action` [ RunTime:0.0000s ]
SQL: SELECT * FROM `ur7_admin_auth_action` WHERE `group` = 'Index' AND `controller` = 'Index' AND `action` = 'getleftmenu' LIMIT 1   [ RunTime:0.0000s ]
NOTIC: [2048] Declaration of Model\Adomodel\AdminAuthControllerModel::add() should be compatible with Think\Model::add($data = '', $options = Array, $replace = false) F:\xampp\htdocs\DreamCMS\Model\Adomodel\AdminAuthControllerModel.class.php 第 72 行.
SQL: SHOW COLUMNS FROM `ur7_admin_auth_controller` [ RunTime:0.0000s ]
SQL: SELECT * FROM `ur7_admin_auth_controller` WHERE `gid` = 3  [ RunTime:0.0000s ]
SQL: SELECT * FROM `ur7_admin_auth_action` WHERE `gid` = 3 AND `isshow` = 1  [ RunTime:0.0000s ]
INFO: [ app_end ] --START--
INFO: Run Behavior\ShowPageTraceBehavior [ RunTime:0.000000s ]
INFO: [ app_end ] --END-- [ RunTime:0.000000s ]

[ 2015-04-11T16:36:47+08:00 ] 127.0.0.1 /DreamCMS/Admin.php/Index/Index/getleftmenu.html
INFO: [ app_init ] --START--
INFO: Run Behavior\BuildLiteBehavior [ RunTime:0.000000s ]
INFO: [ app_init ] --END-- [ RunTime:0.000000s ]
INFO: [ app_begin ] --START--
INFO: Run Behavior\ReadHtmlCacheBehavior [ RunTime:0.015600s ]
INFO: Run Behavior\FlChkLangBehavior [ RunTime:0.000000s ]
INFO: [ app_begin ] --END-- [ RunTime:0.015600s ]
NOTIC: [2048] Declaration of Auth\Controller\AuthbaseController::display() should be compatible with Think\Controller::display($templateFile = '', $charset = '', $contentType = '', $content = '', $prefix = '') F:\xampp\htdocs\DreamCMS\Admin\Auth\Controller\AuthbaseController.class.php 第 8 行.
NOTIC: [8] Use of undefined constant TMPL_PATH - assumed 'TMPL_PATH' F:\xampp\htdocs\DreamCMS\Admin\Common\Controller\AdminbaseController.class.php 第 14 行.
SQL: SHOW COLUMNS FROM `ur7_language` [ RunTime:0.0156s ]
SQL: SHOW COLUMNS FROM `ur7_admin_auth_group` [ RunTime:0.0000s ]
SQL: SELECT * FROM `ur7_admin_auth_group` ORDER BY sort  [ RunTime:0.0000s ]
SQL: SHOW COLUMNS FROM `ur7_admin_auth_action` [ RunTime:0.0000s ]
SQL: SELECT * FROM `ur7_admin_auth_action` WHERE `group` = 'Index' AND `controller` = 'Index' AND `action` = 'getleftmenu' LIMIT 1   [ RunTime:0.0000s ]
NOTIC: [2048] Declaration of Model\Adomodel\AdminAuthControllerModel::add() should be compatible with Think\Model::add($data = '', $options = Array, $replace = false) F:\xampp\htdocs\DreamCMS\Model\Adomodel\AdminAuthControllerModel.class.php 第 72 行.
SQL: SHOW COLUMNS FROM `ur7_admin_auth_controller` [ RunTime:0.0000s ]
SQL: SELECT * FROM `ur7_admin_auth_controller` WHERE `gid` = 4  [ RunTime:0.0000s ]
SQL: SELECT * FROM `ur7_admin_auth_action` WHERE `gid` = 4 AND `isshow` = 1  [ RunTime:0.0000s ]
INFO: [ app_end ] --START--
INFO: Run Behavior\ShowPageTraceBehavior [ RunTime:0.000000s ]
INFO: [ app_end ] --END-- [ RunTime:0.000000s ]

[ 2015-04-11T16:36:49+08:00 ] 127.0.0.1 /DreamCMS/Admin.php/Index/Index/getleftmenu.html
INFO: [ app_init ] --START--
INFO: Run Behavior\BuildLiteBehavior [ RunTime:0.000000s ]
INFO: [ app_init ] --END-- [ RunTime:0.000000s ]
INFO: [ app_begin ] --START--
INFO: Run Behavior\ReadHtmlCacheBehavior [ RunTime:0.000000s ]
INFO: Run Behavior\FlChkLangBehavior [ RunTime:0.000000s ]
INFO: [ app_begin ] --END-- [ RunTime:0.000000s ]
NOTIC: [2048] Declaration of Auth\Controller\AuthbaseController::display() should be compatible with Think\Controller::display($templateFile = '', $charset = '', $contentType = '', $content = '', $prefix = '') F:\xampp\htdocs\DreamCMS\Admin\Auth\Controller\AuthbaseController.class.php 第 8 行.
NOTIC: [8] Use of undefined constant TMPL_PATH - assumed 'TMPL_PATH' F:\xampp\htdocs\DreamCMS\Admin\Common\Controller\AdminbaseController.class.php 第 14 行.
SQL: SHOW COLUMNS FROM `ur7_language` [ RunTime:0.0000s ]
SQL: SHOW COLUMNS FROM `ur7_admin_auth_group` [ RunTime:0.0000s ]
SQL: SELECT * FROM `ur7_admin_auth_group` ORDER BY sort  [ RunTime:0.0000s ]
SQL: SHOW COLUMNS FROM `ur7_admin_auth_action` [ RunTime:0.0156s ]
SQL: SELECT * FROM `ur7_admin_auth_action` WHERE `group` = 'Index' AND `controller` = 'Index' AND `action` = 'getleftmenu' LIMIT 1   [ RunTime:0.0000s ]
NOTIC: [2048] Declaration of Model\Adomodel\AdminAuthControllerModel::add() should be compatible with Think\Model::add($data = '', $options = Array, $replace = false) F:\xampp\htdocs\DreamCMS\Model\Adomodel\AdminAuthControllerModel.class.php 第 72 行.
SQL: SHOW COLUMNS FROM `ur7_admin_auth_controller` [ RunTime:0.0000s ]
SQL: SELECT * FROM `ur7_admin_auth_controller` WHERE `gid` = 4  [ RunTime:0.0000s ]
SQL: SELECT * FROM `ur7_admin_auth_action` WHERE `gid` = 4 AND `isshow` = 1  [ RunTime:0.0000s ]
INFO: [ app_end ] --START--
INFO: Run Behavior\ShowPageTraceBehavior [ RunTime:0.000000s ]
INFO: [ app_end ] --END-- [ RunTime:0.000000s ]

[ 2015-04-11T16:39:06+08:00 ] 127.0.0.1 /DreamCMS/Admin.php/Index/Index/getleftmenu.html
INFO: [ app_init ] --START--
INFO: Run Behavior\BuildLiteBehavior [ RunTime:0.000000s ]
INFO: [ app_init ] --END-- [ RunTime:0.000000s ]
INFO: [ app_begin ] --START--
INFO: Run Behavior\ReadHtmlCacheBehavior [ RunTime:0.000000s ]
INFO: Run Behavior\FlChkLangBehavior [ RunTime:0.000000s ]
INFO: [ app_begin ] --END-- [ RunTime:0.000000s ]
NOTIC: [2048] Declaration of Auth\Controller\AuthbaseController::display() should be compatible with Think\Controller::display($templateFile = '', $charset = '', $contentType = '', $content = '', $prefix = '') F:\xampp\htdocs\DreamCMS\Admin\Auth\Controller\AuthbaseController.class.php 第 8 行.
NOTIC: [8] Use of undefined constant TMPL_PATH - assumed 'TMPL_PATH' F:\xampp\htdocs\DreamCMS\Admin\Common\Controller\AdminbaseController.class.php 第 14 行.
SQL: SHOW COLUMNS FROM `ur7_language` [ RunTime:0.0156s ]
SQL: SHOW COLUMNS FROM `ur7_admin_auth_group` [ RunTime:0.0000s ]
SQL: SELECT * FROM `ur7_admin_auth_group` ORDER BY sort  [ RunTime:0.0000s ]
SQL: SHOW COLUMNS FROM `ur7_admin_auth_action` [ RunTime:0.0156s ]
SQL: SELECT * FROM `ur7_admin_auth_action` WHERE `group` = 'Index' AND `controller` = 'Index' AND `action` = 'getleftmenu' LIMIT 1   [ RunTime:0.0000s ]
NOTIC: [2048] Declaration of Model\Adomodel\AdminAuthControllerModel::add() should be compatible with Think\Model::add($data = '', $options = Array, $replace = false) F:\xampp\htdocs\DreamCMS\Model\Adomodel\AdminAuthControllerModel.class.php 第 72 行.
SQL: SHOW COLUMNS FROM `ur7_admin_auth_controller` [ RunTime:0.0000s ]
SQL: SELECT * FROM `ur7_admin_auth_controller` WHERE `gid` = 4  [ RunTime:0.0000s ]
SQL: SELECT * FROM `ur7_admin_auth_action` WHERE `gid` = 4 AND `isshow` = 1  [ RunTime:0.0000s ]
INFO: [ app_end ] --START--
INFO: Run Behavior\ShowPageTraceBehavior [ RunTime:0.015600s ]
INFO: [ app_end ] --END-- [ RunTime:0.015600s ]

[ 2015-04-11T16:39:09+08:00 ] 127.0.0.1 /DreamCMS/Admin.php/Index/Index/getleftmenu.html
INFO: [ app_init ] --START--
INFO: Run Behavior\BuildLiteBehavior [ RunTime:0.000000s ]
INFO: [ app_init ] --END-- [ RunTime:0.000000s ]
INFO: [ app_begin ] --START--
INFO: Run Behavior\ReadHtmlCacheBehavior [ RunTime:0.000000s ]
INFO: Run Behavior\FlChkLangBehavior [ RunTime:0.000000s ]
INFO: [ app_begin ] --END-- [ RunTime:0.000000s ]
NOTIC: [2048] Declaration of Auth\Controller\AuthbaseController::display() should be compatible with Think\Controller::display($templateFile = '', $charset = '', $contentType = '', $content = '', $prefix = '') F:\xampp\htdocs\DreamCMS\Admin\Auth\Controller\AuthbaseController.class.php 第 8 行.
NOTIC: [8] Use of undefined constant TMPL_PATH - assumed 'TMPL_PATH' F:\xampp\htdocs\DreamCMS\Admin\Common\Controller\AdminbaseController.class.php 第 14 行.
SQL: SHOW COLUMNS FROM `ur7_language` [ RunTime:0.0000s ]
SQL: SHOW COLUMNS FROM `ur7_admin_auth_group` [ RunTime:0.0000s ]
SQL: SELECT * FROM `ur7_admin_auth_group` ORDER BY sort  [ RunTime:0.0156s ]
SQL: SHOW COLUMNS FROM `ur7_admin_auth_action` [ RunTime:0.0156s ]
SQL: SELECT * FROM `ur7_admin_auth_action` WHERE `group` = 'Index' AND `controller` = 'Index' AND `action` = 'getleftmenu' LIMIT 1   [ RunTime:0.0000s ]
NOTIC: [2048] Declaration of Model\Adomodel\AdminAuthControllerModel::add() should be compatible with Think\Model::add($data = '', $options = Array, $replace = false) F:\xampp\htdocs\DreamCMS\Model\Adomodel\AdminAuthControllerModel.class.php 第 72 行.
SQL: SHOW COLUMNS FROM `ur7_admin_auth_controller` [ RunTime:0.0000s ]
SQL: SELECT * FROM `ur7_admin_auth_controller` WHERE `gid` = 2  [ RunTime:0.0000s ]
SQL: SELECT * FROM `ur7_admin_auth_action` WHERE `gid` = 2 AND `isshow` = 1  [ RunTime:0.0000s ]
INFO: [ app_end ] --START--
INFO: Run Behavior\ShowPageTraceBehavior [ RunTime:0.000000s ]
INFO: [ app_end ] --END-- [ RunTime:0.000000s ]

[ 2015-04-11T16:39:12+08:00 ] 127.0.0.1 /DreamCMS/Admin.php/Index/Index/getleftmenu.html
INFO: [ app_init ] --START--
INFO: Run Behavior\BuildLiteBehavior [ RunTime:0.000000s ]
INFO: [ app_init ] --END-- [ RunTime:0.000000s ]
INFO: [ app_begin ] --START--
INFO: Run Behavior\ReadHtmlCacheBehavior [ RunTime:0.000000s ]
INFO: Run Behavior\FlChkLangBehavior [ RunTime:0.000000s ]
INFO: [ app_begin ] --END-- [ RunTime:0.000000s ]
NOTIC: [2048] Declaration of Auth\Controller\AuthbaseController::display() should be compatible with Think\Controller::display($templateFile = '', $charset = '', $contentType = '', $content = '', $prefix = '') F:\xampp\htdocs\DreamCMS\Admin\Auth\Controller\AuthbaseController.class.php 第 8 行.
NOTIC: [8] Use of undefined constant TMPL_PATH - assumed 'TMPL_PATH' F:\xampp\htdocs\DreamCMS\Admin\Common\Controller\AdminbaseController.class.php 第 14 行.
SQL: SHOW COLUMNS FROM `ur7_language` [ RunTime:0.0000s ]
SQL: SHOW COLUMNS FROM `ur7_admin_auth_group` [ RunTime:0.0000s ]
SQL: SELECT * FROM `ur7_admin_auth_group` ORDER BY sort  [ RunTime:0.0000s ]
SQL: SHOW COLUMNS FROM `ur7_admin_auth_action` [ RunTime:0.0156s ]
SQL: SELECT * FROM `ur7_admin_auth_action` WHERE `group` = 'Index' AND `controller` = 'Index' AND `action` = 'getleftmenu' LIMIT 1   [ RunTime:0.0000s ]
NOTIC: [2048] Declaration of Model\Adomodel\AdminAuthControllerModel::add() should be compatible with Think\Model::add($data = '', $options = Array, $replace = false) F:\xampp\htdocs\DreamCMS\Model\Adomodel\AdminAuthControllerModel.class.php 第 72 行.
SQL: SHOW COLUMNS FROM `ur7_admin_auth_controller` [ RunTime:0.0000s ]
SQL: SELECT * FROM `ur7_admin_auth_controller` WHERE `gid` = 2  [ RunTime:0.0000s ]
SQL: SELECT * FROM `ur7_admin_auth_action` WHERE `gid` = 2 AND `isshow` = 1  [ RunTime:0.0000s ]
INFO: [ app_end ] --START--
INFO: Run Behavior\ShowPageTraceBehavior [ RunTime:0.000000s ]
INFO: [ app_end ] --END-- [ RunTime:0.000000s ]

[ 2015-04-11T16:42:07+08:00 ] 127.0.0.1 /DreamCMS/Admin.php/Index/Index/getleftmenu.html
INFO: [ app_init ] --START--
INFO: Run Behavior\BuildLiteBehavior [ RunTime:0.000000s ]
INFO: [ app_init ] --END-- [ RunTime:0.000000s ]
INFO: [ app_begin ] --START--
INFO: Run Behavior\ReadHtmlCacheBehavior [ RunTime:0.000000s ]
INFO: Run Behavior\FlChkLangBehavior [ RunTime:0.010000s ]
INFO: [ app_begin ] --END-- [ RunTime:0.010000s ]
NOTIC: [2048] Declaration of Auth\Controller\AuthbaseController::display() should be compatible with Think\Controller::display($templateFile = '', $charset = '', $contentType = '', $content = '', $prefix = '') F:\xampp\htdocs\DreamCMS\Admin\Auth\Controller\AuthbaseController.class.php 第 8 行.
NOTIC: [8] Use of undefined constant TMPL_PATH - assumed 'TMPL_PATH' F:\xampp\htdocs\DreamCMS\Admin\Common\Controller\AdminbaseController.class.php 第 14 行.
SQL: SHOW COLUMNS FROM `ur7_language` [ RunTime:0.0100s ]
SQL: SHOW COLUMNS FROM `ur7_admin_auth_group` [ RunTime:0.0000s ]
SQL: SELECT * FROM `ur7_admin_auth_group` ORDER BY sort  [ RunTime:0.0000s ]
SQL: SHOW COLUMNS FROM `ur7_admin_auth_action` [ RunTime:0.0700s ]
SQL: SELECT * FROM `ur7_admin_auth_action` WHERE `group` = 'Index' AND `controller` = 'Index' AND `action` = 'getleftmenu' LIMIT 1   [ RunTime:0.0000s ]
NOTIC: [2048] Declaration of Model\Adomodel\AdminAuthControllerModel::add() should be compatible with Think\Model::add($data = '', $options = Array, $replace = false) F:\xampp\htdocs\DreamCMS\Model\Adomodel\AdminAuthControllerModel.class.php 第 72 行.
SQL: SHOW COLUMNS FROM `ur7_admin_auth_controller` [ RunTime:0.0100s ]
SQL: SELECT * FROM `ur7_admin_auth_controller` WHERE `gid` = 4  [ RunTime:0.0000s ]
SQL: SELECT * FROM `ur7_admin_auth_action` WHERE `gid` = 4 AND `isshow` = 1  [ RunTime:0.0000s ]
INFO: [ app_end ] --START--
INFO: Run Behavior\ShowPageTraceBehavior [ RunTime:0.000000s ]
INFO: [ app_end ] --END-- [ RunTime:0.000000s ]

[ 2015-04-11T16:42:07+08:00 ] 127.0.0.1 /DreamCMS/Admin.php/Index/Index/getleftmenu.html
INFO: [ app_init ] --START--
INFO: Run Behavior\BuildLiteBehavior [ RunTime:0.000000s ]
INFO: [ app_init ] --END-- [ RunTime:0.000000s ]
INFO: [ app_begin ] --START--
INFO: Run Behavior\ReadHtmlCacheBehavior [ RunTime:0.000000s ]
INFO: Run Behavior\FlChkLangBehavior [ RunTime:0.000000s ]
INFO: [ app_begin ] --END-- [ RunTime:0.000000s ]
NOTIC: [2048] Declaration of Auth\Controller\AuthbaseController::display() should be compatible with Think\Controller::display($templateFile = '', $charset = '', $contentType = '', $content = '', $prefix = '') F:\xampp\htdocs\DreamCMS\Admin\Auth\Controller\AuthbaseController.class.php 第 8 行.
NOTIC: [8] Use of undefined constant TMPL_PATH - assumed 'TMPL_PATH' F:\xampp\htdocs\DreamCMS\Admin\Common\Controller\AdminbaseController.class.php 第 14 行.
SQL: SHOW COLUMNS FROM `ur7_language` [ RunTime:0.0000s ]
SQL: SHOW COLUMNS FROM `ur7_admin_auth_group` [ RunTime:0.0000s ]
SQL: SELECT * FROM `ur7_admin_auth_group` ORDER BY sort  [ RunTime:0.0000s ]
SQL: SHOW COLUMNS FROM `ur7_admin_auth_action` [ RunTime:0.0000s ]
SQL: SELECT * FROM `ur7_admin_auth_action` WHERE `group` = 'Index' AND `controller` = 'Index' AND `action` = 'getleftmenu' LIMIT 1   [ RunTime:0.0000s ]
NOTIC: [2048] Declaration of Model\Adomodel\AdminAuthControllerModel::add() should be compatible with Think\Model::add($data = '', $options = Array, $replace = false) F:\xampp\htdocs\DreamCMS\Model\Adomodel\AdminAuthControllerModel.class.php 第 72 行.
SQL: SHOW COLUMNS FROM `ur7_admin_auth_controller` [ RunTime:0.0100s ]
SQL: SELECT * FROM `ur7_admin_auth_controller` WHERE `gid` = 3  [ RunTime:0.0000s ]
SQL: SELECT * FROM `ur7_admin_auth_action` WHERE `gid` = 3 AND `isshow` = 1  [ RunTime:0.0000s ]
INFO: [ app_end ] --START--
INFO: Run Behavior\ShowPageTraceBehavior [ RunTime:0.000000s ]
INFO: [ app_end ] --END-- [ RunTime:0.000000s ]

[ 2015-04-11T16:42:08+08:00 ] 127.0.0.1 /DreamCMS/Admin.php/Index/Index/getleftmenu.html
INFO: [ app_init ] --START--
INFO: Run Behavior\BuildLiteBehavior [ RunTime:0.000000s ]
INFO: [ app_init ] --END-- [ RunTime:0.000000s ]
INFO: [ app_begin ] --START--
INFO: Run Behavior\ReadHtmlCacheBehavior [ RunTime:0.000000s ]
INFO: Run Behavior\FlChkLangBehavior [ RunTime:0.000000s ]
INFO: [ app_begin ] --END-- [ RunTime:0.000000s ]
NOTIC: [2048] Declaration of Auth\Controller\AuthbaseController::display() should be compatible with Think\Controller::display($templateFile = '', $charset = '', $contentType = '', $content = '', $prefix = '') F:\xampp\htdocs\DreamCMS\Admin\Auth\Controller\AuthbaseController.class.php 第 8 行.
NOTIC: [8] Use of undefined constant TMPL_PATH - assumed 'TMPL_PATH' F:\xampp\htdocs\DreamCMS\Admin\Common\Controller\AdminbaseController.class.php 第 14 行.
SQL: SHOW COLUMNS FROM `ur7_language` [ RunTime:0.0000s ]
SQL: SHOW COLUMNS FROM `ur7_admin_auth_group` [ RunTime:0.0000s ]
SQL: SELECT * FROM `ur7_admin_auth_group` ORDER BY sort  [ RunTime:0.0000s ]
SQL: SHOW COLUMNS FROM `ur7_admin_auth_action` [ RunTime:0.0000s ]
SQL: SELECT * FROM `ur7_admin_auth_action` WHERE `group` = 'Index' AND `controller` = 'Index' AND `action` = 'getleftmenu' LIMIT 1   [ RunTime:0.0000s ]
NOTIC: [2048] Declaration of Model\Adomodel\AdminAuthControllerModel::add() should be compatible with Think\Model::add($data = '', $options = Array, $replace = false) F:\xampp\htdocs\DreamCMS\Model\Adomodel\AdminAuthControllerModel.class.php 第 72 行.
SQL: SHOW COLUMNS FROM `ur7_admin_auth_controller` [ RunTime:0.0000s ]
SQL: SELECT * FROM `ur7_admin_auth_controller` WHERE `gid` = 5  [ RunTime:0.0000s ]
SQL: SELECT * FROM `ur7_admin_auth_action` WHERE `gid` = 5 AND `isshow` = 1  [ RunTime:0.0000s ]
INFO: [ app_end ] --START--
INFO: Run Behavior\ShowPageTraceBehavior [ RunTime:0.000000s ]
INFO: [ app_end ] --END-- [ RunTime:0.000000s ]

[ 2015-04-11T16:42:08+08:00 ] 127.0.0.1 /DreamCMS/Admin.php/Index/Index/getleftmenu.html
INFO: [ app_init ] --START--
INFO: Run Behavior\BuildLiteBehavior [ RunTime:0.000000s ]
INFO: [ app_init ] --END-- [ RunTime:0.000000s ]
INFO: [ app_begin ] --START--
INFO: Run Behavior\ReadHtmlCacheBehavior [ RunTime:0.000000s ]
INFO: Run Behavior\FlChkLangBehavior [ RunTime:0.000000s ]
INFO: [ app_begin ] --END-- [ RunTime:0.000000s ]
NOTIC: [2048] Declaration of Auth\Controller\AuthbaseController::display() should be compatible with Think\Controller::display($templateFile = '', $charset = '', $contentType = '', $content = '', $prefix = '') F:\xampp\htdocs\DreamCMS\Admin\Auth\Controller\AuthbaseController.class.php 第 8 行.
NOTIC: [8] Use of undefined constant TMPL_PATH - assumed 'TMPL_PATH' F:\xampp\htdocs\DreamCMS\Admin\Common\Controller\AdminbaseController.class.php 第 14 行.
SQL: SHOW COLUMNS FROM `ur7_language` [ RunTime:0.0000s ]
SQL: SHOW COLUMNS FROM `ur7_admin_auth_group` [ RunTime:0.0100s ]
SQL: SELECT * FROM `ur7_admin_auth_group` ORDER BY sort  [ RunTime:0.0000s ]
SQL: SHOW COLUMNS FROM `ur7_admin_auth_action` [ RunTime:0.0000s ]
SQL: SELECT * FROM `ur7_admin_auth_action` WHERE `group` = 'Index' AND `controller` = 'Index' AND `action` = 'getleftmenu' LIMIT 1   [ RunTime:0.0000s ]
NOTIC: [2048] Declaration of Model\Adomodel\AdminAuthControllerModel::add() should be compatible with Think\Model::add($data = '', $options = Array, $replace = false) F:\xampp\htdocs\DreamCMS\Model\Adomodel\AdminAuthControllerModel.class.php 第 72 行.
SQL: SHOW COLUMNS FROM `ur7_admin_auth_controller` [ RunTime:0.0100s ]
SQL: SELECT * FROM `ur7_admin_auth_controller` WHERE `gid` = 6  [ RunTime:0.0000s ]
SQL: SELECT * FROM `ur7_admin_auth_action` WHERE `gid` = 6 AND `isshow` = 1  [ RunTime:0.0000s ]
INFO: [ app_end ] --START--
INFO: Run Behavior\ShowPageTraceBehavior [ RunTime:0.000000s ]
INFO: [ app_end ] --END-- [ RunTime:0.000000s ]

