[ 2015-02-27T19:41:34+08:00 ] 127.0.0.1 /DreamCMS/admin.php
INFO: [ app_init ] --START--
INFO: Run Behavior\BuildLiteBehavior [ RunTime:0.000000s ]
INFO: [ app_init ] --END-- [ RunTime:0.001000s ]
INFO: [ app_begin ] --START--
INFO: Run Behavior\ReadHtmlCacheBehavior [ RunTime:0.001000s ]
INFO: Run Behavior\FlChkLangBehavior [ RunTime:0.004001s ]
INFO: [ app_begin ] --END-- [ RunTime:0.005001s ]
NOTIC: [2048] Declaration of Auth\Controller\AuthbaseController::display() should be compatible with Think\Controller::display($templateFile = '', $charset = '', $contentType = '', $content = '', $prefix = '') F:\xampp\htdocs\DreamCMS\Admin\Auth\Controller\AuthbaseController.class.php 第 8 行.
NOTIC: [8] Use of undefined constant TMPL_PATH - assumed 'TMPL_PATH' F:\xampp\htdocs\DreamCMS\Admin\Common\Controller\AdminbaseController.class.php 第 14 行.
SQL: SHOW COLUMNS FROM `ur7_language` [ RunTime:0.0040s ]
SQL: SELECT * FROM `ur7_language` WHERE `default` = 1 LIMIT 1   [ RunTime:0.0010s ]

[ 2015-02-27T19:41:45+08:00 ] 127.0.0.1 /DreamCMS/Admin.php/Index/Index/index.html
INFO: [ app_init ] --START--
INFO: Run Behavior\BuildLiteBehavior [ RunTime:0.000000s ]
INFO: [ app_init ] --END-- [ RunTime:0.001000s ]
INFO: [ app_begin ] --START--
INFO: Run Behavior\ReadHtmlCacheBehavior [ RunTime:0.000000s ]
INFO: Run Behavior\FlChkLangBehavior [ RunTime:0.002000s ]
INFO: [ app_begin ] --END-- [ RunTime:0.002000s ]
NOTIC: [2048] Declaration of Auth\Controller\AuthbaseController::display() should be compatible with Think\Controller::display($templateFile = '', $charset = '', $contentType = '', $content = '', $prefix = '') F:\xampp\htdocs\DreamCMS\Admin\Auth\Controller\AuthbaseController.class.php 第 8 行.
NOTIC: [8] Use of undefined constant TMPL_PATH - assumed 'TMPL_PATH' F:\xampp\htdocs\DreamCMS\Admin\Common\Controller\AdminbaseController.class.php 第 14 行.
SQL: SHOW COLUMNS FROM `ur7_language` [ RunTime:0.0020s ]
SQL: SHOW COLUMNS FROM `ur7_admin_auth_group` [ RunTime:0.0190s ]
SQL: SELECT * FROM `ur7_admin_auth_group` ORDER BY sort  [ RunTime:0.0010s ]
SQL: SHOW COLUMNS FROM `ur7_admin_auth_action` [ RunTime:0.0310s ]
SQL: SELECT * FROM `ur7_admin_auth_action` WHERE `group` = 'Index' AND `controller` = 'Index' AND `action` = 'index' LIMIT 1   [ RunTime:0.0010s ]
NOTIC: [8] Undefined variable: group_id F:\xampp\htdocs\DreamCMS\Template\Admin\bootstrap\Layout\layout.php 第 76 行.
NOTIC: [8] Undefined variable: controller_id F:\xampp\htdocs\DreamCMS\Template\Admin\bootstrap\Layout\layout.php 第 369 行.
NOTIC: [8] Undefined variable: action_id F:\xampp\htdocs\DreamCMS\Template\Admin\bootstrap\Layout\layout.php 第 385 行.
INFO: [ view_filter ] --START--
INFO: Run Behavior\WriteHtmlCacheBehavior [ RunTime:0.001001s ]
INFO: [ view_filter ] --END-- [ RunTime:0.001001s ]
INFO: [ app_end ] --START--
INFO: Run Behavior\ShowPageTraceBehavior [ RunTime:0.004000s ]
INFO: [ app_end ] --END-- [ RunTime:0.004000s ]

[ 2015-02-27T19:41:46+08:00 ] 127.0.0.1 /DreamCMS/Admin.php/Index/Index/getleftmenu.html
INFO: [ app_init ] --START--
INFO: Run Behavior\BuildLiteBehavior [ RunTime:0.000000s ]
INFO: [ app_init ] --END-- [ RunTime:0.001000s ]
INFO: [ app_begin ] --START--
INFO: Run Behavior\ReadHtmlCacheBehavior [ RunTime:0.001000s ]
INFO: Run Behavior\FlChkLangBehavior [ RunTime:0.001000s ]
INFO: [ app_begin ] --END-- [ RunTime:0.002000s ]
NOTIC: [2048] Declaration of Auth\Controller\AuthbaseController::display() should be compatible with Think\Controller::display($templateFile = '', $charset = '', $contentType = '', $content = '', $prefix = '') F:\xampp\htdocs\DreamCMS\Admin\Auth\Controller\AuthbaseController.class.php 第 8 行.
NOTIC: [8] Use of undefined constant TMPL_PATH - assumed 'TMPL_PATH' F:\xampp\htdocs\DreamCMS\Admin\Common\Controller\AdminbaseController.class.php 第 14 行.
SQL: SHOW COLUMNS FROM `ur7_language` [ RunTime:0.0040s ]
SQL: SHOW COLUMNS FROM `ur7_admin_auth_group` [ RunTime:0.0040s ]
SQL: SELECT * FROM `ur7_admin_auth_group` ORDER BY sort  [ RunTime:0.0000s ]
SQL: SHOW COLUMNS FROM `ur7_admin_auth_action` [ RunTime:0.0030s ]
SQL: SELECT * FROM `ur7_admin_auth_action` WHERE `group` = 'Index' AND `controller` = 'Index' AND `action` = 'getleftmenu' LIMIT 1   [ RunTime:0.0000s ]
NOTIC: [2048] Declaration of Model\Adomodel\AdminAuthControllerModel::add() should be compatible with Think\Model::add($data = '', $options = Array, $replace = false) F:\xampp\htdocs\DreamCMS\Model\Adomodel\AdminAuthControllerModel.class.php 第 72 行.
SQL: SHOW COLUMNS FROM `ur7_admin_auth_controller` [ RunTime:0.0850s ]
SQL: SELECT * FROM `ur7_admin_auth_controller` WHERE `gid` = 2  [ RunTime:0.0010s ]
SQL: SELECT * FROM `ur7_admin_auth_action` WHERE `gid` = 2 AND `isshow` = 1  [ RunTime:0.0150s ]
INFO: [ app_end ] --START--
INFO: Run Behavior\ShowPageTraceBehavior [ RunTime:0.003000s ]
INFO: [ app_end ] --END-- [ RunTime:0.003000s ]

[ 2015-02-27T19:41:49+08:00 ] 127.0.0.1 /DreamCMS/Admin.php/Index/Index/getleftmenu.html
INFO: [ app_init ] --START--
INFO: Run Behavior\BuildLiteBehavior [ RunTime:0.000000s ]
INFO: [ app_init ] --END-- [ RunTime:0.000000s ]
INFO: [ app_begin ] --START--
INFO: Run Behavior\ReadHtmlCacheBehavior [ RunTime:0.000000s ]
INFO: Run Behavior\FlChkLangBehavior [ RunTime:0.001000s ]
INFO: [ app_begin ] --END-- [ RunTime:0.001000s ]
NOTIC: [2048] Declaration of Auth\Controller\AuthbaseController::display() should be compatible with Think\Controller::display($templateFile = '', $charset = '', $contentType = '', $content = '', $prefix = '') F:\xampp\htdocs\DreamCMS\Admin\Auth\Controller\AuthbaseController.class.php 第 8 行.
NOTIC: [8] Use of undefined constant TMPL_PATH - assumed 'TMPL_PATH' F:\xampp\htdocs\DreamCMS\Admin\Common\Controller\AdminbaseController.class.php 第 14 行.
SQL: SHOW COLUMNS FROM `ur7_language` [ RunTime:0.0030s ]
SQL: SHOW COLUMNS FROM `ur7_admin_auth_group` [ RunTime:0.0020s ]
SQL: SELECT * FROM `ur7_admin_auth_group` ORDER BY sort  [ RunTime:0.0010s ]
SQL: SHOW COLUMNS FROM `ur7_admin_auth_action` [ RunTime:0.0020s ]
SQL: SELECT * FROM `ur7_admin_auth_action` WHERE `group` = 'Index' AND `controller` = 'Index' AND `action` = 'getleftmenu' LIMIT 1   [ RunTime:0.0000s ]
NOTIC: [2048] Declaration of Model\Adomodel\AdminAuthControllerModel::add() should be compatible with Think\Model::add($data = '', $options = Array, $replace = false) F:\xampp\htdocs\DreamCMS\Model\Adomodel\AdminAuthControllerModel.class.php 第 72 行.
SQL: SHOW COLUMNS FROM `ur7_admin_auth_controller` [ RunTime:0.0020s ]
SQL: SELECT * FROM `ur7_admin_auth_controller` WHERE `gid` = 4  [ RunTime:0.0000s ]
SQL: SELECT * FROM `ur7_admin_auth_action` WHERE `gid` = 4 AND `isshow` = 1  [ RunTime:0.0000s ]
INFO: [ app_end ] --START--
INFO: Run Behavior\ShowPageTraceBehavior [ RunTime:0.001000s ]
INFO: [ app_end ] --END-- [ RunTime:0.001000s ]

[ 2015-02-27T19:41:50+08:00 ] 127.0.0.1 /DreamCMS/Admin.php/Index/Index/getleftmenu.html
INFO: [ app_init ] --START--
INFO: Run Behavior\BuildLiteBehavior [ RunTime:0.000000s ]
INFO: [ app_init ] --END-- [ RunTime:0.001000s ]
INFO: [ app_begin ] --START--
INFO: Run Behavior\ReadHtmlCacheBehavior [ RunTime:0.000000s ]
INFO: Run Behavior\FlChkLangBehavior [ RunTime:0.000000s ]
INFO: [ app_begin ] --END-- [ RunTime:0.001000s ]
NOTIC: [2048] Declaration of Auth\Controller\AuthbaseController::display() should be compatible with Think\Controller::display($templateFile = '', $charset = '', $contentType = '', $content = '', $prefix = '') F:\xampp\htdocs\DreamCMS\Admin\Auth\Controller\AuthbaseController.class.php 第 8 行.
NOTIC: [8] Use of undefined constant TMPL_PATH - assumed 'TMPL_PATH' F:\xampp\htdocs\DreamCMS\Admin\Common\Controller\AdminbaseController.class.php 第 14 行.
SQL: SHOW COLUMNS FROM `ur7_language` [ RunTime:0.0020s ]
SQL: SHOW COLUMNS FROM `ur7_admin_auth_group` [ RunTime:0.0030s ]
SQL: SELECT * FROM `ur7_admin_auth_group` ORDER BY sort  [ RunTime:0.0000s ]
SQL: SHOW COLUMNS FROM `ur7_admin_auth_action` [ RunTime:0.0020s ]
SQL: SELECT * FROM `ur7_admin_auth_action` WHERE `group` = 'Index' AND `controller` = 'Index' AND `action` = 'getleftmenu' LIMIT 1   [ RunTime:0.0000s ]
NOTIC: [2048] Declaration of Model\Adomodel\AdminAuthControllerModel::add() should be compatible with Think\Model::add($data = '', $options = Array, $replace = false) F:\xampp\htdocs\DreamCMS\Model\Adomodel\AdminAuthControllerModel.class.php 第 72 行.
SQL: SHOW COLUMNS FROM `ur7_admin_auth_controller` [ RunTime:0.0040s ]
SQL: SELECT * FROM `ur7_admin_auth_controller` WHERE `gid` = 3  [ RunTime:0.0010s ]
SQL: SELECT * FROM `ur7_admin_auth_action` WHERE `gid` = 3 AND `isshow` = 1  [ RunTime:0.0010s ]
INFO: [ app_end ] --START--
INFO: Run Behavior\ShowPageTraceBehavior [ RunTime:0.001000s ]
INFO: [ app_end ] --END-- [ RunTime:0.001000s ]

[ 2015-02-27T19:41:51+08:00 ] 127.0.0.1 /DreamCMS/Admin.php/Index/Index/getleftmenu.html
INFO: [ app_init ] --START--
INFO: Run Behavior\BuildLiteBehavior [ RunTime:0.000000s ]
INFO: [ app_init ] --END-- [ RunTime:0.000000s ]
INFO: [ app_begin ] --START--
INFO: Run Behavior\ReadHtmlCacheBehavior [ RunTime:0.001000s ]
INFO: Run Behavior\FlChkLangBehavior [ RunTime:0.001000s ]
INFO: [ app_begin ] --END-- [ RunTime:0.002000s ]
NOTIC: [2048] Declaration of Auth\Controller\AuthbaseController::display() should be compatible with Think\Controller::display($templateFile = '', $charset = '', $contentType = '', $content = '', $prefix = '') F:\xampp\htdocs\DreamCMS\Admin\Auth\Controller\AuthbaseController.class.php 第 8 行.
NOTIC: [8] Use of undefined constant TMPL_PATH - assumed 'TMPL_PATH' F:\xampp\htdocs\DreamCMS\Admin\Common\Controller\AdminbaseController.class.php 第 14 行.
SQL: SHOW COLUMNS FROM `ur7_language` [ RunTime:0.0030s ]
SQL: SHOW COLUMNS FROM `ur7_admin_auth_group` [ RunTime:0.0030s ]
SQL: SELECT * FROM `ur7_admin_auth_group` ORDER BY sort  [ RunTime:0.0010s ]
SQL: SHOW COLUMNS FROM `ur7_admin_auth_action` [ RunTime:0.0030s ]
SQL: SELECT * FROM `ur7_admin_auth_action` WHERE `group` = 'Index' AND `controller` = 'Index' AND `action` = 'getleftmenu' LIMIT 1   [ RunTime:0.0010s ]
NOTIC: [2048] Declaration of Model\Adomodel\AdminAuthControllerModel::add() should be compatible with Think\Model::add($data = '', $options = Array, $replace = false) F:\xampp\htdocs\DreamCMS\Model\Adomodel\AdminAuthControllerModel.class.php 第 72 行.
SQL: SHOW COLUMNS FROM `ur7_admin_auth_controller` [ RunTime:0.0020s ]
SQL: SELECT * FROM `ur7_admin_auth_controller` WHERE `gid` = 6  [ RunTime:0.0000s ]
SQL: SELECT * FROM `ur7_admin_auth_action` WHERE `gid` = 6 AND `isshow` = 1  [ RunTime:0.0000s ]
INFO: [ app_end ] --START--
INFO: Run Behavior\ShowPageTraceBehavior [ RunTime:0.001000s ]
INFO: [ app_end ] --END-- [ RunTime:0.001000s ]

[ 2015-02-27T19:41:53+08:00 ] 127.0.0.1 /DreamCMS/Admin.php/Index/Index/getleftmenu.html
INFO: [ app_init ] --START--
INFO: Run Behavior\BuildLiteBehavior [ RunTime:0.000000s ]
INFO: [ app_init ] --END-- [ RunTime:0.001000s ]
INFO: [ app_begin ] --START--
INFO: Run Behavior\ReadHtmlCacheBehavior [ RunTime:0.001001s ]
INFO: Run Behavior\FlChkLangBehavior [ RunTime:0.000000s ]
INFO: [ app_begin ] --END-- [ RunTime:0.001001s ]
NOTIC: [2048] Declaration of Auth\Controller\AuthbaseController::display() should be compatible with Think\Controller::display($templateFile = '', $charset = '', $contentType = '', $content = '', $prefix = '') F:\xampp\htdocs\DreamCMS\Admin\Auth\Controller\AuthbaseController.class.php 第 8 行.
NOTIC: [8] Use of undefined constant TMPL_PATH - assumed 'TMPL_PATH' F:\xampp\htdocs\DreamCMS\Admin\Common\Controller\AdminbaseController.class.php 第 14 行.
SQL: SHOW COLUMNS FROM `ur7_language` [ RunTime:0.0020s ]
SQL: SHOW COLUMNS FROM `ur7_admin_auth_group` [ RunTime:0.0030s ]
SQL: SELECT * FROM `ur7_admin_auth_group` ORDER BY sort  [ RunTime:0.0000s ]
SQL: SHOW COLUMNS FROM `ur7_admin_auth_action` [ RunTime:0.0030s ]
SQL: SELECT * FROM `ur7_admin_auth_action` WHERE `group` = 'Index' AND `controller` = 'Index' AND `action` = 'getleftmenu' LIMIT 1   [ RunTime:0.0000s ]
NOTIC: [2048] Declaration of Model\Adomodel\AdminAuthControllerModel::add() should be compatible with Think\Model::add($data = '', $options = Array, $replace = false) F:\xampp\htdocs\DreamCMS\Model\Adomodel\AdminAuthControllerModel.class.php 第 72 行.
SQL: SHOW COLUMNS FROM `ur7_admin_auth_controller` [ RunTime:0.0020s ]
SQL: SELECT * FROM `ur7_admin_auth_controller` WHERE `gid` = 5  [ RunTime:0.0010s ]
SQL: SELECT * FROM `ur7_admin_auth_action` WHERE `gid` = 5 AND `isshow` = 1  [ RunTime:0.0010s ]
INFO: [ app_end ] --START--
INFO: Run Behavior\ShowPageTraceBehavior [ RunTime:0.002000s ]
INFO: [ app_end ] --END-- [ RunTime:0.003000s ]

[ 2015-02-27T19:41:56+08:00 ] 127.0.0.1 /DreamCMS/Admin.php/Index/Index/getleftmenu.html
INFO: [ app_init ] --START--
INFO: Run Behavior\BuildLiteBehavior [ RunTime:0.000000s ]
INFO: [ app_init ] --END-- [ RunTime:0.000000s ]
INFO: [ app_begin ] --START--
INFO: Run Behavior\ReadHtmlCacheBehavior [ RunTime:0.001000s ]
INFO: Run Behavior\FlChkLangBehavior [ RunTime:0.002000s ]
INFO: [ app_begin ] --END-- [ RunTime:0.003000s ]
NOTIC: [2048] Declaration of Auth\Controller\AuthbaseController::display() should be compatible with Think\Controller::display($templateFile = '', $charset = '', $contentType = '', $content = '', $prefix = '') F:\xampp\htdocs\DreamCMS\Admin\Auth\Controller\AuthbaseController.class.php 第 8 行.
NOTIC: [8] Use of undefined constant TMPL_PATH - assumed 'TMPL_PATH' F:\xampp\htdocs\DreamCMS\Admin\Common\Controller\AdminbaseController.class.php 第 14 行.
SQL: SHOW COLUMNS FROM `ur7_language` [ RunTime:0.0030s ]
SQL: SHOW COLUMNS FROM `ur7_admin_auth_group` [ RunTime:0.0020s ]
SQL: SELECT * FROM `ur7_admin_auth_group` ORDER BY sort  [ RunTime:0.0000s ]
SQL: SHOW COLUMNS FROM `ur7_admin_auth_action` [ RunTime:0.0030s ]
SQL: SELECT * FROM `ur7_admin_auth_action` WHERE `group` = 'Index' AND `controller` = 'Index' AND `action` = 'getleftmenu' LIMIT 1   [ RunTime:0.0010s ]
NOTIC: [2048] Declaration of Model\Adomodel\AdminAuthControllerModel::add() should be compatible with Think\Model::add($data = '', $options = Array, $replace = false) F:\xampp\htdocs\DreamCMS\Model\Adomodel\AdminAuthControllerModel.class.php 第 72 行.
SQL: SHOW COLUMNS FROM `ur7_admin_auth_controller` [ RunTime:0.0060s ]
SQL: SELECT * FROM `ur7_admin_auth_controller` WHERE `gid` = 5  [ RunTime:0.0010s ]
SQL: SELECT * FROM `ur7_admin_auth_action` WHERE `gid` = 5 AND `isshow` = 1  [ RunTime:0.0000s ]
INFO: [ app_end ] --START--
INFO: Run Behavior\ShowPageTraceBehavior [ RunTime:0.001000s ]
INFO: [ app_end ] --END-- [ RunTime:0.001000s ]

[ 2015-02-27T19:41:57+08:00 ] 127.0.0.1 /DreamCMS/Admin.php/Index/Index/getleftmenu.html
INFO: [ app_init ] --START--
INFO: Run Behavior\BuildLiteBehavior [ RunTime:0.000000s ]
INFO: [ app_init ] --END-- [ RunTime:0.001000s ]
INFO: [ app_begin ] --START--
INFO: Run Behavior\ReadHtmlCacheBehavior [ RunTime:0.000000s ]
INFO: Run Behavior\FlChkLangBehavior [ RunTime:0.002000s ]
INFO: [ app_begin ] --END-- [ RunTime:0.002000s ]
NOTIC: [2048] Declaration of Auth\Controller\AuthbaseController::display() should be compatible with Think\Controller::display($templateFile = '', $charset = '', $contentType = '', $content = '', $prefix = '') F:\xampp\htdocs\DreamCMS\Admin\Auth\Controller\AuthbaseController.class.php 第 8 行.
NOTIC: [8] Use of undefined constant TMPL_PATH - assumed 'TMPL_PATH' F:\xampp\htdocs\DreamCMS\Admin\Common\Controller\AdminbaseController.class.php 第 14 行.
SQL: SHOW COLUMNS FROM `ur7_language` [ RunTime:0.0020s ]
SQL: SHOW COLUMNS FROM `ur7_admin_auth_group` [ RunTime:0.0020s ]
SQL: SELECT * FROM `ur7_admin_auth_group` ORDER BY sort  [ RunTime:0.0010s ]
SQL: SHOW COLUMNS FROM `ur7_admin_auth_action` [ RunTime:0.0020s ]
SQL: SELECT * FROM `ur7_admin_auth_action` WHERE `group` = 'Index' AND `controller` = 'Index' AND `action` = 'getleftmenu' LIMIT 1   [ RunTime:0.0000s ]
NOTIC: [2048] Declaration of Model\Adomodel\AdminAuthControllerModel::add() should be compatible with Think\Model::add($data = '', $options = Array, $replace = false) F:\xampp\htdocs\DreamCMS\Model\Adomodel\AdminAuthControllerModel.class.php 第 72 行.
SQL: SHOW COLUMNS FROM `ur7_admin_auth_controller` [ RunTime:0.0020s ]
SQL: SELECT * FROM `ur7_admin_auth_controller` WHERE `gid` = 5  [ RunTime:0.0010s ]
SQL: SELECT * FROM `ur7_admin_auth_action` WHERE `gid` = 5 AND `isshow` = 1  [ RunTime:0.0000s ]
INFO: [ app_end ] --START--
INFO: Run Behavior\ShowPageTraceBehavior [ RunTime:0.001000s ]
INFO: [ app_end ] --END-- [ RunTime:0.001000s ]

[ 2015-02-27T19:48:32+08:00 ] 127.0.0.1 /DreamCMS/Admin.php/Index/Index/getleftmenu.html
INFO: [ app_init ] --START--
INFO: Run Behavior\BuildLiteBehavior [ RunTime:0.000000s ]
INFO: [ app_init ] --END-- [ RunTime:0.000000s ]
INFO: [ app_begin ] --START--
INFO: Run Behavior\ReadHtmlCacheBehavior [ RunTime:0.000000s ]
INFO: Run Behavior\FlChkLangBehavior [ RunTime:0.001000s ]
INFO: [ app_begin ] --END-- [ RunTime:0.002000s ]
NOTIC: [2048] Declaration of Auth\Controller\AuthbaseController::display() should be compatible with Think\Controller::display($templateFile = '', $charset = '', $contentType = '', $content = '', $prefix = '') F:\xampp\htdocs\DreamCMS\Admin\Auth\Controller\AuthbaseController.class.php 第 8 行.
NOTIC: [8] Use of undefined constant TMPL_PATH - assumed 'TMPL_PATH' F:\xampp\htdocs\DreamCMS\Admin\Common\Controller\AdminbaseController.class.php 第 14 行.
SQL: SHOW COLUMNS FROM `ur7_language` [ RunTime:0.0040s ]
SQL: SHOW COLUMNS FROM `ur7_admin_auth_group` [ RunTime:0.0030s ]
SQL: SELECT * FROM `ur7_admin_auth_group` ORDER BY sort  [ RunTime:0.0000s ]
SQL: SHOW COLUMNS FROM `ur7_admin_auth_action` [ RunTime:0.0030s ]
SQL: SELECT * FROM `ur7_admin_auth_action` WHERE `group` = 'Index' AND `controller` = 'Index' AND `action` = 'getleftmenu' LIMIT 1   [ RunTime:0.0010s ]
NOTIC: [2048] Declaration of Model\Adomodel\AdminAuthControllerModel::add() should be compatible with Think\Model::add($data = '', $options = Array, $replace = false) F:\xampp\htdocs\DreamCMS\Model\Adomodel\AdminAuthControllerModel.class.php 第 72 行.
SQL: SHOW COLUMNS FROM `ur7_admin_auth_controller` [ RunTime:0.0040s ]
SQL: SELECT * FROM `ur7_admin_auth_controller` WHERE `gid` = 4  [ RunTime:0.0010s ]
SQL: SELECT * FROM `ur7_admin_auth_action` WHERE `gid` = 4 AND `isshow` = 1  [ RunTime:0.0000s ]
INFO: [ app_end ] --START--
INFO: Run Behavior\ShowPageTraceBehavior [ RunTime:0.000000s ]
INFO: [ app_end ] --END-- [ RunTime:0.000000s ]

[ 2015-02-27T19:48:33+08:00 ] 127.0.0.1 /DreamCMS/Admin.php/Index/Index/getleftmenu.html
INFO: [ app_init ] --START--
INFO: Run Behavior\BuildLiteBehavior [ RunTime:0.000000s ]
INFO: [ app_init ] --END-- [ RunTime:0.000000s ]
INFO: [ app_begin ] --START--
INFO: Run Behavior\ReadHtmlCacheBehavior [ RunTime:0.001000s ]
INFO: Run Behavior\FlChkLangBehavior [ RunTime:0.000000s ]
INFO: [ app_begin ] --END-- [ RunTime:0.001000s ]
NOTIC: [2048] Declaration of Auth\Controller\AuthbaseController::display() should be compatible with Think\Controller::display($templateFile = '', $charset = '', $contentType = '', $content = '', $prefix = '') F:\xampp\htdocs\DreamCMS\Admin\Auth\Controller\AuthbaseController.class.php 第 8 行.
NOTIC: [8] Use of undefined constant TMPL_PATH - assumed 'TMPL_PATH' F:\xampp\htdocs\DreamCMS\Admin\Common\Controller\AdminbaseController.class.php 第 14 行.
SQL: SHOW COLUMNS FROM `ur7_language` [ RunTime:0.0020s ]
SQL: SHOW COLUMNS FROM `ur7_admin_auth_group` [ RunTime:0.0020s ]
SQL: SELECT * FROM `ur7_admin_auth_group` ORDER BY sort  [ RunTime:0.0000s ]
SQL: SHOW COLUMNS FROM `ur7_admin_auth_action` [ RunTime:0.0030s ]
SQL: SELECT * FROM `ur7_admin_auth_action` WHERE `group` = 'Index' AND `controller` = 'Index' AND `action` = 'getleftmenu' LIMIT 1   [ RunTime:0.0010s ]
NOTIC: [2048] Declaration of Model\Adomodel\AdminAuthControllerModel::add() should be compatible with Think\Model::add($data = '', $options = Array, $replace = false) F:\xampp\htdocs\DreamCMS\Model\Adomodel\AdminAuthControllerModel.class.php 第 72 行.
SQL: SHOW COLUMNS FROM `ur7_admin_auth_controller` [ RunTime:0.0030s ]
SQL: SELECT * FROM `ur7_admin_auth_controller` WHERE `gid` = 3  [ RunTime:0.0010s ]
SQL: SELECT * FROM `ur7_admin_auth_action` WHERE `gid` = 3 AND `isshow` = 1  [ RunTime:0.0000s ]
INFO: [ app_end ] --START--
INFO: Run Behavior\ShowPageTraceBehavior [ RunTime:0.001000s ]
INFO: [ app_end ] --END-- [ RunTime:0.001000s ]

[ 2015-02-27T19:48:34+08:00 ] 127.0.0.1 /DreamCMS/Admin.php/Index/Index/getleftmenu.html
INFO: [ app_init ] --START--
INFO: Run Behavior\BuildLiteBehavior [ RunTime:0.000000s ]
INFO: [ app_init ] --END-- [ RunTime:0.001000s ]
INFO: [ app_begin ] --START--
INFO: Run Behavior\ReadHtmlCacheBehavior [ RunTime:0.000000s ]
INFO: Run Behavior\FlChkLangBehavior [ RunTime:0.001001s ]
INFO: [ app_begin ] --END-- [ RunTime:0.001001s ]
NOTIC: [2048] Declaration of Auth\Controller\AuthbaseController::display() should be compatible with Think\Controller::display($templateFile = '', $charset = '', $contentType = '', $content = '', $prefix = '') F:\xampp\htdocs\DreamCMS\Admin\Auth\Controller\AuthbaseController.class.php 第 8 行.
NOTIC: [8] Use of undefined constant TMPL_PATH - assumed 'TMPL_PATH' F:\xampp\htdocs\DreamCMS\Admin\Common\Controller\AdminbaseController.class.php 第 14 行.
SQL: SHOW COLUMNS FROM `ur7_language` [ RunTime:0.0020s ]
SQL: SHOW COLUMNS FROM `ur7_admin_auth_group` [ RunTime:0.0020s ]
SQL: SELECT * FROM `ur7_admin_auth_group` ORDER BY sort  [ RunTime:0.0000s ]
SQL: SHOW COLUMNS FROM `ur7_admin_auth_action` [ RunTime:0.0020s ]
SQL: SELECT * FROM `ur7_admin_auth_action` WHERE `group` = 'Index' AND `controller` = 'Index' AND `action` = 'getleftmenu' LIMIT 1   [ RunTime:0.0010s ]
NOTIC: [2048] Declaration of Model\Adomodel\AdminAuthControllerModel::add() should be compatible with Think\Model::add($data = '', $options = Array, $replace = false) F:\xampp\htdocs\DreamCMS\Model\Adomodel\AdminAuthControllerModel.class.php 第 72 行.
SQL: SHOW COLUMNS FROM `ur7_admin_auth_controller` [ RunTime:0.0020s ]
SQL: SELECT * FROM `ur7_admin_auth_controller` WHERE `gid` = 5  [ RunTime:0.0000s ]
SQL: SELECT * FROM `ur7_admin_auth_action` WHERE `gid` = 5 AND `isshow` = 1  [ RunTime:0.0010s ]
INFO: [ app_end ] --START--
INFO: Run Behavior\ShowPageTraceBehavior [ RunTime:0.001000s ]
INFO: [ app_end ] --END-- [ RunTime:0.001000s ]

[ 2015-02-27T19:48:34+08:00 ] 127.0.0.1 /DreamCMS/Admin.php/Index/Index/getleftmenu.html
INFO: [ app_init ] --START--
INFO: Run Behavior\BuildLiteBehavior [ RunTime:0.000000s ]
INFO: [ app_init ] --END-- [ RunTime:0.000000s ]
INFO: [ app_begin ] --START--
INFO: Run Behavior\ReadHtmlCacheBehavior [ RunTime:0.000000s ]
INFO: Run Behavior\FlChkLangBehavior [ RunTime:0.001000s ]
INFO: [ app_begin ] --END-- [ RunTime:0.001000s ]
NOTIC: [2048] Declaration of Auth\Controller\AuthbaseController::display() should be compatible with Think\Controller::display($templateFile = '', $charset = '', $contentType = '', $content = '', $prefix = '') F:\xampp\htdocs\DreamCMS\Admin\Auth\Controller\AuthbaseController.class.php 第 8 行.
NOTIC: [8] Use of undefined constant TMPL_PATH - assumed 'TMPL_PATH' F:\xampp\htdocs\DreamCMS\Admin\Common\Controller\AdminbaseController.class.php 第 14 行.
SQL: SHOW COLUMNS FROM `ur7_language` [ RunTime:0.0020s ]
SQL: SHOW COLUMNS FROM `ur7_admin_auth_group` [ RunTime:0.0020s ]
SQL: SELECT * FROM `ur7_admin_auth_group` ORDER BY sort  [ RunTime:0.0000s ]
SQL: SHOW COLUMNS FROM `ur7_admin_auth_action` [ RunTime:0.0020s ]
SQL: SELECT * FROM `ur7_admin_auth_action` WHERE `group` = 'Index' AND `controller` = 'Index' AND `action` = 'getleftmenu' LIMIT 1   [ RunTime:0.0000s ]
NOTIC: [2048] Declaration of Model\Adomodel\AdminAuthControllerModel::add() should be compatible with Think\Model::add($data = '', $options = Array, $replace = false) F:\xampp\htdocs\DreamCMS\Model\Adomodel\AdminAuthControllerModel.class.php 第 72 行.
SQL: SHOW COLUMNS FROM `ur7_admin_auth_controller` [ RunTime:0.0020s ]
SQL: SELECT * FROM `ur7_admin_auth_controller` WHERE `gid` = 6  [ RunTime:0.0000s ]
SQL: SELECT * FROM `ur7_admin_auth_action` WHERE `gid` = 6 AND `isshow` = 1  [ RunTime:0.0000s ]
INFO: [ app_end ] --START--
INFO: Run Behavior\ShowPageTraceBehavior [ RunTime:0.000000s ]
INFO: [ app_end ] --END-- [ RunTime:0.000000s ]

[ 2015-02-27T19:48:35+08:00 ] 127.0.0.1 /DreamCMS/Admin.php/Index/Index/getleftmenu.html
INFO: [ app_init ] --START--
INFO: Run Behavior\BuildLiteBehavior [ RunTime:0.000000s ]
INFO: [ app_init ] --END-- [ RunTime:0.000000s ]
INFO: [ app_begin ] --START--
INFO: Run Behavior\ReadHtmlCacheBehavior [ RunTime:0.001000s ]
INFO: Run Behavior\FlChkLangBehavior [ RunTime:0.001000s ]
INFO: [ app_begin ] --END-- [ RunTime:0.002000s ]
NOTIC: [2048] Declaration of Auth\Controller\AuthbaseController::display() should be compatible with Think\Controller::display($templateFile = '', $charset = '', $contentType = '', $content = '', $prefix = '') F:\xampp\htdocs\DreamCMS\Admin\Auth\Controller\AuthbaseController.class.php 第 8 行.
NOTIC: [8] Use of undefined constant TMPL_PATH - assumed 'TMPL_PATH' F:\xampp\htdocs\DreamCMS\Admin\Common\Controller\AdminbaseController.class.php 第 14 行.
SQL: SHOW COLUMNS FROM `ur7_language` [ RunTime:0.0020s ]
SQL: SHOW COLUMNS FROM `ur7_admin_auth_group` [ RunTime:0.0020s ]
SQL: SELECT * FROM `ur7_admin_auth_group` ORDER BY sort  [ RunTime:0.0000s ]
SQL: SHOW COLUMNS FROM `ur7_admin_auth_action` [ RunTime:0.0020s ]
SQL: SELECT * FROM `ur7_admin_auth_action` WHERE `group` = 'Index' AND `controller` = 'Index' AND `action` = 'getleftmenu' LIMIT 1   [ RunTime:0.0010s ]
NOTIC: [2048] Declaration of Model\Adomodel\AdminAuthControllerModel::add() should be compatible with Think\Model::add($data = '', $options = Array, $replace = false) F:\xampp\htdocs\DreamCMS\Model\Adomodel\AdminAuthControllerModel.class.php 第 72 行.
SQL: SHOW COLUMNS FROM `ur7_admin_auth_controller` [ RunTime:0.0020s ]
SQL: SELECT * FROM `ur7_admin_auth_controller` WHERE `gid` = 5  [ RunTime:0.0000s ]
SQL: SELECT * FROM `ur7_admin_auth_action` WHERE `gid` = 5 AND `isshow` = 1  [ RunTime:0.0010s ]
INFO: [ app_end ] --START--
INFO: Run Behavior\ShowPageTraceBehavior [ RunTime:0.001000s ]
INFO: [ app_end ] --END-- [ RunTime:0.001000s ]

[ 2015-02-27T19:48:36+08:00 ] 127.0.0.1 /DreamCMS/Admin.php/Index/Index/getleftmenu.html
INFO: [ app_init ] --START--
INFO: Run Behavior\BuildLiteBehavior [ RunTime:0.000000s ]
INFO: [ app_init ] --END-- [ RunTime:0.000000s ]
INFO: [ app_begin ] --START--
INFO: Run Behavior\ReadHtmlCacheBehavior [ RunTime:0.001000s ]
INFO: Run Behavior\FlChkLangBehavior [ RunTime:0.001000s ]
INFO: [ app_begin ] --END-- [ RunTime:0.002000s ]
NOTIC: [2048] Declaration of Auth\Controller\AuthbaseController::display() should be compatible with Think\Controller::display($templateFile = '', $charset = '', $contentType = '', $content = '', $prefix = '') F:\xampp\htdocs\DreamCMS\Admin\Auth\Controller\AuthbaseController.class.php 第 8 行.
NOTIC: [8] Use of undefined constant TMPL_PATH - assumed 'TMPL_PATH' F:\xampp\htdocs\DreamCMS\Admin\Common\Controller\AdminbaseController.class.php 第 14 行.
SQL: SHOW COLUMNS FROM `ur7_language` [ RunTime:0.0030s ]
SQL: SHOW COLUMNS FROM `ur7_admin_auth_group` [ RunTime:0.0030s ]
SQL: SELECT * FROM `ur7_admin_auth_group` ORDER BY sort  [ RunTime:0.0000s ]
SQL: SHOW COLUMNS FROM `ur7_admin_auth_action` [ RunTime:0.0030s ]
SQL: SELECT * FROM `ur7_admin_auth_action` WHERE `group` = 'Index' AND `controller` = 'Index' AND `action` = 'getleftmenu' LIMIT 1   [ RunTime:0.0010s ]
NOTIC: [2048] Declaration of Model\Adomodel\AdminAuthControllerModel::add() should be compatible with Think\Model::add($data = '', $options = Array, $replace = false) F:\xampp\htdocs\DreamCMS\Model\Adomodel\AdminAuthControllerModel.class.php 第 72 行.
SQL: SHOW COLUMNS FROM `ur7_admin_auth_controller` [ RunTime:0.0020s ]
SQL: SELECT * FROM `ur7_admin_auth_controller` WHERE `gid` = 3  [ RunTime:0.0000s ]
SQL: SELECT * FROM `ur7_admin_auth_action` WHERE `gid` = 3 AND `isshow` = 1  [ RunTime:0.0000s ]
INFO: [ app_end ] --START--
INFO: Run Behavior\ShowPageTraceBehavior [ RunTime:0.001000s ]
INFO: [ app_end ] --END-- [ RunTime:0.001000s ]

[ 2015-02-27T19:48:37+08:00 ] 127.0.0.1 /DreamCMS/Admin.php/Index/Index/getleftmenu.html
INFO: [ app_init ] --START--
INFO: Run Behavior\BuildLiteBehavior [ RunTime:0.000000s ]
INFO: [ app_init ] --END-- [ RunTime:0.001000s ]
INFO: [ app_begin ] --START--
INFO: Run Behavior\ReadHtmlCacheBehavior [ RunTime:0.001000s ]
INFO: Run Behavior\FlChkLangBehavior [ RunTime:0.001000s ]
INFO: [ app_begin ] --END-- [ RunTime:0.002000s ]
NOTIC: [2048] Declaration of Auth\Controller\AuthbaseController::display() should be compatible with Think\Controller::display($templateFile = '', $charset = '', $contentType = '', $content = '', $prefix = '') F:\xampp\htdocs\DreamCMS\Admin\Auth\Controller\AuthbaseController.class.php 第 8 行.
NOTIC: [8] Use of undefined constant TMPL_PATH - assumed 'TMPL_PATH' F:\xampp\htdocs\DreamCMS\Admin\Common\Controller\AdminbaseController.class.php 第 14 行.
SQL: SHOW COLUMNS FROM `ur7_language` [ RunTime:0.0030s ]
SQL: SHOW COLUMNS FROM `ur7_admin_auth_group` [ RunTime:0.0020s ]
SQL: SELECT * FROM `ur7_admin_auth_group` ORDER BY sort  [ RunTime:0.0010s ]
SQL: SHOW COLUMNS FROM `ur7_admin_auth_action` [ RunTime:0.0030s ]
SQL: SELECT * FROM `ur7_admin_auth_action` WHERE `group` = 'Index' AND `controller` = 'Index' AND `action` = 'getleftmenu' LIMIT 1   [ RunTime:0.0010s ]
NOTIC: [2048] Declaration of Model\Adomodel\AdminAuthControllerModel::add() should be compatible with Think\Model::add($data = '', $options = Array, $replace = false) F:\xampp\htdocs\DreamCMS\Model\Adomodel\AdminAuthControllerModel.class.php 第 72 行.
SQL: SHOW COLUMNS FROM `ur7_admin_auth_controller` [ RunTime:0.0020s ]
SQL: SELECT * FROM `ur7_admin_auth_controller` WHERE `gid` = 4  [ RunTime:0.0000s ]
SQL: SELECT * FROM `ur7_admin_auth_action` WHERE `gid` = 4 AND `isshow` = 1  [ RunTime:0.0000s ]
INFO: [ app_end ] --START--
INFO: Run Behavior\ShowPageTraceBehavior [ RunTime:0.001000s ]
INFO: [ app_end ] --END-- [ RunTime:0.001000s ]

[ 2015-02-27T19:48:38+08:00 ] 127.0.0.1 /DreamCMS/Admin.php/Index/Index/getleftmenu.html
INFO: [ app_init ] --START--
INFO: Run Behavior\BuildLiteBehavior [ RunTime:0.000000s ]
INFO: [ app_init ] --END-- [ RunTime:0.000000s ]
INFO: [ app_begin ] --START--
INFO: Run Behavior\ReadHtmlCacheBehavior [ RunTime:0.001001s ]
INFO: Run Behavior\FlChkLangBehavior [ RunTime:0.000000s ]
INFO: [ app_begin ] --END-- [ RunTime:0.001001s ]
NOTIC: [2048] Declaration of Auth\Controller\AuthbaseController::display() should be compatible with Think\Controller::display($templateFile = '', $charset = '', $contentType = '', $content = '', $prefix = '') F:\xampp\htdocs\DreamCMS\Admin\Auth\Controller\AuthbaseController.class.php 第 8 行.
NOTIC: [8] Use of undefined constant TMPL_PATH - assumed 'TMPL_PATH' F:\xampp\htdocs\DreamCMS\Admin\Common\Controller\AdminbaseController.class.php 第 14 行.
SQL: SHOW COLUMNS FROM `ur7_language` [ RunTime:0.0020s ]
SQL: SHOW COLUMNS FROM `ur7_admin_auth_group` [ RunTime:0.0030s ]
SQL: SELECT * FROM `ur7_admin_auth_group` ORDER BY sort  [ RunTime:0.0000s ]
SQL: SHOW COLUMNS FROM `ur7_admin_auth_action` [ RunTime:0.0020s ]
SQL: SELECT * FROM `ur7_admin_auth_action` WHERE `group` = 'Index' AND `controller` = 'Index' AND `action` = 'getleftmenu' LIMIT 1   [ RunTime:0.0000s ]
NOTIC: [2048] Declaration of Model\Adomodel\AdminAuthControllerModel::add() should be compatible with Think\Model::add($data = '', $options = Array, $replace = false) F:\xampp\htdocs\DreamCMS\Model\Adomodel\AdminAuthControllerModel.class.php 第 72 行.
SQL: SHOW COLUMNS FROM `ur7_admin_auth_controller` [ RunTime:0.0030s ]
SQL: SELECT * FROM `ur7_admin_auth_controller` WHERE `gid` = 2  [ RunTime:0.0000s ]
SQL: SELECT * FROM `ur7_admin_auth_action` WHERE `gid` = 2 AND `isshow` = 1  [ RunTime:0.0010s ]
INFO: [ app_end ] --START--
INFO: Run Behavior\ShowPageTraceBehavior [ RunTime:0.001000s ]
INFO: [ app_end ] --END-- [ RunTime:0.001000s ]

[ 2015-02-27T19:48:39+08:00 ] 127.0.0.1 /DreamCMS/Admin.php/Index/Index/getleftmenu.html
INFO: [ app_init ] --START--
INFO: Run Behavior\BuildLiteBehavior [ RunTime:0.000000s ]
INFO: [ app_init ] --END-- [ RunTime:0.001000s ]
INFO: [ app_begin ] --START--
INFO: Run Behavior\ReadHtmlCacheBehavior [ RunTime:0.001000s ]
INFO: Run Behavior\FlChkLangBehavior [ RunTime:0.002000s ]
INFO: [ app_begin ] --END-- [ RunTime:0.003000s ]
NOTIC: [2048] Declaration of Auth\Controller\AuthbaseController::display() should be compatible with Think\Controller::display($templateFile = '', $charset = '', $contentType = '', $content = '', $prefix = '') F:\xampp\htdocs\DreamCMS\Admin\Auth\Controller\AuthbaseController.class.php 第 8 行.
NOTIC: [8] Use of undefined constant TMPL_PATH - assumed 'TMPL_PATH' F:\xampp\htdocs\DreamCMS\Admin\Common\Controller\AdminbaseController.class.php 第 14 行.
SQL: SHOW COLUMNS FROM `ur7_language` [ RunTime:0.0030s ]
SQL: SHOW COLUMNS FROM `ur7_admin_auth_group` [ RunTime:0.0020s ]
SQL: SELECT * FROM `ur7_admin_auth_group` ORDER BY sort  [ RunTime:0.0000s ]
SQL: SHOW COLUMNS FROM `ur7_admin_auth_action` [ RunTime:0.0020s ]
SQL: SELECT * FROM `ur7_admin_auth_action` WHERE `group` = 'Index' AND `controller` = 'Index' AND `action` = 'getleftmenu' LIMIT 1   [ RunTime:0.0000s ]
NOTIC: [2048] Declaration of Model\Adomodel\AdminAuthControllerModel::add() should be compatible with Think\Model::add($data = '', $options = Array, $replace = false) F:\xampp\htdocs\DreamCMS\Model\Adomodel\AdminAuthControllerModel.class.php 第 72 行.
SQL: SHOW COLUMNS FROM `ur7_admin_auth_controller` [ RunTime:0.0020s ]
SQL: SELECT * FROM `ur7_admin_auth_controller` WHERE `gid` = 2  [ RunTime:0.0000s ]
SQL: SELECT * FROM `ur7_admin_auth_action` WHERE `gid` = 2 AND `isshow` = 1  [ RunTime:0.0010s ]
INFO: [ app_end ] --START--
INFO: Run Behavior\ShowPageTraceBehavior [ RunTime:0.001000s ]
INFO: [ app_end ] --END-- [ RunTime:0.001000s ]

[ 2015-02-27T19:48:40+08:00 ] 127.0.0.1 /DreamCMS/Admin.php/Index/Index/getleftmenu.html
INFO: [ app_init ] --START--
INFO: Run Behavior\BuildLiteBehavior [ RunTime:0.000000s ]
INFO: [ app_init ] --END-- [ RunTime:0.001000s ]
INFO: [ app_begin ] --START--
INFO: Run Behavior\ReadHtmlCacheBehavior [ RunTime:0.001000s ]
INFO: Run Behavior\FlChkLangBehavior [ RunTime:0.001000s ]
INFO: [ app_begin ] --END-- [ RunTime:0.002000s ]
NOTIC: [2048] Declaration of Auth\Controller\AuthbaseController::display() should be compatible with Think\Controller::display($templateFile = '', $charset = '', $contentType = '', $content = '', $prefix = '') F:\xampp\htdocs\DreamCMS\Admin\Auth\Controller\AuthbaseController.class.php 第 8 行.
NOTIC: [8] Use of undefined constant TMPL_PATH - assumed 'TMPL_PATH' F:\xampp\htdocs\DreamCMS\Admin\Common\Controller\AdminbaseController.class.php 第 14 行.
SQL: SHOW COLUMNS FROM `ur7_language` [ RunTime:0.0030s ]
SQL: SHOW COLUMNS FROM `ur7_admin_auth_group` [ RunTime:0.0020s ]
SQL: SELECT * FROM `ur7_admin_auth_group` ORDER BY sort  [ RunTime:0.0000s ]
SQL: SHOW COLUMNS FROM `ur7_admin_auth_action` [ RunTime:0.0020s ]
SQL: SELECT * FROM `ur7_admin_auth_action` WHERE `group` = 'Index' AND `controller` = 'Index' AND `action` = 'getleftmenu' LIMIT 1   [ RunTime:0.0010s ]
NOTIC: [2048] Declaration of Model\Adomodel\AdminAuthControllerModel::add() should be compatible with Think\Model::add($data = '', $options = Array, $replace = false) F:\xampp\htdocs\DreamCMS\Model\Adomodel\AdminAuthControllerModel.class.php 第 72 行.
SQL: SHOW COLUMNS FROM `ur7_admin_auth_controller` [ RunTime:0.0030s ]
SQL: SELECT * FROM `ur7_admin_auth_controller` WHERE `gid` = 3  [ RunTime:0.0000s ]
SQL: SELECT * FROM `ur7_admin_auth_action` WHERE `gid` = 3 AND `isshow` = 1  [ RunTime:0.0010s ]
INFO: [ app_end ] --START--
INFO: Run Behavior\ShowPageTraceBehavior [ RunTime:0.001000s ]
INFO: [ app_end ] --END-- [ RunTime:0.001000s ]

[ 2015-02-27T19:48:40+08:00 ] 127.0.0.1 /DreamCMS/Admin.php/Index/Index/getleftmenu.html
INFO: [ app_init ] --START--
INFO: Run Behavior\BuildLiteBehavior [ RunTime:0.000000s ]
INFO: [ app_init ] --END-- [ RunTime:0.000000s ]
INFO: [ app_begin ] --START--
INFO: Run Behavior\ReadHtmlCacheBehavior [ RunTime:0.001000s ]
INFO: Run Behavior\FlChkLangBehavior [ RunTime:0.001000s ]
INFO: [ app_begin ] --END-- [ RunTime:0.002000s ]
NOTIC: [2048] Declaration of Auth\Controller\AuthbaseController::display() should be compatible with Think\Controller::display($templateFile = '', $charset = '', $contentType = '', $content = '', $prefix = '') F:\xampp\htdocs\DreamCMS\Admin\Auth\Controller\AuthbaseController.class.php 第 8 行.
NOTIC: [8] Use of undefined constant TMPL_PATH - assumed 'TMPL_PATH' F:\xampp\htdocs\DreamCMS\Admin\Common\Controller\AdminbaseController.class.php 第 14 行.
SQL: SHOW COLUMNS FROM `ur7_language` [ RunTime:0.0030s ]
SQL: SHOW COLUMNS FROM `ur7_admin_auth_group` [ RunTime:0.0030s ]
SQL: SELECT * FROM `ur7_admin_auth_group` ORDER BY sort  [ RunTime:0.0000s ]
SQL: SHOW COLUMNS FROM `ur7_admin_auth_action` [ RunTime:0.0030s ]
SQL: SELECT * FROM `ur7_admin_auth_action` WHERE `group` = 'Index' AND `controller` = 'Index' AND `action` = 'getleftmenu' LIMIT 1   [ RunTime:0.0010s ]
NOTIC: [2048] Declaration of Model\Adomodel\AdminAuthControllerModel::add() should be compatible with Think\Model::add($data = '', $options = Array, $replace = false) F:\xampp\htdocs\DreamCMS\Model\Adomodel\AdminAuthControllerModel.class.php 第 72 行.
SQL: SHOW COLUMNS FROM `ur7_admin_auth_controller` [ RunTime:0.0030s ]
SQL: SELECT * FROM `ur7_admin_auth_controller` WHERE `gid` = 4  [ RunTime:0.0000s ]
SQL: SELECT * FROM `ur7_admin_auth_action` WHERE `gid` = 4 AND `isshow` = 1  [ RunTime:0.0010s ]
INFO: [ app_end ] --START--
INFO: Run Behavior\ShowPageTraceBehavior [ RunTime:0.001000s ]
INFO: [ app_end ] --END-- [ RunTime:0.001000s ]

[ 2015-02-27T19:48:41+08:00 ] 127.0.0.1 /DreamCMS/Admin.php/Index/Index/getleftmenu.html
INFO: [ app_init ] --START--
INFO: Run Behavior\BuildLiteBehavior [ RunTime:0.000000s ]
INFO: [ app_init ] --END-- [ RunTime:0.000000s ]
INFO: [ app_begin ] --START--
INFO: Run Behavior\ReadHtmlCacheBehavior [ RunTime:0.001000s ]
INFO: Run Behavior\FlChkLangBehavior [ RunTime:0.001000s ]
INFO: [ app_begin ] --END-- [ RunTime:0.002000s ]
NOTIC: [2048] Declaration of Auth\Controller\AuthbaseController::display() should be compatible with Think\Controller::display($templateFile = '', $charset = '', $contentType = '', $content = '', $prefix = '') F:\xampp\htdocs\DreamCMS\Admin\Auth\Controller\AuthbaseController.class.php 第 8 行.
NOTIC: [8] Use of undefined constant TMPL_PATH - assumed 'TMPL_PATH' F:\xampp\htdocs\DreamCMS\Admin\Common\Controller\AdminbaseController.class.php 第 14 行.
SQL: SHOW COLUMNS FROM `ur7_language` [ RunTime:0.0020s ]
SQL: SHOW COLUMNS FROM `ur7_admin_auth_group` [ RunTime:0.0020s ]
SQL: SELECT * FROM `ur7_admin_auth_group` ORDER BY sort  [ RunTime:0.0000s ]
SQL: SHOW COLUMNS FROM `ur7_admin_auth_action` [ RunTime:0.0020s ]
SQL: SELECT * FROM `ur7_admin_auth_action` WHERE `group` = 'Index' AND `controller` = 'Index' AND `action` = 'getleftmenu' LIMIT 1   [ RunTime:0.0000s ]
NOTIC: [2048] Declaration of Model\Adomodel\AdminAuthControllerModel::add() should be compatible with Think\Model::add($data = '', $options = Array, $replace = false) F:\xampp\htdocs\DreamCMS\Model\Adomodel\AdminAuthControllerModel.class.php 第 72 行.
SQL: SHOW COLUMNS FROM `ur7_admin_auth_controller` [ RunTime:0.0020s ]
SQL: SELECT * FROM `ur7_admin_auth_controller` WHERE `gid` = 5  [ RunTime:0.0000s ]
SQL: SELECT * FROM `ur7_admin_auth_action` WHERE `gid` = 5 AND `isshow` = 1  [ RunTime:0.0000s ]
INFO: [ app_end ] --START--
INFO: Run Behavior\ShowPageTraceBehavior [ RunTime:0.000000s ]
INFO: [ app_end ] --END-- [ RunTime:0.000000s ]

[ 2015-02-27T20:11:56+08:00 ] 127.0.0.1 /DreamCMS/Admin.php/Index/Index/getleftmenu.html
INFO: [ app_init ] --START--
INFO: Run Behavior\BuildLiteBehavior [ RunTime:0.000000s ]
INFO: [ app_init ] --END-- [ RunTime:0.001000s ]
INFO: [ app_begin ] --START--
INFO: Run Behavior\ReadHtmlCacheBehavior [ RunTime:0.000000s ]
INFO: Run Behavior\FlChkLangBehavior [ RunTime:0.001000s ]
INFO: [ app_begin ] --END-- [ RunTime:0.002000s ]
NOTIC: [2048] Declaration of Auth\Controller\AuthbaseController::display() should be compatible with Think\Controller::display($templateFile = '', $charset = '', $contentType = '', $content = '', $prefix = '') F:\xampp\htdocs\DreamCMS\Admin\Auth\Controller\AuthbaseController.class.php 第 8 行.
NOTIC: [8] Use of undefined constant TMPL_PATH - assumed 'TMPL_PATH' F:\xampp\htdocs\DreamCMS\Admin\Common\Controller\AdminbaseController.class.php 第 14 行.
SQL: SHOW COLUMNS FROM `ur7_language` [ RunTime:0.0220s ]
SQL: SHOW COLUMNS FROM `ur7_admin_auth_group` [ RunTime:0.0040s ]
SQL: SELECT * FROM `ur7_admin_auth_group` ORDER BY sort  [ RunTime:0.0010s ]
SQL: SHOW COLUMNS FROM `ur7_admin_auth_action` [ RunTime:0.0040s ]
SQL: SELECT * FROM `ur7_admin_auth_action` WHERE `group` = 'Index' AND `controller` = 'Index' AND `action` = 'getleftmenu' LIMIT 1   [ RunTime:0.0010s ]
NOTIC: [2048] Declaration of Model\Adomodel\AdminAuthControllerModel::add() should be compatible with Think\Model::add($data = '', $options = Array, $replace = false) F:\xampp\htdocs\DreamCMS\Model\Adomodel\AdminAuthControllerModel.class.php 第 72 行.
SQL: SHOW COLUMNS FROM `ur7_admin_auth_controller` [ RunTime:0.0040s ]
SQL: SELECT * FROM `ur7_admin_auth_controller` WHERE `gid` = 6  [ RunTime:0.0010s ]
SQL: SELECT * FROM `ur7_admin_auth_action` WHERE `gid` = 6 AND `isshow` = 1  [ RunTime:0.0010s ]
INFO: [ app_end ] --START--
INFO: Run Behavior\ShowPageTraceBehavior [ RunTime:0.002000s ]
INFO: [ app_end ] --END-- [ RunTime:0.002000s ]

[ 2015-02-27T20:11:59+08:00 ] 127.0.0.1 /DreamCMS/Admin.php/Index/Index/getleftmenu.html
INFO: [ app_init ] --START--
INFO: Run Behavior\BuildLiteBehavior [ RunTime:0.000000s ]
INFO: [ app_init ] --END-- [ RunTime:0.001000s ]
INFO: [ app_begin ] --START--
INFO: Run Behavior\ReadHtmlCacheBehavior [ RunTime:0.001000s ]
INFO: Run Behavior\FlChkLangBehavior [ RunTime:0.001001s ]
INFO: [ app_begin ] --END-- [ RunTime:0.002001s ]
NOTIC: [2048] Declaration of Auth\Controller\AuthbaseController::display() should be compatible with Think\Controller::display($templateFile = '', $charset = '', $contentType = '', $content = '', $prefix = '') F:\xampp\htdocs\DreamCMS\Admin\Auth\Controller\AuthbaseController.class.php 第 8 行.
NOTIC: [8] Use of undefined constant TMPL_PATH - assumed 'TMPL_PATH' F:\xampp\htdocs\DreamCMS\Admin\Common\Controller\AdminbaseController.class.php 第 14 行.
SQL: SHOW COLUMNS FROM `ur7_language` [ RunTime:0.1180s ]
SQL: SHOW COLUMNS FROM `ur7_admin_auth_group` [ RunTime:0.0040s ]
SQL: SELECT * FROM `ur7_admin_auth_group` ORDER BY sort  [ RunTime:0.0000s ]
SQL: SHOW COLUMNS FROM `ur7_admin_auth_action` [ RunTime:0.0040s ]
SQL: SELECT * FROM `ur7_admin_auth_action` WHERE `group` = 'Index' AND `controller` = 'Index' AND `action` = 'getleftmenu' LIMIT 1   [ RunTime:0.0010s ]
NOTIC: [2048] Declaration of Model\Adomodel\AdminAuthControllerModel::add() should be compatible with Think\Model::add($data = '', $options = Array, $replace = false) F:\xampp\htdocs\DreamCMS\Model\Adomodel\AdminAuthControllerModel.class.php 第 72 行.
SQL: SHOW COLUMNS FROM `ur7_admin_auth_controller` [ RunTime:0.0030s ]
SQL: SELECT * FROM `ur7_admin_auth_controller` WHERE `gid` = 6  [ RunTime:0.0000s ]
SQL: SELECT * FROM `ur7_admin_auth_action` WHERE `gid` = 6 AND `isshow` = 1  [ RunTime:0.0010s ]
INFO: [ app_end ] --START--
INFO: Run Behavior\ShowPageTraceBehavior [ RunTime:0.002000s ]
INFO: [ app_end ] --END-- [ RunTime:0.002000s ]

[ 2015-02-27T20:12:11+08:00 ] 127.0.0.1 /DreamCMS/Admin.php/Index/Index/getleftmenu.html
INFO: [ app_init ] --START--
INFO: Run Behavior\BuildLiteBehavior [ RunTime:0.000000s ]
INFO: [ app_init ] --END-- [ RunTime:0.001000s ]
INFO: [ app_begin ] --START--
INFO: Run Behavior\ReadHtmlCacheBehavior [ RunTime:0.001000s ]
INFO: Run Behavior\FlChkLangBehavior [ RunTime:0.001000s ]
INFO: [ app_begin ] --END-- [ RunTime:0.002000s ]
NOTIC: [2048] Declaration of Auth\Controller\AuthbaseController::display() should be compatible with Think\Controller::display($templateFile = '', $charset = '', $contentType = '', $content = '', $prefix = '') F:\xampp\htdocs\DreamCMS\Admin\Auth\Controller\AuthbaseController.class.php 第 8 行.
NOTIC: [8] Use of undefined constant TMPL_PATH - assumed 'TMPL_PATH' F:\xampp\htdocs\DreamCMS\Admin\Common\Controller\AdminbaseController.class.php 第 14 行.
SQL: SHOW COLUMNS FROM `ur7_language` [ RunTime:0.0040s ]
SQL: SHOW COLUMNS FROM `ur7_admin_auth_group` [ RunTime:0.0030s ]
SQL: SELECT * FROM `ur7_admin_auth_group` ORDER BY sort  [ RunTime:0.0000s ]
SQL: SHOW COLUMNS FROM `ur7_admin_auth_action` [ RunTime:0.0040s ]
SQL: SELECT * FROM `ur7_admin_auth_action` WHERE `group` = 'Index' AND `controller` = 'Index' AND `action` = 'getleftmenu' LIMIT 1   [ RunTime:0.0010s ]
NOTIC: [2048] Declaration of Model\Adomodel\AdminAuthControllerModel::add() should be compatible with Think\Model::add($data = '', $options = Array, $replace = false) F:\xampp\htdocs\DreamCMS\Model\Adomodel\AdminAuthControllerModel.class.php 第 72 行.
SQL: SHOW COLUMNS FROM `ur7_admin_auth_controller` [ RunTime:0.0030s ]
SQL: SELECT * FROM `ur7_admin_auth_controller` WHERE `gid` = 5  [ RunTime:0.0010s ]
SQL: SELECT * FROM `ur7_admin_auth_action` WHERE `gid` = 5 AND `isshow` = 1  [ RunTime:0.0010s ]
INFO: [ app_end ] --START--
INFO: Run Behavior\ShowPageTraceBehavior [ RunTime:0.000000s ]
INFO: [ app_end ] --END-- [ RunTime:0.001000s ]

[ 2015-02-27T20:12:14+08:00 ] 127.0.0.1 /DreamCMS/Admin.php/Index/Index/getleftmenu.html
INFO: [ app_init ] --START--
INFO: Run Behavior\BuildLiteBehavior [ RunTime:0.000000s ]
INFO: [ app_init ] --END-- [ RunTime:0.001000s ]
INFO: [ app_begin ] --START--
INFO: Run Behavior\ReadHtmlCacheBehavior [ RunTime:0.001000s ]
INFO: Run Behavior\FlChkLangBehavior [ RunTime:0.001000s ]
INFO: [ app_begin ] --END-- [ RunTime:0.003000s ]
NOTIC: [2048] Declaration of Auth\Controller\AuthbaseController::display() should be compatible with Think\Controller::display($templateFile = '', $charset = '', $contentType = '', $content = '', $prefix = '') F:\xampp\htdocs\DreamCMS\Admin\Auth\Controller\AuthbaseController.class.php 第 8 行.
NOTIC: [8] Use of undefined constant TMPL_PATH - assumed 'TMPL_PATH' F:\xampp\htdocs\DreamCMS\Admin\Common\Controller\AdminbaseController.class.php 第 14 行.
SQL: SHOW COLUMNS FROM `ur7_language` [ RunTime:0.0040s ]
SQL: SHOW COLUMNS FROM `ur7_admin_auth_group` [ RunTime:0.0050s ]
SQL: SELECT * FROM `ur7_admin_auth_group` ORDER BY sort  [ RunTime:0.0020s ]
SQL: SHOW COLUMNS FROM `ur7_admin_auth_action` [ RunTime:0.0060s ]
SQL: SELECT * FROM `ur7_admin_auth_action` WHERE `group` = 'Index' AND `controller` = 'Index' AND `action` = 'getleftmenu' LIMIT 1   [ RunTime:0.0010s ]
NOTIC: [2048] Declaration of Model\Adomodel\AdminAuthControllerModel::add() should be compatible with Think\Model::add($data = '', $options = Array, $replace = false) F:\xampp\htdocs\DreamCMS\Model\Adomodel\AdminAuthControllerModel.class.php 第 72 行.
SQL: SHOW COLUMNS FROM `ur7_admin_auth_controller` [ RunTime:0.0050s ]
SQL: SELECT * FROM `ur7_admin_auth_controller` WHERE `gid` = 5  [ RunTime:0.0010s ]
SQL: SELECT * FROM `ur7_admin_auth_action` WHERE `gid` = 5 AND `isshow` = 1  [ RunTime:0.0020s ]
INFO: [ app_end ] --START--
INFO: Run Behavior\ShowPageTraceBehavior [ RunTime:0.001000s ]
INFO: [ app_end ] --END-- [ RunTime:0.001000s ]

[ 2015-02-27T20:46:07+08:00 ] 127.0.0.1 /DreamCMS/Admin.php/Index/Index/getleftmenu.html
INFO: [ app_init ] --START--
INFO: Run Behavior\BuildLiteBehavior [ RunTime:0.000000s ]
INFO: [ app_init ] --END-- [ RunTime:0.000000s ]
INFO: [ app_begin ] --START--
INFO: Run Behavior\ReadHtmlCacheBehavior [ RunTime:0.000000s ]
INFO: Run Behavior\FlChkLangBehavior [ RunTime:0.001000s ]
INFO: [ app_begin ] --END-- [ RunTime:0.002000s ]
NOTIC: [2048] Declaration of Auth\Controller\AuthbaseController::display() should be compatible with Think\Controller::display($templateFile = '', $charset = '', $contentType = '', $content = '', $prefix = '') F:\xampp\htdocs\DreamCMS\Admin\Auth\Controller\AuthbaseController.class.php 第 8 行.
NOTIC: [8] Use of undefined constant TMPL_PATH - assumed 'TMPL_PATH' F:\xampp\htdocs\DreamCMS\Admin\Common\Controller\AdminbaseController.class.php 第 14 行.
SQL: SHOW COLUMNS FROM `ur7_language` [ RunTime:0.0030s ]
SQL: SHOW COLUMNS FROM `ur7_admin_auth_group` [ RunTime:0.0040s ]
SQL: SELECT * FROM `ur7_admin_auth_group` ORDER BY sort  [ RunTime:0.0000s ]
SQL: SHOW COLUMNS FROM `ur7_admin_auth_action` [ RunTime:0.0040s ]
SQL: SELECT * FROM `ur7_admin_auth_action` WHERE `group` = 'Index' AND `controller` = 'Index' AND `action` = 'getleftmenu' LIMIT 1   [ RunTime:0.0000s ]
NOTIC: [2048] Declaration of Model\Adomodel\AdminAuthControllerModel::add() should be compatible with Think\Model::add($data = '', $options = Array, $replace = false) F:\xampp\htdocs\DreamCMS\Model\Adomodel\AdminAuthControllerModel.class.php 第 72 行.
SQL: SHOW COLUMNS FROM `ur7_admin_auth_controller` [ RunTime:0.0040s ]
SQL: SELECT * FROM `ur7_admin_auth_controller` WHERE `gid` = 5  [ RunTime:0.0010s ]
SQL: SELECT * FROM `ur7_admin_auth_action` WHERE `gid` = 5 AND `isshow` = 1  [ RunTime:0.0010s ]
INFO: [ app_end ] --START--
INFO: Run Behavior\ShowPageTraceBehavior [ RunTime:0.002000s ]
INFO: [ app_end ] --END-- [ RunTime:0.002000s ]

[ 2015-02-27T20:52:24+08:00 ] 127.0.0.1 /DreamCMS/Admin.php/Index/Index/getleftmenu.html
INFO: [ app_init ] --START--
INFO: Run Behavior\BuildLiteBehavior [ RunTime:0.000000s ]
INFO: [ app_init ] --END-- [ RunTime:0.001000s ]
INFO: [ app_begin ] --START--
INFO: Run Behavior\ReadHtmlCacheBehavior [ RunTime:0.001000s ]
INFO: Run Behavior\FlChkLangBehavior [ RunTime:0.003000s ]
INFO: [ app_begin ] --END-- [ RunTime:0.005000s ]
NOTIC: [2048] Declaration of Auth\Controller\AuthbaseController::display() should be compatible with Think\Controller::display($templateFile = '', $charset = '', $contentType = '', $content = '', $prefix = '') F:\xampp\htdocs\DreamCMS\Admin\Auth\Controller\AuthbaseController.class.php 第 8 行.
NOTIC: [8] Use of undefined constant TMPL_PATH - assumed 'TMPL_PATH' F:\xampp\htdocs\DreamCMS\Admin\Common\Controller\AdminbaseController.class.php 第 14 行.
SQL: SHOW COLUMNS FROM `ur7_language` [ RunTime:0.0060s ]
SQL: SHOW COLUMNS FROM `ur7_admin_auth_group` [ RunTime:0.0070s ]
SQL: SELECT * FROM `ur7_admin_auth_group` ORDER BY sort  [ RunTime:0.0020s ]
SQL: SHOW COLUMNS FROM `ur7_admin_auth_action` [ RunTime:0.0040s ]
SQL: SELECT * FROM `ur7_admin_auth_action` WHERE `group` = 'Index' AND `controller` = 'Index' AND `action` = 'getleftmenu' LIMIT 1   [ RunTime:0.0010s ]
NOTIC: [2048] Declaration of Model\Adomodel\AdminAuthControllerModel::add() should be compatible with Think\Model::add($data = '', $options = Array, $replace = false) F:\xampp\htdocs\DreamCMS\Model\Adomodel\AdminAuthControllerModel.class.php 第 72 行.
SQL: SHOW COLUMNS FROM `ur7_admin_auth_controller` [ RunTime:0.0070s ]
SQL: SELECT * FROM `ur7_admin_auth_controller` WHERE `gid` = 5  [ RunTime:0.0010s ]
SQL: SELECT * FROM `ur7_admin_auth_action` WHERE `gid` = 5 AND `isshow` = 1  [ RunTime:0.0010s ]
INFO: [ app_end ] --START--
INFO: Run Behavior\ShowPageTraceBehavior [ RunTime:0.001000s ]
INFO: [ app_end ] --END-- [ RunTime:0.001000s ]

[ 2015-02-27T20:55:29+08:00 ] 127.0.0.1 /DreamCMS/Admin.php/Index/Index/getleftmenu.html
INFO: [ app_init ] --START--
INFO: Run Behavior\BuildLiteBehavior [ RunTime:0.000000s ]
INFO: [ app_init ] --END-- [ RunTime:0.001000s ]
INFO: [ app_begin ] --START--
INFO: Run Behavior\ReadHtmlCacheBehavior [ RunTime:0.001000s ]
INFO: Run Behavior\FlChkLangBehavior [ RunTime:0.002001s ]
INFO: [ app_begin ] --END-- [ RunTime:0.004001s ]
NOTIC: [2048] Declaration of Auth\Controller\AuthbaseController::display() should be compatible with Think\Controller::display($templateFile = '', $charset = '', $contentType = '', $content = '', $prefix = '') F:\xampp\htdocs\DreamCMS\Admin\Auth\Controller\AuthbaseController.class.php 第 8 行.
NOTIC: [8] Use of undefined constant TMPL_PATH - assumed 'TMPL_PATH' F:\xampp\htdocs\DreamCMS\Admin\Common\Controller\AdminbaseController.class.php 第 14 行.
SQL: SHOW COLUMNS FROM `ur7_language` [ RunTime:0.0080s ]
SQL: SHOW COLUMNS FROM `ur7_admin_auth_group` [ RunTime:0.0040s ]
SQL: SELECT * FROM `ur7_admin_auth_group` ORDER BY sort  [ RunTime:0.0010s ]
SQL: SHOW COLUMNS FROM `ur7_admin_auth_action` [ RunTime:0.0040s ]
SQL: SELECT * FROM `ur7_admin_auth_action` WHERE `group` = 'Index' AND `controller` = 'Index' AND `action` = 'getleftmenu' LIMIT 1   [ RunTime:0.0000s ]
NOTIC: [2048] Declaration of Model\Adomodel\AdminAuthControllerModel::add() should be compatible with Think\Model::add($data = '', $options = Array, $replace = false) F:\xampp\htdocs\DreamCMS\Model\Adomodel\AdminAuthControllerModel.class.php 第 72 行.
SQL: SHOW COLUMNS FROM `ur7_admin_auth_controller` [ RunTime:0.0030s ]
SQL: SELECT * FROM `ur7_admin_auth_controller` WHERE `gid` = 5  [ RunTime:0.0000s ]
SQL: SELECT * FROM `ur7_admin_auth_action` WHERE `gid` = 5 AND `isshow` = 1  [ RunTime:0.0010s ]
INFO: [ app_end ] --START--
INFO: Run Behavior\ShowPageTraceBehavior [ RunTime:0.001000s ]
INFO: [ app_end ] --END-- [ RunTime:0.001000s ]

[ 2015-02-27T20:56:34+08:00 ] 127.0.0.1 /DreamCMS/Admin.php/Index/Index/getleftmenu.html
INFO: [ app_init ] --START--
INFO: Run Behavior\BuildLiteBehavior [ RunTime:0.000000s ]
INFO: [ app_init ] --END-- [ RunTime:0.001000s ]
INFO: [ app_begin ] --START--
INFO: Run Behavior\ReadHtmlCacheBehavior [ RunTime:0.001000s ]
INFO: Run Behavior\FlChkLangBehavior [ RunTime:0.002000s ]
INFO: [ app_begin ] --END-- [ RunTime:0.003000s ]
NOTIC: [2048] Declaration of Auth\Controller\AuthbaseController::display() should be compatible with Think\Controller::display($templateFile = '', $charset = '', $contentType = '', $content = '', $prefix = '') F:\xampp\htdocs\DreamCMS\Admin\Auth\Controller\AuthbaseController.class.php 第 8 行.
NOTIC: [8] Use of undefined constant TMPL_PATH - assumed 'TMPL_PATH' F:\xampp\htdocs\DreamCMS\Admin\Common\Controller\AdminbaseController.class.php 第 14 行.
SQL: SHOW COLUMNS FROM `ur7_language` [ RunTime:0.0040s ]
SQL: SHOW COLUMNS FROM `ur7_admin_auth_group` [ RunTime:0.0040s ]
SQL: SELECT * FROM `ur7_admin_auth_group` ORDER BY sort  [ RunTime:0.0010s ]
SQL: SHOW COLUMNS FROM `ur7_admin_auth_action` [ RunTime:0.0060s ]
SQL: SELECT * FROM `ur7_admin_auth_action` WHERE `group` = 'Index' AND `controller` = 'Index' AND `action` = 'getleftmenu' LIMIT 1   [ RunTime:0.0000s ]
NOTIC: [2048] Declaration of Model\Adomodel\AdminAuthControllerModel::add() should be compatible with Think\Model::add($data = '', $options = Array, $replace = false) F:\xampp\htdocs\DreamCMS\Model\Adomodel\AdminAuthControllerModel.class.php 第 72 行.
SQL: SHOW COLUMNS FROM `ur7_admin_auth_controller` [ RunTime:0.0040s ]
SQL: SELECT * FROM `ur7_admin_auth_controller` WHERE `gid` = 5  [ RunTime:0.0000s ]
SQL: SELECT * FROM `ur7_admin_auth_action` WHERE `gid` = 5 AND `isshow` = 1  [ RunTime:0.0000s ]
INFO: [ app_end ] --START--
INFO: Run Behavior\ShowPageTraceBehavior [ RunTime:0.001000s ]
INFO: [ app_end ] --END-- [ RunTime:0.001000s ]

[ 2015-02-27T20:57:38+08:00 ] 127.0.0.1 /DreamCMS/Admin.php/Index/Index/getleftmenu.html
INFO: [ app_init ] --START--
INFO: Run Behavior\BuildLiteBehavior [ RunTime:0.000000s ]
INFO: [ app_init ] --END-- [ RunTime:0.001000s ]
INFO: [ app_begin ] --START--
INFO: Run Behavior\ReadHtmlCacheBehavior [ RunTime:0.001000s ]
INFO: Run Behavior\FlChkLangBehavior [ RunTime:0.002000s ]
INFO: [ app_begin ] --END-- [ RunTime:0.003000s ]
NOTIC: [2048] Declaration of Auth\Controller\AuthbaseController::display() should be compatible with Think\Controller::display($templateFile = '', $charset = '', $contentType = '', $content = '', $prefix = '') F:\xampp\htdocs\DreamCMS\Admin\Auth\Controller\AuthbaseController.class.php 第 8 行.
NOTIC: [8] Use of undefined constant TMPL_PATH - assumed 'TMPL_PATH' F:\xampp\htdocs\DreamCMS\Admin\Common\Controller\AdminbaseController.class.php 第 14 行.
SQL: SHOW COLUMNS FROM `ur7_language` [ RunTime:0.0040s ]
SQL: SHOW COLUMNS FROM `ur7_admin_auth_group` [ RunTime:0.0040s ]
SQL: SELECT * FROM `ur7_admin_auth_group` ORDER BY sort  [ RunTime:0.0010s ]
SQL: SHOW COLUMNS FROM `ur7_admin_auth_action` [ RunTime:0.0060s ]
SQL: SELECT * FROM `ur7_admin_auth_action` WHERE `group` = 'Index' AND `controller` = 'Index' AND `action` = 'getleftmenu' LIMIT 1   [ RunTime:0.0000s ]
NOTIC: [2048] Declaration of Model\Adomodel\AdminAuthControllerModel::add() should be compatible with Think\Model::add($data = '', $options = Array, $replace = false) F:\xampp\htdocs\DreamCMS\Model\Adomodel\AdminAuthControllerModel.class.php 第 72 行.
SQL: SHOW COLUMNS FROM `ur7_admin_auth_controller` [ RunTime:0.0040s ]
SQL: SELECT * FROM `ur7_admin_auth_controller` WHERE `gid` = 5  [ RunTime:0.0010s ]
SQL: SELECT * FROM `ur7_admin_auth_action` WHERE `gid` = 5 AND `isshow` = 1  [ RunTime:0.0000s ]
INFO: [ app_end ] --START--
INFO: Run Behavior\ShowPageTraceBehavior [ RunTime:0.002000s ]
INFO: [ app_end ] --END-- [ RunTime:0.002000s ]

[ 2015-02-27T20:58:54+08:00 ] 127.0.0.1 /DreamCMS/Admin.php/Index/Index/getleftmenu.html
INFO: [ app_init ] --START--
INFO: Run Behavior\BuildLiteBehavior [ RunTime:0.000000s ]
INFO: [ app_init ] --END-- [ RunTime:0.001000s ]
INFO: [ app_begin ] --START--
INFO: Run Behavior\ReadHtmlCacheBehavior [ RunTime:0.001000s ]
INFO: Run Behavior\FlChkLangBehavior [ RunTime:0.002000s ]
INFO: [ app_begin ] --END-- [ RunTime:0.003000s ]
NOTIC: [2048] Declaration of Auth\Controller\AuthbaseController::display() should be compatible with Think\Controller::display($templateFile = '', $charset = '', $contentType = '', $content = '', $prefix = '') F:\xampp\htdocs\DreamCMS\Admin\Auth\Controller\AuthbaseController.class.php 第 8 行.
NOTIC: [8] Use of undefined constant TMPL_PATH - assumed 'TMPL_PATH' F:\xampp\htdocs\DreamCMS\Admin\Common\Controller\AdminbaseController.class.php 第 14 行.
SQL: SHOW COLUMNS FROM `ur7_language` [ RunTime:0.0050s ]
SQL: SHOW COLUMNS FROM `ur7_admin_auth_group` [ RunTime:0.0040s ]
SQL: SELECT * FROM `ur7_admin_auth_group` ORDER BY sort  [ RunTime:0.0000s ]
SQL: SHOW COLUMNS FROM `ur7_admin_auth_action` [ RunTime:0.0060s ]
SQL: SELECT * FROM `ur7_admin_auth_action` WHERE `group` = 'Index' AND `controller` = 'Index' AND `action` = 'getleftmenu' LIMIT 1   [ RunTime:0.0010s ]
NOTIC: [2048] Declaration of Model\Adomodel\AdminAuthControllerModel::add() should be compatible with Think\Model::add($data = '', $options = Array, $replace = false) F:\xampp\htdocs\DreamCMS\Model\Adomodel\AdminAuthControllerModel.class.php 第 72 行.
SQL: SHOW COLUMNS FROM `ur7_admin_auth_controller` [ RunTime:0.0030s ]
SQL: SELECT * FROM `ur7_admin_auth_controller` WHERE `gid` = 5  [ RunTime:0.0000s ]
SQL: SELECT * FROM `ur7_admin_auth_action` WHERE `gid` = 5 AND `isshow` = 1  [ RunTime:0.0010s ]
INFO: [ app_end ] --START--
INFO: Run Behavior\ShowPageTraceBehavior [ RunTime:0.001000s ]
INFO: [ app_end ] --END-- [ RunTime:0.001000s ]

[ 2015-02-27T20:59:09+08:00 ] 127.0.0.1 /DreamCMS/Admin.php/Index/Index/getleftmenu.html
INFO: [ app_init ] --START--
INFO: Run Behavior\BuildLiteBehavior [ RunTime:0.000000s ]
INFO: [ app_init ] --END-- [ RunTime:0.001000s ]
INFO: [ app_begin ] --START--
INFO: Run Behavior\ReadHtmlCacheBehavior [ RunTime:0.001000s ]
INFO: Run Behavior\FlChkLangBehavior [ RunTime:0.003000s ]
INFO: [ app_begin ] --END-- [ RunTime:0.004000s ]
NOTIC: [2048] Declaration of Auth\Controller\AuthbaseController::display() should be compatible with Think\Controller::display($templateFile = '', $charset = '', $contentType = '', $content = '', $prefix = '') F:\xampp\htdocs\DreamCMS\Admin\Auth\Controller\AuthbaseController.class.php 第 8 行.
NOTIC: [8] Use of undefined constant TMPL_PATH - assumed 'TMPL_PATH' F:\xampp\htdocs\DreamCMS\Admin\Common\Controller\AdminbaseController.class.php 第 14 行.
SQL: SHOW COLUMNS FROM `ur7_language` [ RunTime:0.0130s ]
SQL: SHOW COLUMNS FROM `ur7_admin_auth_group` [ RunTime:0.0050s ]
SQL: SELECT * FROM `ur7_admin_auth_group` ORDER BY sort  [ RunTime:0.0010s ]
SQL: SHOW COLUMNS FROM `ur7_admin_auth_action` [ RunTime:0.0050s ]
SQL: SELECT * FROM `ur7_admin_auth_action` WHERE `group` = 'Index' AND `controller` = 'Index' AND `action` = 'getleftmenu' LIMIT 1   [ RunTime:0.0010s ]
NOTIC: [2048] Declaration of Model\Adomodel\AdminAuthControllerModel::add() should be compatible with Think\Model::add($data = '', $options = Array, $replace = false) F:\xampp\htdocs\DreamCMS\Model\Adomodel\AdminAuthControllerModel.class.php 第 72 行.
SQL: SHOW COLUMNS FROM `ur7_admin_auth_controller` [ RunTime:0.0050s ]
SQL: SELECT * FROM `ur7_admin_auth_controller` WHERE `gid` = 5  [ RunTime:0.0000s ]
SQL: SELECT * FROM `ur7_admin_auth_action` WHERE `gid` = 5 AND `isshow` = 1  [ RunTime:0.0000s ]
INFO: [ app_end ] --START--
INFO: Run Behavior\ShowPageTraceBehavior [ RunTime:0.002000s ]
INFO: [ app_end ] --END-- [ RunTime:0.002000s ]

[ 2015-02-27T20:59:41+08:00 ] 127.0.0.1 /DreamCMS/Admin.php/Index/Index/getleftmenu.html
INFO: [ app_init ] --START--
INFO: Run Behavior\BuildLiteBehavior [ RunTime:0.000000s ]
INFO: [ app_init ] --END-- [ RunTime:0.001000s ]
INFO: [ app_begin ] --START--
INFO: Run Behavior\ReadHtmlCacheBehavior [ RunTime:0.001000s ]
INFO: Run Behavior\FlChkLangBehavior [ RunTime:0.001000s ]
INFO: [ app_begin ] --END-- [ RunTime:0.003000s ]
NOTIC: [2048] Declaration of Auth\Controller\AuthbaseController::display() should be compatible with Think\Controller::display($templateFile = '', $charset = '', $contentType = '', $content = '', $prefix = '') F:\xampp\htdocs\DreamCMS\Admin\Auth\Controller\AuthbaseController.class.php 第 8 行.
NOTIC: [8] Use of undefined constant TMPL_PATH - assumed 'TMPL_PATH' F:\xampp\htdocs\DreamCMS\Admin\Common\Controller\AdminbaseController.class.php 第 14 行.
SQL: SHOW COLUMNS FROM `ur7_language` [ RunTime:0.0040s ]
SQL: SHOW COLUMNS FROM `ur7_admin_auth_group` [ RunTime:0.0030s ]
SQL: SELECT * FROM `ur7_admin_auth_group` ORDER BY sort  [ RunTime:0.0010s ]
SQL: SHOW COLUMNS FROM `ur7_admin_auth_action` [ RunTime:0.0040s ]
SQL: SELECT * FROM `ur7_admin_auth_action` WHERE `group` = 'Index' AND `controller` = 'Index' AND `action` = 'getleftmenu' LIMIT 1   [ RunTime:0.0010s ]
NOTIC: [2048] Declaration of Model\Adomodel\AdminAuthControllerModel::add() should be compatible with Think\Model::add($data = '', $options = Array, $replace = false) F:\xampp\htdocs\DreamCMS\Model\Adomodel\AdminAuthControllerModel.class.php 第 72 行.
SQL: SHOW COLUMNS FROM `ur7_admin_auth_controller` [ RunTime:0.0040s ]
SQL: SELECT * FROM `ur7_admin_auth_controller` WHERE `gid` = 5  [ RunTime:0.0000s ]
SQL: SELECT * FROM `ur7_admin_auth_action` WHERE `gid` = 5 AND `isshow` = 1  [ RunTime:0.0010s ]
INFO: [ app_end ] --START--
INFO: Run Behavior\ShowPageTraceBehavior [ RunTime:0.001000s ]
INFO: [ app_end ] --END-- [ RunTime:0.001000s ]

[ 2015-02-27T21:07:19+08:00 ] 127.0.0.1 /DreamCMS/Admin.php/Index/Index/getleftmenu.html
INFO: [ app_init ] --START--
INFO: Run Behavior\BuildLiteBehavior [ RunTime:0.000000s ]
INFO: [ app_init ] --END-- [ RunTime:0.001000s ]
INFO: [ app_begin ] --START--
INFO: Run Behavior\ReadHtmlCacheBehavior [ RunTime:0.001000s ]
INFO: Run Behavior\FlChkLangBehavior [ RunTime:0.002000s ]
INFO: [ app_begin ] --END-- [ RunTime:0.003000s ]
NOTIC: [2048] Declaration of Auth\Controller\AuthbaseController::display() should be compatible with Think\Controller::display($templateFile = '', $charset = '', $contentType = '', $content = '', $prefix = '') F:\xampp\htdocs\DreamCMS\Admin\Auth\Controller\AuthbaseController.class.php 第 8 行.
NOTIC: [8] Use of undefined constant TMPL_PATH - assumed 'TMPL_PATH' F:\xampp\htdocs\DreamCMS\Admin\Common\Controller\AdminbaseController.class.php 第 14 行.
SQL: SHOW COLUMNS FROM `ur7_language` [ RunTime:0.0050s ]
SQL: SHOW COLUMNS FROM `ur7_admin_auth_group` [ RunTime:0.0050s ]
SQL: SELECT * FROM `ur7_admin_auth_group` ORDER BY sort  [ RunTime:0.0010s ]
SQL: SHOW COLUMNS FROM `ur7_admin_auth_action` [ RunTime:0.0040s ]
SQL: SELECT * FROM `ur7_admin_auth_action` WHERE `group` = 'Index' AND `controller` = 'Index' AND `action` = 'getleftmenu' LIMIT 1   [ RunTime:0.0010s ]
NOTIC: [2048] Declaration of Model\Adomodel\AdminAuthControllerModel::add() should be compatible with Think\Model::add($data = '', $options = Array, $replace = false) F:\xampp\htdocs\DreamCMS\Model\Adomodel\AdminAuthControllerModel.class.php 第 72 行.
SQL: SHOW COLUMNS FROM `ur7_admin_auth_controller` [ RunTime:0.0040s ]
SQL: SELECT * FROM `ur7_admin_auth_controller` WHERE `gid` = 5  [ RunTime:0.0010s ]
SQL: SELECT * FROM `ur7_admin_auth_action` WHERE `gid` = 5 AND `isshow` = 1  [ RunTime:0.0010s ]
INFO: [ app_end ] --START--
INFO: Run Behavior\ShowPageTraceBehavior [ RunTime:0.002001s ]
INFO: [ app_end ] --END-- [ RunTime:0.002001s ]

[ 2015-02-27T21:07:34+08:00 ] 127.0.0.1 /DreamCMS/Admin.php/Index/Index/getleftmenu.html
INFO: [ app_init ] --START--
INFO: Run Behavior\BuildLiteBehavior [ RunTime:0.000000s ]
INFO: [ app_init ] --END-- [ RunTime:0.001000s ]
INFO: [ app_begin ] --START--
INFO: Run Behavior\ReadHtmlCacheBehavior [ RunTime:0.001000s ]
INFO: Run Behavior\FlChkLangBehavior [ RunTime:0.003000s ]
INFO: [ app_begin ] --END-- [ RunTime:0.004000s ]
NOTIC: [2048] Declaration of Auth\Controller\AuthbaseController::display() should be compatible with Think\Controller::display($templateFile = '', $charset = '', $contentType = '', $content = '', $prefix = '') F:\xampp\htdocs\DreamCMS\Admin\Auth\Controller\AuthbaseController.class.php 第 8 行.
NOTIC: [8] Use of undefined constant TMPL_PATH - assumed 'TMPL_PATH' F:\xampp\htdocs\DreamCMS\Admin\Common\Controller\AdminbaseController.class.php 第 14 行.
SQL: SHOW COLUMNS FROM `ur7_language` [ RunTime:0.0040s ]
SQL: SHOW COLUMNS FROM `ur7_admin_auth_group` [ RunTime:0.0040s ]
SQL: SELECT * FROM `ur7_admin_auth_group` ORDER BY sort  [ RunTime:0.0000s ]
SQL: SHOW COLUMNS FROM `ur7_admin_auth_action` [ RunTime:0.0050s ]
SQL: SELECT * FROM `ur7_admin_auth_action` WHERE `group` = 'Index' AND `controller` = 'Index' AND `action` = 'getleftmenu' LIMIT 1   [ RunTime:0.0010s ]
NOTIC: [2048] Declaration of Model\Adomodel\AdminAuthControllerModel::add() should be compatible with Think\Model::add($data = '', $options = Array, $replace = false) F:\xampp\htdocs\DreamCMS\Model\Adomodel\AdminAuthControllerModel.class.php 第 72 行.
SQL: SHOW COLUMNS FROM `ur7_admin_auth_controller` [ RunTime:0.0040s ]
SQL: SELECT * FROM `ur7_admin_auth_controller` WHERE `gid` = 5  [ RunTime:0.0010s ]
SQL: SELECT * FROM `ur7_admin_auth_action` WHERE `gid` = 5 AND `isshow` = 1  [ RunTime:0.0010s ]
INFO: [ app_end ] --START--
INFO: Run Behavior\ShowPageTraceBehavior [ RunTime:0.001000s ]
INFO: [ app_end ] --END-- [ RunTime:0.001000s ]

[ 2015-02-27T21:14:57+08:00 ] 127.0.0.1 /DreamCMS/Admin.php/Index/Index/getleftmenu.html
INFO: [ app_init ] --START--
INFO: Run Behavior\BuildLiteBehavior [ RunTime:0.000000s ]
INFO: [ app_init ] --END-- [ RunTime:0.001000s ]
INFO: [ app_begin ] --START--
INFO: Run Behavior\ReadHtmlCacheBehavior [ RunTime:0.000000s ]
INFO: Run Behavior\FlChkLangBehavior [ RunTime:0.002000s ]
INFO: [ app_begin ] --END-- [ RunTime:0.003000s ]
NOTIC: [2048] Declaration of Auth\Controller\AuthbaseController::display() should be compatible with Think\Controller::display($templateFile = '', $charset = '', $contentType = '', $content = '', $prefix = '') F:\xampp\htdocs\DreamCMS\Admin\Auth\Controller\AuthbaseController.class.php 第 8 行.
NOTIC: [8] Use of undefined constant TMPL_PATH - assumed 'TMPL_PATH' F:\xampp\htdocs\DreamCMS\Admin\Common\Controller\AdminbaseController.class.php 第 14 行.
SQL: SHOW COLUMNS FROM `ur7_language` [ RunTime:0.0040s ]
SQL: SHOW COLUMNS FROM `ur7_admin_auth_group` [ RunTime:0.0050s ]
SQL: SELECT * FROM `ur7_admin_auth_group` ORDER BY sort  [ RunTime:0.0010s ]
SQL: SHOW COLUMNS FROM `ur7_admin_auth_action` [ RunTime:0.0070s ]
SQL: SELECT * FROM `ur7_admin_auth_action` WHERE `group` = 'Index' AND `controller` = 'Index' AND `action` = 'getleftmenu' LIMIT 1   [ RunTime:0.0010s ]
NOTIC: [2048] Declaration of Model\Adomodel\AdminAuthControllerModel::add() should be compatible with Think\Model::add($data = '', $options = Array, $replace = false) F:\xampp\htdocs\DreamCMS\Model\Adomodel\AdminAuthControllerModel.class.php 第 72 行.
SQL: SHOW COLUMNS FROM `ur7_admin_auth_controller` [ RunTime:0.0050s ]
SQL: SELECT * FROM `ur7_admin_auth_controller` WHERE `gid` = 5  [ RunTime:0.0000s ]
SQL: SELECT * FROM `ur7_admin_auth_action` WHERE `gid` = 5 AND `isshow` = 1  [ RunTime:0.0020s ]
INFO: [ app_end ] --START--
INFO: Run Behavior\ShowPageTraceBehavior [ RunTime:0.001000s ]
INFO: [ app_end ] --END-- [ RunTime:0.001000s ]

[ 2015-02-27T21:15:24+08:00 ] 127.0.0.1 /DreamCMS/Admin.php/Index/Index/getleftmenu.html
INFO: [ app_init ] --START--
INFO: Run Behavior\BuildLiteBehavior [ RunTime:0.000000s ]
INFO: [ app_init ] --END-- [ RunTime:0.001000s ]
INFO: [ app_begin ] --START--
INFO: Run Behavior\ReadHtmlCacheBehavior [ RunTime:0.001000s ]
INFO: Run Behavior\FlChkLangBehavior [ RunTime:0.002000s ]
INFO: [ app_begin ] --END-- [ RunTime:0.003000s ]
NOTIC: [2048] Declaration of Auth\Controller\AuthbaseController::display() should be compatible with Think\Controller::display($templateFile = '', $charset = '', $contentType = '', $content = '', $prefix = '') F:\xampp\htdocs\DreamCMS\Admin\Auth\Controller\AuthbaseController.class.php 第 8 行.
NOTIC: [8] Use of undefined constant TMPL_PATH - assumed 'TMPL_PATH' F:\xampp\htdocs\DreamCMS\Admin\Common\Controller\AdminbaseController.class.php 第 14 行.
SQL: SHOW COLUMNS FROM `ur7_language` [ RunTime:0.0040s ]
SQL: SHOW COLUMNS FROM `ur7_admin_auth_group` [ RunTime:0.0050s ]
SQL: SELECT * FROM `ur7_admin_auth_group` ORDER BY sort  [ RunTime:0.0000s ]
SQL: SHOW COLUMNS FROM `ur7_admin_auth_action` [ RunTime:0.0060s ]
SQL: SELECT * FROM `ur7_admin_auth_action` WHERE `group` = 'Index' AND `controller` = 'Index' AND `action` = 'getleftmenu' LIMIT 1   [ RunTime:0.0010s ]
NOTIC: [2048] Declaration of Model\Adomodel\AdminAuthControllerModel::add() should be compatible with Think\Model::add($data = '', $options = Array, $replace = false) F:\xampp\htdocs\DreamCMS\Model\Adomodel\AdminAuthControllerModel.class.php 第 72 行.
SQL: SHOW COLUMNS FROM `ur7_admin_auth_controller` [ RunTime:0.0040s ]
SQL: SELECT * FROM `ur7_admin_auth_controller` WHERE `gid` = 5  [ RunTime:0.0000s ]
SQL: SELECT * FROM `ur7_admin_auth_action` WHERE `gid` = 5 AND `isshow` = 1  [ RunTime:0.0000s ]
INFO: [ app_end ] --START--
INFO: Run Behavior\ShowPageTraceBehavior [ RunTime:0.001000s ]
INFO: [ app_end ] --END-- [ RunTime:0.001000s ]

[ 2015-02-27T21:17:50+08:00 ] 127.0.0.1 /DreamCMS/Admin.php/Index/Index/getleftmenu.html
INFO: [ app_init ] --START--
INFO: Run Behavior\BuildLiteBehavior [ RunTime:0.000000s ]
INFO: [ app_init ] --END-- [ RunTime:0.001000s ]
INFO: [ app_begin ] --START--
INFO: Run Behavior\ReadHtmlCacheBehavior [ RunTime:0.000000s ]
INFO: Run Behavior\FlChkLangBehavior [ RunTime:0.003000s ]
INFO: [ app_begin ] --END-- [ RunTime:0.004000s ]
NOTIC: [2048] Declaration of Auth\Controller\AuthbaseController::display() should be compatible with Think\Controller::display($templateFile = '', $charset = '', $contentType = '', $content = '', $prefix = '') F:\xampp\htdocs\DreamCMS\Admin\Auth\Controller\AuthbaseController.class.php 第 8 行.
NOTIC: [8] Use of undefined constant TMPL_PATH - assumed 'TMPL_PATH' F:\xampp\htdocs\DreamCMS\Admin\Common\Controller\AdminbaseController.class.php 第 14 行.
SQL: SHOW COLUMNS FROM `ur7_language` [ RunTime:0.0040s ]
SQL: SHOW COLUMNS FROM `ur7_admin_auth_group` [ RunTime:0.0040s ]
SQL: SELECT * FROM `ur7_admin_auth_group` ORDER BY sort  [ RunTime:0.0010s ]
SQL: SHOW COLUMNS FROM `ur7_admin_auth_action` [ RunTime:0.0040s ]
SQL: SELECT * FROM `ur7_admin_auth_action` WHERE `group` = 'Index' AND `controller` = 'Index' AND `action` = 'getleftmenu' LIMIT 1   [ RunTime:0.0000s ]
NOTIC: [2048] Declaration of Model\Adomodel\AdminAuthControllerModel::add() should be compatible with Think\Model::add($data = '', $options = Array, $replace = false) F:\xampp\htdocs\DreamCMS\Model\Adomodel\AdminAuthControllerModel.class.php 第 72 行.
SQL: SHOW COLUMNS FROM `ur7_admin_auth_controller` [ RunTime:0.0040s ]
SQL: SELECT * FROM `ur7_admin_auth_controller` WHERE `gid` = 5  [ RunTime:0.0010s ]
SQL: SELECT * FROM `ur7_admin_auth_action` WHERE `gid` = 5 AND `isshow` = 1  [ RunTime:0.0000s ]
INFO: [ app_end ] --START--
INFO: Run Behavior\ShowPageTraceBehavior [ RunTime:0.001001s ]
INFO: [ app_end ] --END-- [ RunTime:0.001001s ]

[ 2015-02-27T21:24:48+08:00 ] 127.0.0.1 /DreamCMS/Admin.php/Index/Index/getleftmenu.html
INFO: [ app_init ] --START--
INFO: Run Behavior\BuildLiteBehavior [ RunTime:0.000000s ]
INFO: [ app_init ] --END-- [ RunTime:0.001000s ]
INFO: [ app_begin ] --START--
INFO: Run Behavior\ReadHtmlCacheBehavior [ RunTime:0.000000s ]
INFO: Run Behavior\FlChkLangBehavior [ RunTime:0.001000s ]
INFO: [ app_begin ] --END-- [ RunTime:0.002000s ]
NOTIC: [2048] Declaration of Auth\Controller\AuthbaseController::display() should be compatible with Think\Controller::display($templateFile = '', $charset = '', $contentType = '', $content = '', $prefix = '') F:\xampp\htdocs\DreamCMS\Admin\Auth\Controller\AuthbaseController.class.php 第 8 行.
NOTIC: [8] Use of undefined constant TMPL_PATH - assumed 'TMPL_PATH' F:\xampp\htdocs\DreamCMS\Admin\Common\Controller\AdminbaseController.class.php 第 14 行.
SQL: SHOW COLUMNS FROM `ur7_language` [ RunTime:0.0070s ]
SQL: SHOW COLUMNS FROM `ur7_admin_auth_group` [ RunTime:0.0040s ]
SQL: SELECT * FROM `ur7_admin_auth_group` ORDER BY sort  [ RunTime:0.0000s ]
SQL: SHOW COLUMNS FROM `ur7_admin_auth_action` [ RunTime:0.0040s ]
SQL: SELECT * FROM `ur7_admin_auth_action` WHERE `group` = 'Index' AND `controller` = 'Index' AND `action` = 'getleftmenu' LIMIT 1   [ RunTime:0.0000s ]
NOTIC: [2048] Declaration of Model\Adomodel\AdminAuthControllerModel::add() should be compatible with Think\Model::add($data = '', $options = Array, $replace = false) F:\xampp\htdocs\DreamCMS\Model\Adomodel\AdminAuthControllerModel.class.php 第 72 行.
SQL: SHOW COLUMNS FROM `ur7_admin_auth_controller` [ RunTime:0.0040s ]
SQL: SELECT * FROM `ur7_admin_auth_controller` WHERE `gid` = 5  [ RunTime:0.0000s ]
SQL: SELECT * FROM `ur7_admin_auth_action` WHERE `gid` = 5 AND `isshow` = 1  [ RunTime:0.0010s ]
INFO: [ app_end ] --START--
INFO: Run Behavior\ShowPageTraceBehavior [ RunTime:0.001000s ]
INFO: [ app_end ] --END-- [ RunTime:0.001000s ]

