[ 2015-04-07T09:32:24+08:00 ] 127.0.0.1 /DreamCMS/Admin.php/Index/Index/index.html
INFO: [ app_init ] --START--
INFO: Run Behavior\BuildLiteBehavior [ RunTime:0.000000s ]
INFO: [ app_init ] --END-- [ RunTime:0.001000s ]
INFO: [ app_begin ] --START--
INFO: Run Behavior\ReadHtmlCacheBehavior [ RunTime:0.001000s ]
INFO: Run Behavior\FlChkLangBehavior [ RunTime:0.002000s ]
INFO: [ app_begin ] --END-- [ RunTime:0.003000s ]
NOTIC: [2048] Declaration of Auth\Controller\AuthbaseController::display() should be compatible with Think\Controller::display($templateFile = '', $charset = '', $contentType = '', $content = '', $prefix = '') D:\xampp\htdocs\DreamCMS\Admin\Auth\Controller\AuthbaseController.class.php 第 8 行.
NOTIC: [8] Use of undefined constant TMPL_PATH - assumed 'TMPL_PATH' D:\xampp\htdocs\DreamCMS\Admin\Common\Controller\AdminbaseController.class.php 第 14 行.
SQL: SHOW COLUMNS FROM `ur7_language` [ RunTime:0.0040s ]
SQL: SHOW COLUMNS FROM `ur7_admin_auth_group` [ RunTime:0.0570s ]
SQL: SELECT * FROM `ur7_admin_auth_group` ORDER BY sort  [ RunTime:0.0000s ]
SQL: SHOW COLUMNS FROM `ur7_admin_auth_action` [ RunTime:0.0500s ]
SQL: SELECT * FROM `ur7_admin_auth_action` WHERE `group` = 'Index' AND `controller` = 'Index' AND `action` = 'index' LIMIT 1   [ RunTime:0.0010s ]
NOTIC: [8] Undefined variable: group_id D:\xampp\htdocs\DreamCMS\Template\Admin\bootstrap\Layout\layout.php 第 76 行.
NOTIC: [8] Undefined variable: controller_id D:\xampp\htdocs\DreamCMS\Template\Admin\bootstrap\Layout\layout.php 第 369 行.
NOTIC: [8] Undefined variable: action_id D:\xampp\htdocs\DreamCMS\Template\Admin\bootstrap\Layout\layout.php 第 385 行.
INFO: [ view_filter ] --START--
INFO: Run Behavior\WriteHtmlCacheBehavior [ RunTime:0.000000s ]
INFO: [ view_filter ] --END-- [ RunTime:0.002000s ]
INFO: [ app_end ] --START--
INFO: Run Behavior\ShowPageTraceBehavior [ RunTime:0.001000s ]
INFO: [ app_end ] --END-- [ RunTime:0.002000s ]

[ 2015-04-07T09:32:24+08:00 ] 127.0.0.1 /DreamCMS/Admin.php/Index/Index/getleftmenu.html
INFO: [ app_init ] --START--
INFO: Run Behavior\BuildLiteBehavior [ RunTime:0.000000s ]
INFO: [ app_init ] --END-- [ RunTime:0.000000s ]
INFO: [ app_begin ] --START--
INFO: Run Behavior\ReadHtmlCacheBehavior [ RunTime:0.001000s ]
INFO: Run Behavior\FlChkLangBehavior [ RunTime:0.001000s ]
INFO: [ app_begin ] --END-- [ RunTime:0.003000s ]
NOTIC: [2048] Declaration of Auth\Controller\AuthbaseController::display() should be compatible with Think\Controller::display($templateFile = '', $charset = '', $contentType = '', $content = '', $prefix = '') D:\xampp\htdocs\DreamCMS\Admin\Auth\Controller\AuthbaseController.class.php 第 8 行.
NOTIC: [8] Use of undefined constant TMPL_PATH - assumed 'TMPL_PATH' D:\xampp\htdocs\DreamCMS\Admin\Common\Controller\AdminbaseController.class.php 第 14 行.
SQL: SHOW COLUMNS FROM `ur7_language` [ RunTime:0.0210s ]
SQL: SHOW COLUMNS FROM `ur7_admin_auth_group` [ RunTime:0.0030s ]
SQL: SELECT * FROM `ur7_admin_auth_group` ORDER BY sort  [ RunTime:0.0010s ]
SQL: SHOW COLUMNS FROM `ur7_admin_auth_action` [ RunTime:0.0040s ]
SQL: SELECT * FROM `ur7_admin_auth_action` WHERE `group` = 'Index' AND `controller` = 'Index' AND `action` = 'getleftmenu' LIMIT 1   [ RunTime:0.0010s ]
NOTIC: [2048] Declaration of Model\Adomodel\AdminAuthControllerModel::add() should be compatible with Think\Model::add($data = '', $options = Array, $replace = false) D:\xampp\htdocs\DreamCMS\Model\Adomodel\AdminAuthControllerModel.class.php 第 72 行.
SQL: SHOW COLUMNS FROM `ur7_admin_auth_controller` [ RunTime:0.0360s ]
SQL: SELECT * FROM `ur7_admin_auth_controller` WHERE `gid` = 2  [ RunTime:0.0010s ]
SQL: SELECT * FROM `ur7_admin_auth_action` WHERE `gid` = 2 AND `isshow` = 1  [ RunTime:0.0000s ]
INFO: [ app_end ] --START--
INFO: Run Behavior\ShowPageTraceBehavior [ RunTime:0.001000s ]
INFO: [ app_end ] --END-- [ RunTime:0.001000s ]

[ 2015-04-07T09:32:26+08:00 ] 127.0.0.1 /DreamCMS/Admin.php/Index/Index/getleftmenu.html
INFO: [ app_init ] --START--
INFO: Run Behavior\BuildLiteBehavior [ RunTime:0.000000s ]
INFO: [ app_init ] --END-- [ RunTime:0.000000s ]
INFO: [ app_begin ] --START--
INFO: Run Behavior\ReadHtmlCacheBehavior [ RunTime:0.001000s ]
INFO: Run Behavior\FlChkLangBehavior [ RunTime:0.001000s ]
INFO: [ app_begin ] --END-- [ RunTime:0.002000s ]
NOTIC: [2048] Declaration of Auth\Controller\AuthbaseController::display() should be compatible with Think\Controller::display($templateFile = '', $charset = '', $contentType = '', $content = '', $prefix = '') D:\xampp\htdocs\DreamCMS\Admin\Auth\Controller\AuthbaseController.class.php 第 8 行.
NOTIC: [8] Use of undefined constant TMPL_PATH - assumed 'TMPL_PATH' D:\xampp\htdocs\DreamCMS\Admin\Common\Controller\AdminbaseController.class.php 第 14 行.
SQL: SHOW COLUMNS FROM `ur7_language` [ RunTime:0.0050s ]
SQL: SHOW COLUMNS FROM `ur7_admin_auth_group` [ RunTime:0.0050s ]
SQL: SELECT * FROM `ur7_admin_auth_group` ORDER BY sort  [ RunTime:0.0000s ]
SQL: SHOW COLUMNS FROM `ur7_admin_auth_action` [ RunTime:0.0040s ]
SQL: SELECT * FROM `ur7_admin_auth_action` WHERE `group` = 'Index' AND `controller` = 'Index' AND `action` = 'getleftmenu' LIMIT 1   [ RunTime:0.0000s ]
NOTIC: [2048] Declaration of Model\Adomodel\AdminAuthControllerModel::add() should be compatible with Think\Model::add($data = '', $options = Array, $replace = false) D:\xampp\htdocs\DreamCMS\Model\Adomodel\AdminAuthControllerModel.class.php 第 72 行.
SQL: SHOW COLUMNS FROM `ur7_admin_auth_controller` [ RunTime:0.0040s ]
SQL: SELECT * FROM `ur7_admin_auth_controller` WHERE `gid` = 6  [ RunTime:0.0010s ]
SQL: SELECT * FROM `ur7_admin_auth_action` WHERE `gid` = 6 AND `isshow` = 1  [ RunTime:0.0010s ]
INFO: [ app_end ] --START--
INFO: Run Behavior\ShowPageTraceBehavior [ RunTime:0.002000s ]
INFO: [ app_end ] --END-- [ RunTime:0.002000s ]

[ 2015-04-07T09:32:26+08:00 ] 127.0.0.1 /DreamCMS/Admin.php/Index/Index/getleftmenu.html
INFO: [ app_init ] --START--
INFO: Run Behavior\BuildLiteBehavior [ RunTime:0.000000s ]
INFO: [ app_init ] --END-- [ RunTime:0.001000s ]
INFO: [ app_begin ] --START--
INFO: Run Behavior\ReadHtmlCacheBehavior [ RunTime:0.000000s ]
INFO: Run Behavior\FlChkLangBehavior [ RunTime:0.001000s ]
INFO: [ app_begin ] --END-- [ RunTime:0.002000s ]
NOTIC: [2048] Declaration of Auth\Controller\AuthbaseController::display() should be compatible with Think\Controller::display($templateFile = '', $charset = '', $contentType = '', $content = '', $prefix = '') D:\xampp\htdocs\DreamCMS\Admin\Auth\Controller\AuthbaseController.class.php 第 8 行.
NOTIC: [8] Use of undefined constant TMPL_PATH - assumed 'TMPL_PATH' D:\xampp\htdocs\DreamCMS\Admin\Common\Controller\AdminbaseController.class.php 第 14 行.
SQL: SHOW COLUMNS FROM `ur7_language` [ RunTime:0.0040s ]
SQL: SHOW COLUMNS FROM `ur7_admin_auth_group` [ RunTime:0.0040s ]
SQL: SELECT * FROM `ur7_admin_auth_group` ORDER BY sort  [ RunTime:0.0000s ]
SQL: SHOW COLUMNS FROM `ur7_admin_auth_action` [ RunTime:0.0040s ]
SQL: SELECT * FROM `ur7_admin_auth_action` WHERE `group` = 'Index' AND `controller` = 'Index' AND `action` = 'getleftmenu' LIMIT 1   [ RunTime:0.0010s ]
NOTIC: [2048] Declaration of Model\Adomodel\AdminAuthControllerModel::add() should be compatible with Think\Model::add($data = '', $options = Array, $replace = false) D:\xampp\htdocs\DreamCMS\Model\Adomodel\AdminAuthControllerModel.class.php 第 72 行.
SQL: SHOW COLUMNS FROM `ur7_admin_auth_controller` [ RunTime:0.0050s ]
SQL: SELECT * FROM `ur7_admin_auth_controller` WHERE `gid` = 5  [ RunTime:0.0000s ]
SQL: SELECT * FROM `ur7_admin_auth_action` WHERE `gid` = 5 AND `isshow` = 1  [ RunTime:0.0010s ]
INFO: [ app_end ] --START--
INFO: Run Behavior\ShowPageTraceBehavior [ RunTime:0.001000s ]
INFO: [ app_end ] --END-- [ RunTime:0.002000s ]

[ 2015-04-07T09:32:32+08:00 ] 127.0.0.1 /DreamCMS/Admin.php/Index/Index/getleftmenu.html
INFO: [ app_init ] --START--
INFO: Run Behavior\BuildLiteBehavior [ RunTime:0.001000s ]
INFO: [ app_init ] --END-- [ RunTime:0.001000s ]
INFO: [ app_begin ] --START--
INFO: Run Behavior\ReadHtmlCacheBehavior [ RunTime:0.000000s ]
INFO: Run Behavior\FlChkLangBehavior [ RunTime:0.001000s ]
INFO: [ app_begin ] --END-- [ RunTime:0.003000s ]
NOTIC: [2048] Declaration of Auth\Controller\AuthbaseController::display() should be compatible with Think\Controller::display($templateFile = '', $charset = '', $contentType = '', $content = '', $prefix = '') D:\xampp\htdocs\DreamCMS\Admin\Auth\Controller\AuthbaseController.class.php 第 8 行.
NOTIC: [8] Use of undefined constant TMPL_PATH - assumed 'TMPL_PATH' D:\xampp\htdocs\DreamCMS\Admin\Common\Controller\AdminbaseController.class.php 第 14 行.
SQL: SHOW COLUMNS FROM `ur7_language` [ RunTime:0.0070s ]
SQL: SHOW COLUMNS FROM `ur7_admin_auth_group` [ RunTime:0.0040s ]
SQL: SELECT * FROM `ur7_admin_auth_group` ORDER BY sort  [ RunTime:0.0000s ]
SQL: SHOW COLUMNS FROM `ur7_admin_auth_action` [ RunTime:0.0070s ]
SQL: SELECT * FROM `ur7_admin_auth_action` WHERE `group` = 'Index' AND `controller` = 'Index' AND `action` = 'getleftmenu' LIMIT 1   [ RunTime:0.0010s ]
NOTIC: [2048] Declaration of Model\Adomodel\AdminAuthControllerModel::add() should be compatible with Think\Model::add($data = '', $options = Array, $replace = false) D:\xampp\htdocs\DreamCMS\Model\Adomodel\AdminAuthControllerModel.class.php 第 72 行.
SQL: SHOW COLUMNS FROM `ur7_admin_auth_controller` [ RunTime:0.0120s ]
SQL: SELECT * FROM `ur7_admin_auth_controller` WHERE `gid` = 5  [ RunTime:0.0010s ]
SQL: SELECT * FROM `ur7_admin_auth_action` WHERE `gid` = 5 AND `isshow` = 1  [ RunTime:0.0000s ]
INFO: [ app_end ] --START--
INFO: Run Behavior\ShowPageTraceBehavior [ RunTime:0.002000s ]
INFO: [ app_end ] --END-- [ RunTime:0.002000s ]

[ 2015-04-07T09:32:34+08:00 ] 127.0.0.1 /DreamCMS/Admin.php/Index/Index/getleftmenu.html
INFO: [ app_init ] --START--
INFO: Run Behavior\BuildLiteBehavior [ RunTime:0.000000s ]
INFO: [ app_init ] --END-- [ RunTime:0.001000s ]
INFO: [ app_begin ] --START--
INFO: Run Behavior\ReadHtmlCacheBehavior [ RunTime:0.001000s ]
INFO: Run Behavior\FlChkLangBehavior [ RunTime:0.002000s ]
INFO: [ app_begin ] --END-- [ RunTime:0.003000s ]
NOTIC: [2048] Declaration of Auth\Controller\AuthbaseController::display() should be compatible with Think\Controller::display($templateFile = '', $charset = '', $contentType = '', $content = '', $prefix = '') D:\xampp\htdocs\DreamCMS\Admin\Auth\Controller\AuthbaseController.class.php 第 8 行.
NOTIC: [8] Use of undefined constant TMPL_PATH - assumed 'TMPL_PATH' D:\xampp\htdocs\DreamCMS\Admin\Common\Controller\AdminbaseController.class.php 第 14 行.
SQL: SHOW COLUMNS FROM `ur7_language` [ RunTime:0.0050s ]
SQL: SHOW COLUMNS FROM `ur7_admin_auth_group` [ RunTime:0.0040s ]
SQL: SELECT * FROM `ur7_admin_auth_group` ORDER BY sort  [ RunTime:0.0010s ]
SQL: SHOW COLUMNS FROM `ur7_admin_auth_action` [ RunTime:0.0060s ]
SQL: SELECT * FROM `ur7_admin_auth_action` WHERE `group` = 'Index' AND `controller` = 'Index' AND `action` = 'getleftmenu' LIMIT 1   [ RunTime:0.0010s ]
NOTIC: [2048] Declaration of Model\Adomodel\AdminAuthControllerModel::add() should be compatible with Think\Model::add($data = '', $options = Array, $replace = false) D:\xampp\htdocs\DreamCMS\Model\Adomodel\AdminAuthControllerModel.class.php 第 72 行.
SQL: SHOW COLUMNS FROM `ur7_admin_auth_controller` [ RunTime:0.0050s ]
SQL: SELECT * FROM `ur7_admin_auth_controller` WHERE `gid` = 5  [ RunTime:0.0010s ]
SQL: SELECT * FROM `ur7_admin_auth_action` WHERE `gid` = 5 AND `isshow` = 1  [ RunTime:0.0000s ]
INFO: [ app_end ] --START--
INFO: Run Behavior\ShowPageTraceBehavior [ RunTime:0.002000s ]
INFO: [ app_end ] --END-- [ RunTime:0.002000s ]

[ 2015-04-07T09:33:55+08:00 ] 127.0.0.1 /DreamCMS/Admin.php/Index/Index/getleftmenu.html
INFO: [ app_init ] --START--
INFO: Run Behavior\BuildLiteBehavior [ RunTime:0.000000s ]
INFO: [ app_init ] --END-- [ RunTime:0.000000s ]
INFO: [ app_begin ] --START--
INFO: Run Behavior\ReadHtmlCacheBehavior [ RunTime:0.002000s ]
INFO: Run Behavior\FlChkLangBehavior [ RunTime:0.001000s ]
INFO: [ app_begin ] --END-- [ RunTime:0.004001s ]
NOTIC: [2048] Declaration of Auth\Controller\AuthbaseController::display() should be compatible with Think\Controller::display($templateFile = '', $charset = '', $contentType = '', $content = '', $prefix = '') D:\xampp\htdocs\DreamCMS\Admin\Auth\Controller\AuthbaseController.class.php 第 8 行.
NOTIC: [8] Use of undefined constant TMPL_PATH - assumed 'TMPL_PATH' D:\xampp\htdocs\DreamCMS\Admin\Common\Controller\AdminbaseController.class.php 第 14 行.
SQL: SHOW COLUMNS FROM `ur7_language` [ RunTime:0.0110s ]
SQL: SHOW COLUMNS FROM `ur7_admin_auth_group` [ RunTime:0.0050s ]
SQL: SELECT * FROM `ur7_admin_auth_group` ORDER BY sort  [ RunTime:0.0010s ]
SQL: SHOW COLUMNS FROM `ur7_admin_auth_action` [ RunTime:0.0060s ]
SQL: SELECT * FROM `ur7_admin_auth_action` WHERE `group` = 'Index' AND `controller` = 'Index' AND `action` = 'getleftmenu' LIMIT 1   [ RunTime:0.0010s ]
NOTIC: [2048] Declaration of Model\Adomodel\AdminAuthControllerModel::add() should be compatible with Think\Model::add($data = '', $options = Array, $replace = false) D:\xampp\htdocs\DreamCMS\Model\Adomodel\AdminAuthControllerModel.class.php 第 72 行.
SQL: SHOW COLUMNS FROM `ur7_admin_auth_controller` [ RunTime:0.0050s ]
SQL: SELECT * FROM `ur7_admin_auth_controller` WHERE `gid` = 5  [ RunTime:0.0010s ]
SQL: SELECT * FROM `ur7_admin_auth_action` WHERE `gid` = 5 AND `isshow` = 1  [ RunTime:0.0010s ]
INFO: [ app_end ] --START--
INFO: Run Behavior\ShowPageTraceBehavior [ RunTime:0.001001s ]
INFO: [ app_end ] --END-- [ RunTime:0.002001s ]

[ 2015-04-07T09:34:18+08:00 ] 127.0.0.1 /DreamCMS/Admin.php/Index/Index/getleftmenu.html
INFO: [ app_init ] --START--
INFO: Run Behavior\BuildLiteBehavior [ RunTime:0.000000s ]
INFO: [ app_init ] --END-- [ RunTime:0.001000s ]
INFO: [ app_begin ] --START--
INFO: Run Behavior\ReadHtmlCacheBehavior [ RunTime:0.000000s ]
INFO: Run Behavior\FlChkLangBehavior [ RunTime:0.001000s ]
INFO: [ app_begin ] --END-- [ RunTime:0.002001s ]
NOTIC: [2048] Declaration of Auth\Controller\AuthbaseController::display() should be compatible with Think\Controller::display($templateFile = '', $charset = '', $contentType = '', $content = '', $prefix = '') D:\xampp\htdocs\DreamCMS\Admin\Auth\Controller\AuthbaseController.class.php 第 8 行.
NOTIC: [8] Use of undefined constant TMPL_PATH - assumed 'TMPL_PATH' D:\xampp\htdocs\DreamCMS\Admin\Common\Controller\AdminbaseController.class.php 第 14 行.
SQL: SHOW COLUMNS FROM `ur7_language` [ RunTime:0.0050s ]
SQL: SHOW COLUMNS FROM `ur7_admin_auth_group` [ RunTime:0.0040s ]
SQL: SELECT * FROM `ur7_admin_auth_group` ORDER BY sort  [ RunTime:0.0000s ]
SQL: SHOW COLUMNS FROM `ur7_admin_auth_action` [ RunTime:0.0040s ]
SQL: SELECT * FROM `ur7_admin_auth_action` WHERE `group` = 'Index' AND `controller` = 'Index' AND `action` = 'getleftmenu' LIMIT 1   [ RunTime:0.0010s ]
NOTIC: [2048] Declaration of Model\Adomodel\AdminAuthControllerModel::add() should be compatible with Think\Model::add($data = '', $options = Array, $replace = false) D:\xampp\htdocs\DreamCMS\Model\Adomodel\AdminAuthControllerModel.class.php 第 72 行.
SQL: SHOW COLUMNS FROM `ur7_admin_auth_controller` [ RunTime:0.0040s ]
SQL: SELECT * FROM `ur7_admin_auth_controller` WHERE `gid` = 5  [ RunTime:0.0020s ]
SQL: SELECT * FROM `ur7_admin_auth_action` WHERE `gid` = 5 AND `isshow` = 1  [ RunTime:0.0000s ]
INFO: [ app_end ] --START--
INFO: Run Behavior\ShowPageTraceBehavior [ RunTime:0.001000s ]
INFO: [ app_end ] --END-- [ RunTime:0.001000s ]

[ 2015-04-07T09:49:43+08:00 ] 127.0.0.1 /DreamCMS/Admin.php/Index/Index/getleftmenu.html
INFO: [ app_init ] --START--
INFO: Run Behavior\BuildLiteBehavior [ RunTime:0.000000s ]
INFO: [ app_init ] --END-- [ RunTime:0.001000s ]
INFO: [ app_begin ] --START--
INFO: Run Behavior\ReadHtmlCacheBehavior [ RunTime:0.001000s ]
INFO: Run Behavior\FlChkLangBehavior [ RunTime:0.001000s ]
INFO: [ app_begin ] --END-- [ RunTime:0.003000s ]
NOTIC: [2048] Declaration of Auth\Controller\AuthbaseController::display() should be compatible with Think\Controller::display($templateFile = '', $charset = '', $contentType = '', $content = '', $prefix = '') D:\xampp\htdocs\DreamCMS\Admin\Auth\Controller\AuthbaseController.class.php 第 8 行.
NOTIC: [8] Use of undefined constant TMPL_PATH - assumed 'TMPL_PATH' D:\xampp\htdocs\DreamCMS\Admin\Common\Controller\AdminbaseController.class.php 第 14 行.
SQL: SHOW COLUMNS FROM `ur7_language` [ RunTime:0.0040s ]
SQL: SHOW COLUMNS FROM `ur7_admin_auth_group` [ RunTime:0.0040s ]
SQL: SELECT * FROM `ur7_admin_auth_group` ORDER BY sort  [ RunTime:0.0000s ]
SQL: SHOW COLUMNS FROM `ur7_admin_auth_action` [ RunTime:0.0040s ]
SQL: SELECT * FROM `ur7_admin_auth_action` WHERE `group` = 'Index' AND `controller` = 'Index' AND `action` = 'getleftmenu' LIMIT 1   [ RunTime:0.0010s ]
NOTIC: [2048] Declaration of Model\Adomodel\AdminAuthControllerModel::add() should be compatible with Think\Model::add($data = '', $options = Array, $replace = false) D:\xampp\htdocs\DreamCMS\Model\Adomodel\AdminAuthControllerModel.class.php 第 72 行.
SQL: SHOW COLUMNS FROM `ur7_admin_auth_controller` [ RunTime:0.0040s ]
SQL: SELECT * FROM `ur7_admin_auth_controller` WHERE `gid` = 5  [ RunTime:0.0010s ]
SQL: SELECT * FROM `ur7_admin_auth_action` WHERE `gid` = 5 AND `isshow` = 1  [ RunTime:0.0000s ]
INFO: [ app_end ] --START--
INFO: Run Behavior\ShowPageTraceBehavior [ RunTime:0.001000s ]
INFO: [ app_end ] --END-- [ RunTime:0.001000s ]

[ 2015-04-07T09:50:49+08:00 ] 127.0.0.1 /DreamCMS/Admin.php/Index/Index/getleftmenu.html
INFO: [ app_init ] --START--
INFO: Run Behavior\BuildLiteBehavior [ RunTime:0.000000s ]
INFO: [ app_init ] --END-- [ RunTime:0.001000s ]
INFO: [ app_begin ] --START--
INFO: Run Behavior\ReadHtmlCacheBehavior [ RunTime:0.001000s ]
INFO: Run Behavior\FlChkLangBehavior [ RunTime:0.002000s ]
INFO: [ app_begin ] --END-- [ RunTime:0.003000s ]
NOTIC: [2048] Declaration of Auth\Controller\AuthbaseController::display() should be compatible with Think\Controller::display($templateFile = '', $charset = '', $contentType = '', $content = '', $prefix = '') D:\xampp\htdocs\DreamCMS\Admin\Auth\Controller\AuthbaseController.class.php 第 8 行.
NOTIC: [8] Use of undefined constant TMPL_PATH - assumed 'TMPL_PATH' D:\xampp\htdocs\DreamCMS\Admin\Common\Controller\AdminbaseController.class.php 第 14 行.
SQL: SHOW COLUMNS FROM `ur7_language` [ RunTime:0.0060s ]
SQL: SHOW COLUMNS FROM `ur7_admin_auth_group` [ RunTime:0.0040s ]
SQL: SELECT * FROM `ur7_admin_auth_group` ORDER BY sort  [ RunTime:0.0000s ]
SQL: SHOW COLUMNS FROM `ur7_admin_auth_action` [ RunTime:0.0040s ]
SQL: SELECT * FROM `ur7_admin_auth_action` WHERE `group` = 'Index' AND `controller` = 'Index' AND `action` = 'getleftmenu' LIMIT 1   [ RunTime:0.0010s ]
NOTIC: [2048] Declaration of Model\Adomodel\AdminAuthControllerModel::add() should be compatible with Think\Model::add($data = '', $options = Array, $replace = false) D:\xampp\htdocs\DreamCMS\Model\Adomodel\AdminAuthControllerModel.class.php 第 72 行.
SQL: SHOW COLUMNS FROM `ur7_admin_auth_controller` [ RunTime:0.0030s ]
SQL: SELECT * FROM `ur7_admin_auth_controller` WHERE `gid` = 5  [ RunTime:0.0010s ]
SQL: SELECT * FROM `ur7_admin_auth_action` WHERE `gid` = 5 AND `isshow` = 1  [ RunTime:0.0000s ]
INFO: [ app_end ] --START--
INFO: Run Behavior\ShowPageTraceBehavior [ RunTime:0.001000s ]
INFO: [ app_end ] --END-- [ RunTime:0.002000s ]

[ 2015-04-07T09:51:36+08:00 ] 127.0.0.1 /DreamCMS/Admin.php/Index/Index/getleftmenu.html
INFO: [ app_init ] --START--
INFO: Run Behavior\BuildLiteBehavior [ RunTime:0.000000s ]
INFO: [ app_init ] --END-- [ RunTime:0.001000s ]
INFO: [ app_begin ] --START--
INFO: Run Behavior\ReadHtmlCacheBehavior [ RunTime:0.001000s ]
INFO: Run Behavior\FlChkLangBehavior [ RunTime:0.001000s ]
INFO: [ app_begin ] --END-- [ RunTime:0.002000s ]
NOTIC: [2048] Declaration of Auth\Controller\AuthbaseController::display() should be compatible with Think\Controller::display($templateFile = '', $charset = '', $contentType = '', $content = '', $prefix = '') D:\xampp\htdocs\DreamCMS\Admin\Auth\Controller\AuthbaseController.class.php 第 8 行.
NOTIC: [8] Use of undefined constant TMPL_PATH - assumed 'TMPL_PATH' D:\xampp\htdocs\DreamCMS\Admin\Common\Controller\AdminbaseController.class.php 第 14 行.
SQL: SHOW COLUMNS FROM `ur7_language` [ RunTime:0.0090s ]
SQL: SHOW COLUMNS FROM `ur7_admin_auth_group` [ RunTime:0.0080s ]
SQL: SELECT * FROM `ur7_admin_auth_group` ORDER BY sort  [ RunTime:0.0010s ]
SQL: SHOW COLUMNS FROM `ur7_admin_auth_action` [ RunTime:0.0080s ]
SQL: SELECT * FROM `ur7_admin_auth_action` WHERE `group` = 'Index' AND `controller` = 'Index' AND `action` = 'getleftmenu' LIMIT 1   [ RunTime:0.0010s ]
NOTIC: [2048] Declaration of Model\Adomodel\AdminAuthControllerModel::add() should be compatible with Think\Model::add($data = '', $options = Array, $replace = false) D:\xampp\htdocs\DreamCMS\Model\Adomodel\AdminAuthControllerModel.class.php 第 72 行.
SQL: SHOW COLUMNS FROM `ur7_admin_auth_controller` [ RunTime:0.0080s ]
SQL: SELECT * FROM `ur7_admin_auth_controller` WHERE `gid` = 5  [ RunTime:0.0000s ]
SQL: SELECT * FROM `ur7_admin_auth_action` WHERE `gid` = 5 AND `isshow` = 1  [ RunTime:0.0010s ]
INFO: [ app_end ] --START--
INFO: Run Behavior\ShowPageTraceBehavior [ RunTime:0.001000s ]
INFO: [ app_end ] --END-- [ RunTime:0.001000s ]

[ 2015-04-07T09:53:51+08:00 ] 127.0.0.1 /DreamCMS/Admin.php/Index/Index/getleftmenu.html
INFO: [ app_init ] --START--
INFO: Run Behavior\BuildLiteBehavior [ RunTime:0.000000s ]
INFO: [ app_init ] --END-- [ RunTime:0.001000s ]
INFO: [ app_begin ] --START--
INFO: Run Behavior\ReadHtmlCacheBehavior [ RunTime:0.001001s ]
INFO: Run Behavior\FlChkLangBehavior [ RunTime:0.002000s ]
INFO: [ app_begin ] --END-- [ RunTime:0.003001s ]
NOTIC: [2048] Declaration of Auth\Controller\AuthbaseController::display() should be compatible with Think\Controller::display($templateFile = '', $charset = '', $contentType = '', $content = '', $prefix = '') D:\xampp\htdocs\DreamCMS\Admin\Auth\Controller\AuthbaseController.class.php 第 8 行.
NOTIC: [8] Use of undefined constant TMPL_PATH - assumed 'TMPL_PATH' D:\xampp\htdocs\DreamCMS\Admin\Common\Controller\AdminbaseController.class.php 第 14 行.
SQL: SHOW COLUMNS FROM `ur7_language` [ RunTime:0.0060s ]
SQL: SHOW COLUMNS FROM `ur7_admin_auth_group` [ RunTime:0.0040s ]
SQL: SELECT * FROM `ur7_admin_auth_group` ORDER BY sort  [ RunTime:0.0000s ]
SQL: SHOW COLUMNS FROM `ur7_admin_auth_action` [ RunTime:0.0040s ]
SQL: SELECT * FROM `ur7_admin_auth_action` WHERE `group` = 'Index' AND `controller` = 'Index' AND `action` = 'getleftmenu' LIMIT 1   [ RunTime:0.0000s ]
NOTIC: [2048] Declaration of Model\Adomodel\AdminAuthControllerModel::add() should be compatible with Think\Model::add($data = '', $options = Array, $replace = false) D:\xampp\htdocs\DreamCMS\Model\Adomodel\AdminAuthControllerModel.class.php 第 72 行.
SQL: SHOW COLUMNS FROM `ur7_admin_auth_controller` [ RunTime:0.0060s ]
SQL: SELECT * FROM `ur7_admin_auth_controller` WHERE `gid` = 5  [ RunTime:0.0010s ]
SQL: SELECT * FROM `ur7_admin_auth_action` WHERE `gid` = 5 AND `isshow` = 1  [ RunTime:0.0000s ]
INFO: [ app_end ] --START--
INFO: Run Behavior\ShowPageTraceBehavior [ RunTime:0.001000s ]
INFO: [ app_end ] --END-- [ RunTime:0.001000s ]

[ 2015-04-07T10:03:55+08:00 ] 127.0.0.1 /DreamCMS/Admin.php/Index/Index/getleftmenu.html
INFO: [ app_init ] --START--
INFO: Run Behavior\BuildLiteBehavior [ RunTime:0.000000s ]
INFO: [ app_init ] --END-- [ RunTime:0.001000s ]
INFO: [ app_begin ] --START--
INFO: Run Behavior\ReadHtmlCacheBehavior [ RunTime:0.001000s ]
INFO: Run Behavior\FlChkLangBehavior [ RunTime:0.002000s ]
INFO: [ app_begin ] --END-- [ RunTime:0.003000s ]
NOTIC: [2048] Declaration of Auth\Controller\AuthbaseController::display() should be compatible with Think\Controller::display($templateFile = '', $charset = '', $contentType = '', $content = '', $prefix = '') D:\xampp\htdocs\DreamCMS\Admin\Auth\Controller\AuthbaseController.class.php 第 8 行.
NOTIC: [8] Use of undefined constant TMPL_PATH - assumed 'TMPL_PATH' D:\xampp\htdocs\DreamCMS\Admin\Common\Controller\AdminbaseController.class.php 第 14 行.
SQL: SHOW COLUMNS FROM `ur7_language` [ RunTime:0.0050s ]
SQL: SHOW COLUMNS FROM `ur7_admin_auth_group` [ RunTime:0.0050s ]
SQL: SELECT * FROM `ur7_admin_auth_group` ORDER BY sort  [ RunTime:0.0010s ]
SQL: SHOW COLUMNS FROM `ur7_admin_auth_action` [ RunTime:0.0040s ]
SQL: SELECT * FROM `ur7_admin_auth_action` WHERE `group` = 'Index' AND `controller` = 'Index' AND `action` = 'getleftmenu' LIMIT 1   [ RunTime:0.0010s ]
NOTIC: [2048] Declaration of Model\Adomodel\AdminAuthControllerModel::add() should be compatible with Think\Model::add($data = '', $options = Array, $replace = false) D:\xampp\htdocs\DreamCMS\Model\Adomodel\AdminAuthControllerModel.class.php 第 72 行.
SQL: SHOW COLUMNS FROM `ur7_admin_auth_controller` [ RunTime:0.0050s ]
SQL: SELECT * FROM `ur7_admin_auth_controller` WHERE `gid` = 5  [ RunTime:0.0000s ]
SQL: SELECT * FROM `ur7_admin_auth_action` WHERE `gid` = 5 AND `isshow` = 1  [ RunTime:0.0010s ]
INFO: [ app_end ] --START--
INFO: Run Behavior\ShowPageTraceBehavior [ RunTime:0.001000s ]
INFO: [ app_end ] --END-- [ RunTime:0.001000s ]

[ 2015-04-07T10:04:10+08:00 ] 127.0.0.1 /DreamCMS/Admin.php/Index/Index/getleftmenu.html
INFO: [ app_init ] --START--
INFO: Run Behavior\BuildLiteBehavior [ RunTime:0.001000s ]
INFO: [ app_init ] --END-- [ RunTime:0.001000s ]
INFO: [ app_begin ] --START--
INFO: Run Behavior\ReadHtmlCacheBehavior [ RunTime:0.001000s ]
INFO: Run Behavior\FlChkLangBehavior [ RunTime:0.002000s ]
INFO: [ app_begin ] --END-- [ RunTime:0.003000s ]
NOTIC: [2048] Declaration of Auth\Controller\AuthbaseController::display() should be compatible with Think\Controller::display($templateFile = '', $charset = '', $contentType = '', $content = '', $prefix = '') D:\xampp\htdocs\DreamCMS\Admin\Auth\Controller\AuthbaseController.class.php 第 8 行.
NOTIC: [8] Use of undefined constant TMPL_PATH - assumed 'TMPL_PATH' D:\xampp\htdocs\DreamCMS\Admin\Common\Controller\AdminbaseController.class.php 第 14 行.
SQL: SHOW COLUMNS FROM `ur7_language` [ RunTime:0.0040s ]
SQL: SHOW COLUMNS FROM `ur7_admin_auth_group` [ RunTime:0.0040s ]
SQL: SELECT * FROM `ur7_admin_auth_group` ORDER BY sort  [ RunTime:0.0010s ]
SQL: SHOW COLUMNS FROM `ur7_admin_auth_action` [ RunTime:0.0040s ]
SQL: SELECT * FROM `ur7_admin_auth_action` WHERE `group` = 'Index' AND `controller` = 'Index' AND `action` = 'getleftmenu' LIMIT 1   [ RunTime:0.0010s ]
NOTIC: [2048] Declaration of Model\Adomodel\AdminAuthControllerModel::add() should be compatible with Think\Model::add($data = '', $options = Array, $replace = false) D:\xampp\htdocs\DreamCMS\Model\Adomodel\AdminAuthControllerModel.class.php 第 72 行.
SQL: SHOW COLUMNS FROM `ur7_admin_auth_controller` [ RunTime:0.0070s ]
SQL: SELECT * FROM `ur7_admin_auth_controller` WHERE `gid` = 5  [ RunTime:0.0010s ]
SQL: SELECT * FROM `ur7_admin_auth_action` WHERE `gid` = 5 AND `isshow` = 1  [ RunTime:0.0000s ]
INFO: [ app_end ] --START--
INFO: Run Behavior\ShowPageTraceBehavior [ RunTime:0.001000s ]
INFO: [ app_end ] --END-- [ RunTime:0.001000s ]

[ 2015-04-07T10:04:43+08:00 ] 127.0.0.1 /DreamCMS/Admin.php/Index/Index/getleftmenu.html
INFO: [ app_init ] --START--
INFO: Run Behavior\BuildLiteBehavior [ RunTime:0.000000s ]
INFO: [ app_init ] --END-- [ RunTime:0.001000s ]
INFO: [ app_begin ] --START--
INFO: Run Behavior\ReadHtmlCacheBehavior [ RunTime:0.001000s ]
INFO: Run Behavior\FlChkLangBehavior [ RunTime:0.002000s ]
INFO: [ app_begin ] --END-- [ RunTime:0.003000s ]
NOTIC: [2048] Declaration of Auth\Controller\AuthbaseController::display() should be compatible with Think\Controller::display($templateFile = '', $charset = '', $contentType = '', $content = '', $prefix = '') D:\xampp\htdocs\DreamCMS\Admin\Auth\Controller\AuthbaseController.class.php 第 8 行.
NOTIC: [8] Use of undefined constant TMPL_PATH - assumed 'TMPL_PATH' D:\xampp\htdocs\DreamCMS\Admin\Common\Controller\AdminbaseController.class.php 第 14 行.
SQL: SHOW COLUMNS FROM `ur7_language` [ RunTime:0.0080s ]
SQL: SHOW COLUMNS FROM `ur7_admin_auth_group` [ RunTime:0.0070s ]
SQL: SELECT * FROM `ur7_admin_auth_group` ORDER BY sort  [ RunTime:0.0010s ]
SQL: SHOW COLUMNS FROM `ur7_admin_auth_action` [ RunTime:0.0070s ]
SQL: SELECT * FROM `ur7_admin_auth_action` WHERE `group` = 'Index' AND `controller` = 'Index' AND `action` = 'getleftmenu' LIMIT 1   [ RunTime:0.0000s ]
NOTIC: [2048] Declaration of Model\Adomodel\AdminAuthControllerModel::add() should be compatible with Think\Model::add($data = '', $options = Array, $replace = false) D:\xampp\htdocs\DreamCMS\Model\Adomodel\AdminAuthControllerModel.class.php 第 72 行.
SQL: SHOW COLUMNS FROM `ur7_admin_auth_controller` [ RunTime:0.0040s ]
SQL: SELECT * FROM `ur7_admin_auth_controller` WHERE `gid` = 5  [ RunTime:0.0120s ]
SQL: SELECT * FROM `ur7_admin_auth_action` WHERE `gid` = 5 AND `isshow` = 1  [ RunTime:0.0010s ]
INFO: [ app_end ] --START--
INFO: Run Behavior\ShowPageTraceBehavior [ RunTime:0.001000s ]
INFO: [ app_end ] --END-- [ RunTime:0.001000s ]

[ 2015-04-07T10:04:44+08:00 ] 127.0.0.1 /DreamCMS/Admin.php/Index/Index/getleftmenu.html
INFO: [ app_init ] --START--
INFO: Run Behavior\BuildLiteBehavior [ RunTime:0.000000s ]
INFO: [ app_init ] --END-- [ RunTime:0.001000s ]
INFO: [ app_begin ] --START--
INFO: Run Behavior\ReadHtmlCacheBehavior [ RunTime:0.001000s ]
INFO: Run Behavior\FlChkLangBehavior [ RunTime:0.002000s ]
INFO: [ app_begin ] --END-- [ RunTime:0.003000s ]
NOTIC: [2048] Declaration of Auth\Controller\AuthbaseController::display() should be compatible with Think\Controller::display($templateFile = '', $charset = '', $contentType = '', $content = '', $prefix = '') D:\xampp\htdocs\DreamCMS\Admin\Auth\Controller\AuthbaseController.class.php 第 8 行.
NOTIC: [8] Use of undefined constant TMPL_PATH - assumed 'TMPL_PATH' D:\xampp\htdocs\DreamCMS\Admin\Common\Controller\AdminbaseController.class.php 第 14 行.
SQL: SHOW COLUMNS FROM `ur7_language` [ RunTime:0.0050s ]
SQL: SHOW COLUMNS FROM `ur7_admin_auth_group` [ RunTime:0.0080s ]
SQL: SELECT * FROM `ur7_admin_auth_group` ORDER BY sort  [ RunTime:0.0000s ]
SQL: SHOW COLUMNS FROM `ur7_admin_auth_action` [ RunTime:0.0040s ]
SQL: SELECT * FROM `ur7_admin_auth_action` WHERE `group` = 'Index' AND `controller` = 'Index' AND `action` = 'getleftmenu' LIMIT 1   [ RunTime:0.0000s ]
NOTIC: [2048] Declaration of Model\Adomodel\AdminAuthControllerModel::add() should be compatible with Think\Model::add($data = '', $options = Array, $replace = false) D:\xampp\htdocs\DreamCMS\Model\Adomodel\AdminAuthControllerModel.class.php 第 72 行.
SQL: SHOW COLUMNS FROM `ur7_admin_auth_controller` [ RunTime:0.0050s ]
SQL: SELECT * FROM `ur7_admin_auth_controller` WHERE `gid` = 5  [ RunTime:0.0000s ]
SQL: SELECT * FROM `ur7_admin_auth_action` WHERE `gid` = 5 AND `isshow` = 1  [ RunTime:0.0000s ]
INFO: [ app_end ] --START--
INFO: Run Behavior\ShowPageTraceBehavior [ RunTime:0.001000s ]
INFO: [ app_end ] --END-- [ RunTime:0.002000s ]

[ 2015-04-07T10:04:58+08:00 ] 127.0.0.1 /DreamCMS/Admin.php/Index/Index/getleftmenu.html
INFO: [ app_init ] --START--
INFO: Run Behavior\BuildLiteBehavior [ RunTime:0.000000s ]
INFO: [ app_init ] --END-- [ RunTime:0.001000s ]
INFO: [ app_begin ] --START--
INFO: Run Behavior\ReadHtmlCacheBehavior [ RunTime:0.001000s ]
INFO: Run Behavior\FlChkLangBehavior [ RunTime:0.002000s ]
INFO: [ app_begin ] --END-- [ RunTime:0.004000s ]
NOTIC: [2048] Declaration of Auth\Controller\AuthbaseController::display() should be compatible with Think\Controller::display($templateFile = '', $charset = '', $contentType = '', $content = '', $prefix = '') D:\xampp\htdocs\DreamCMS\Admin\Auth\Controller\AuthbaseController.class.php 第 8 行.
NOTIC: [8] Use of undefined constant TMPL_PATH - assumed 'TMPL_PATH' D:\xampp\htdocs\DreamCMS\Admin\Common\Controller\AdminbaseController.class.php 第 14 行.
SQL: SHOW COLUMNS FROM `ur7_language` [ RunTime:0.0080s ]
SQL: SHOW COLUMNS FROM `ur7_admin_auth_group` [ RunTime:0.0060s ]
SQL: SELECT * FROM `ur7_admin_auth_group` ORDER BY sort  [ RunTime:0.0010s ]
SQL: SHOW COLUMNS FROM `ur7_admin_auth_action` [ RunTime:0.0030s ]
SQL: SELECT * FROM `ur7_admin_auth_action` WHERE `group` = 'Index' AND `controller` = 'Index' AND `action` = 'getleftmenu' LIMIT 1   [ RunTime:0.0000s ]
NOTIC: [2048] Declaration of Model\Adomodel\AdminAuthControllerModel::add() should be compatible with Think\Model::add($data = '', $options = Array, $replace = false) D:\xampp\htdocs\DreamCMS\Model\Adomodel\AdminAuthControllerModel.class.php 第 72 行.
SQL: SHOW COLUMNS FROM `ur7_admin_auth_controller` [ RunTime:0.0040s ]
SQL: SELECT * FROM `ur7_admin_auth_controller` WHERE `gid` = 5  [ RunTime:0.0000s ]
SQL: SELECT * FROM `ur7_admin_auth_action` WHERE `gid` = 5 AND `isshow` = 1  [ RunTime:0.0010s ]
INFO: [ app_end ] --START--
INFO: Run Behavior\ShowPageTraceBehavior [ RunTime:0.001000s ]
INFO: [ app_end ] --END-- [ RunTime:0.001000s ]

[ 2015-04-07T10:07:47+08:00 ] 127.0.0.1 /DreamCMS/Admin.php/Index/Index/getleftmenu.html
INFO: [ app_init ] --START--
INFO: Run Behavior\BuildLiteBehavior [ RunTime:0.000000s ]
INFO: [ app_init ] --END-- [ RunTime:0.001000s ]
INFO: [ app_begin ] --START--
INFO: Run Behavior\ReadHtmlCacheBehavior [ RunTime:0.001000s ]
INFO: Run Behavior\FlChkLangBehavior [ RunTime:0.002001s ]
INFO: [ app_begin ] --END-- [ RunTime:0.003001s ]
NOTIC: [2048] Declaration of Auth\Controller\AuthbaseController::display() should be compatible with Think\Controller::display($templateFile = '', $charset = '', $contentType = '', $content = '', $prefix = '') D:\xampp\htdocs\DreamCMS\Admin\Auth\Controller\AuthbaseController.class.php 第 8 行.
NOTIC: [8] Use of undefined constant TMPL_PATH - assumed 'TMPL_PATH' D:\xampp\htdocs\DreamCMS\Admin\Common\Controller\AdminbaseController.class.php 第 14 行.
SQL: SHOW COLUMNS FROM `ur7_language` [ RunTime:0.0080s ]
SQL: SHOW COLUMNS FROM `ur7_admin_auth_group` [ RunTime:0.0070s ]
SQL: SELECT * FROM `ur7_admin_auth_group` ORDER BY sort  [ RunTime:0.0000s ]
SQL: SHOW COLUMNS FROM `ur7_admin_auth_action` [ RunTime:0.0090s ]
SQL: SELECT * FROM `ur7_admin_auth_action` WHERE `group` = 'Index' AND `controller` = 'Index' AND `action` = 'getleftmenu' LIMIT 1   [ RunTime:0.0010s ]
NOTIC: [2048] Declaration of Model\Adomodel\AdminAuthControllerModel::add() should be compatible with Think\Model::add($data = '', $options = Array, $replace = false) D:\xampp\htdocs\DreamCMS\Model\Adomodel\AdminAuthControllerModel.class.php 第 72 行.
SQL: SHOW COLUMNS FROM `ur7_admin_auth_controller` [ RunTime:0.0060s ]
SQL: SELECT * FROM `ur7_admin_auth_controller` WHERE `gid` = 5  [ RunTime:0.0000s ]
SQL: SELECT * FROM `ur7_admin_auth_action` WHERE `gid` = 5 AND `isshow` = 1  [ RunTime:0.0000s ]
INFO: [ app_end ] --START--
INFO: Run Behavior\ShowPageTraceBehavior [ RunTime:0.001001s ]
INFO: [ app_end ] --END-- [ RunTime:0.002001s ]

[ 2015-04-07T10:08:25+08:00 ] 127.0.0.1 /DreamCMS/Admin.php/Index/Index/getleftmenu.html
INFO: [ app_init ] --START--
INFO: Run Behavior\BuildLiteBehavior [ RunTime:0.000000s ]
INFO: [ app_init ] --END-- [ RunTime:0.001001s ]
INFO: [ app_begin ] --START--
INFO: Run Behavior\ReadHtmlCacheBehavior [ RunTime:0.000000s ]
INFO: Run Behavior\FlChkLangBehavior [ RunTime:0.002001s ]
INFO: [ app_begin ] --END-- [ RunTime:0.003001s ]
NOTIC: [2048] Declaration of Auth\Controller\AuthbaseController::display() should be compatible with Think\Controller::display($templateFile = '', $charset = '', $contentType = '', $content = '', $prefix = '') D:\xampp\htdocs\DreamCMS\Admin\Auth\Controller\AuthbaseController.class.php 第 8 行.
NOTIC: [8] Use of undefined constant TMPL_PATH - assumed 'TMPL_PATH' D:\xampp\htdocs\DreamCMS\Admin\Common\Controller\AdminbaseController.class.php 第 14 行.
SQL: SHOW COLUMNS FROM `ur7_language` [ RunTime:0.0050s ]
SQL: SHOW COLUMNS FROM `ur7_admin_auth_group` [ RunTime:0.0070s ]
SQL: SELECT * FROM `ur7_admin_auth_group` ORDER BY sort  [ RunTime:0.0010s ]
SQL: SHOW COLUMNS FROM `ur7_admin_auth_action` [ RunTime:0.0070s ]
SQL: SELECT * FROM `ur7_admin_auth_action` WHERE `group` = 'Index' AND `controller` = 'Index' AND `action` = 'getleftmenu' LIMIT 1   [ RunTime:0.0010s ]
NOTIC: [2048] Declaration of Model\Adomodel\AdminAuthControllerModel::add() should be compatible with Think\Model::add($data = '', $options = Array, $replace = false) D:\xampp\htdocs\DreamCMS\Model\Adomodel\AdminAuthControllerModel.class.php 第 72 行.
SQL: SHOW COLUMNS FROM `ur7_admin_auth_controller` [ RunTime:0.0050s ]
SQL: SELECT * FROM `ur7_admin_auth_controller` WHERE `gid` = 5  [ RunTime:0.0010s ]
SQL: SELECT * FROM `ur7_admin_auth_action` WHERE `gid` = 5 AND `isshow` = 1  [ RunTime:0.0000s ]
INFO: [ app_end ] --START--
INFO: Run Behavior\ShowPageTraceBehavior [ RunTime:0.001000s ]
INFO: [ app_end ] --END-- [ RunTime:0.002001s ]

[ 2015-04-07T10:08:26+08:00 ] 127.0.0.1 /DreamCMS/Admin.php/Index/Index/getleftmenu.html
INFO: [ app_init ] --START--
INFO: Run Behavior\BuildLiteBehavior [ RunTime:0.000000s ]
INFO: [ app_init ] --END-- [ RunTime:0.001001s ]
INFO: [ app_begin ] --START--
INFO: Run Behavior\ReadHtmlCacheBehavior [ RunTime:0.001001s ]
INFO: Run Behavior\FlChkLangBehavior [ RunTime:0.002000s ]
INFO: [ app_begin ] --END-- [ RunTime:0.003001s ]
NOTIC: [2048] Declaration of Auth\Controller\AuthbaseController::display() should be compatible with Think\Controller::display($templateFile = '', $charset = '', $contentType = '', $content = '', $prefix = '') D:\xampp\htdocs\DreamCMS\Admin\Auth\Controller\AuthbaseController.class.php 第 8 行.
NOTIC: [8] Use of undefined constant TMPL_PATH - assumed 'TMPL_PATH' D:\xampp\htdocs\DreamCMS\Admin\Common\Controller\AdminbaseController.class.php 第 14 行.
SQL: SHOW COLUMNS FROM `ur7_language` [ RunTime:0.0040s ]
SQL: SHOW COLUMNS FROM `ur7_admin_auth_group` [ RunTime:0.0040s ]
SQL: SELECT * FROM `ur7_admin_auth_group` ORDER BY sort  [ RunTime:0.0010s ]
SQL: SHOW COLUMNS FROM `ur7_admin_auth_action` [ RunTime:0.0060s ]
SQL: SELECT * FROM `ur7_admin_auth_action` WHERE `group` = 'Index' AND `controller` = 'Index' AND `action` = 'getleftmenu' LIMIT 1   [ RunTime:0.0000s ]
NOTIC: [2048] Declaration of Model\Adomodel\AdminAuthControllerModel::add() should be compatible with Think\Model::add($data = '', $options = Array, $replace = false) D:\xampp\htdocs\DreamCMS\Model\Adomodel\AdminAuthControllerModel.class.php 第 72 行.
SQL: SHOW COLUMNS FROM `ur7_admin_auth_controller` [ RunTime:0.0050s ]
SQL: SELECT * FROM `ur7_admin_auth_controller` WHERE `gid` = 5  [ RunTime:0.0010s ]
SQL: SELECT * FROM `ur7_admin_auth_action` WHERE `gid` = 5 AND `isshow` = 1  [ RunTime:0.0000s ]
INFO: [ app_end ] --START--
INFO: Run Behavior\ShowPageTraceBehavior [ RunTime:0.001000s ]
INFO: [ app_end ] --END-- [ RunTime:0.002001s ]

[ 2015-04-07T10:08:46+08:00 ] 127.0.0.1 /DreamCMS/Admin.php/Index/Index/getleftmenu.html
INFO: [ app_init ] --START--
INFO: Run Behavior\BuildLiteBehavior [ RunTime:0.000000s ]
INFO: [ app_init ] --END-- [ RunTime:0.001000s ]
INFO: [ app_begin ] --START--
INFO: Run Behavior\ReadHtmlCacheBehavior [ RunTime:0.001000s ]
INFO: Run Behavior\FlChkLangBehavior [ RunTime:0.002001s ]
INFO: [ app_begin ] --END-- [ RunTime:0.003001s ]
NOTIC: [2048] Declaration of Auth\Controller\AuthbaseController::display() should be compatible with Think\Controller::display($templateFile = '', $charset = '', $contentType = '', $content = '', $prefix = '') D:\xampp\htdocs\DreamCMS\Admin\Auth\Controller\AuthbaseController.class.php 第 8 行.
NOTIC: [8] Use of undefined constant TMPL_PATH - assumed 'TMPL_PATH' D:\xampp\htdocs\DreamCMS\Admin\Common\Controller\AdminbaseController.class.php 第 14 行.
SQL: SHOW COLUMNS FROM `ur7_language` [ RunTime:0.0040s ]
SQL: SHOW COLUMNS FROM `ur7_admin_auth_group` [ RunTime:0.0050s ]
SQL: SELECT * FROM `ur7_admin_auth_group` ORDER BY sort  [ RunTime:0.0010s ]
SQL: SHOW COLUMNS FROM `ur7_admin_auth_action` [ RunTime:0.0040s ]
SQL: SELECT * FROM `ur7_admin_auth_action` WHERE `group` = 'Index' AND `controller` = 'Index' AND `action` = 'getleftmenu' LIMIT 1   [ RunTime:0.0000s ]
NOTIC: [2048] Declaration of Model\Adomodel\AdminAuthControllerModel::add() should be compatible with Think\Model::add($data = '', $options = Array, $replace = false) D:\xampp\htdocs\DreamCMS\Model\Adomodel\AdminAuthControllerModel.class.php 第 72 行.
SQL: SHOW COLUMNS FROM `ur7_admin_auth_controller` [ RunTime:0.0040s ]
SQL: SELECT * FROM `ur7_admin_auth_controller` WHERE `gid` = 2  [ RunTime:0.0000s ]
SQL: SELECT * FROM `ur7_admin_auth_action` WHERE `gid` = 2 AND `isshow` = 1  [ RunTime:0.0000s ]
INFO: [ app_end ] --START--
INFO: Run Behavior\ShowPageTraceBehavior [ RunTime:0.002000s ]
INFO: [ app_end ] --END-- [ RunTime:0.002000s ]

[ 2015-04-07T10:11:00+08:00 ] 127.0.0.1 /DreamCMS/Admin.php/Index/Index/getleftmenu.html
INFO: [ app_init ] --START--
INFO: Run Behavior\BuildLiteBehavior [ RunTime:0.000000s ]
INFO: [ app_init ] --END-- [ RunTime:0.001000s ]
INFO: [ app_begin ] --START--
INFO: Run Behavior\ReadHtmlCacheBehavior [ RunTime:0.001001s ]
INFO: Run Behavior\FlChkLangBehavior [ RunTime:0.002000s ]
INFO: [ app_begin ] --END-- [ RunTime:0.003001s ]
NOTIC: [2048] Declaration of Auth\Controller\AuthbaseController::display() should be compatible with Think\Controller::display($templateFile = '', $charset = '', $contentType = '', $content = '', $prefix = '') D:\xampp\htdocs\DreamCMS\Admin\Auth\Controller\AuthbaseController.class.php 第 8 行.
NOTIC: [8] Use of undefined constant TMPL_PATH - assumed 'TMPL_PATH' D:\xampp\htdocs\DreamCMS\Admin\Common\Controller\AdminbaseController.class.php 第 14 行.
SQL: SHOW COLUMNS FROM `ur7_language` [ RunTime:0.0040s ]
SQL: SHOW COLUMNS FROM `ur7_admin_auth_group` [ RunTime:0.0050s ]
SQL: SELECT * FROM `ur7_admin_auth_group` ORDER BY sort  [ RunTime:0.0000s ]
SQL: SHOW COLUMNS FROM `ur7_admin_auth_action` [ RunTime:0.0050s ]
SQL: SELECT * FROM `ur7_admin_auth_action` WHERE `group` = 'Index' AND `controller` = 'Index' AND `action` = 'getleftmenu' LIMIT 1   [ RunTime:0.0000s ]
NOTIC: [2048] Declaration of Model\Adomodel\AdminAuthControllerModel::add() should be compatible with Think\Model::add($data = '', $options = Array, $replace = false) D:\xampp\htdocs\DreamCMS\Model\Adomodel\AdminAuthControllerModel.class.php 第 72 行.
SQL: SHOW COLUMNS FROM `ur7_admin_auth_controller` [ RunTime:0.0050s ]
SQL: SELECT * FROM `ur7_admin_auth_controller` WHERE `gid` = 2  [ RunTime:0.0000s ]
SQL: SELECT * FROM `ur7_admin_auth_action` WHERE `gid` = 2 AND `isshow` = 1  [ RunTime:0.0000s ]
INFO: [ app_end ] --START--
INFO: Run Behavior\ShowPageTraceBehavior [ RunTime:0.001000s ]
INFO: [ app_end ] --END-- [ RunTime:0.001000s ]

[ 2015-04-07T10:11:01+08:00 ] 127.0.0.1 /DreamCMS/Admin.php/Index/Index/getleftmenu.html
INFO: [ app_init ] --START--
INFO: Run Behavior\BuildLiteBehavior [ RunTime:0.000000s ]
INFO: [ app_init ] --END-- [ RunTime:0.001001s ]
INFO: [ app_begin ] --START--
INFO: Run Behavior\ReadHtmlCacheBehavior [ RunTime:0.001001s ]
INFO: Run Behavior\FlChkLangBehavior [ RunTime:0.002000s ]
INFO: [ app_begin ] --END-- [ RunTime:0.003001s ]
NOTIC: [2048] Declaration of Auth\Controller\AuthbaseController::display() should be compatible with Think\Controller::display($templateFile = '', $charset = '', $contentType = '', $content = '', $prefix = '') D:\xampp\htdocs\DreamCMS\Admin\Auth\Controller\AuthbaseController.class.php 第 8 行.
NOTIC: [8] Use of undefined constant TMPL_PATH - assumed 'TMPL_PATH' D:\xampp\htdocs\DreamCMS\Admin\Common\Controller\AdminbaseController.class.php 第 14 行.
SQL: SHOW COLUMNS FROM `ur7_language` [ RunTime:0.0080s ]
SQL: SHOW COLUMNS FROM `ur7_admin_auth_group` [ RunTime:0.0050s ]
SQL: SELECT * FROM `ur7_admin_auth_group` ORDER BY sort  [ RunTime:0.0000s ]
SQL: SHOW COLUMNS FROM `ur7_admin_auth_action` [ RunTime:0.0120s ]
SQL: SELECT * FROM `ur7_admin_auth_action` WHERE `group` = 'Index' AND `controller` = 'Index' AND `action` = 'getleftmenu' LIMIT 1   [ RunTime:0.0000s ]
NOTIC: [2048] Declaration of Model\Adomodel\AdminAuthControllerModel::add() should be compatible with Think\Model::add($data = '', $options = Array, $replace = false) D:\xampp\htdocs\DreamCMS\Model\Adomodel\AdminAuthControllerModel.class.php 第 72 行.
SQL: SHOW COLUMNS FROM `ur7_admin_auth_controller` [ RunTime:0.0050s ]
SQL: SELECT * FROM `ur7_admin_auth_controller` WHERE `gid` = 5  [ RunTime:0.0000s ]
SQL: SELECT * FROM `ur7_admin_auth_action` WHERE `gid` = 5 AND `isshow` = 1  [ RunTime:0.0010s ]
INFO: [ app_end ] --START--
INFO: Run Behavior\ShowPageTraceBehavior [ RunTime:0.001000s ]
INFO: [ app_end ] --END-- [ RunTime:0.001000s ]

[ 2015-04-07T10:11:04+08:00 ] 127.0.0.1 /DreamCMS/Admin.php/Index/Index/getleftmenu.html
INFO: [ app_init ] --START--
INFO: Run Behavior\BuildLiteBehavior [ RunTime:0.000000s ]
INFO: [ app_init ] --END-- [ RunTime:0.001000s ]
INFO: [ app_begin ] --START--
INFO: Run Behavior\ReadHtmlCacheBehavior [ RunTime:0.001001s ]
INFO: Run Behavior\FlChkLangBehavior [ RunTime:0.002000s ]
INFO: [ app_begin ] --END-- [ RunTime:0.003001s ]
NOTIC: [2048] Declaration of Auth\Controller\AuthbaseController::display() should be compatible with Think\Controller::display($templateFile = '', $charset = '', $contentType = '', $content = '', $prefix = '') D:\xampp\htdocs\DreamCMS\Admin\Auth\Controller\AuthbaseController.class.php 第 8 行.
NOTIC: [8] Use of undefined constant TMPL_PATH - assumed 'TMPL_PATH' D:\xampp\htdocs\DreamCMS\Admin\Common\Controller\AdminbaseController.class.php 第 14 行.
SQL: SHOW COLUMNS FROM `ur7_language` [ RunTime:0.0040s ]
SQL: SHOW COLUMNS FROM `ur7_admin_auth_group` [ RunTime:0.0060s ]
SQL: SELECT * FROM `ur7_admin_auth_group` ORDER BY sort  [ RunTime:0.0000s ]
SQL: SHOW COLUMNS FROM `ur7_admin_auth_action` [ RunTime:0.0070s ]
SQL: SELECT * FROM `ur7_admin_auth_action` WHERE `group` = 'Index' AND `controller` = 'Index' AND `action` = 'getleftmenu' LIMIT 1   [ RunTime:0.0000s ]
NOTIC: [2048] Declaration of Model\Adomodel\AdminAuthControllerModel::add() should be compatible with Think\Model::add($data = '', $options = Array, $replace = false) D:\xampp\htdocs\DreamCMS\Model\Adomodel\AdminAuthControllerModel.class.php 第 72 行.
SQL: SHOW COLUMNS FROM `ur7_admin_auth_controller` [ RunTime:0.0050s ]
SQL: SELECT * FROM `ur7_admin_auth_controller` WHERE `gid` = 5  [ RunTime:0.0010s ]
SQL: SELECT * FROM `ur7_admin_auth_action` WHERE `gid` = 5 AND `isshow` = 1  [ RunTime:0.0000s ]
INFO: [ app_end ] --START--
INFO: Run Behavior\ShowPageTraceBehavior [ RunTime:0.002000s ]
INFO: [ app_end ] --END-- [ RunTime:0.002000s ]

[ 2015-04-07T10:11:08+08:00 ] 127.0.0.1 /DreamCMS/Admin.php/Index/Index/getleftmenu.html
INFO: [ app_init ] --START--
INFO: Run Behavior\BuildLiteBehavior [ RunTime:0.000000s ]
INFO: [ app_init ] --END-- [ RunTime:0.001000s ]
INFO: [ app_begin ] --START--
INFO: Run Behavior\ReadHtmlCacheBehavior [ RunTime:0.001000s ]
INFO: Run Behavior\FlChkLangBehavior [ RunTime:0.002001s ]
INFO: [ app_begin ] --END-- [ RunTime:0.003001s ]
NOTIC: [2048] Declaration of Auth\Controller\AuthbaseController::display() should be compatible with Think\Controller::display($templateFile = '', $charset = '', $contentType = '', $content = '', $prefix = '') D:\xampp\htdocs\DreamCMS\Admin\Auth\Controller\AuthbaseController.class.php 第 8 行.
NOTIC: [8] Use of undefined constant TMPL_PATH - assumed 'TMPL_PATH' D:\xampp\htdocs\DreamCMS\Admin\Common\Controller\AdminbaseController.class.php 第 14 行.
SQL: SHOW COLUMNS FROM `ur7_language` [ RunTime:0.0050s ]
SQL: SHOW COLUMNS FROM `ur7_admin_auth_group` [ RunTime:0.0040s ]
SQL: SELECT * FROM `ur7_admin_auth_group` ORDER BY sort  [ RunTime:0.0000s ]
SQL: SHOW COLUMNS FROM `ur7_admin_auth_action` [ RunTime:0.0040s ]
SQL: SELECT * FROM `ur7_admin_auth_action` WHERE `group` = 'Index' AND `controller` = 'Index' AND `action` = 'getleftmenu' LIMIT 1   [ RunTime:0.0010s ]
NOTIC: [2048] Declaration of Model\Adomodel\AdminAuthControllerModel::add() should be compatible with Think\Model::add($data = '', $options = Array, $replace = false) D:\xampp\htdocs\DreamCMS\Model\Adomodel\AdminAuthControllerModel.class.php 第 72 行.
SQL: SHOW COLUMNS FROM `ur7_admin_auth_controller` [ RunTime:0.0040s ]
SQL: SELECT * FROM `ur7_admin_auth_controller` WHERE `gid` = 2  [ RunTime:0.0000s ]
SQL: SELECT * FROM `ur7_admin_auth_action` WHERE `gid` = 2 AND `isshow` = 1  [ RunTime:0.0010s ]
INFO: [ app_end ] --START--
INFO: Run Behavior\ShowPageTraceBehavior [ RunTime:0.001001s ]
INFO: [ app_end ] --END-- [ RunTime:0.001001s ]

[ 2015-04-07T10:29:02+08:00 ] 127.0.0.1 /DreamCMS/Admin.php/Index/Index/getleftmenu.html
INFO: [ app_init ] --START--
INFO: Run Behavior\BuildLiteBehavior [ RunTime:0.000000s ]
INFO: [ app_init ] --END-- [ RunTime:0.001000s ]
INFO: [ app_begin ] --START--
INFO: Run Behavior\ReadHtmlCacheBehavior [ RunTime:0.001000s ]
INFO: Run Behavior\FlChkLangBehavior [ RunTime:0.002000s ]
INFO: [ app_begin ] --END-- [ RunTime:0.003000s ]
NOTIC: [2048] Declaration of Auth\Controller\AuthbaseController::display() should be compatible with Think\Controller::display($templateFile = '', $charset = '', $contentType = '', $content = '', $prefix = '') D:\xampp\htdocs\DreamCMS\Admin\Auth\Controller\AuthbaseController.class.php 第 8 行.
NOTIC: [8] Use of undefined constant TMPL_PATH - assumed 'TMPL_PATH' D:\xampp\htdocs\DreamCMS\Admin\Common\Controller\AdminbaseController.class.php 第 14 行.
SQL: SHOW COLUMNS FROM `ur7_language` [ RunTime:0.0070s ]
SQL: SHOW COLUMNS FROM `ur7_admin_auth_group` [ RunTime:0.0050s ]
SQL: SELECT * FROM `ur7_admin_auth_group` ORDER BY sort  [ RunTime:0.0000s ]
SQL: SHOW COLUMNS FROM `ur7_admin_auth_action` [ RunTime:0.0060s ]
SQL: SELECT * FROM `ur7_admin_auth_action` WHERE `group` = 'Index' AND `controller` = 'Index' AND `action` = 'getleftmenu' LIMIT 1   [ RunTime:0.0010s ]
NOTIC: [2048] Declaration of Model\Adomodel\AdminAuthControllerModel::add() should be compatible with Think\Model::add($data = '', $options = Array, $replace = false) D:\xampp\htdocs\DreamCMS\Model\Adomodel\AdminAuthControllerModel.class.php 第 72 行.
SQL: SHOW COLUMNS FROM `ur7_admin_auth_controller` [ RunTime:0.0050s ]
SQL: SELECT * FROM `ur7_admin_auth_controller` WHERE `gid` = 5  [ RunTime:0.0000s ]
SQL: SELECT * FROM `ur7_admin_auth_action` WHERE `gid` = 5 AND `isshow` = 1  [ RunTime:0.0000s ]
INFO: [ app_end ] --START--
INFO: Run Behavior\ShowPageTraceBehavior [ RunTime:0.001000s ]
INFO: [ app_end ] --END-- [ RunTime:0.001000s ]

[ 2015-04-07T10:50:26+08:00 ] 127.0.0.1 /DreamCMS/Admin.php/Index/Index/getleftmenu.html
INFO: [ app_init ] --START--
INFO: Run Behavior\BuildLiteBehavior [ RunTime:0.000000s ]
INFO: [ app_init ] --END-- [ RunTime:0.001000s ]
INFO: [ app_begin ] --START--
INFO: Run Behavior\ReadHtmlCacheBehavior [ RunTime:0.001000s ]
INFO: Run Behavior\FlChkLangBehavior [ RunTime:0.002000s ]
INFO: [ app_begin ] --END-- [ RunTime:0.003000s ]
NOTIC: [2048] Declaration of Auth\Controller\AuthbaseController::display() should be compatible with Think\Controller::display($templateFile = '', $charset = '', $contentType = '', $content = '', $prefix = '') D:\xampp\htdocs\DreamCMS\Admin\Auth\Controller\AuthbaseController.class.php 第 8 行.
NOTIC: [8] Use of undefined constant TMPL_PATH - assumed 'TMPL_PATH' D:\xampp\htdocs\DreamCMS\Admin\Common\Controller\AdminbaseController.class.php 第 14 行.
SQL: SHOW COLUMNS FROM `ur7_language` [ RunTime:0.0040s ]
SQL: SHOW COLUMNS FROM `ur7_admin_auth_group` [ RunTime:0.0040s ]
SQL: SELECT * FROM `ur7_admin_auth_group` ORDER BY sort  [ RunTime:0.0010s ]
SQL: SHOW COLUMNS FROM `ur7_admin_auth_action` [ RunTime:0.0060s ]
SQL: SELECT * FROM `ur7_admin_auth_action` WHERE `group` = 'Index' AND `controller` = 'Index' AND `action` = 'getleftmenu' LIMIT 1   [ RunTime:0.0000s ]
NOTIC: [2048] Declaration of Model\Adomodel\AdminAuthControllerModel::add() should be compatible with Think\Model::add($data = '', $options = Array, $replace = false) D:\xampp\htdocs\DreamCMS\Model\Adomodel\AdminAuthControllerModel.class.php 第 72 行.
SQL: SHOW COLUMNS FROM `ur7_admin_auth_controller` [ RunTime:0.0170s ]
SQL: SELECT * FROM `ur7_admin_auth_controller` WHERE `gid` = 5  [ RunTime:0.0000s ]
SQL: SELECT * FROM `ur7_admin_auth_action` WHERE `gid` = 5 AND `isshow` = 1  [ RunTime:0.0000s ]
INFO: [ app_end ] --START--
INFO: Run Behavior\ShowPageTraceBehavior [ RunTime:0.001000s ]
INFO: [ app_end ] --END-- [ RunTime:0.002000s ]

[ 2015-04-07T11:35:58+08:00 ] 127.0.0.1 /DreamCMS/Admin.php/Index/Index/getleftmenu.html
INFO: [ app_init ] --START--
INFO: Run Behavior\BuildLiteBehavior [ RunTime:0.000000s ]
INFO: [ app_init ] --END-- [ RunTime:0.001000s ]
INFO: [ app_begin ] --START--
INFO: Run Behavior\ReadHtmlCacheBehavior [ RunTime:0.001000s ]
INFO: Run Behavior\FlChkLangBehavior [ RunTime:0.002000s ]
INFO: [ app_begin ] --END-- [ RunTime:0.003000s ]
NOTIC: [2048] Declaration of Auth\Controller\AuthbaseController::display() should be compatible with Think\Controller::display($templateFile = '', $charset = '', $contentType = '', $content = '', $prefix = '') D:\xampp\htdocs\DreamCMS\Admin\Auth\Controller\AuthbaseController.class.php 第 8 行.
NOTIC: [8] Use of undefined constant TMPL_PATH - assumed 'TMPL_PATH' D:\xampp\htdocs\DreamCMS\Admin\Common\Controller\AdminbaseController.class.php 第 14 行.
SQL: SHOW COLUMNS FROM `ur7_language` [ RunTime:0.0040s ]
SQL: SHOW COLUMNS FROM `ur7_admin_auth_group` [ RunTime:0.0060s ]
SQL: SELECT * FROM `ur7_admin_auth_group` ORDER BY sort  [ RunTime:0.0000s ]
SQL: SHOW COLUMNS FROM `ur7_admin_auth_action` [ RunTime:0.0050s ]
SQL: SELECT * FROM `ur7_admin_auth_action` WHERE `group` = 'Index' AND `controller` = 'Index' AND `action` = 'getleftmenu' LIMIT 1   [ RunTime:0.0000s ]
NOTIC: [2048] Declaration of Model\Adomodel\AdminAuthControllerModel::add() should be compatible with Think\Model::add($data = '', $options = Array, $replace = false) D:\xampp\htdocs\DreamCMS\Model\Adomodel\AdminAuthControllerModel.class.php 第 72 行.
SQL: SHOW COLUMNS FROM `ur7_admin_auth_controller` [ RunTime:0.0040s ]
SQL: SELECT * FROM `ur7_admin_auth_controller` WHERE `gid` = 5  [ RunTime:0.0010s ]
SQL: SELECT * FROM `ur7_admin_auth_action` WHERE `gid` = 5 AND `isshow` = 1  [ RunTime:0.0000s ]
INFO: [ app_end ] --START--
INFO: Run Behavior\ShowPageTraceBehavior [ RunTime:0.001000s ]
INFO: [ app_end ] --END-- [ RunTime:0.001000s ]

[ 2015-04-07T11:36:00+08:00 ] 127.0.0.1 /DreamCMS/Admin.php/Index/Index/getleftmenu.html
INFO: [ app_init ] --START--
INFO: Run Behavior\BuildLiteBehavior [ RunTime:0.000000s ]
INFO: [ app_init ] --END-- [ RunTime:0.001000s ]
INFO: [ app_begin ] --START--
INFO: Run Behavior\ReadHtmlCacheBehavior [ RunTime:0.001000s ]
INFO: Run Behavior\FlChkLangBehavior [ RunTime:0.002001s ]
INFO: [ app_begin ] --END-- [ RunTime:0.003001s ]
NOTIC: [2048] Declaration of Auth\Controller\AuthbaseController::display() should be compatible with Think\Controller::display($templateFile = '', $charset = '', $contentType = '', $content = '', $prefix = '') D:\xampp\htdocs\DreamCMS\Admin\Auth\Controller\AuthbaseController.class.php 第 8 行.
NOTIC: [8] Use of undefined constant TMPL_PATH - assumed 'TMPL_PATH' D:\xampp\htdocs\DreamCMS\Admin\Common\Controller\AdminbaseController.class.php 第 14 行.
SQL: SHOW COLUMNS FROM `ur7_language` [ RunTime:0.0110s ]
SQL: SHOW COLUMNS FROM `ur7_admin_auth_group` [ RunTime:0.0070s ]
SQL: SELECT * FROM `ur7_admin_auth_group` ORDER BY sort  [ RunTime:0.0000s ]
SQL: SHOW COLUMNS FROM `ur7_admin_auth_action` [ RunTime:0.0110s ]
SQL: SELECT * FROM `ur7_admin_auth_action` WHERE `group` = 'Index' AND `controller` = 'Index' AND `action` = 'getleftmenu' LIMIT 1   [ RunTime:0.0000s ]
NOTIC: [2048] Declaration of Model\Adomodel\AdminAuthControllerModel::add() should be compatible with Think\Model::add($data = '', $options = Array, $replace = false) D:\xampp\htdocs\DreamCMS\Model\Adomodel\AdminAuthControllerModel.class.php 第 72 行.
SQL: SHOW COLUMNS FROM `ur7_admin_auth_controller` [ RunTime:0.0060s ]
SQL: SELECT * FROM `ur7_admin_auth_controller` WHERE `gid` = 5  [ RunTime:0.0010s ]
SQL: SELECT * FROM `ur7_admin_auth_action` WHERE `gid` = 5 AND `isshow` = 1  [ RunTime:0.0000s ]
INFO: [ app_end ] --START--
INFO: Run Behavior\ShowPageTraceBehavior [ RunTime:0.001001s ]
INFO: [ app_end ] --END-- [ RunTime:0.002001s ]

[ 2015-04-07T15:32:39+08:00 ] 127.0.0.1 /DreamCMS/Admin.php/Index/Index/getleftmenu.html
INFO: [ app_init ] --START--
INFO: Run Behavior\BuildLiteBehavior [ RunTime:0.000000s ]
INFO: [ app_init ] --END-- [ RunTime:0.000000s ]
INFO: [ app_begin ] --START--
INFO: Run Behavior\ReadHtmlCacheBehavior [ RunTime:0.001000s ]
INFO: Run Behavior\FlChkLangBehavior [ RunTime:0.002000s ]
INFO: [ app_begin ] --END-- [ RunTime:0.003000s ]
NOTIC: [2048] Declaration of Auth\Controller\AuthbaseController::display() should be compatible with Think\Controller::display($templateFile = '', $charset = '', $contentType = '', $content = '', $prefix = '') D:\xampp\htdocs\DreamCMS\Admin\Auth\Controller\AuthbaseController.class.php 第 8 行.
NOTIC: [8] Use of undefined constant TMPL_PATH - assumed 'TMPL_PATH' D:\xampp\htdocs\DreamCMS\Admin\Common\Controller\AdminbaseController.class.php 第 14 行.
SQL: SHOW COLUMNS FROM `ur7_language` [ RunTime:0.0200s ]
SQL: SHOW COLUMNS FROM `ur7_admin_auth_group` [ RunTime:0.0070s ]
SQL: SELECT * FROM `ur7_admin_auth_group` ORDER BY sort  [ RunTime:0.0040s ]
SQL: SHOW COLUMNS FROM `ur7_admin_auth_action` [ RunTime:0.0120s ]
SQL: SELECT * FROM `ur7_admin_auth_action` WHERE `group` = 'Index' AND `controller` = 'Index' AND `action` = 'getleftmenu' LIMIT 1   [ RunTime:0.0000s ]
NOTIC: [2048] Declaration of Model\Adomodel\AdminAuthControllerModel::add() should be compatible with Think\Model::add($data = '', $options = Array, $replace = false) D:\xampp\htdocs\DreamCMS\Model\Adomodel\AdminAuthControllerModel.class.php 第 72 行.
SQL: SHOW COLUMNS FROM `ur7_admin_auth_controller` [ RunTime:0.0050s ]
SQL: SELECT * FROM `ur7_admin_auth_controller` WHERE `gid` = 5  [ RunTime:0.0070s ]
SQL: SELECT * FROM `ur7_admin_auth_action` WHERE `gid` = 5 AND `isshow` = 1  [ RunTime:0.0080s ]
INFO: [ app_end ] --START--
INFO: Run Behavior\ShowPageTraceBehavior [ RunTime:0.001000s ]
INFO: [ app_end ] --END-- [ RunTime:0.002000s ]

[ 2015-04-07T15:40:58+08:00 ] 127.0.0.1 /DreamCMS/Admin.php/Index/Index/getleftmenu.html
INFO: [ app_init ] --START--
INFO: Run Behavior\BuildLiteBehavior [ RunTime:0.000000s ]
INFO: [ app_init ] --END-- [ RunTime:0.000000s ]
INFO: [ app_begin ] --START--
INFO: Run Behavior\ReadHtmlCacheBehavior [ RunTime:0.001000s ]
INFO: Run Behavior\FlChkLangBehavior [ RunTime:0.002000s ]
INFO: [ app_begin ] --END-- [ RunTime:0.003000s ]
NOTIC: [2048] Declaration of Auth\Controller\AuthbaseController::display() should be compatible with Think\Controller::display($templateFile = '', $charset = '', $contentType = '', $content = '', $prefix = '') D:\xampp\htdocs\DreamCMS\Admin\Auth\Controller\AuthbaseController.class.php 第 8 行.
NOTIC: [8] Use of undefined constant TMPL_PATH - assumed 'TMPL_PATH' D:\xampp\htdocs\DreamCMS\Admin\Common\Controller\AdminbaseController.class.php 第 14 行.
SQL: SHOW COLUMNS FROM `ur7_language` [ RunTime:0.0160s ]
SQL: SHOW COLUMNS FROM `ur7_admin_auth_group` [ RunTime:0.0040s ]
SQL: SELECT * FROM `ur7_admin_auth_group` ORDER BY sort  [ RunTime:0.0000s ]
SQL: SHOW COLUMNS FROM `ur7_admin_auth_action` [ RunTime:0.0040s ]
SQL: SELECT * FROM `ur7_admin_auth_action` WHERE `group` = 'Index' AND `controller` = 'Index' AND `action` = 'getleftmenu' LIMIT 1   [ RunTime:0.0010s ]
NOTIC: [2048] Declaration of Model\Adomodel\AdminAuthControllerModel::add() should be compatible with Think\Model::add($data = '', $options = Array, $replace = false) D:\xampp\htdocs\DreamCMS\Model\Adomodel\AdminAuthControllerModel.class.php 第 72 行.
SQL: SHOW COLUMNS FROM `ur7_admin_auth_controller` [ RunTime:0.0050s ]
SQL: SELECT * FROM `ur7_admin_auth_controller` WHERE `gid` = 5  [ RunTime:0.0000s ]
SQL: SELECT * FROM `ur7_admin_auth_action` WHERE `gid` = 5 AND `isshow` = 1  [ RunTime:0.0010s ]
INFO: [ app_end ] --START--
INFO: Run Behavior\ShowPageTraceBehavior [ RunTime:0.001000s ]
INFO: [ app_end ] --END-- [ RunTime:0.002000s ]

[ 2015-04-07T15:43:46+08:00 ] 127.0.0.1 /DreamCMS/Admin.php/Index/Index/getleftmenu.html
INFO: [ app_init ] --START--
INFO: Run Behavior\BuildLiteBehavior [ RunTime:0.000000s ]
INFO: [ app_init ] --END-- [ RunTime:0.001000s ]
INFO: [ app_begin ] --START--
INFO: Run Behavior\ReadHtmlCacheBehavior [ RunTime:0.001000s ]
INFO: Run Behavior\FlChkLangBehavior [ RunTime:0.002000s ]
INFO: [ app_begin ] --END-- [ RunTime:0.003000s ]
NOTIC: [2048] Declaration of Auth\Controller\AuthbaseController::display() should be compatible with Think\Controller::display($templateFile = '', $charset = '', $contentType = '', $content = '', $prefix = '') D:\xampp\htdocs\DreamCMS\Admin\Auth\Controller\AuthbaseController.class.php 第 8 行.
NOTIC: [8] Use of undefined constant TMPL_PATH - assumed 'TMPL_PATH' D:\xampp\htdocs\DreamCMS\Admin\Common\Controller\AdminbaseController.class.php 第 14 行.
SQL: SHOW COLUMNS FROM `ur7_language` [ RunTime:0.0050s ]
SQL: SHOW COLUMNS FROM `ur7_admin_auth_group` [ RunTime:0.0040s ]
SQL: SELECT * FROM `ur7_admin_auth_group` ORDER BY sort  [ RunTime:0.0000s ]
SQL: SHOW COLUMNS FROM `ur7_admin_auth_action` [ RunTime:0.0040s ]
SQL: SELECT * FROM `ur7_admin_auth_action` WHERE `group` = 'Index' AND `controller` = 'Index' AND `action` = 'getleftmenu' LIMIT 1   [ RunTime:0.0000s ]
NOTIC: [2048] Declaration of Model\Adomodel\AdminAuthControllerModel::add() should be compatible with Think\Model::add($data = '', $options = Array, $replace = false) D:\xampp\htdocs\DreamCMS\Model\Adomodel\AdminAuthControllerModel.class.php 第 72 行.
SQL: SHOW COLUMNS FROM `ur7_admin_auth_controller` [ RunTime:0.0060s ]
SQL: SELECT * FROM `ur7_admin_auth_controller` WHERE `gid` = 5  [ RunTime:0.0000s ]
SQL: SELECT * FROM `ur7_admin_auth_action` WHERE `gid` = 5 AND `isshow` = 1  [ RunTime:0.0000s ]
INFO: [ app_end ] --START--
INFO: Run Behavior\ShowPageTraceBehavior [ RunTime:0.001000s ]
INFO: [ app_end ] --END-- [ RunTime:0.001000s ]

[ 2015-04-07T15:44:14+08:00 ] 127.0.0.1 /DreamCMS/Admin.php/Index/Index/getleftmenu.html
INFO: [ app_init ] --START--
INFO: Run Behavior\BuildLiteBehavior [ RunTime:0.000000s ]
INFO: [ app_init ] --END-- [ RunTime:0.001000s ]
INFO: [ app_begin ] --START--
INFO: Run Behavior\ReadHtmlCacheBehavior [ RunTime:0.001000s ]
INFO: Run Behavior\FlChkLangBehavior [ RunTime:0.002000s ]
INFO: [ app_begin ] --END-- [ RunTime:0.003000s ]
NOTIC: [2048] Declaration of Auth\Controller\AuthbaseController::display() should be compatible with Think\Controller::display($templateFile = '', $charset = '', $contentType = '', $content = '', $prefix = '') D:\xampp\htdocs\DreamCMS\Admin\Auth\Controller\AuthbaseController.class.php 第 8 行.
NOTIC: [8] Use of undefined constant TMPL_PATH - assumed 'TMPL_PATH' D:\xampp\htdocs\DreamCMS\Admin\Common\Controller\AdminbaseController.class.php 第 14 行.
SQL: SHOW COLUMNS FROM `ur7_language` [ RunTime:0.0070s ]
SQL: SHOW COLUMNS FROM `ur7_admin_auth_group` [ RunTime:0.0060s ]
SQL: SELECT * FROM `ur7_admin_auth_group` ORDER BY sort  [ RunTime:0.0000s ]
SQL: SHOW COLUMNS FROM `ur7_admin_auth_action` [ RunTime:0.0050s ]
SQL: SELECT * FROM `ur7_admin_auth_action` WHERE `group` = 'Index' AND `controller` = 'Index' AND `action` = 'getleftmenu' LIMIT 1   [ RunTime:0.0000s ]
NOTIC: [2048] Declaration of Model\Adomodel\AdminAuthControllerModel::add() should be compatible with Think\Model::add($data = '', $options = Array, $replace = false) D:\xampp\htdocs\DreamCMS\Model\Adomodel\AdminAuthControllerModel.class.php 第 72 行.
SQL: SHOW COLUMNS FROM `ur7_admin_auth_controller` [ RunTime:0.0050s ]
SQL: SELECT * FROM `ur7_admin_auth_controller` WHERE `gid` = 5  [ RunTime:0.0010s ]
SQL: SELECT * FROM `ur7_admin_auth_action` WHERE `gid` = 5 AND `isshow` = 1  [ RunTime:0.0000s ]
INFO: [ app_end ] --START--
INFO: Run Behavior\ShowPageTraceBehavior [ RunTime:0.001000s ]
INFO: [ app_end ] --END-- [ RunTime:0.002000s ]

[ 2015-04-07T15:44:30+08:00 ] 127.0.0.1 /DreamCMS/Admin.php/Index/Index/getleftmenu.html
INFO: [ app_init ] --START--
INFO: Run Behavior\BuildLiteBehavior [ RunTime:0.000000s ]
INFO: [ app_init ] --END-- [ RunTime:0.001000s ]
INFO: [ app_begin ] --START--
INFO: Run Behavior\ReadHtmlCacheBehavior [ RunTime:0.001000s ]
INFO: Run Behavior\FlChkLangBehavior [ RunTime:0.002000s ]
INFO: [ app_begin ] --END-- [ RunTime:0.003000s ]
NOTIC: [2048] Declaration of Auth\Controller\AuthbaseController::display() should be compatible with Think\Controller::display($templateFile = '', $charset = '', $contentType = '', $content = '', $prefix = '') D:\xampp\htdocs\DreamCMS\Admin\Auth\Controller\AuthbaseController.class.php 第 8 行.
NOTIC: [8] Use of undefined constant TMPL_PATH - assumed 'TMPL_PATH' D:\xampp\htdocs\DreamCMS\Admin\Common\Controller\AdminbaseController.class.php 第 14 行.
SQL: SHOW COLUMNS FROM `ur7_language` [ RunTime:0.0090s ]
SQL: SHOW COLUMNS FROM `ur7_admin_auth_group` [ RunTime:0.0050s ]
SQL: SELECT * FROM `ur7_admin_auth_group` ORDER BY sort  [ RunTime:0.0010s ]
SQL: SHOW COLUMNS FROM `ur7_admin_auth_action` [ RunTime:0.0040s ]
SQL: SELECT * FROM `ur7_admin_auth_action` WHERE `group` = 'Index' AND `controller` = 'Index' AND `action` = 'getleftmenu' LIMIT 1   [ RunTime:0.0000s ]
NOTIC: [2048] Declaration of Model\Adomodel\AdminAuthControllerModel::add() should be compatible with Think\Model::add($data = '', $options = Array, $replace = false) D:\xampp\htdocs\DreamCMS\Model\Adomodel\AdminAuthControllerModel.class.php 第 72 行.
SQL: SHOW COLUMNS FROM `ur7_admin_auth_controller` [ RunTime:0.0070s ]
SQL: SELECT * FROM `ur7_admin_auth_controller` WHERE `gid` = 5  [ RunTime:0.0000s ]
SQL: SELECT * FROM `ur7_admin_auth_action` WHERE `gid` = 5 AND `isshow` = 1  [ RunTime:0.0010s ]
INFO: [ app_end ] --START--
INFO: Run Behavior\ShowPageTraceBehavior [ RunTime:0.001000s ]
INFO: [ app_end ] --END-- [ RunTime:0.001000s ]

[ 2015-04-07T15:44:49+08:00 ] 127.0.0.1 /DreamCMS/Admin.php/Index/Index/getleftmenu.html
INFO: [ app_init ] --START--
INFO: Run Behavior\BuildLiteBehavior [ RunTime:0.000000s ]
INFO: [ app_init ] --END-- [ RunTime:0.000000s ]
INFO: [ app_begin ] --START--
INFO: Run Behavior\ReadHtmlCacheBehavior [ RunTime:0.001000s ]
INFO: Run Behavior\FlChkLangBehavior [ RunTime:0.001000s ]
INFO: [ app_begin ] --END-- [ RunTime:0.002000s ]
NOTIC: [2048] Declaration of Auth\Controller\AuthbaseController::display() should be compatible with Think\Controller::display($templateFile = '', $charset = '', $contentType = '', $content = '', $prefix = '') D:\xampp\htdocs\DreamCMS\Admin\Auth\Controller\AuthbaseController.class.php 第 8 行.
NOTIC: [8] Use of undefined constant TMPL_PATH - assumed 'TMPL_PATH' D:\xampp\htdocs\DreamCMS\Admin\Common\Controller\AdminbaseController.class.php 第 14 行.
SQL: SHOW COLUMNS FROM `ur7_language` [ RunTime:0.0060s ]
SQL: SHOW COLUMNS FROM `ur7_admin_auth_group` [ RunTime:0.0040s ]
SQL: SELECT * FROM `ur7_admin_auth_group` ORDER BY sort  [ RunTime:0.0000s ]
SQL: SHOW COLUMNS FROM `ur7_admin_auth_action` [ RunTime:0.0040s ]
SQL: SELECT * FROM `ur7_admin_auth_action` WHERE `group` = 'Index' AND `controller` = 'Index' AND `action` = 'getleftmenu' LIMIT 1   [ RunTime:0.0010s ]
NOTIC: [2048] Declaration of Model\Adomodel\AdminAuthControllerModel::add() should be compatible with Think\Model::add($data = '', $options = Array, $replace = false) D:\xampp\htdocs\DreamCMS\Model\Adomodel\AdminAuthControllerModel.class.php 第 72 行.
SQL: SHOW COLUMNS FROM `ur7_admin_auth_controller` [ RunTime:0.0040s ]
SQL: SELECT * FROM `ur7_admin_auth_controller` WHERE `gid` = 5  [ RunTime:0.0000s ]
SQL: SELECT * FROM `ur7_admin_auth_action` WHERE `gid` = 5 AND `isshow` = 1  [ RunTime:0.0010s ]
INFO: [ app_end ] --START--
INFO: Run Behavior\ShowPageTraceBehavior [ RunTime:0.001000s ]
INFO: [ app_end ] --END-- [ RunTime:0.002000s ]

[ 2015-04-07T15:44:53+08:00 ] 127.0.0.1 /DreamCMS/Admin.php/Index/Index/getleftmenu.html
INFO: [ app_init ] --START--
INFO: Run Behavior\BuildLiteBehavior [ RunTime:0.000000s ]
INFO: [ app_init ] --END-- [ RunTime:0.000000s ]
INFO: [ app_begin ] --START--
INFO: Run Behavior\ReadHtmlCacheBehavior [ RunTime:0.001000s ]
INFO: Run Behavior\FlChkLangBehavior [ RunTime:0.001000s ]
INFO: [ app_begin ] --END-- [ RunTime:0.003000s ]
NOTIC: [2048] Declaration of Auth\Controller\AuthbaseController::display() should be compatible with Think\Controller::display($templateFile = '', $charset = '', $contentType = '', $content = '', $prefix = '') D:\xampp\htdocs\DreamCMS\Admin\Auth\Controller\AuthbaseController.class.php 第 8 行.
NOTIC: [8] Use of undefined constant TMPL_PATH - assumed 'TMPL_PATH' D:\xampp\htdocs\DreamCMS\Admin\Common\Controller\AdminbaseController.class.php 第 14 行.
SQL: SHOW COLUMNS FROM `ur7_language` [ RunTime:0.0070s ]
SQL: SHOW COLUMNS FROM `ur7_admin_auth_group` [ RunTime:0.0120s ]
SQL: SELECT * FROM `ur7_admin_auth_group` ORDER BY sort  [ RunTime:0.0010s ]
SQL: SHOW COLUMNS FROM `ur7_admin_auth_action` [ RunTime:0.0060s ]
SQL: SELECT * FROM `ur7_admin_auth_action` WHERE `group` = 'Index' AND `controller` = 'Index' AND `action` = 'getleftmenu' LIMIT 1   [ RunTime:0.0150s ]
NOTIC: [2048] Declaration of Model\Adomodel\AdminAuthControllerModel::add() should be compatible with Think\Model::add($data = '', $options = Array, $replace = false) D:\xampp\htdocs\DreamCMS\Model\Adomodel\AdminAuthControllerModel.class.php 第 72 行.
SQL: SHOW COLUMNS FROM `ur7_admin_auth_controller` [ RunTime:0.0060s ]
SQL: SELECT * FROM `ur7_admin_auth_controller` WHERE `gid` = 5  [ RunTime:0.0000s ]
SQL: SELECT * FROM `ur7_admin_auth_action` WHERE `gid` = 5 AND `isshow` = 1  [ RunTime:0.0010s ]
INFO: [ app_end ] --START--
INFO: Run Behavior\ShowPageTraceBehavior [ RunTime:0.001000s ]
INFO: [ app_end ] --END-- [ RunTime:0.002000s ]

[ 2015-04-07T15:45:04+08:00 ] 127.0.0.1 /DreamCMS/Admin.php/Index/Index/getleftmenu.html
INFO: [ app_init ] --START--
INFO: Run Behavior\BuildLiteBehavior [ RunTime:0.000000s ]
INFO: [ app_init ] --END-- [ RunTime:0.001000s ]
INFO: [ app_begin ] --START--
INFO: Run Behavior\ReadHtmlCacheBehavior [ RunTime:0.001000s ]
INFO: Run Behavior\FlChkLangBehavior [ RunTime:0.002000s ]
INFO: [ app_begin ] --END-- [ RunTime:0.004000s ]
NOTIC: [2048] Declaration of Auth\Controller\AuthbaseController::display() should be compatible with Think\Controller::display($templateFile = '', $charset = '', $contentType = '', $content = '', $prefix = '') D:\xampp\htdocs\DreamCMS\Admin\Auth\Controller\AuthbaseController.class.php 第 8 行.
NOTIC: [8] Use of undefined constant TMPL_PATH - assumed 'TMPL_PATH' D:\xampp\htdocs\DreamCMS\Admin\Common\Controller\AdminbaseController.class.php 第 14 行.
SQL: SHOW COLUMNS FROM `ur7_language` [ RunTime:0.0060s ]
SQL: SHOW COLUMNS FROM `ur7_admin_auth_group` [ RunTime:0.0040s ]
SQL: SELECT * FROM `ur7_admin_auth_group` ORDER BY sort  [ RunTime:0.0000s ]
SQL: SHOW COLUMNS FROM `ur7_admin_auth_action` [ RunTime:0.0060s ]
SQL: SELECT * FROM `ur7_admin_auth_action` WHERE `group` = 'Index' AND `controller` = 'Index' AND `action` = 'getleftmenu' LIMIT 1   [ RunTime:0.0000s ]
NOTIC: [2048] Declaration of Model\Adomodel\AdminAuthControllerModel::add() should be compatible with Think\Model::add($data = '', $options = Array, $replace = false) D:\xampp\htdocs\DreamCMS\Model\Adomodel\AdminAuthControllerModel.class.php 第 72 行.
SQL: SHOW COLUMNS FROM `ur7_admin_auth_controller` [ RunTime:0.0050s ]
SQL: SELECT * FROM `ur7_admin_auth_controller` WHERE `gid` = 5  [ RunTime:0.0010s ]
SQL: SELECT * FROM `ur7_admin_auth_action` WHERE `gid` = 5 AND `isshow` = 1  [ RunTime:0.0000s ]
INFO: [ app_end ] --START--
INFO: Run Behavior\ShowPageTraceBehavior [ RunTime:0.001000s ]
INFO: [ app_end ] --END-- [ RunTime:0.001000s ]

[ 2015-04-07T16:49:18+08:00 ] 127.0.0.1 /DreamCMS/Admin.php/Index/Index/getleftmenu.html
INFO: [ app_init ] --START--
INFO: Run Behavior\BuildLiteBehavior [ RunTime:0.000000s ]
INFO: [ app_init ] --END-- [ RunTime:0.000000s ]
INFO: [ app_begin ] --START--
INFO: Run Behavior\ReadHtmlCacheBehavior [ RunTime:0.000000s ]
INFO: Run Behavior\FlChkLangBehavior [ RunTime:0.002000s ]
INFO: [ app_begin ] --END-- [ RunTime:0.003000s ]
NOTIC: [2048] Declaration of Auth\Controller\AuthbaseController::display() should be compatible with Think\Controller::display($templateFile = '', $charset = '', $contentType = '', $content = '', $prefix = '') D:\xampp\htdocs\DreamCMS\Admin\Auth\Controller\AuthbaseController.class.php 第 8 行.
NOTIC: [8] Use of undefined constant TMPL_PATH - assumed 'TMPL_PATH' D:\xampp\htdocs\DreamCMS\Admin\Common\Controller\AdminbaseController.class.php 第 14 行.
SQL: SHOW COLUMNS FROM `ur7_language` [ RunTime:0.0040s ]
SQL: SHOW COLUMNS FROM `ur7_admin_auth_group` [ RunTime:0.0050s ]
SQL: SELECT * FROM `ur7_admin_auth_group` ORDER BY sort  [ RunTime:0.0010s ]
SQL: SHOW COLUMNS FROM `ur7_admin_auth_action` [ RunTime:0.0040s ]
SQL: SELECT * FROM `ur7_admin_auth_action` WHERE `group` = 'Index' AND `controller` = 'Index' AND `action` = 'getleftmenu' LIMIT 1   [ RunTime:0.0010s ]
NOTIC: [2048] Declaration of Model\Adomodel\AdminAuthControllerModel::add() should be compatible with Think\Model::add($data = '', $options = Array, $replace = false) D:\xampp\htdocs\DreamCMS\Model\Adomodel\AdminAuthControllerModel.class.php 第 72 行.
SQL: SHOW COLUMNS FROM `ur7_admin_auth_controller` [ RunTime:0.0040s ]
SQL: SELECT * FROM `ur7_admin_auth_controller` WHERE `gid` = 5  [ RunTime:0.0000s ]
SQL: SELECT * FROM `ur7_admin_auth_action` WHERE `gid` = 5 AND `isshow` = 1  [ RunTime:0.0000s ]
INFO: [ app_end ] --START--
INFO: Run Behavior\ShowPageTraceBehavior [ RunTime:0.001000s ]
INFO: [ app_end ] --END-- [ RunTime:0.001000s ]

[ 2015-04-07T16:49:19+08:00 ] 127.0.0.1 /DreamCMS/Admin.php/Index/Index/getleftmenu.html
INFO: [ app_init ] --START--
INFO: Run Behavior\BuildLiteBehavior [ RunTime:0.000000s ]
INFO: [ app_init ] --END-- [ RunTime:0.001000s ]
INFO: [ app_begin ] --START--
INFO: Run Behavior\ReadHtmlCacheBehavior [ RunTime:0.001000s ]
INFO: Run Behavior\FlChkLangBehavior [ RunTime:0.002000s ]
INFO: [ app_begin ] --END-- [ RunTime:0.003000s ]
NOTIC: [2048] Declaration of Auth\Controller\AuthbaseController::display() should be compatible with Think\Controller::display($templateFile = '', $charset = '', $contentType = '', $content = '', $prefix = '') D:\xampp\htdocs\DreamCMS\Admin\Auth\Controller\AuthbaseController.class.php 第 8 行.
NOTIC: [8] Use of undefined constant TMPL_PATH - assumed 'TMPL_PATH' D:\xampp\htdocs\DreamCMS\Admin\Common\Controller\AdminbaseController.class.php 第 14 行.
SQL: SHOW COLUMNS FROM `ur7_language` [ RunTime:0.0040s ]
SQL: SHOW COLUMNS FROM `ur7_admin_auth_group` [ RunTime:0.0040s ]
SQL: SELECT * FROM `ur7_admin_auth_group` ORDER BY sort  [ RunTime:0.0010s ]
SQL: SHOW COLUMNS FROM `ur7_admin_auth_action` [ RunTime:0.0060s ]
SQL: SELECT * FROM `ur7_admin_auth_action` WHERE `group` = 'Index' AND `controller` = 'Index' AND `action` = 'getleftmenu' LIMIT 1   [ RunTime:0.0000s ]
NOTIC: [2048] Declaration of Model\Adomodel\AdminAuthControllerModel::add() should be compatible with Think\Model::add($data = '', $options = Array, $replace = false) D:\xampp\htdocs\DreamCMS\Model\Adomodel\AdminAuthControllerModel.class.php 第 72 行.
SQL: SHOW COLUMNS FROM `ur7_admin_auth_controller` [ RunTime:0.0040s ]
SQL: SELECT * FROM `ur7_admin_auth_controller` WHERE `gid` = 5  [ RunTime:0.0000s ]
SQL: SELECT * FROM `ur7_admin_auth_action` WHERE `gid` = 5 AND `isshow` = 1  [ RunTime:0.0010s ]
INFO: [ app_end ] --START--
INFO: Run Behavior\ShowPageTraceBehavior [ RunTime:0.001000s ]
INFO: [ app_end ] --END-- [ RunTime:0.002000s ]

[ 2015-04-07T16:49:21+08:00 ] 127.0.0.1 /DreamCMS/Admin.php/Index/Index/getleftmenu.html
INFO: [ app_init ] --START--
INFO: Run Behavior\BuildLiteBehavior [ RunTime:0.000000s ]
INFO: [ app_init ] --END-- [ RunTime:0.001000s ]
INFO: [ app_begin ] --START--
INFO: Run Behavior\ReadHtmlCacheBehavior [ RunTime:0.001000s ]
INFO: Run Behavior\FlChkLangBehavior [ RunTime:0.002000s ]
INFO: [ app_begin ] --END-- [ RunTime:0.003000s ]
NOTIC: [2048] Declaration of Auth\Controller\AuthbaseController::display() should be compatible with Think\Controller::display($templateFile = '', $charset = '', $contentType = '', $content = '', $prefix = '') D:\xampp\htdocs\DreamCMS\Admin\Auth\Controller\AuthbaseController.class.php 第 8 行.
NOTIC: [8] Use of undefined constant TMPL_PATH - assumed 'TMPL_PATH' D:\xampp\htdocs\DreamCMS\Admin\Common\Controller\AdminbaseController.class.php 第 14 行.
SQL: SHOW COLUMNS FROM `ur7_language` [ RunTime:0.0050s ]
SQL: SHOW COLUMNS FROM `ur7_admin_auth_group` [ RunTime:0.0040s ]
SQL: SELECT * FROM `ur7_admin_auth_group` ORDER BY sort  [ RunTime:0.0000s ]
SQL: SHOW COLUMNS FROM `ur7_admin_auth_action` [ RunTime:0.0040s ]
SQL: SELECT * FROM `ur7_admin_auth_action` WHERE `group` = 'Index' AND `controller` = 'Index' AND `action` = 'getleftmenu' LIMIT 1   [ RunTime:0.0010s ]
NOTIC: [2048] Declaration of Model\Adomodel\AdminAuthControllerModel::add() should be compatible with Think\Model::add($data = '', $options = Array, $replace = false) D:\xampp\htdocs\DreamCMS\Model\Adomodel\AdminAuthControllerModel.class.php 第 72 行.
SQL: SHOW COLUMNS FROM `ur7_admin_auth_controller` [ RunTime:0.0050s ]
SQL: SELECT * FROM `ur7_admin_auth_controller` WHERE `gid` = 5  [ RunTime:0.0000s ]
SQL: SELECT * FROM `ur7_admin_auth_action` WHERE `gid` = 5 AND `isshow` = 1  [ RunTime:0.0010s ]
INFO: [ app_end ] --START--
INFO: Run Behavior\ShowPageTraceBehavior [ RunTime:0.001000s ]
INFO: [ app_end ] --END-- [ RunTime:0.001000s ]

[ 2015-04-07T16:51:57+08:00 ] 127.0.0.1 /DreamCMS/Admin.php/Index/Index/getleftmenu.html
INFO: [ app_init ] --START--
INFO: Run Behavior\BuildLiteBehavior [ RunTime:0.000000s ]
INFO: [ app_init ] --END-- [ RunTime:0.001000s ]
INFO: [ app_begin ] --START--
INFO: Run Behavior\ReadHtmlCacheBehavior [ RunTime:0.001000s ]
INFO: Run Behavior\FlChkLangBehavior [ RunTime:0.002000s ]
INFO: [ app_begin ] --END-- [ RunTime:0.003000s ]
NOTIC: [2048] Declaration of Auth\Controller\AuthbaseController::display() should be compatible with Think\Controller::display($templateFile = '', $charset = '', $contentType = '', $content = '', $prefix = '') D:\xampp\htdocs\DreamCMS\Admin\Auth\Controller\AuthbaseController.class.php 第 8 行.
NOTIC: [8] Use of undefined constant TMPL_PATH - assumed 'TMPL_PATH' D:\xampp\htdocs\DreamCMS\Admin\Common\Controller\AdminbaseController.class.php 第 14 行.
SQL: SHOW COLUMNS FROM `ur7_language` [ RunTime:0.0050s ]
SQL: SHOW COLUMNS FROM `ur7_admin_auth_group` [ RunTime:0.0040s ]
SQL: SELECT * FROM `ur7_admin_auth_group` ORDER BY sort  [ RunTime:0.0000s ]
SQL: SHOW COLUMNS FROM `ur7_admin_auth_action` [ RunTime:0.0050s ]
SQL: SELECT * FROM `ur7_admin_auth_action` WHERE `group` = 'Index' AND `controller` = 'Index' AND `action` = 'getleftmenu' LIMIT 1   [ RunTime:0.0010s ]
NOTIC: [2048] Declaration of Model\Adomodel\AdminAuthControllerModel::add() should be compatible with Think\Model::add($data = '', $options = Array, $replace = false) D:\xampp\htdocs\DreamCMS\Model\Adomodel\AdminAuthControllerModel.class.php 第 72 行.
SQL: SHOW COLUMNS FROM `ur7_admin_auth_controller` [ RunTime:0.0060s ]
SQL: SELECT * FROM `ur7_admin_auth_controller` WHERE `gid` = 6  [ RunTime:0.0010s ]
SQL: SELECT * FROM `ur7_admin_auth_action` WHERE `gid` = 6 AND `isshow` = 1  [ RunTime:0.0000s ]
INFO: [ app_end ] --START--
INFO: Run Behavior\ShowPageTraceBehavior [ RunTime:0.001000s ]
INFO: [ app_end ] --END-- [ RunTime:0.001000s ]

[ 2015-04-07T16:51:59+08:00 ] 127.0.0.1 /DreamCMS/Admin.php/Index/Index/getleftmenu.html
INFO: [ app_init ] --START--
INFO: Run Behavior\BuildLiteBehavior [ RunTime:0.000000s ]
INFO: [ app_init ] --END-- [ RunTime:0.000000s ]
INFO: [ app_begin ] --START--
INFO: Run Behavior\ReadHtmlCacheBehavior [ RunTime:0.001000s ]
INFO: Run Behavior\FlChkLangBehavior [ RunTime:0.002000s ]
INFO: [ app_begin ] --END-- [ RunTime:0.003000s ]
NOTIC: [2048] Declaration of Auth\Controller\AuthbaseController::display() should be compatible with Think\Controller::display($templateFile = '', $charset = '', $contentType = '', $content = '', $prefix = '') D:\xampp\htdocs\DreamCMS\Admin\Auth\Controller\AuthbaseController.class.php 第 8 行.
NOTIC: [8] Use of undefined constant TMPL_PATH - assumed 'TMPL_PATH' D:\xampp\htdocs\DreamCMS\Admin\Common\Controller\AdminbaseController.class.php 第 14 行.
SQL: SHOW COLUMNS FROM `ur7_language` [ RunTime:0.0050s ]
SQL: SHOW COLUMNS FROM `ur7_admin_auth_group` [ RunTime:0.0040s ]
SQL: SELECT * FROM `ur7_admin_auth_group` ORDER BY sort  [ RunTime:0.0000s ]
SQL: SHOW COLUMNS FROM `ur7_admin_auth_action` [ RunTime:0.0040s ]
SQL: SELECT * FROM `ur7_admin_auth_action` WHERE `group` = 'Index' AND `controller` = 'Index' AND `action` = 'getleftmenu' LIMIT 1   [ RunTime:0.0000s ]
NOTIC: [2048] Declaration of Model\Adomodel\AdminAuthControllerModel::add() should be compatible with Think\Model::add($data = '', $options = Array, $replace = false) D:\xampp\htdocs\DreamCMS\Model\Adomodel\AdminAuthControllerModel.class.php 第 72 行.
SQL: SHOW COLUMNS FROM `ur7_admin_auth_controller` [ RunTime:0.0040s ]
SQL: SELECT * FROM `ur7_admin_auth_controller` WHERE `gid` = 6  [ RunTime:0.0000s ]
SQL: SELECT * FROM `ur7_admin_auth_action` WHERE `gid` = 6 AND `isshow` = 1  [ RunTime:0.0000s ]
INFO: [ app_end ] --START--
INFO: Run Behavior\ShowPageTraceBehavior [ RunTime:0.001000s ]
INFO: [ app_end ] --END-- [ RunTime:0.001000s ]

