[ 2015-02-05T08:58:31+08:00 ] 127.0.0.1 /DreamCms/Admin.php/Index/Index/index.html
INFO: [ app_init ] --START--
INFO: Run Behavior\BuildLiteBehavior [ RunTime:0.000000s ]
INFO: [ app_init ] --END-- [ RunTime:0.001000s ]
INFO: [ app_begin ] --START--
INFO: Run Behavior\ReadHtmlCacheBehavior [ RunTime:0.001000s ]
INFO: Run Behavior\FlChkLangBehavior [ RunTime:0.001000s ]
INFO: [ app_begin ] --END-- [ RunTime:0.004000s ]
NOTIC: [2048] Declaration of Auth\Controller\AuthbaseController::display() should be compatible with Think\Controller::display($templateFile = '', $charset = '', $contentType = '', $content = '', $prefix = '') D:\xampp\htdocs\DreamCMS\Admin\Auth\Controller\AuthbaseController.class.php 第 8 行.
NOTIC: [8] Use of undefined constant TMPL_PATH - assumed 'TMPL_PATH' D:\xampp\htdocs\DreamCMS\Admin\Common\Controller\AdminbaseController.class.php 第 14 行.
SQL: SHOW COLUMNS FROM `ur7_language` [ RunTime:0.0050s ]
SQL: SHOW COLUMNS FROM `ur7_admin_auth_group` [ RunTime:0.0130s ]
SQL: SELECT * FROM `ur7_admin_auth_group` ORDER BY sort  [ RunTime:0.0110s ]
SQL: SHOW COLUMNS FROM `ur7_admin_auth_action` [ RunTime:0.0330s ]
SQL: SELECT * FROM `ur7_admin_auth_action` WHERE `group` = 'Index' AND `controller` = 'Index' AND `action` = 'index' LIMIT 1   [ RunTime:0.0160s ]
NOTIC: [8] Undefined variable: group_id D:\xampp\htdocs\DreamCMS\Template\Admin\bootstrap\Layout\layout.php 第 79 行.
NOTIC: [8] Undefined variable: controller_id D:\xampp\htdocs\DreamCMS\Template\Admin\bootstrap\Layout\layout.php 第 372 行.
NOTIC: [8] Undefined variable: action_id D:\xampp\htdocs\DreamCMS\Template\Admin\bootstrap\Layout\layout.php 第 388 行.
INFO: [ view_filter ] --START--
INFO: Run Behavior\WriteHtmlCacheBehavior [ RunTime:0.001000s ]
INFO: [ view_filter ] --END-- [ RunTime:0.001000s ]
INFO: [ app_end ] --START--
INFO: Run Behavior\ShowPageTraceBehavior [ RunTime:0.001000s ]
INFO: [ app_end ] --END-- [ RunTime:0.001000s ]

[ 2015-02-05T08:58:32+08:00 ] 127.0.0.1 /DreamCms/Admin.php/Index/Index/getleftmenu.html
INFO: [ app_init ] --START--
INFO: Run Behavior\BuildLiteBehavior [ RunTime:0.000000s ]
INFO: [ app_init ] --END-- [ RunTime:0.000000s ]
INFO: [ app_begin ] --START--
INFO: Run Behavior\ReadHtmlCacheBehavior [ RunTime:0.000000s ]
INFO: Run Behavior\FlChkLangBehavior [ RunTime:0.002000s ]
INFO: [ app_begin ] --END-- [ RunTime:0.003000s ]
NOTIC: [2048] Declaration of Auth\Controller\AuthbaseController::display() should be compatible with Think\Controller::display($templateFile = '', $charset = '', $contentType = '', $content = '', $prefix = '') D:\xampp\htdocs\DreamCMS\Admin\Auth\Controller\AuthbaseController.class.php 第 8 行.
NOTIC: [8] Use of undefined constant TMPL_PATH - assumed 'TMPL_PATH' D:\xampp\htdocs\DreamCMS\Admin\Common\Controller\AdminbaseController.class.php 第 14 行.
SQL: SHOW COLUMNS FROM `ur7_language` [ RunTime:0.0040s ]
SQL: SHOW COLUMNS FROM `ur7_admin_auth_group` [ RunTime:0.0040s ]
SQL: SELECT * FROM `ur7_admin_auth_group` ORDER BY sort  [ RunTime:0.0000s ]
SQL: SHOW COLUMNS FROM `ur7_admin_auth_action` [ RunTime:0.0330s ]
SQL: SELECT * FROM `ur7_admin_auth_action` WHERE `group` = 'Index' AND `controller` = 'Index' AND `action` = 'getleftmenu' LIMIT 1   [ RunTime:0.0010s ]
NOTIC: [2048] Declaration of Model\Adomodel\AdminAuthControllerModel::add() should be compatible with Think\Model::add($data = '', $options = Array, $replace = false) D:\xampp\htdocs\DreamCMS\Model\Adomodel\AdminAuthControllerModel.class.php 第 42 行.
SQL: SHOW COLUMNS FROM `ur7_admin_auth_controller` [ RunTime:0.0590s ]
SQL: SELECT * FROM `ur7_admin_auth_controller` WHERE `gid` = 2  [ RunTime:0.0000s ]
SQL: SELECT * FROM `ur7_admin_auth_action` WHERE `gid` = 2 AND `isshow` = 1  [ RunTime:0.0180s ]
INFO: [ app_end ] --START--
INFO: Run Behavior\ShowPageTraceBehavior [ RunTime:0.002000s ]
INFO: [ app_end ] --END-- [ RunTime:0.002000s ]

[ 2015-02-05T08:58:34+08:00 ] 127.0.0.1 /DreamCms/Admin.php/Index/Index/getleftmenu.html
INFO: [ app_init ] --START--
INFO: Run Behavior\BuildLiteBehavior [ RunTime:0.000000s ]
INFO: [ app_init ] --END-- [ RunTime:0.000000s ]
INFO: [ app_begin ] --START--
INFO: Run Behavior\ReadHtmlCacheBehavior [ RunTime:0.000000s ]
INFO: Run Behavior\FlChkLangBehavior [ RunTime:0.002000s ]
INFO: [ app_begin ] --END-- [ RunTime:0.002000s ]
NOTIC: [2048] Declaration of Auth\Controller\AuthbaseController::display() should be compatible with Think\Controller::display($templateFile = '', $charset = '', $contentType = '', $content = '', $prefix = '') D:\xampp\htdocs\DreamCMS\Admin\Auth\Controller\AuthbaseController.class.php 第 8 行.
NOTIC: [8] Use of undefined constant TMPL_PATH - assumed 'TMPL_PATH' D:\xampp\htdocs\DreamCMS\Admin\Common\Controller\AdminbaseController.class.php 第 14 行.
SQL: SHOW COLUMNS FROM `ur7_language` [ RunTime:0.0030s ]
SQL: SHOW COLUMNS FROM `ur7_admin_auth_group` [ RunTime:0.0040s ]
SQL: SELECT * FROM `ur7_admin_auth_group` ORDER BY sort  [ RunTime:0.0010s ]
SQL: SHOW COLUMNS FROM `ur7_admin_auth_action` [ RunTime:0.0120s ]
SQL: SELECT * FROM `ur7_admin_auth_action` WHERE `group` = 'Index' AND `controller` = 'Index' AND `action` = 'getleftmenu' LIMIT 1   [ RunTime:0.0000s ]
NOTIC: [2048] Declaration of Model\Adomodel\AdminAuthControllerModel::add() should be compatible with Think\Model::add($data = '', $options = Array, $replace = false) D:\xampp\htdocs\DreamCMS\Model\Adomodel\AdminAuthControllerModel.class.php 第 42 行.
SQL: SHOW COLUMNS FROM `ur7_admin_auth_controller` [ RunTime:0.0040s ]
SQL: SELECT * FROM `ur7_admin_auth_controller` WHERE `gid` = 8  [ RunTime:0.0000s ]
NOTIC: [2] Invalid argument supplied for foreach() D:\xampp\htdocs\DreamCMS\Admin\Index\Controller\IndexController.class.php 第 30 行.
SQL: SELECT * FROM `ur7_admin_auth_action` WHERE `gid` = 8 AND `isshow` = 1  [ RunTime:0.0000s ]
NOTIC: [2] Invalid argument supplied for foreach() D:\xampp\htdocs\DreamCMS\Admin\Index\Controller\IndexController.class.php 第 39 行.
INFO: [ app_end ] --START--
INFO: Run Behavior\ShowPageTraceBehavior [ RunTime:0.002000s ]
INFO: [ app_end ] --END-- [ RunTime:0.002000s ]

[ 2015-02-05T08:58:36+08:00 ] 127.0.0.1 /DreamCms/Admin.php/Index/Index/index.html
INFO: [ app_init ] --START--
INFO: Run Behavior\BuildLiteBehavior [ RunTime:0.000000s ]
INFO: [ app_init ] --END-- [ RunTime:0.003000s ]
INFO: [ app_begin ] --START--
INFO: Run Behavior\ReadHtmlCacheBehavior [ RunTime:0.001000s ]
INFO: Run Behavior\FlChkLangBehavior [ RunTime:0.002000s ]
INFO: [ app_begin ] --END-- [ RunTime:0.003000s ]
NOTIC: [2048] Declaration of Auth\Controller\AuthbaseController::display() should be compatible with Think\Controller::display($templateFile = '', $charset = '', $contentType = '', $content = '', $prefix = '') D:\xampp\htdocs\DreamCMS\Admin\Auth\Controller\AuthbaseController.class.php 第 8 行.
NOTIC: [8] Use of undefined constant TMPL_PATH - assumed 'TMPL_PATH' D:\xampp\htdocs\DreamCMS\Admin\Common\Controller\AdminbaseController.class.php 第 14 行.
SQL: SHOW COLUMNS FROM `ur7_language` [ RunTime:0.0040s ]
SQL: SHOW COLUMNS FROM `ur7_admin_auth_group` [ RunTime:0.0040s ]
SQL: SELECT * FROM `ur7_admin_auth_group` ORDER BY sort  [ RunTime:0.0020s ]
SQL: SHOW COLUMNS FROM `ur7_admin_auth_action` [ RunTime:0.0110s ]
SQL: SELECT * FROM `ur7_admin_auth_action` WHERE `group` = 'Index' AND `controller` = 'Index' AND `action` = 'index' LIMIT 1   [ RunTime:0.0000s ]
NOTIC: [8] Undefined variable: group_id D:\xampp\htdocs\DreamCMS\Template\Admin\bootstrap\Layout\layout.php 第 79 行.
NOTIC: [8] Undefined variable: controller_id D:\xampp\htdocs\DreamCMS\Template\Admin\bootstrap\Layout\layout.php 第 372 行.
NOTIC: [8] Undefined variable: action_id D:\xampp\htdocs\DreamCMS\Template\Admin\bootstrap\Layout\layout.php 第 388 行.
INFO: [ view_filter ] --START--
INFO: Run Behavior\WriteHtmlCacheBehavior [ RunTime:0.000000s ]
INFO: [ view_filter ] --END-- [ RunTime:0.001000s ]
INFO: [ app_end ] --START--
INFO: Run Behavior\ShowPageTraceBehavior [ RunTime:0.001000s ]
INFO: [ app_end ] --END-- [ RunTime:0.002000s ]

[ 2015-02-05T08:58:37+08:00 ] 127.0.0.1 /DreamCms/Admin.php/Index/Index/getleftmenu.html
INFO: [ app_init ] --START--
INFO: Run Behavior\BuildLiteBehavior [ RunTime:0.000000s ]
INFO: [ app_init ] --END-- [ RunTime:0.000000s ]
INFO: [ app_begin ] --START--
INFO: Run Behavior\ReadHtmlCacheBehavior [ RunTime:0.001000s ]
INFO: Run Behavior\FlChkLangBehavior [ RunTime:0.002000s ]
INFO: [ app_begin ] --END-- [ RunTime:0.003000s ]
NOTIC: [2048] Declaration of Auth\Controller\AuthbaseController::display() should be compatible with Think\Controller::display($templateFile = '', $charset = '', $contentType = '', $content = '', $prefix = '') D:\xampp\htdocs\DreamCMS\Admin\Auth\Controller\AuthbaseController.class.php 第 8 行.
NOTIC: [8] Use of undefined constant TMPL_PATH - assumed 'TMPL_PATH' D:\xampp\htdocs\DreamCMS\Admin\Common\Controller\AdminbaseController.class.php 第 14 行.
SQL: SHOW COLUMNS FROM `ur7_language` [ RunTime:0.0070s ]
SQL: SHOW COLUMNS FROM `ur7_admin_auth_group` [ RunTime:0.0060s ]
SQL: SELECT * FROM `ur7_admin_auth_group` ORDER BY sort  [ RunTime:0.0010s ]
SQL: SHOW COLUMNS FROM `ur7_admin_auth_action` [ RunTime:0.0210s ]
SQL: SELECT * FROM `ur7_admin_auth_action` WHERE `group` = 'Index' AND `controller` = 'Index' AND `action` = 'getleftmenu' LIMIT 1   [ RunTime:0.0010s ]
NOTIC: [2048] Declaration of Model\Adomodel\AdminAuthControllerModel::add() should be compatible with Think\Model::add($data = '', $options = Array, $replace = false) D:\xampp\htdocs\DreamCMS\Model\Adomodel\AdminAuthControllerModel.class.php 第 42 行.
SQL: SHOW COLUMNS FROM `ur7_admin_auth_controller` [ RunTime:0.0040s ]
SQL: SELECT * FROM `ur7_admin_auth_controller` WHERE `gid` = 2  [ RunTime:0.0010s ]
SQL: SELECT * FROM `ur7_admin_auth_action` WHERE `gid` = 2 AND `isshow` = 1  [ RunTime:0.0000s ]
INFO: [ app_end ] --START--
INFO: Run Behavior\ShowPageTraceBehavior [ RunTime:0.001000s ]
INFO: [ app_end ] --END-- [ RunTime:0.001000s ]

[ 2015-02-05T08:58:38+08:00 ] 127.0.0.1 /DreamCms/Admin.php/Index/Index/getleftmenu.html
INFO: [ app_init ] --START--
INFO: Run Behavior\BuildLiteBehavior [ RunTime:0.000000s ]
INFO: [ app_init ] --END-- [ RunTime:0.001000s ]
INFO: [ app_begin ] --START--
INFO: Run Behavior\ReadHtmlCacheBehavior [ RunTime:0.001000s ]
INFO: Run Behavior\FlChkLangBehavior [ RunTime:0.002000s ]
INFO: [ app_begin ] --END-- [ RunTime:0.003000s ]
NOTIC: [2048] Declaration of Auth\Controller\AuthbaseController::display() should be compatible with Think\Controller::display($templateFile = '', $charset = '', $contentType = '', $content = '', $prefix = '') D:\xampp\htdocs\DreamCMS\Admin\Auth\Controller\AuthbaseController.class.php 第 8 行.
NOTIC: [8] Use of undefined constant TMPL_PATH - assumed 'TMPL_PATH' D:\xampp\htdocs\DreamCMS\Admin\Common\Controller\AdminbaseController.class.php 第 14 行.
SQL: SHOW COLUMNS FROM `ur7_language` [ RunTime:0.0060s ]
SQL: SHOW COLUMNS FROM `ur7_admin_auth_group` [ RunTime:0.0040s ]
SQL: SELECT * FROM `ur7_admin_auth_group` ORDER BY sort  [ RunTime:0.0010s ]
SQL: SHOW COLUMNS FROM `ur7_admin_auth_action` [ RunTime:0.0100s ]
SQL: SELECT * FROM `ur7_admin_auth_action` WHERE `group` = 'Index' AND `controller` = 'Index' AND `action` = 'getleftmenu' LIMIT 1   [ RunTime:0.0000s ]
NOTIC: [2048] Declaration of Model\Adomodel\AdminAuthControllerModel::add() should be compatible with Think\Model::add($data = '', $options = Array, $replace = false) D:\xampp\htdocs\DreamCMS\Model\Adomodel\AdminAuthControllerModel.class.php 第 42 行.
SQL: SHOW COLUMNS FROM `ur7_admin_auth_controller` [ RunTime:0.0040s ]
SQL: SELECT * FROM `ur7_admin_auth_controller` WHERE `gid` = 4  [ RunTime:0.0000s ]
SQL: SELECT * FROM `ur7_admin_auth_action` WHERE `gid` = 4 AND `isshow` = 1  [ RunTime:0.0010s ]
INFO: [ app_end ] --START--
INFO: Run Behavior\ShowPageTraceBehavior [ RunTime:0.002000s ]
INFO: [ app_end ] --END-- [ RunTime:0.002000s ]

[ 2015-02-05T08:58:38+08:00 ] 127.0.0.1 /DreamCms/Admin.php/Index/Index/getleftmenu.html
INFO: [ app_init ] --START--
INFO: Run Behavior\BuildLiteBehavior [ RunTime:0.000000s ]
INFO: [ app_init ] --END-- [ RunTime:0.000000s ]
INFO: [ app_begin ] --START--
INFO: Run Behavior\ReadHtmlCacheBehavior [ RunTime:0.001000s ]
INFO: Run Behavior\FlChkLangBehavior [ RunTime:0.001000s ]
INFO: [ app_begin ] --END-- [ RunTime:0.002000s ]
NOTIC: [2048] Declaration of Auth\Controller\AuthbaseController::display() should be compatible with Think\Controller::display($templateFile = '', $charset = '', $contentType = '', $content = '', $prefix = '') D:\xampp\htdocs\DreamCMS\Admin\Auth\Controller\AuthbaseController.class.php 第 8 行.
NOTIC: [8] Use of undefined constant TMPL_PATH - assumed 'TMPL_PATH' D:\xampp\htdocs\DreamCMS\Admin\Common\Controller\AdminbaseController.class.php 第 14 行.
SQL: SHOW COLUMNS FROM `ur7_language` [ RunTime:0.0030s ]
SQL: SHOW COLUMNS FROM `ur7_admin_auth_group` [ RunTime:0.0050s ]
SQL: SELECT * FROM `ur7_admin_auth_group` ORDER BY sort  [ RunTime:0.0000s ]
SQL: SHOW COLUMNS FROM `ur7_admin_auth_action` [ RunTime:0.0030s ]
SQL: SELECT * FROM `ur7_admin_auth_action` WHERE `group` = 'Index' AND `controller` = 'Index' AND `action` = 'getleftmenu' LIMIT 1   [ RunTime:0.0000s ]
NOTIC: [2048] Declaration of Model\Adomodel\AdminAuthControllerModel::add() should be compatible with Think\Model::add($data = '', $options = Array, $replace = false) D:\xampp\htdocs\DreamCMS\Model\Adomodel\AdminAuthControllerModel.class.php 第 42 行.
SQL: SHOW COLUMNS FROM `ur7_admin_auth_controller` [ RunTime:0.0030s ]
SQL: SELECT * FROM `ur7_admin_auth_controller` WHERE `gid` = 8  [ RunTime:0.0010s ]
NOTIC: [2] Invalid argument supplied for foreach() D:\xampp\htdocs\DreamCMS\Admin\Index\Controller\IndexController.class.php 第 30 行.
SQL: SELECT * FROM `ur7_admin_auth_action` WHERE `gid` = 8 AND `isshow` = 1  [ RunTime:0.0010s ]
NOTIC: [2] Invalid argument supplied for foreach() D:\xampp\htdocs\DreamCMS\Admin\Index\Controller\IndexController.class.php 第 39 行.
INFO: [ app_end ] --START--
INFO: Run Behavior\ShowPageTraceBehavior [ RunTime:0.001000s ]
INFO: [ app_end ] --END-- [ RunTime:0.001000s ]

[ 2015-02-05T09:01:17+08:00 ] 127.0.0.1 /DreamCms/Admin.php/Index/Index/getleftmenu.html
INFO: [ app_init ] --START--
INFO: Run Behavior\BuildLiteBehavior [ RunTime:0.000000s ]
INFO: [ app_init ] --END-- [ RunTime:0.001000s ]
INFO: [ app_begin ] --START--
INFO: Run Behavior\ReadHtmlCacheBehavior [ RunTime:0.001000s ]
INFO: Run Behavior\FlChkLangBehavior [ RunTime:0.003000s ]
INFO: [ app_begin ] --END-- [ RunTime:0.004000s ]
NOTIC: [2048] Declaration of Auth\Controller\AuthbaseController::display() should be compatible with Think\Controller::display($templateFile = '', $charset = '', $contentType = '', $content = '', $prefix = '') D:\xampp\htdocs\DreamCMS\Admin\Auth\Controller\AuthbaseController.class.php 第 8 行.
NOTIC: [8] Use of undefined constant TMPL_PATH - assumed 'TMPL_PATH' D:\xampp\htdocs\DreamCMS\Admin\Common\Controller\AdminbaseController.class.php 第 14 行.
SQL: SHOW COLUMNS FROM `ur7_language` [ RunTime:0.0070s ]
SQL: SHOW COLUMNS FROM `ur7_admin_auth_group` [ RunTime:0.0030s ]
SQL: SELECT * FROM `ur7_admin_auth_group` ORDER BY sort  [ RunTime:0.0000s ]
SQL: SHOW COLUMNS FROM `ur7_admin_auth_action` [ RunTime:0.0030s ]
SQL: SELECT * FROM `ur7_admin_auth_action` WHERE `group` = 'Index' AND `controller` = 'Index' AND `action` = 'getleftmenu' LIMIT 1   [ RunTime:0.0010s ]
NOTIC: [2048] Declaration of Model\Adomodel\AdminAuthControllerModel::add() should be compatible with Think\Model::add($data = '', $options = Array, $replace = false) D:\xampp\htdocs\DreamCMS\Model\Adomodel\AdminAuthControllerModel.class.php 第 42 行.
SQL: SHOW COLUMNS FROM `ur7_admin_auth_controller` [ RunTime:0.0030s ]
SQL: SELECT * FROM `ur7_admin_auth_controller` WHERE `gid` = 2  [ RunTime:0.0000s ]
SQL: SELECT * FROM `ur7_admin_auth_action` WHERE `gid` = 2 AND `isshow` = 1  [ RunTime:0.0010s ]
INFO: [ app_end ] --START--
INFO: Run Behavior\ShowPageTraceBehavior [ RunTime:0.002000s ]
INFO: [ app_end ] --END-- [ RunTime:0.002000s ]

[ 2015-02-05T09:01:18+08:00 ] 127.0.0.1 /DreamCms/Admin.php/Index/Index/getleftmenu.html
INFO: [ app_init ] --START--
INFO: Run Behavior\BuildLiteBehavior [ RunTime:0.000000s ]
INFO: [ app_init ] --END-- [ RunTime:0.001000s ]
INFO: [ app_begin ] --START--
INFO: Run Behavior\ReadHtmlCacheBehavior [ RunTime:0.001000s ]
INFO: Run Behavior\FlChkLangBehavior [ RunTime:0.002000s ]
INFO: [ app_begin ] --END-- [ RunTime:0.003000s ]
NOTIC: [2048] Declaration of Auth\Controller\AuthbaseController::display() should be compatible with Think\Controller::display($templateFile = '', $charset = '', $contentType = '', $content = '', $prefix = '') D:\xampp\htdocs\DreamCMS\Admin\Auth\Controller\AuthbaseController.class.php 第 8 行.
NOTIC: [8] Use of undefined constant TMPL_PATH - assumed 'TMPL_PATH' D:\xampp\htdocs\DreamCMS\Admin\Common\Controller\AdminbaseController.class.php 第 14 行.
SQL: SHOW COLUMNS FROM `ur7_language` [ RunTime:0.0030s ]
SQL: SHOW COLUMNS FROM `ur7_admin_auth_group` [ RunTime:0.0040s ]
SQL: SELECT * FROM `ur7_admin_auth_group` ORDER BY sort  [ RunTime:0.0010s ]
SQL: SHOW COLUMNS FROM `ur7_admin_auth_action` [ RunTime:0.0030s ]
SQL: SELECT * FROM `ur7_admin_auth_action` WHERE `group` = 'Index' AND `controller` = 'Index' AND `action` = 'getleftmenu' LIMIT 1   [ RunTime:0.0000s ]
NOTIC: [2048] Declaration of Model\Adomodel\AdminAuthControllerModel::add() should be compatible with Think\Model::add($data = '', $options = Array, $replace = false) D:\xampp\htdocs\DreamCMS\Model\Adomodel\AdminAuthControllerModel.class.php 第 42 行.
SQL: SHOW COLUMNS FROM `ur7_admin_auth_controller` [ RunTime:0.0030s ]
SQL: SELECT * FROM `ur7_admin_auth_controller` WHERE `gid` = 4  [ RunTime:0.0000s ]
SQL: SELECT * FROM `ur7_admin_auth_action` WHERE `gid` = 4 AND `isshow` = 1  [ RunTime:0.0010s ]
INFO: [ app_end ] --START--
INFO: Run Behavior\ShowPageTraceBehavior [ RunTime:0.001000s ]
INFO: [ app_end ] --END-- [ RunTime:0.002000s ]

[ 2015-02-05T09:06:05+08:00 ] 127.0.0.1 /DreamCms/Admin.php/Index/Index/getleftmenu.html
INFO: [ app_init ] --START--
INFO: Run Behavior\BuildLiteBehavior [ RunTime:0.000000s ]
INFO: [ app_init ] --END-- [ RunTime:0.001000s ]
INFO: [ app_begin ] --START--
INFO: Run Behavior\ReadHtmlCacheBehavior [ RunTime:0.000000s ]
INFO: Run Behavior\FlChkLangBehavior [ RunTime:0.002000s ]
INFO: [ app_begin ] --END-- [ RunTime:0.004000s ]
NOTIC: [2048] Declaration of Auth\Controller\AuthbaseController::display() should be compatible with Think\Controller::display($templateFile = '', $charset = '', $contentType = '', $content = '', $prefix = '') D:\xampp\htdocs\DreamCMS\Admin\Auth\Controller\AuthbaseController.class.php 第 8 行.
NOTIC: [8] Use of undefined constant TMPL_PATH - assumed 'TMPL_PATH' D:\xampp\htdocs\DreamCMS\Admin\Common\Controller\AdminbaseController.class.php 第 14 行.
SQL: SHOW COLUMNS FROM `ur7_language` [ RunTime:0.0030s ]
SQL: SHOW COLUMNS FROM `ur7_admin_auth_group` [ RunTime:0.0030s ]
SQL: SELECT * FROM `ur7_admin_auth_group` ORDER BY sort  [ RunTime:0.0000s ]
SQL: SHOW COLUMNS FROM `ur7_admin_auth_action` [ RunTime:0.0030s ]
SQL: SELECT * FROM `ur7_admin_auth_action` WHERE `group` = 'Index' AND `controller` = 'Index' AND `action` = 'getleftmenu' LIMIT 1   [ RunTime:0.0000s ]
NOTIC: [2048] Declaration of Model\Adomodel\AdminAuthControllerModel::add() should be compatible with Think\Model::add($data = '', $options = Array, $replace = false) D:\xampp\htdocs\DreamCMS\Model\Adomodel\AdminAuthControllerModel.class.php 第 42 行.
SQL: SHOW COLUMNS FROM `ur7_admin_auth_controller` [ RunTime:0.0030s ]
SQL: SELECT * FROM `ur7_admin_auth_controller` WHERE `gid` = 4  [ RunTime:0.0000s ]
SQL: SELECT * FROM `ur7_admin_auth_action` WHERE `gid` = 4 AND `isshow` = 1  [ RunTime:0.0010s ]
INFO: [ app_end ] --START--
INFO: Run Behavior\ShowPageTraceBehavior [ RunTime:0.001000s ]
INFO: [ app_end ] --END-- [ RunTime:0.001000s ]

[ 2015-02-05T09:06:07+08:00 ] 127.0.0.1 /DreamCms/Admin.php/Index/Index/getleftmenu.html
INFO: [ app_init ] --START--
INFO: Run Behavior\BuildLiteBehavior [ RunTime:0.000000s ]
INFO: [ app_init ] --END-- [ RunTime:0.000000s ]
INFO: [ app_begin ] --START--
INFO: Run Behavior\ReadHtmlCacheBehavior [ RunTime:0.001000s ]
INFO: Run Behavior\FlChkLangBehavior [ RunTime:0.002000s ]
INFO: [ app_begin ] --END-- [ RunTime:0.003000s ]
NOTIC: [2048] Declaration of Auth\Controller\AuthbaseController::display() should be compatible with Think\Controller::display($templateFile = '', $charset = '', $contentType = '', $content = '', $prefix = '') D:\xampp\htdocs\DreamCMS\Admin\Auth\Controller\AuthbaseController.class.php 第 8 行.
NOTIC: [8] Use of undefined constant TMPL_PATH - assumed 'TMPL_PATH' D:\xampp\htdocs\DreamCMS\Admin\Common\Controller\AdminbaseController.class.php 第 14 行.
SQL: SHOW COLUMNS FROM `ur7_language` [ RunTime:0.0050s ]
SQL: SHOW COLUMNS FROM `ur7_admin_auth_group` [ RunTime:0.0050s ]
SQL: SELECT * FROM `ur7_admin_auth_group` ORDER BY sort  [ RunTime:0.0010s ]
SQL: SHOW COLUMNS FROM `ur7_admin_auth_action` [ RunTime:0.0040s ]
SQL: SELECT * FROM `ur7_admin_auth_action` WHERE `group` = 'Index' AND `controller` = 'Index' AND `action` = 'getleftmenu' LIMIT 1   [ RunTime:0.0000s ]
NOTIC: [2048] Declaration of Model\Adomodel\AdminAuthControllerModel::add() should be compatible with Think\Model::add($data = '', $options = Array, $replace = false) D:\xampp\htdocs\DreamCMS\Model\Adomodel\AdminAuthControllerModel.class.php 第 42 行.
SQL: SHOW COLUMNS FROM `ur7_admin_auth_controller` [ RunTime:0.0040s ]
SQL: SELECT * FROM `ur7_admin_auth_controller` WHERE `gid` = 4  [ RunTime:0.0010s ]
SQL: SELECT * FROM `ur7_admin_auth_action` WHERE `gid` = 4 AND `isshow` = 1  [ RunTime:0.0010s ]
INFO: [ app_end ] --START--
INFO: Run Behavior\ShowPageTraceBehavior [ RunTime:0.001000s ]
INFO: [ app_end ] --END-- [ RunTime:0.002000s ]

[ 2015-02-05T09:06:10+08:00 ] 127.0.0.1 /DreamCms/Admin.php/Index/Index/getleftmenu.html
INFO: [ app_init ] --START--
INFO: Run Behavior\BuildLiteBehavior [ RunTime:0.000000s ]
INFO: [ app_init ] --END-- [ RunTime:0.000000s ]
INFO: [ app_begin ] --START--
INFO: Run Behavior\ReadHtmlCacheBehavior [ RunTime:0.001000s ]
INFO: Run Behavior\FlChkLangBehavior [ RunTime:0.001000s ]
INFO: [ app_begin ] --END-- [ RunTime:0.003000s ]
NOTIC: [2048] Declaration of Auth\Controller\AuthbaseController::display() should be compatible with Think\Controller::display($templateFile = '', $charset = '', $contentType = '', $content = '', $prefix = '') D:\xampp\htdocs\DreamCMS\Admin\Auth\Controller\AuthbaseController.class.php 第 8 行.
NOTIC: [8] Use of undefined constant TMPL_PATH - assumed 'TMPL_PATH' D:\xampp\htdocs\DreamCMS\Admin\Common\Controller\AdminbaseController.class.php 第 14 行.
SQL: SHOW COLUMNS FROM `ur7_language` [ RunTime:0.0030s ]
SQL: SHOW COLUMNS FROM `ur7_admin_auth_group` [ RunTime:0.0030s ]
SQL: SELECT * FROM `ur7_admin_auth_group` ORDER BY sort  [ RunTime:0.0000s ]
SQL: SHOW COLUMNS FROM `ur7_admin_auth_action` [ RunTime:0.0030s ]
SQL: SELECT * FROM `ur7_admin_auth_action` WHERE `group` = 'Index' AND `controller` = 'Index' AND `action` = 'getleftmenu' LIMIT 1   [ RunTime:0.0010s ]
NOTIC: [2048] Declaration of Model\Adomodel\AdminAuthControllerModel::add() should be compatible with Think\Model::add($data = '', $options = Array, $replace = false) D:\xampp\htdocs\DreamCMS\Model\Adomodel\AdminAuthControllerModel.class.php 第 42 行.
SQL: SHOW COLUMNS FROM `ur7_admin_auth_controller` [ RunTime:0.0040s ]
SQL: SELECT * FROM `ur7_admin_auth_controller` WHERE `gid` = 4  [ RunTime:0.0000s ]
SQL: SELECT * FROM `ur7_admin_auth_action` WHERE `gid` = 4 AND `isshow` = 1  [ RunTime:0.0000s ]
INFO: [ app_end ] --START--
INFO: Run Behavior\ShowPageTraceBehavior [ RunTime:0.001000s ]
INFO: [ app_end ] --END-- [ RunTime:0.001000s ]

[ 2015-02-05T15:50:40+08:00 ] 127.0.0.1 /DreamCms/Admin.php/Index/Index/index.html
INFO: [ app_init ] --START--
INFO: Run Behavior\BuildLiteBehavior [ RunTime:0.000000s ]
INFO: [ app_init ] --END-- [ RunTime:0.001000s ]
INFO: [ app_begin ] --START--
INFO: Run Behavior\ReadHtmlCacheBehavior [ RunTime:0.001000s ]
INFO: Run Behavior\FlChkLangBehavior [ RunTime:0.002000s ]
INFO: [ app_begin ] --END-- [ RunTime:0.003000s ]
NOTIC: [2048] Declaration of Auth\Controller\AuthbaseController::display() should be compatible with Think\Controller::display($templateFile = '', $charset = '', $contentType = '', $content = '', $prefix = '') D:\xampp\htdocs\DreamCMS\Admin\Auth\Controller\AuthbaseController.class.php 第 8 行.
NOTIC: [8] Use of undefined constant TMPL_PATH - assumed 'TMPL_PATH' D:\xampp\htdocs\DreamCMS\Admin\Common\Controller\AdminbaseController.class.php 第 14 行.
SQL: SHOW COLUMNS FROM `ur7_language` [ RunTime:0.0300s ]
SQL: SHOW COLUMNS FROM `ur7_admin_auth_group` [ RunTime:0.0480s ]
SQL: SELECT * FROM `ur7_admin_auth_group` ORDER BY sort  [ RunTime:0.0260s ]
SQL: SHOW COLUMNS FROM `ur7_admin_auth_action` [ RunTime:0.0060s ]
SQL: SELECT * FROM `ur7_admin_auth_action` WHERE `group` = 'Index' AND `controller` = 'Index' AND `action` = 'index' LIMIT 1   [ RunTime:0.0590s ]
NOTIC: [8] Undefined variable: group_id D:\xampp\htdocs\DreamCMS\Template\Admin\bootstrap\Layout\layout.php 第 79 行.
NOTIC: [8] Undefined variable: controller_id D:\xampp\htdocs\DreamCMS\Template\Admin\bootstrap\Layout\layout.php 第 372 行.
NOTIC: [8] Undefined variable: action_id D:\xampp\htdocs\DreamCMS\Template\Admin\bootstrap\Layout\layout.php 第 388 行.
INFO: [ view_filter ] --START--
INFO: Run Behavior\WriteHtmlCacheBehavior [ RunTime:0.000000s ]
INFO: [ view_filter ] --END-- [ RunTime:0.001000s ]
INFO: [ app_end ] --START--
INFO: Run Behavior\ShowPageTraceBehavior [ RunTime:0.001000s ]
INFO: [ app_end ] --END-- [ RunTime:0.001000s ]

[ 2015-02-05T15:50:41+08:00 ] 127.0.0.1 /DreamCms/Admin.php/Index/Index/getleftmenu.html
INFO: [ app_init ] --START--
INFO: Run Behavior\BuildLiteBehavior [ RunTime:0.000000s ]
INFO: [ app_init ] --END-- [ RunTime:0.001000s ]
INFO: [ app_begin ] --START--
INFO: Run Behavior\ReadHtmlCacheBehavior [ RunTime:0.001000s ]
INFO: Run Behavior\FlChkLangBehavior [ RunTime:0.002000s ]
INFO: [ app_begin ] --END-- [ RunTime:0.003000s ]
NOTIC: [2048] Declaration of Auth\Controller\AuthbaseController::display() should be compatible with Think\Controller::display($templateFile = '', $charset = '', $contentType = '', $content = '', $prefix = '') D:\xampp\htdocs\DreamCMS\Admin\Auth\Controller\AuthbaseController.class.php 第 8 行.
NOTIC: [8] Use of undefined constant TMPL_PATH - assumed 'TMPL_PATH' D:\xampp\htdocs\DreamCMS\Admin\Common\Controller\AdminbaseController.class.php 第 14 行.
SQL: SHOW COLUMNS FROM `ur7_language` [ RunTime:0.0040s ]
SQL: SHOW COLUMNS FROM `ur7_admin_auth_group` [ RunTime:0.0420s ]
SQL: SELECT * FROM `ur7_admin_auth_group` ORDER BY sort  [ RunTime:0.0010s ]
SQL: SHOW COLUMNS FROM `ur7_admin_auth_action` [ RunTime:0.0090s ]
SQL: SELECT * FROM `ur7_admin_auth_action` WHERE `group` = 'Index' AND `controller` = 'Index' AND `action` = 'getleftmenu' LIMIT 1   [ RunTime:0.0000s ]
NOTIC: [2048] Declaration of Model\Adomodel\AdminAuthControllerModel::add() should be compatible with Think\Model::add($data = '', $options = Array, $replace = false) D:\xampp\htdocs\DreamCMS\Model\Adomodel\AdminAuthControllerModel.class.php 第 42 行.
SQL: SHOW COLUMNS FROM `ur7_admin_auth_controller` [ RunTime:0.0040s ]
SQL: SELECT * FROM `ur7_admin_auth_controller` WHERE `gid` = 2  [ RunTime:0.0000s ]
SQL: SELECT * FROM `ur7_admin_auth_action` WHERE `gid` = 2 AND `isshow` = 1  [ RunTime:0.0010s ]
INFO: [ app_end ] --START--
INFO: Run Behavior\ShowPageTraceBehavior [ RunTime:0.001000s ]
INFO: [ app_end ] --END-- [ RunTime:0.001000s ]

[ 2015-02-05T15:50:44+08:00 ] 127.0.0.1 /DreamCms/Admin.php/Index/Index/getleftmenu.html
INFO: [ app_init ] --START--
INFO: Run Behavior\BuildLiteBehavior [ RunTime:0.000000s ]
INFO: [ app_init ] --END-- [ RunTime:0.001000s ]
INFO: [ app_begin ] --START--
INFO: Run Behavior\ReadHtmlCacheBehavior [ RunTime:0.001000s ]
INFO: Run Behavior\FlChkLangBehavior [ RunTime:0.002000s ]
INFO: [ app_begin ] --END-- [ RunTime:0.003000s ]
NOTIC: [2048] Declaration of Auth\Controller\AuthbaseController::display() should be compatible with Think\Controller::display($templateFile = '', $charset = '', $contentType = '', $content = '', $prefix = '') D:\xampp\htdocs\DreamCMS\Admin\Auth\Controller\AuthbaseController.class.php 第 8 行.
NOTIC: [8] Use of undefined constant TMPL_PATH - assumed 'TMPL_PATH' D:\xampp\htdocs\DreamCMS\Admin\Common\Controller\AdminbaseController.class.php 第 14 行.
SQL: SHOW COLUMNS FROM `ur7_language` [ RunTime:0.0040s ]
SQL: SHOW COLUMNS FROM `ur7_admin_auth_group` [ RunTime:0.0040s ]
SQL: SELECT * FROM `ur7_admin_auth_group` ORDER BY sort  [ RunTime:0.0010s ]
SQL: SHOW COLUMNS FROM `ur7_admin_auth_action` [ RunTime:0.0040s ]
SQL: SELECT * FROM `ur7_admin_auth_action` WHERE `group` = 'Index' AND `controller` = 'Index' AND `action` = 'getleftmenu' LIMIT 1   [ RunTime:0.0010s ]
NOTIC: [2048] Declaration of Model\Adomodel\AdminAuthControllerModel::add() should be compatible with Think\Model::add($data = '', $options = Array, $replace = false) D:\xampp\htdocs\DreamCMS\Model\Adomodel\AdminAuthControllerModel.class.php 第 42 行.
SQL: SHOW COLUMNS FROM `ur7_admin_auth_controller` [ RunTime:0.0040s ]
SQL: SELECT * FROM `ur7_admin_auth_controller` WHERE `gid` = 4  [ RunTime:0.0000s ]
SQL: SELECT * FROM `ur7_admin_auth_action` WHERE `gid` = 4 AND `isshow` = 1  [ RunTime:0.0000s ]
INFO: [ app_end ] --START--
INFO: Run Behavior\ShowPageTraceBehavior [ RunTime:0.001000s ]
INFO: [ app_end ] --END-- [ RunTime:0.002000s ]

[ 2015-02-05T15:50:47+08:00 ] 127.0.0.1 /DreamCms/Admin.php/Index/Index/getleftmenu.html
INFO: [ app_init ] --START--
INFO: Run Behavior\BuildLiteBehavior [ RunTime:0.000000s ]
INFO: [ app_init ] --END-- [ RunTime:0.000000s ]
INFO: [ app_begin ] --START--
INFO: Run Behavior\ReadHtmlCacheBehavior [ RunTime:0.001000s ]
INFO: Run Behavior\FlChkLangBehavior [ RunTime:0.002000s ]
INFO: [ app_begin ] --END-- [ RunTime:0.003000s ]
NOTIC: [2048] Declaration of Auth\Controller\AuthbaseController::display() should be compatible with Think\Controller::display($templateFile = '', $charset = '', $contentType = '', $content = '', $prefix = '') D:\xampp\htdocs\DreamCMS\Admin\Auth\Controller\AuthbaseController.class.php 第 8 行.
NOTIC: [8] Use of undefined constant TMPL_PATH - assumed 'TMPL_PATH' D:\xampp\htdocs\DreamCMS\Admin\Common\Controller\AdminbaseController.class.php 第 14 行.
SQL: SHOW COLUMNS FROM `ur7_language` [ RunTime:0.0090s ]
SQL: SHOW COLUMNS FROM `ur7_admin_auth_group` [ RunTime:0.0140s ]
SQL: SELECT * FROM `ur7_admin_auth_group` ORDER BY sort  [ RunTime:0.0010s ]
SQL: SHOW COLUMNS FROM `ur7_admin_auth_action` [ RunTime:0.0070s ]
SQL: SELECT * FROM `ur7_admin_auth_action` WHERE `group` = 'Index' AND `controller` = 'Index' AND `action` = 'getleftmenu' LIMIT 1   [ RunTime:0.0000s ]
NOTIC: [2048] Declaration of Model\Adomodel\AdminAuthControllerModel::add() should be compatible with Think\Model::add($data = '', $options = Array, $replace = false) D:\xampp\htdocs\DreamCMS\Model\Adomodel\AdminAuthControllerModel.class.php 第 42 行.
SQL: SHOW COLUMNS FROM `ur7_admin_auth_controller` [ RunTime:0.0070s ]
SQL: SELECT * FROM `ur7_admin_auth_controller` WHERE `gid` = 4  [ RunTime:0.0010s ]
SQL: SELECT * FROM `ur7_admin_auth_action` WHERE `gid` = 4 AND `isshow` = 1  [ RunTime:0.0000s ]
INFO: [ app_end ] --START--
INFO: Run Behavior\ShowPageTraceBehavior [ RunTime:0.001000s ]
INFO: [ app_end ] --END-- [ RunTime:0.001000s ]

