[ 2015-03-18T10:23:10+08:00 ] 127.0.0.1 /Dreamcms/Admin.php/Auth/Login/Login.html
INFO: [ app_init ] --START--
INFO: Run Behavior\BuildLiteBehavior [ RunTime:0.000000s ]
INFO: [ app_init ] --END-- [ RunTime:0.043004s ]
INFO: [ app_begin ] --START--
INFO: Run Behavior\ReadHtmlCacheBehavior [ RunTime:0.011002s ]
INFO: Run Behavior\FlChkLangBehavior [ RunTime:0.036003s ]
INFO: [ app_begin ] --END-- [ RunTime:0.048005s ]
NOTIC: [8] Use of undefined constant TMPL_PATH - assumed 'TMPL_PATH' D:\xampp\htdocs\DreamCMS\Admin\Common\Controller\AdminbaseController.class.php 第 14 行.
SQL: SHOW COLUMNS FROM `ur7_language` [ RunTime:0.1150s ]
SQL: SELECT * FROM `ur7_language` WHERE `default` = 1 LIMIT 1   [ RunTime:0.0130s ]
INFO: [ view_filter ] --START--
INFO: Run Behavior\WriteHtmlCacheBehavior [ RunTime:0.012001s ]
INFO: [ view_filter ] --END-- [ RunTime:0.013001s ]
INFO: [ app_end ] --START--
INFO: Run Behavior\ShowPageTraceBehavior [ RunTime:0.007001s ]
INFO: [ app_end ] --END-- [ RunTime:0.007001s ]

[ 2015-03-18T10:23:12+08:00 ] 127.0.0.1 /Dreamcms/Admin.php/Auth/Login/verify.html
INFO: [ app_init ] --START--
INFO: Run Behavior\BuildLiteBehavior [ RunTime:0.000000s ]
INFO: [ app_init ] --END-- [ RunTime:0.001000s ]
INFO: [ app_begin ] --START--
INFO: Run Behavior\ReadHtmlCacheBehavior [ RunTime:0.001000s ]
INFO: Run Behavior\FlChkLangBehavior [ RunTime:0.002000s ]
INFO: [ app_begin ] --END-- [ RunTime:0.003000s ]
NOTIC: [8] Use of undefined constant TMPL_PATH - assumed 'TMPL_PATH' D:\xampp\htdocs\DreamCMS\Admin\Common\Controller\AdminbaseController.class.php 第 14 行.
SQL: SHOW COLUMNS FROM `ur7_language` [ RunTime:0.3000s ]
INFO: [ app_end ] --START--
INFO: Run Behavior\ShowPageTraceBehavior [ RunTime:0.002000s ]
INFO: [ app_end ] --END-- [ RunTime:0.002000s ]

[ 2015-03-18T10:23:18+08:00 ] 127.0.0.1 /Dreamcms/Admin.php/Auth/Login/Login.html
INFO: [ app_init ] --START--
INFO: Run Behavior\BuildLiteBehavior [ RunTime:0.000000s ]
INFO: [ app_init ] --END-- [ RunTime:0.001000s ]
INFO: [ app_begin ] --START--
INFO: Run Behavior\ReadHtmlCacheBehavior [ RunTime:0.001000s ]
INFO: Run Behavior\FlChkLangBehavior [ RunTime:0.002000s ]
INFO: [ app_begin ] --END-- [ RunTime:0.003000s ]
NOTIC: [8] Use of undefined constant TMPL_PATH - assumed 'TMPL_PATH' D:\xampp\htdocs\DreamCMS\Admin\Common\Controller\AdminbaseController.class.php 第 14 行.
SQL: SHOW COLUMNS FROM `ur7_language` [ RunTime:0.0060s ]
SQL: SHOW COLUMNS FROM `ur7_admin` [ RunTime:0.0860s ]
SQL: SELECT * FROM `ur7_admin` WHERE `username` = 'admin' LIMIT 1   [ RunTime:0.0070s ]
NOTIC: [8] Undefined offset: 1 D:\xampp\htdocs\DreamCMS\Core\Library\Think\Model\AdvModel.class.php 第 277 行.

[ 2015-03-18T17:23:48+08:00 ] 127.0.0.1 /Dreamcms/admin.php/Auth/Permissions/grouplist.html
INFO: [ app_init ] --START--
INFO: Run Behavior\BuildLiteBehavior [ RunTime:0.000000s ]
INFO: [ app_init ] --END-- [ RunTime:0.000000s ]
INFO: [ app_begin ] --START--
INFO: Run Behavior\ReadHtmlCacheBehavior [ RunTime:0.000000s ]
INFO: Run Behavior\FlChkLangBehavior [ RunTime:0.002000s ]
INFO: [ app_begin ] --END-- [ RunTime:0.003000s ]
NOTIC: [2048] Declaration of Auth\Controller\AuthbaseController::display() should be compatible with Think\Controller::display($templateFile = '', $charset = '', $contentType = '', $content = '', $prefix = '') D:\xampp\htdocs\DreamCMS\Admin\Auth\Controller\AuthbaseController.class.php 第 8 行.
NOTIC: [8] Use of undefined constant TMPL_PATH - assumed 'TMPL_PATH' D:\xampp\htdocs\DreamCMS\Admin\Common\Controller\AdminbaseController.class.php 第 14 行.
SQL: SHOW COLUMNS FROM `ur7_language` [ RunTime:0.0060s ]
SQL: SHOW COLUMNS FROM `ur7_admin_auth_group` [ RunTime:0.0040s ]
SQL: SELECT * FROM `ur7_admin_auth_group` ORDER BY sort  [ RunTime:0.0000s ]
SQL: SHOW COLUMNS FROM `ur7_admin_auth_action` [ RunTime:0.0040s ]
SQL: SELECT * FROM `ur7_admin_auth_action` WHERE `group` = 'Auth' AND `controller` = 'Permissions' AND `action` = 'grouplist' LIMIT 1   [ RunTime:0.0010s ]
SQL: SELECT * FROM `ur7_admin_auth_group` ORDER BY sort  [ RunTime:0.0010s ]
INFO: [ view_filter ] --START--
INFO: Run Behavior\WriteHtmlCacheBehavior [ RunTime:0.001000s ]
INFO: [ view_filter ] --END-- [ RunTime:0.001000s ]
INFO: [ app_end ] --START--
INFO: Run Behavior\ShowPageTraceBehavior [ RunTime:0.001000s ]
INFO: [ app_end ] --END-- [ RunTime:0.002000s ]

[ 2015-03-18T17:23:50+08:00 ] 127.0.0.1 /Dreamcms/admin.php/Auth/Permissions/modulelist.html
INFO: [ app_init ] --START--
INFO: Run Behavior\BuildLiteBehavior [ RunTime:0.000000s ]
INFO: [ app_init ] --END-- [ RunTime:0.001000s ]
INFO: [ app_begin ] --START--
INFO: Run Behavior\ReadHtmlCacheBehavior [ RunTime:0.001000s ]
INFO: Run Behavior\FlChkLangBehavior [ RunTime:0.002000s ]
INFO: [ app_begin ] --END-- [ RunTime:0.005000s ]
NOTIC: [2048] Declaration of Auth\Controller\AuthbaseController::display() should be compatible with Think\Controller::display($templateFile = '', $charset = '', $contentType = '', $content = '', $prefix = '') D:\xampp\htdocs\DreamCMS\Admin\Auth\Controller\AuthbaseController.class.php 第 8 行.
NOTIC: [8] Use of undefined constant TMPL_PATH - assumed 'TMPL_PATH' D:\xampp\htdocs\DreamCMS\Admin\Common\Controller\AdminbaseController.class.php 第 14 行.
SQL: SHOW COLUMNS FROM `ur7_language` [ RunTime:0.0040s ]
SQL: SHOW COLUMNS FROM `ur7_admin_auth_group` [ RunTime:0.0060s ]
SQL: SELECT * FROM `ur7_admin_auth_group` ORDER BY sort  [ RunTime:0.0000s ]
SQL: SHOW COLUMNS FROM `ur7_admin_auth_action` [ RunTime:0.0040s ]
SQL: SELECT * FROM `ur7_admin_auth_action` WHERE `group` = 'Auth' AND `controller` = 'Permissions' AND `action` = 'modulelist' LIMIT 1   [ RunTime:0.0020s ]
NOTIC: [2048] Declaration of Model\Adomodel\AdminAuthControllerModel::add() should be compatible with Think\Model::add($data = '', $options = Array, $replace = false) D:\xampp\htdocs\DreamCMS\Model\Adomodel\AdminAuthControllerModel.class.php 第 72 行.
SQL: SHOW COLUMNS FROM `ur7_admin_auth_controller` [ RunTime:0.0030s ]
SQL: SELECT * FROM `ur7_admin_auth_controller`  [ RunTime:0.0010s ]
SQL: SELECT * FROM `ur7_admin_auth_group`  [ RunTime:0.0010s ]
INFO: [ view_filter ] --START--
INFO: Run Behavior\WriteHtmlCacheBehavior [ RunTime:0.001000s ]
INFO: [ view_filter ] --END-- [ RunTime:0.001000s ]
INFO: [ app_end ] --START--
INFO: Run Behavior\ShowPageTraceBehavior [ RunTime:0.001000s ]
INFO: [ app_end ] --END-- [ RunTime:0.001000s ]

[ 2015-03-18T17:23:53+08:00 ] 127.0.0.1 /Dreamcms/admin.php/Auth/Permissions/addaction.html
INFO: [ app_init ] --START--
INFO: Run Behavior\BuildLiteBehavior [ RunTime:0.000000s ]
INFO: [ app_init ] --END-- [ RunTime:0.001000s ]
INFO: [ app_begin ] --START--
INFO: Run Behavior\ReadHtmlCacheBehavior [ RunTime:0.002000s ]
INFO: Run Behavior\FlChkLangBehavior [ RunTime:0.002000s ]
INFO: [ app_begin ] --END-- [ RunTime:0.005000s ]
NOTIC: [2048] Declaration of Auth\Controller\AuthbaseController::display() should be compatible with Think\Controller::display($templateFile = '', $charset = '', $contentType = '', $content = '', $prefix = '') D:\xampp\htdocs\DreamCMS\Admin\Auth\Controller\AuthbaseController.class.php 第 8 行.
NOTIC: [8] Use of undefined constant TMPL_PATH - assumed 'TMPL_PATH' D:\xampp\htdocs\DreamCMS\Admin\Common\Controller\AdminbaseController.class.php 第 14 行.
SQL: SHOW COLUMNS FROM `ur7_language` [ RunTime:0.0060s ]
SQL: SHOW COLUMNS FROM `ur7_admin_auth_group` [ RunTime:0.0040s ]
SQL: SELECT * FROM `ur7_admin_auth_group` ORDER BY sort  [ RunTime:0.0000s ]
SQL: SHOW COLUMNS FROM `ur7_admin_auth_action` [ RunTime:0.0040s ]
SQL: SELECT * FROM `ur7_admin_auth_action` WHERE `group` = 'Auth' AND `controller` = 'Permissions' AND `action` = 'addaction' LIMIT 1   [ RunTime:0.0000s ]
SQL: SELECT * FROM `ur7_admin_auth_group` ORDER BY sort  [ RunTime:0.0000s ]
INFO: [ view_filter ] --START--
INFO: Run Behavior\WriteHtmlCacheBehavior [ RunTime:0.001000s ]
INFO: [ view_filter ] --END-- [ RunTime:0.001000s ]
INFO: [ app_end ] --START--
INFO: Run Behavior\ShowPageTraceBehavior [ RunTime:0.001000s ]
INFO: [ app_end ] --END-- [ RunTime:0.002000s ]

[ 2015-03-18T17:23:54+08:00 ] 127.0.0.1 /Dreamcms/admin.php/Auth/Permissions/getmodulebygid.html
INFO: [ app_init ] --START--
INFO: Run Behavior\BuildLiteBehavior [ RunTime:0.000000s ]
INFO: [ app_init ] --END-- [ RunTime:0.000000s ]
INFO: [ app_begin ] --START--
INFO: Run Behavior\ReadHtmlCacheBehavior [ RunTime:0.000000s ]
INFO: Run Behavior\FlChkLangBehavior [ RunTime:0.003000s ]
INFO: [ app_begin ] --END-- [ RunTime:0.004000s ]
NOTIC: [2048] Declaration of Auth\Controller\AuthbaseController::display() should be compatible with Think\Controller::display($templateFile = '', $charset = '', $contentType = '', $content = '', $prefix = '') D:\xampp\htdocs\DreamCMS\Admin\Auth\Controller\AuthbaseController.class.php 第 8 行.
NOTIC: [8] Use of undefined constant TMPL_PATH - assumed 'TMPL_PATH' D:\xampp\htdocs\DreamCMS\Admin\Common\Controller\AdminbaseController.class.php 第 14 行.
SQL: SHOW COLUMNS FROM `ur7_language` [ RunTime:0.0050s ]
SQL: SHOW COLUMNS FROM `ur7_admin_auth_group` [ RunTime:0.0130s ]
SQL: SELECT * FROM `ur7_admin_auth_group` ORDER BY sort  [ RunTime:0.0020s ]
SQL: SHOW COLUMNS FROM `ur7_admin_auth_action` [ RunTime:0.0150s ]
SQL: SELECT * FROM `ur7_admin_auth_action` WHERE `group` = 'Auth' AND `controller` = 'Permissions' AND `action` = 'getmodulebygid' LIMIT 1   [ RunTime:0.0010s ]
NOTIC: [2048] Declaration of Model\Adomodel\AdminAuthControllerModel::add() should be compatible with Think\Model::add($data = '', $options = Array, $replace = false) D:\xampp\htdocs\DreamCMS\Model\Adomodel\AdminAuthControllerModel.class.php 第 72 行.
SQL: SHOW COLUMNS FROM `ur7_admin_auth_controller` [ RunTime:0.0060s ]
SQL: SELECT * FROM `ur7_admin_auth_controller` WHERE `gid` = 2  [ RunTime:0.0010s ]
INFO: [ app_end ] --START--
INFO: Run Behavior\ShowPageTraceBehavior [ RunTime:0.001000s ]
INFO: [ app_end ] --END-- [ RunTime:0.001000s ]

[ 2015-03-18T17:23:55+08:00 ] 127.0.0.1 /Dreamcms/admin.php/Auth/Permissions/actions.html
INFO: [ app_init ] --START--
INFO: Run Behavior\BuildLiteBehavior [ RunTime:0.000000s ]
INFO: [ app_init ] --END-- [ RunTime:0.001000s ]
INFO: [ app_begin ] --START--
INFO: Run Behavior\ReadHtmlCacheBehavior [ RunTime:0.001000s ]
INFO: Run Behavior\FlChkLangBehavior [ RunTime:0.002000s ]
INFO: [ app_begin ] --END-- [ RunTime:0.003000s ]
NOTIC: [2048] Declaration of Auth\Controller\AuthbaseController::display() should be compatible with Think\Controller::display($templateFile = '', $charset = '', $contentType = '', $content = '', $prefix = '') D:\xampp\htdocs\DreamCMS\Admin\Auth\Controller\AuthbaseController.class.php 第 8 行.
NOTIC: [8] Use of undefined constant TMPL_PATH - assumed 'TMPL_PATH' D:\xampp\htdocs\DreamCMS\Admin\Common\Controller\AdminbaseController.class.php 第 14 行.
SQL: SHOW COLUMNS FROM `ur7_language` [ RunTime:0.0040s ]
SQL: SHOW COLUMNS FROM `ur7_admin_auth_group` [ RunTime:0.0060s ]
SQL: SELECT * FROM `ur7_admin_auth_group` ORDER BY sort  [ RunTime:0.0010s ]
SQL: SHOW COLUMNS FROM `ur7_admin_auth_action` [ RunTime:0.0040s ]
SQL: SELECT * FROM `ur7_admin_auth_action` WHERE `group` = 'Auth' AND `controller` = 'Permissions' AND `action` = 'actions' LIMIT 1   [ RunTime:0.0000s ]
SQL: SELECT * FROM `ur7_admin_auth_group` ORDER BY sort  [ RunTime:0.0020s ]
NOTIC: [2048] Declaration of Model\Adomodel\AdminAuthControllerModel::add() should be compatible with Think\Model::add($data = '', $options = Array, $replace = false) D:\xampp\htdocs\DreamCMS\Model\Adomodel\AdminAuthControllerModel.class.php 第 72 行.
SQL: SHOW COLUMNS FROM `ur7_admin_auth_controller` [ RunTime:0.0050s ]
SQL: SELECT * FROM `ur7_admin_auth_controller`  [ RunTime:0.0000s ]
SQL: SELECT * FROM `ur7_admin_auth_action`  [ RunTime:0.0000s ]
INFO: [ view_filter ] --START--
INFO: Run Behavior\WriteHtmlCacheBehavior [ RunTime:0.002000s ]
INFO: [ view_filter ] --END-- [ RunTime:0.002000s ]
INFO: [ app_end ] --START--
INFO: Run Behavior\ShowPageTraceBehavior [ RunTime:0.001000s ]
INFO: [ app_end ] --END-- [ RunTime:0.001000s ]

[ 2015-03-18T17:23:59+08:00 ] 127.0.0.1 /Dreamcms/admin.php/Auth/Permissions/editaction/id/1.html
INFO: [ app_init ] --START--
INFO: Run Behavior\BuildLiteBehavior [ RunTime:0.000000s ]
INFO: [ app_init ] --END-- [ RunTime:0.001000s ]
INFO: [ app_begin ] --START--
INFO: Run Behavior\ReadHtmlCacheBehavior [ RunTime:0.000000s ]
INFO: Run Behavior\FlChkLangBehavior [ RunTime:0.002000s ]
INFO: [ app_begin ] --END-- [ RunTime:0.003000s ]
NOTIC: [2048] Declaration of Auth\Controller\AuthbaseController::display() should be compatible with Think\Controller::display($templateFile = '', $charset = '', $contentType = '', $content = '', $prefix = '') D:\xampp\htdocs\DreamCMS\Admin\Auth\Controller\AuthbaseController.class.php 第 8 行.
NOTIC: [8] Use of undefined constant TMPL_PATH - assumed 'TMPL_PATH' D:\xampp\htdocs\DreamCMS\Admin\Common\Controller\AdminbaseController.class.php 第 14 行.
SQL: SHOW COLUMNS FROM `ur7_language` [ RunTime:0.0040s ]
SQL: SHOW COLUMNS FROM `ur7_admin_auth_group` [ RunTime:0.0040s ]
SQL: SELECT * FROM `ur7_admin_auth_group` ORDER BY sort  [ RunTime:0.0010s ]
SQL: SHOW COLUMNS FROM `ur7_admin_auth_action` [ RunTime:0.0040s ]
SQL: SELECT * FROM `ur7_admin_auth_action` WHERE `group` = 'Auth' AND `controller` = 'Permissions' AND `action` = 'editaction' LIMIT 1   [ RunTime:0.0000s ]
SQL: SELECT * FROM `ur7_admin_auth_action` WHERE `id` = 1 LIMIT 1   [ RunTime:0.0010s ]
SQL: SELECT * FROM `ur7_admin_auth_group` ORDER BY sort  [ RunTime:0.0000s ]
NOTIC: [2048] Declaration of Model\Adomodel\AdminAuthControllerModel::add() should be compatible with Think\Model::add($data = '', $options = Array, $replace = false) D:\xampp\htdocs\DreamCMS\Model\Adomodel\AdminAuthControllerModel.class.php 第 72 行.
SQL: SHOW COLUMNS FROM `ur7_admin_auth_controller` [ RunTime:0.0050s ]
SQL: SELECT * FROM `ur7_admin_auth_controller`  [ RunTime:0.0010s ]
INFO: [ view_filter ] --START--
INFO: Run Behavior\WriteHtmlCacheBehavior [ RunTime:0.001000s ]
INFO: [ view_filter ] --END-- [ RunTime:0.002000s ]
INFO: [ app_end ] --START--
INFO: Run Behavior\ShowPageTraceBehavior [ RunTime:0.001000s ]
INFO: [ app_end ] --END-- [ RunTime:0.001000s ]

[ 2015-03-18T17:23:59+08:00 ] 127.0.0.1 /Dreamcms/admin.php/Auth/Permissions/getmodulebygid.html
INFO: [ app_init ] --START--
INFO: Run Behavior\BuildLiteBehavior [ RunTime:0.001000s ]
INFO: [ app_init ] --END-- [ RunTime:0.001000s ]
INFO: [ app_begin ] --START--
INFO: Run Behavior\ReadHtmlCacheBehavior [ RunTime:0.001000s ]
INFO: Run Behavior\FlChkLangBehavior [ RunTime:0.003000s ]
INFO: [ app_begin ] --END-- [ RunTime:0.004000s ]
NOTIC: [2048] Declaration of Auth\Controller\AuthbaseController::display() should be compatible with Think\Controller::display($templateFile = '', $charset = '', $contentType = '', $content = '', $prefix = '') D:\xampp\htdocs\DreamCMS\Admin\Auth\Controller\AuthbaseController.class.php 第 8 行.
NOTIC: [8] Use of undefined constant TMPL_PATH - assumed 'TMPL_PATH' D:\xampp\htdocs\DreamCMS\Admin\Common\Controller\AdminbaseController.class.php 第 14 行.
SQL: SHOW COLUMNS FROM `ur7_language` [ RunTime:0.0030s ]
SQL: SHOW COLUMNS FROM `ur7_admin_auth_group` [ RunTime:0.0050s ]
SQL: SELECT * FROM `ur7_admin_auth_group` ORDER BY sort  [ RunTime:0.0000s ]
SQL: SHOW COLUMNS FROM `ur7_admin_auth_action` [ RunTime:0.0050s ]
SQL: SELECT * FROM `ur7_admin_auth_action` WHERE `group` = 'Auth' AND `controller` = 'Permissions' AND `action` = 'getmodulebygid' LIMIT 1   [ RunTime:0.0000s ]
NOTIC: [2048] Declaration of Model\Adomodel\AdminAuthControllerModel::add() should be compatible with Think\Model::add($data = '', $options = Array, $replace = false) D:\xampp\htdocs\DreamCMS\Model\Adomodel\AdminAuthControllerModel.class.php 第 72 行.
SQL: SHOW COLUMNS FROM `ur7_admin_auth_controller` [ RunTime:0.0040s ]
SQL: SELECT * FROM `ur7_admin_auth_controller` WHERE `gid` = 2  [ RunTime:0.0010s ]
INFO: [ app_end ] --START--
INFO: Run Behavior\ShowPageTraceBehavior [ RunTime:0.001000s ]
INFO: [ app_end ] --END-- [ RunTime:0.001000s ]

[ 2015-03-18T17:24:02+08:00 ] 127.0.0.1 /Dreamcms/admin.php/Auth/Admin/rolelist.html
INFO: [ app_init ] --START--
INFO: Run Behavior\BuildLiteBehavior [ RunTime:0.000000s ]
INFO: [ app_init ] --END-- [ RunTime:0.001000s ]
INFO: [ app_begin ] --START--
INFO: Run Behavior\ReadHtmlCacheBehavior [ RunTime:0.001000s ]
INFO: Run Behavior\FlChkLangBehavior [ RunTime:0.014000s ]
INFO: [ app_begin ] --END-- [ RunTime:0.016000s ]
NOTIC: [2048] Declaration of Auth\Controller\AuthbaseController::display() should be compatible with Think\Controller::display($templateFile = '', $charset = '', $contentType = '', $content = '', $prefix = '') D:\xampp\htdocs\DreamCMS\Admin\Auth\Controller\AuthbaseController.class.php 第 8 行.
NOTIC: [8] Use of undefined constant TMPL_PATH - assumed 'TMPL_PATH' D:\xampp\htdocs\DreamCMS\Admin\Common\Controller\AdminbaseController.class.php 第 14 行.
SQL: SHOW COLUMNS FROM `ur7_language` [ RunTime:0.0040s ]
SQL: SHOW COLUMNS FROM `ur7_admin_auth_group` [ RunTime:0.0070s ]
SQL: SELECT * FROM `ur7_admin_auth_group` ORDER BY sort  [ RunTime:0.0030s ]
SQL: SHOW COLUMNS FROM `ur7_admin_auth_action` [ RunTime:0.0080s ]
SQL: SELECT * FROM `ur7_admin_auth_action` WHERE `group` = 'Auth' AND `controller` = 'Admin' AND `action` = 'rolelist' LIMIT 1   [ RunTime:0.0020s ]
SQL: SHOW COLUMNS FROM `ur7_admin_group` [ RunTime:0.0660s ]
SQL: SELECT * FROM `ur7_admin_group`  [ RunTime:0.0020s ]
NOTIC: [8] Undefined index: username D:\xampp\htdocs\DreamCMS\Template\Admin\bootstrap\Auth\Admin\rolelist.php 第 50 行.
NOTIC: [8] Undefined index: username D:\xampp\htdocs\DreamCMS\Template\Admin\bootstrap\Auth\Admin\rolelist.php 第 50 行.
INFO: [ view_filter ] --START--
INFO: Run Behavior\WriteHtmlCacheBehavior [ RunTime:0.001000s ]
INFO: [ view_filter ] --END-- [ RunTime:0.001000s ]
INFO: [ app_end ] --START--
INFO: Run Behavior\ShowPageTraceBehavior [ RunTime:0.001000s ]
INFO: [ app_end ] --END-- [ RunTime:0.001000s ]

[ 2015-03-18T17:24:06+08:00 ] 127.0.0.1 /Dreamcms/admin.php/Auth/Admin/index.html
INFO: [ app_init ] --START--
INFO: Run Behavior\BuildLiteBehavior [ RunTime:0.000000s ]
INFO: [ app_init ] --END-- [ RunTime:0.001000s ]
INFO: [ app_begin ] --START--
INFO: Run Behavior\ReadHtmlCacheBehavior [ RunTime:0.001000s ]
INFO: Run Behavior\FlChkLangBehavior [ RunTime:0.002000s ]
INFO: [ app_begin ] --END-- [ RunTime:0.003000s ]
NOTIC: [2048] Declaration of Auth\Controller\AuthbaseController::display() should be compatible with Think\Controller::display($templateFile = '', $charset = '', $contentType = '', $content = '', $prefix = '') D:\xampp\htdocs\DreamCMS\Admin\Auth\Controller\AuthbaseController.class.php 第 8 行.
NOTIC: [8] Use of undefined constant TMPL_PATH - assumed 'TMPL_PATH' D:\xampp\htdocs\DreamCMS\Admin\Common\Controller\AdminbaseController.class.php 第 14 行.
SQL: SHOW COLUMNS FROM `ur7_language` [ RunTime:0.0050s ]
SQL: SHOW COLUMNS FROM `ur7_admin_auth_group` [ RunTime:0.0060s ]
SQL: SELECT * FROM `ur7_admin_auth_group` ORDER BY sort  [ RunTime:0.0000s ]
SQL: SHOW COLUMNS FROM `ur7_admin_auth_action` [ RunTime:0.0040s ]
SQL: SELECT * FROM `ur7_admin_auth_action` WHERE `group` = 'Auth' AND `controller` = 'Admin' AND `action` = 'index' LIMIT 1   [ RunTime:0.0010s ]
SQL: SHOW COLUMNS FROM `ur7_admin` [ RunTime:0.0040s ]
SQL: SELECT * FROM `ur7_admin`  [ RunTime:0.0010s ]
NOTIC: [8] Undefined offset: 1 D:\xampp\htdocs\DreamCMS\Core\Library\Think\Model\AdvModel.class.php 第 277 行.
NOTIC: [8] Undefined offset: 1 D:\xampp\htdocs\DreamCMS\Core\Library\Think\Model\AdvModel.class.php 第 277 行.
SQL: SHOW COLUMNS FROM `ur7_admin_group` [ RunTime:0.0050s ]
SQL: SELECT * FROM `ur7_admin_group`  [ RunTime:0.0010s ]
INFO: [ view_filter ] --START--
INFO: Run Behavior\WriteHtmlCacheBehavior [ RunTime:0.001000s ]
INFO: [ view_filter ] --END-- [ RunTime:0.001000s ]
INFO: [ app_end ] --START--
INFO: Run Behavior\ShowPageTraceBehavior [ RunTime:0.001000s ]
INFO: [ app_end ] --END-- [ RunTime:0.002000s ]

[ 2015-03-18T17:24:08+08:00 ] 127.0.0.1 /Dreamcms/admin.php/Auth/Admin/index.html
INFO: [ app_init ] --START--
INFO: Run Behavior\BuildLiteBehavior [ RunTime:0.000000s ]
INFO: [ app_init ] --END-- [ RunTime:0.001000s ]
INFO: [ app_begin ] --START--
INFO: Run Behavior\ReadHtmlCacheBehavior [ RunTime:0.001000s ]
INFO: Run Behavior\FlChkLangBehavior [ RunTime:0.002001s ]
INFO: [ app_begin ] --END-- [ RunTime:0.003001s ]
NOTIC: [2048] Declaration of Auth\Controller\AuthbaseController::display() should be compatible with Think\Controller::display($templateFile = '', $charset = '', $contentType = '', $content = '', $prefix = '') D:\xampp\htdocs\DreamCMS\Admin\Auth\Controller\AuthbaseController.class.php 第 8 行.
NOTIC: [8] Use of undefined constant TMPL_PATH - assumed 'TMPL_PATH' D:\xampp\htdocs\DreamCMS\Admin\Common\Controller\AdminbaseController.class.php 第 14 行.
SQL: SHOW COLUMNS FROM `ur7_language` [ RunTime:0.0160s ]
SQL: SHOW COLUMNS FROM `ur7_admin_auth_group` [ RunTime:0.0170s ]
SQL: SELECT * FROM `ur7_admin_auth_group` ORDER BY sort  [ RunTime:0.0010s ]
SQL: SHOW COLUMNS FROM `ur7_admin_auth_action` [ RunTime:0.0080s ]
SQL: SHOW COLUMNS FROM `ur7_admin` [ RunTime:0.0060s ]
SQL: SELECT * FROM `ur7_admin`  [ RunTime:0.0010s ]
NOTIC: [8] Undefined offset: 1 D:\xampp\htdocs\DreamCMS\Core\Library\Think\Model\AdvModel.class.php 第 277 行.
NOTIC: [8] Undefined offset: 1 D:\xampp\htdocs\DreamCMS\Core\Library\Think\Model\AdvModel.class.php 第 277 行.
SQL: SHOW COLUMNS FROM `ur7_admin_group` [ RunTime:0.0520s ]
SQL: SELECT * FROM `ur7_admin_group`  [ RunTime:0.0420s ]
INFO: [ view_filter ] --START--
INFO: Run Behavior\WriteHtmlCacheBehavior [ RunTime:0.000000s ]
INFO: [ view_filter ] --END-- [ RunTime:0.001000s ]
INFO: [ app_end ] --START--
INFO: Run Behavior\ShowPageTraceBehavior [ RunTime:0.001000s ]
INFO: [ app_end ] --END-- [ RunTime:0.001000s ]

[ 2015-03-18T17:24:11+08:00 ] 127.0.0.1 /Dreamcms/admin.php/Auth/Admin/addadmin.html
INFO: [ app_init ] --START--
INFO: Run Behavior\BuildLiteBehavior [ RunTime:0.000000s ]
INFO: [ app_init ] --END-- [ RunTime:0.001000s ]
INFO: [ app_begin ] --START--
INFO: Run Behavior\ReadHtmlCacheBehavior [ RunTime:0.001000s ]
INFO: Run Behavior\FlChkLangBehavior [ RunTime:0.002000s ]
INFO: [ app_begin ] --END-- [ RunTime:0.003000s ]
NOTIC: [2048] Declaration of Auth\Controller\AuthbaseController::display() should be compatible with Think\Controller::display($templateFile = '', $charset = '', $contentType = '', $content = '', $prefix = '') D:\xampp\htdocs\DreamCMS\Admin\Auth\Controller\AuthbaseController.class.php 第 8 行.
NOTIC: [8] Use of undefined constant TMPL_PATH - assumed 'TMPL_PATH' D:\xampp\htdocs\DreamCMS\Admin\Common\Controller\AdminbaseController.class.php 第 14 行.
SQL: SHOW COLUMNS FROM `ur7_language` [ RunTime:0.0040s ]
SQL: SHOW COLUMNS FROM `ur7_admin_auth_group` [ RunTime:0.0040s ]
SQL: SELECT * FROM `ur7_admin_auth_group` ORDER BY sort  [ RunTime:0.0000s ]
SQL: SHOW COLUMNS FROM `ur7_admin_auth_action` [ RunTime:0.0040s ]
SQL: SELECT * FROM `ur7_admin_auth_action` WHERE `group` = 'Auth' AND `controller` = 'Admin' AND `action` = 'addadmin' LIMIT 1   [ RunTime:0.0020s ]
SQL: SHOW COLUMNS FROM `ur7_admin_group` [ RunTime:0.0060s ]
SQL: SELECT * FROM `ur7_admin_group`  [ RunTime:0.0000s ]
INFO: [ view_filter ] --START--
INFO: Run Behavior\WriteHtmlCacheBehavior [ RunTime:0.001000s ]
INFO: [ view_filter ] --END-- [ RunTime:0.001000s ]
INFO: [ app_end ] --START--
INFO: Run Behavior\ShowPageTraceBehavior [ RunTime:0.002000s ]
INFO: [ app_end ] --END-- [ RunTime:0.003000s ]

[ 2015-03-18T17:24:18+08:00 ] 127.0.0.1 /Dreamcms/admin.php/Auth/Admin/rolelist.html
INFO: [ app_init ] --START--
INFO: Run Behavior\BuildLiteBehavior [ RunTime:0.000000s ]
INFO: [ app_init ] --END-- [ RunTime:0.001001s ]
INFO: [ app_begin ] --START--
INFO: Run Behavior\ReadHtmlCacheBehavior [ RunTime:0.001000s ]
INFO: Run Behavior\FlChkLangBehavior [ RunTime:0.009001s ]
INFO: [ app_begin ] --END-- [ RunTime:0.010001s ]
NOTIC: [2048] Declaration of Auth\Controller\AuthbaseController::display() should be compatible with Think\Controller::display($templateFile = '', $charset = '', $contentType = '', $content = '', $prefix = '') D:\xampp\htdocs\DreamCMS\Admin\Auth\Controller\AuthbaseController.class.php 第 8 行.
NOTIC: [8] Use of undefined constant TMPL_PATH - assumed 'TMPL_PATH' D:\xampp\htdocs\DreamCMS\Admin\Common\Controller\AdminbaseController.class.php 第 14 行.
SQL: SHOW COLUMNS FROM `ur7_language` [ RunTime:0.0030s ]
SQL: SHOW COLUMNS FROM `ur7_admin_auth_group` [ RunTime:0.0040s ]
SQL: SELECT * FROM `ur7_admin_auth_group` ORDER BY sort  [ RunTime:0.0000s ]
SQL: SHOW COLUMNS FROM `ur7_admin_auth_action` [ RunTime:0.0040s ]
SQL: SHOW COLUMNS FROM `ur7_admin_group` [ RunTime:0.0030s ]
SQL: SELECT * FROM `ur7_admin_group`  [ RunTime:0.0000s ]
NOTIC: [8] Undefined index: username D:\xampp\htdocs\DreamCMS\Template\Admin\bootstrap\Auth\Admin\rolelist.php 第 50 行.
NOTIC: [8] Undefined index: username D:\xampp\htdocs\DreamCMS\Template\Admin\bootstrap\Auth\Admin\rolelist.php 第 50 行.
INFO: [ view_filter ] --START--
INFO: Run Behavior\WriteHtmlCacheBehavior [ RunTime:0.001000s ]
INFO: [ view_filter ] --END-- [ RunTime:0.001000s ]
INFO: [ app_end ] --START--
INFO: Run Behavior\ShowPageTraceBehavior [ RunTime:0.001000s ]
INFO: [ app_end ] --END-- [ RunTime:0.001000s ]

[ 2015-03-18T17:24:20+08:00 ] 127.0.0.1 /Dreamcms/admin.php/Auth/Admin/addrole.html
INFO: [ app_init ] --START--
INFO: Run Behavior\BuildLiteBehavior [ RunTime:0.000000s ]
INFO: [ app_init ] --END-- [ RunTime:0.000000s ]
INFO: [ app_begin ] --START--
INFO: Run Behavior\ReadHtmlCacheBehavior [ RunTime:0.001000s ]
INFO: Run Behavior\FlChkLangBehavior [ RunTime:0.003000s ]
INFO: [ app_begin ] --END-- [ RunTime:0.004000s ]
NOTIC: [2048] Declaration of Auth\Controller\AuthbaseController::display() should be compatible with Think\Controller::display($templateFile = '', $charset = '', $contentType = '', $content = '', $prefix = '') D:\xampp\htdocs\DreamCMS\Admin\Auth\Controller\AuthbaseController.class.php 第 8 行.
NOTIC: [8] Use of undefined constant TMPL_PATH - assumed 'TMPL_PATH' D:\xampp\htdocs\DreamCMS\Admin\Common\Controller\AdminbaseController.class.php 第 14 行.
SQL: SHOW COLUMNS FROM `ur7_language` [ RunTime:0.0040s ]
SQL: SHOW COLUMNS FROM `ur7_admin_auth_group` [ RunTime:0.0050s ]
SQL: SELECT * FROM `ur7_admin_auth_group` ORDER BY sort  [ RunTime:0.0000s ]
SQL: SHOW COLUMNS FROM `ur7_admin_auth_action` [ RunTime:0.0050s ]
SQL: SELECT * FROM `ur7_admin_auth_action` WHERE `group` = 'Auth' AND `controller` = 'Admin' AND `action` = 'addrole' LIMIT 1   [ RunTime:0.0010s ]
SQL: SELECT * FROM `ur7_admin_auth_group` ORDER BY sort  [ RunTime:0.0000s ]
NOTIC: [2048] Declaration of Model\Adomodel\AdminAuthControllerModel::add() should be compatible with Think\Model::add($data = '', $options = Array, $replace = false) D:\xampp\htdocs\DreamCMS\Model\Adomodel\AdminAuthControllerModel.class.php 第 72 行.
SQL: SHOW COLUMNS FROM `ur7_admin_auth_controller` [ RunTime:0.0040s ]
SQL: SELECT * FROM `ur7_admin_auth_controller`  [ RunTime:0.0010s ]
SQL: SELECT * FROM `ur7_admin_auth_action`  [ RunTime:0.0020s ]
NOTIC: [8] Undefined index: langconf D:\xampp\htdocs\DreamCMS\Template\Admin\bootstrap\Auth\Admin\addrole.php 第 108 行.
NOTIC: [8] Array to string conversion D:\xampp\htdocs\DreamCMS\Template\Admin\bootstrap\Auth\Admin\addrole.php 第 108 行.
NOTIC: [8] Undefined index: langconf D:\xampp\htdocs\DreamCMS\Template\Admin\bootstrap\Auth\Admin\addrole.php 第 130 行.
NOTIC: [8] Array to string conversion D:\xampp\htdocs\DreamCMS\Template\Admin\bootstrap\Auth\Admin\addrole.php 第 130 行.
NOTIC: [8] Undefined index: langconf D:\xampp\htdocs\DreamCMS\Template\Admin\bootstrap\Auth\Admin\addrole.php 第 131 行.
NOTIC: [8] Array to string conversion D:\xampp\htdocs\DreamCMS\Template\Admin\bootstrap\Auth\Admin\addrole.php 第 131 行.
NOTIC: [8] Undefined index: langconf D:\xampp\htdocs\DreamCMS\Template\Admin\bootstrap\Auth\Admin\addrole.php 第 130 行.
NOTIC: [8] Array to string conversion D:\xampp\htdocs\DreamCMS\Template\Admin\bootstrap\Auth\Admin\addrole.php 第 130 行.
NOTIC: [8] Undefined index: langconf D:\xampp\htdocs\DreamCMS\Template\Admin\bootstrap\Auth\Admin\addrole.php 第 131 行.
NOTIC: [8] Array to string conversion D:\xampp\htdocs\DreamCMS\Template\Admin\bootstrap\Auth\Admin\addrole.php 第 131 行.
NOTIC: [8] Undefined index: langconf D:\xampp\htdocs\DreamCMS\Template\Admin\bootstrap\Auth\Admin\addrole.php 第 130 行.
NOTIC: [8] Array to string conversion D:\xampp\htdocs\DreamCMS\Template\Admin\bootstrap\Auth\Admin\addrole.php 第 130 行.
NOTIC: [8] Undefined index: langconf D:\xampp\htdocs\DreamCMS\Template\Admin\bootstrap\Auth\Admin\addrole.php 第 131 行.
NOTIC: [8] Array to string conversion D:\xampp\htdocs\DreamCMS\Template\Admin\bootstrap\Auth\Admin\addrole.php 第 131 行.
NOTIC: [8] Undefined index: langconf D:\xampp\htdocs\DreamCMS\Template\Admin\bootstrap\Auth\Admin\addrole.php 第 130 行.
NOTIC: [8] Array to string conversion D:\xampp\htdocs\DreamCMS\Template\Admin\bootstrap\Auth\Admin\addrole.php 第 130 行.
NOTIC: [8] Undefined index: langconf D:\xampp\htdocs\DreamCMS\Template\Admin\bootstrap\Auth\Admin\addrole.php 第 131 行.
NOTIC: [8] Array to string conversion D:\xampp\htdocs\DreamCMS\Template\Admin\bootstrap\Auth\Admin\addrole.php 第 131 行.
NOTIC: [8] Undefined index: langconf D:\xampp\htdocs\DreamCMS\Template\Admin\bootstrap\Auth\Admin\addrole.php 第 130 行.
NOTIC: [8] Array to string conversion D:\xampp\htdocs\DreamCMS\Template\Admin\bootstrap\Auth\Admin\addrole.php 第 130 行.
NOTIC: [8] Undefined index: langconf D:\xampp\htdocs\DreamCMS\Template\Admin\bootstrap\Auth\Admin\addrole.php 第 131 行.
NOTIC: [8] Array to string conversion D:\xampp\htdocs\DreamCMS\Template\Admin\bootstrap\Auth\Admin\addrole.php 第 131 行.
NOTIC: [8] Undefined index: langconf D:\xampp\htdocs\DreamCMS\Template\Admin\bootstrap\Auth\Admin\addrole.php 第 130 行.
NOTIC: [8] Array to string conversion D:\xampp\htdocs\DreamCMS\Template\Admin\bootstrap\Auth\Admin\addrole.php 第 130 行.
NOTIC: [8] Undefined index: langconf D:\xampp\htdocs\DreamCMS\Template\Admin\bootstrap\Auth\Admin\addrole.php 第 131 行.
NOTIC: [8] Array to string conversion D:\xampp\htdocs\DreamCMS\Template\Admin\bootstrap\Auth\Admin\addrole.php 第 131 行.
NOTIC: [8] Undefined index: langconf D:\xampp\htdocs\DreamCMS\Template\Admin\bootstrap\Auth\Admin\addrole.php 第 130 行.
NOTIC: [8] Array to string conversion D:\xampp\htdocs\DreamCMS\Template\Admin\bootstrap\Auth\Admin\addrole.php 第 130 行.
NOTIC: [8] Undefined index: langconf D:\xampp\htdocs\DreamCMS\Template\Admin\bootstrap\Auth\Admin\addrole.php 第 131 行.
NOTIC: [8] Array to string conversion D:\xampp\htdocs\DreamCMS\Template\Admin\bootstrap\Auth\Admin\addrole.php 第 131 行.
NOTIC: [8] Undefined index: langconf D:\xampp\htdocs\DreamCMS\Template\Admin\bootstrap\Auth\Admin\addrole.php 第 130 行.
NOTIC: [8] Array to string conversion D:\xampp\htdocs\DreamCMS\Template\Admin\bootstrap\Auth\Admin\addrole.php 第 130 行.
NOTIC: [8] Undefined index: langconf D:\xampp\htdocs\DreamCMS\Template\Admin\bootstrap\Auth\Admin\addrole.php 第 131 行.
NOTIC: [8] Array to string conversion D:\xampp\htdocs\DreamCMS\Template\Admin\bootstrap\Auth\Admin\addrole.php 第 131 行.
NOTIC: [8] Undefined index: langconf D:\xampp\htdocs\DreamCMS\Template\Admin\bootstrap\Auth\Admin\addrole.php 第 130 行.
NOTIC: [8] Array to string conversion D:\xampp\htdocs\DreamCMS\Template\Admin\bootstrap\Auth\Admin\addrole.php 第 130 行.
NOTIC: [8] Undefined index: langconf D:\xampp\htdocs\DreamCMS\Template\Admin\bootstrap\Auth\Admin\addrole.php 第 131 行.
NOTIC: [8] Array to string conversion D:\xampp\htdocs\DreamCMS\Template\Admin\bootstrap\Auth\Admin\addrole.php 第 131 行.
NOTIC: [8] Undefined index: langconf D:\xampp\htdocs\DreamCMS\Template\Admin\bootstrap\Auth\Admin\addrole.php 第 130 行.
NOTIC: [8] Array to string conversion D:\xampp\htdocs\DreamCMS\Template\Admin\bootstrap\Auth\Admin\addrole.php 第 130 行.
NOTIC: [8] Undefined index: langconf D:\xampp\htdocs\DreamCMS\Template\Admin\bootstrap\Auth\Admin\addrole.php 第 131 行.
NOTIC: [8] Array to string conversion D:\xampp\htdocs\DreamCMS\Template\Admin\bootstrap\Auth\Admin\addrole.php 第 131 行.
NOTIC: [8] Undefined index: langconf D:\xampp\htdocs\DreamCMS\Template\Admin\bootstrap\Auth\Admin\addrole.php 第 130 行.
NOTIC: [8] Array to string conversion D:\xampp\htdocs\DreamCMS\Template\Admin\bootstrap\Auth\Admin\addrole.php 第 130 行.
NOTIC: [8] Undefined index: langconf D:\xampp\htdocs\DreamCMS\Template\Admin\bootstrap\Auth\Admin\addrole.php 第 131 行.
NOTIC: [8] Array to string conversion D:\xampp\htdocs\DreamCMS\Template\Admin\bootstrap\Auth\Admin\addrole.php 第 131 行.
NOTIC: [8] Undefined index: langconf D:\xampp\htdocs\DreamCMS\Template\Admin\bootstrap\Auth\Admin\addrole.php 第 130 行.
NOTIC: [8] Array to string conversion D:\xampp\htdocs\DreamCMS\Template\Admin\bootstrap\Auth\Admin\addrole.php 第 130 行.
NOTIC: [8] Undefined index: langconf D:\xampp\htdocs\DreamCMS\Template\Admin\bootstrap\Auth\Admin\addrole.php 第 131 行.
NOTIC: [8] Array to string conversion D:\xampp\htdocs\DreamCMS\Template\Admin\bootstrap\Auth\Admin\addrole.php 第 131 行.
NOTIC: [8] Undefined index: langconf D:\xampp\htdocs\DreamCMS\Template\Admin\bootstrap\Auth\Admin\addrole.php 第 108 行.
NOTIC: [8] Array to string conversion D:\xampp\htdocs\DreamCMS\Template\Admin\bootstrap\Auth\Admin\addrole.php 第 108 行.
NOTIC: [8] Undefined index: langconf D:\xampp\htdocs\DreamCMS\Template\Admin\bootstrap\Auth\Admin\addrole.php 第 130 行.
NOTIC: [8] Array to string conversion D:\xampp\htdocs\DreamCMS\Template\Admin\bootstrap\Auth\Admin\addrole.php 第 130 行.
NOTIC: [8] Undefined index: langconf D:\xampp\htdocs\DreamCMS\Template\Admin\bootstrap\Auth\Admin\addrole.php 第 131 行.
NOTIC: [8] Array to string conversion D:\xampp\htdocs\DreamCMS\Template\Admin\bootstrap\Auth\Admin\addrole.php 第 131 行.
NOTIC: [8] Undefined index: langconf D:\xampp\htdocs\DreamCMS\Template\Admin\bootstrap\Auth\Admin\addrole.php 第 130 行.
NOTIC: [8] Array to string conversion D:\xampp\htdocs\DreamCMS\Template\Admin\bootstrap\Auth\Admin\addrole.php 第 130 行.
NOTIC: [8] Undefined index: langconf D:\xampp\htdocs\DreamCMS\Template\Admin\bootstrap\Auth\Admin\addrole.php 第 131 行.
NOTIC: [8] Array to string conversion D:\xampp\htdocs\DreamCMS\Template\Admin\bootstrap\Auth\Admin\addrole.php 第 131 行.
NOTIC: [8] Undefined index: langconf D:\xampp\htdocs\DreamCMS\Template\Admin\bootstrap\Auth\Admin\addrole.php 第 130 行.
NOTIC: [8] Array to string conversion D:\xampp\htdocs\DreamCMS\Template\Admin\bootstrap\Auth\Admin\addrole.php 第 130 行.
NOTIC: [8] Undefined index: langconf D:\xampp\htdocs\DreamCMS\Template\Admin\bootstrap\Auth\Admin\addrole.php 第 131 行.
NOTIC: [8] Array to string conversion D:\xampp\htdocs\DreamCMS\Template\Admin\bootstrap\Auth\Admin\addrole.php 第 131 行.
NOTIC: [8] Undefined index: langconf D:\xampp\htdocs\DreamCMS\Template\Admin\bootstrap\Auth\Admin\addrole.php 第 130 行.
NOTIC: [8] Array to string conversion D:\xampp\htdocs\DreamCMS\Template\Admin\bootstrap\Auth\Admin\addrole.php 第 130 行.
NOTIC: [8] Undefined index: langconf D:\xampp\htdocs\DreamCMS\Template\Admin\bootstrap\Auth\Admin\addrole.php 第 131 行.
NOTIC: [8] Array to string conversion D:\xampp\htdocs\DreamCMS\Template\Admin\bootstrap\Auth\Admin\addrole.php 第 131 行.
NOTIC: [8] Undefined index: langconf D:\xampp\htdocs\DreamCMS\Template\Admin\bootstrap\Auth\Admin\addrole.php 第 130 行.
NOTIC: [8] Array to string conversion D:\xampp\htdocs\DreamCMS\Template\Admin\bootstrap\Auth\Admin\addrole.php 第 130 行.
NOTIC: [8] Undefined index: langconf D:\xampp\htdocs\DreamCMS\Template\Admin\bootstrap\Auth\Admin\addrole.php 第 131 行.
NOTIC: [8] Array to string conversion D:\xampp\htdocs\DreamCMS\Template\Admin\bootstrap\Auth\Admin\addrole.php 第 131 行.
NOTIC: [8] Undefined index: langconf D:\xampp\htdocs\DreamCMS\Template\Admin\bootstrap\Auth\Admin\addrole.php 第 130 行.
NOTIC: [8] Array to string conversion D:\xampp\htdocs\DreamCMS\Template\Admin\bootstrap\Auth\Admin\addrole.php 第 130 行.
NOTIC: [8] Undefined index: langconf D:\xampp\htdocs\DreamCMS\Template\Admin\bootstrap\Auth\Admin\addrole.php 第 131 行.
NOTIC: [8] Array to string conversion D:\xampp\htdocs\DreamCMS\Template\Admin\bootstrap\Auth\Admin\addrole.php 第 131 行.
NOTIC: [8] Undefined index: langconf D:\xampp\htdocs\DreamCMS\Template\Admin\bootstrap\Auth\Admin\addrole.php 第 130 行.
NOTIC: [8] Array to string conversion D:\xampp\htdocs\DreamCMS\Template\Admin\bootstrap\Auth\Admin\addrole.php 第 130 行.
NOTIC: [8] Undefined index: langconf D:\xampp\htdocs\DreamCMS\Template\Admin\bootstrap\Auth\Admin\addrole.php 第 131 行.
NOTIC: [8] Array to string conversion D:\xampp\htdocs\DreamCMS\Template\Admin\bootstrap\Auth\Admin\addrole.php 第 131 行.
NOTIC: [8] Undefined index: langconf D:\xampp\htdocs\DreamCMS\Template\Admin\bootstrap\Auth\Admin\addrole.php 第 130 行.
NOTIC: [8] Array to string conversion D:\xampp\htdocs\DreamCMS\Template\Admin\bootstrap\Auth\Admin\addrole.php 第 130 行.
NOTIC: [8] Undefined index: langconf D:\xampp\htdocs\DreamCMS\Template\Admin\bootstrap\Auth\Admin\addrole.php 第 131 行.
NOTIC: [8] Array to string conversion D:\xampp\htdocs\DreamCMS\Template\Admin\bootstrap\Auth\Admin\addrole.php 第 131 行.
NOTIC: [8] Undefined index: langconf D:\xampp\htdocs\DreamCMS\Template\Admin\bootstrap\Auth\Admin\addrole.php 第 130 行.
NOTIC: [8] Array to string conversion D:\xampp\htdocs\DreamCMS\Template\Admin\bootstrap\Auth\Admin\addrole.php 第 130 行.
NOTIC: [8] Undefined index: langconf D:\xampp\htdocs\DreamCMS\Template\Admin\bootstrap\Auth\Admin\addrole.php 第 131 行.
NOTIC: [8] Array to string conversion D:\xampp\htdocs\DreamCMS\Template\Admin\bootstrap\Auth\Admin\addrole.php 第 131 行.
NOTIC: [8] Undefined index: langconf D:\xampp\htdocs\DreamCMS\Template\Admin\bootstrap\Auth\Admin\addrole.php 第 130 行.
NOTIC: [8] Array to string conversion D:\xampp\htdocs\DreamCMS\Template\Admin\bootstrap\Auth\Admin\addrole.php 第 130 行.
NOTIC: [8] Undefined index: langconf D:\xampp\htdocs\DreamCMS\Template\Admin\bootstrap\Auth\Admin\addrole.php 第 131 行.
NOTIC: [8] Array to string conversion D:\xampp\htdocs\DreamCMS\Template\Admin\bootstrap\Auth\Admin\addrole.php 第 131 行.
NOTIC: [8] Undefined index: langconf D:\xampp\htdocs\DreamCMS\Template\Admin\bootstrap\Auth\Admin\addrole.php 第 130 行.
NOTIC: [8] Array to string conversion D:\xampp\htdocs\DreamCMS\Template\Admin\bootstrap\Auth\Admin\addrole.php 第 130 行.
NOTIC: [8] Undefined index: langconf D:\xampp\htdocs\DreamCMS\Template\Admin\bootstrap\Auth\Admin\addrole.php 第 131 行.
NOTIC: [8] Array to string conversion D:\xampp\htdocs\DreamCMS\Template\Admin\bootstrap\Auth\Admin\addrole.php 第 131 行.
NOTIC: [8] Undefined index: langconf D:\xampp\htdocs\DreamCMS\Template\Admin\bootstrap\Auth\Admin\addrole.php 第 108 行.
NOTIC: [8] Array to string conversion D:\xampp\htdocs\DreamCMS\Template\Admin\bootstrap\Auth\Admin\addrole.php 第 108 行.
NOTIC: [8] Undefined index: langconf D:\xampp\htdocs\DreamCMS\Template\Admin\bootstrap\Auth\Admin\addrole.php 第 130 行.
NOTIC: [8] Array to string conversion D:\xampp\htdocs\DreamCMS\Template\Admin\bootstrap\Auth\Admin\addrole.php 第 130 行.
NOTIC: [8] Undefined index: langconf D:\xampp\htdocs\DreamCMS\Template\Admin\bootstrap\Auth\Admin\addrole.php 第 131 行.
NOTIC: [8] Array to string conversion D:\xampp\htdocs\DreamCMS\Template\Admin\bootstrap\Auth\Admin\addrole.php 第 131 行.
NOTIC: [8] Undefined index: langconf D:\xampp\htdocs\DreamCMS\Template\Admin\bootstrap\Auth\Admin\addrole.php 第 130 行.
NOTIC: [8] Array to string conversion D:\xampp\htdocs\DreamCMS\Template\Admin\bootstrap\Auth\Admin\addrole.php 第 130 行.
NOTIC: [8] Undefined index: langconf D:\xampp\htdocs\DreamCMS\Template\Admin\bootstrap\Auth\Admin\addrole.php 第 131 行.
NOTIC: [8] Array to string conversion D:\xampp\htdocs\DreamCMS\Template\Admin\bootstrap\Auth\Admin\addrole.php 第 131 行.
NOTIC: [8] Undefined index: langconf D:\xampp\htdocs\DreamCMS\Template\Admin\bootstrap\Auth\Admin\addrole.php 第 130 行.
NOTIC: [8] Array to string conversion D:\xampp\htdocs\DreamCMS\Template\Admin\bootstrap\Auth\Admin\addrole.php 第 130 行.
NOTIC: [8] Undefined index: langconf D:\xampp\htdocs\DreamCMS\Template\Admin\bootstrap\Auth\Admin\addrole.php 第 131 行.
NOTIC: [8] Array to string conversion D:\xampp\htdocs\DreamCMS\Template\Admin\bootstrap\Auth\Admin\addrole.php 第 131 行.
NOTIC: [8] Undefined index: langconf D:\xampp\htdocs\DreamCMS\Template\Admin\bootstrap\Auth\Admin\addrole.php 第 130 行.
NOTIC: [8] Array to string conversion D:\xampp\htdocs\DreamCMS\Template\Admin\bootstrap\Auth\Admin\addrole.php 第 130 行.
NOTIC: [8] Undefined index: langconf D:\xampp\htdocs\DreamCMS\Template\Admin\bootstrap\Auth\Admin\addrole.php 第 131 行.
NOTIC: [8] Array to string conversion D:\xampp\htdocs\DreamCMS\Template\Admin\bootstrap\Auth\Admin\addrole.php 第 131 行.
NOTIC: [8] Undefined index: langconf D:\xampp\htdocs\DreamCMS\Template\Admin\bootstrap\Auth\Admin\addrole.php 第 130 行.
NOTIC: [8] Array to string conversion D:\xampp\htdocs\DreamCMS\Template\Admin\bootstrap\Auth\Admin\addrole.php 第 130 行.
NOTIC: [8] Undefined index: langconf D:\xampp\htdocs\DreamCMS\Template\Admin\bootstrap\Auth\Admin\addrole.php 第 131 行.
NOTIC: [8] Array to string conversion D:\xampp\htdocs\DreamCMS\Template\Admin\bootstrap\Auth\Admin\addrole.php 第 131 行.
NOTIC: [8] Undefined index: langconf D:\xampp\htdocs\DreamCMS\Template\Admin\bootstrap\Auth\Admin\addrole.php 第 108 行.
NOTIC: [8] Array to string conversion D:\xampp\htdocs\DreamCMS\Template\Admin\bootstrap\Auth\Admin\addrole.php 第 108 行.
NOTIC: [8] Undefined index: langconf D:\xampp\htdocs\DreamCMS\Template\Admin\bootstrap\Auth\Admin\addrole.php 第 130 行.
NOTIC: [8] Array to string conversion D:\xampp\htdocs\DreamCMS\Template\Admin\bootstrap\Auth\Admin\addrole.php 第 130 行.
NOTIC: [8] Undefined index: langconf D:\xampp\htdocs\DreamCMS\Template\Admin\bootstrap\Auth\Admin\addrole.php 第 131 行.
NOTIC: [8] Array to string conversion D:\xampp\htdocs\DreamCMS\Template\Admin\bootstrap\Auth\Admin\addrole.php 第 131 行.
NOTIC: [8] Undefined index: langconf D:\xampp\htdocs\DreamCMS\Template\Admin\bootstrap\Auth\Admin\addrole.php 第 130 行.
NOTIC: [8] Array to string conversion D:\xampp\htdocs\DreamCMS\Template\Admin\bootstrap\Auth\Admin\addrole.php 第 130 行.
NOTIC: [8] Undefined index: langconf D:\xampp\htdocs\DreamCMS\Template\Admin\bootstrap\Auth\Admin\addrole.php 第 131 行.
NOTIC: [8] Array to string conversion D:\xampp\htdocs\DreamCMS\Template\Admin\bootstrap\Auth\Admin\addrole.php 第 131 行.
NOTIC: [8] Undefined index: langconf D:\xampp\htdocs\DreamCMS\Template\Admin\bootstrap\Auth\Admin\addrole.php 第 130 行.
NOTIC: [8] Array to string conversion D:\xampp\htdocs\DreamCMS\Template\Admin\bootstrap\Auth\Admin\addrole.php 第 130 行.
NOTIC: [8] Undefined index: langconf D:\xampp\htdocs\DreamCMS\Template\Admin\bootstrap\Auth\Admin\addrole.php 第 131 行.
NOTIC: [8] Array to string conversion D:\xampp\htdocs\DreamCMS\Template\Admin\bootstrap\Auth\Admin\addrole.php 第 131 行.
NOTIC: [8] Undefined index: langconf D:\xampp\htdocs\DreamCMS\Template\Admin\bootstrap\Auth\Admin\addrole.php 第 130 行.
NOTIC: [8] Array to string conversion D:\xampp\htdocs\DreamCMS\Template\Admin\bootstrap\Auth\Admin\addrole.php 第 130 行.
NOTIC: [8] Undefined index: langconf D:\xampp\htdocs\DreamCMS\Template\Admin\bootstrap\Auth\Admin\addrole.php 第 131 行.
NOTIC: [8] Array to string conversion D:\xampp\htdocs\DreamCMS\Template\Admin\bootstrap\Auth\Admin\addrole.php 第 131 行.
NOTIC: [8] Undefined index: langconf D:\xampp\htdocs\DreamCMS\Template\Admin\bootstrap\Auth\Admin\addrole.php 第 130 行.
NOTIC: [8] Array to string conversion D:\xampp\htdocs\DreamCMS\Template\Admin\bootstrap\Auth\Admin\addrole.php 第 130 行.
NOTIC: [8] Undefined index: langconf D:\xampp\htdocs\DreamCMS\Template\Admin\bootstrap\Auth\Admin\addrole.php 第 131 行.
NOTIC: [8] Array to string conversion D:\xampp\htdocs\DreamCMS\Template\Admin\bootstrap\Auth\Admin\addrole.php 第 131 行.
NOTIC: [8] Undefined index: langconf D:\xampp\htdocs\DreamCMS\Template\Admin\bootstrap\Auth\Admin\addrole.php 第 130 行.
NOTIC: [8] Array to string conversion D:\xampp\htdocs\DreamCMS\Template\Admin\bootstrap\Auth\Admin\addrole.php 第 130 行.
NOTIC: [8] Undefined index: langconf D:\xampp\htdocs\DreamCMS\Template\Admin\bootstrap\Auth\Admin\addrole.php 第 131 行.
NOTIC: [8] Array to string conversion D:\xampp\htdocs\DreamCMS\Template\Admin\bootstrap\Auth\Admin\addrole.php 第 131 行.
NOTIC: [8] Undefined index: langconf D:\xampp\htdocs\DreamCMS\Template\Admin\bootstrap\Auth\Admin\addrole.php 第 130 行.
NOTIC: [8] Array to string conversion D:\xampp\htdocs\DreamCMS\Template\Admin\bootstrap\Auth\Admin\addrole.php 第 130 行.
NOTIC: [8] Undefined index: langconf D:\xampp\htdocs\DreamCMS\Template\Admin\bootstrap\Auth\Admin\addrole.php 第 131 行.
NOTIC: [8] Array to string conversion D:\xampp\htdocs\DreamCMS\Template\Admin\bootstrap\Auth\Admin\addrole.php 第 131 行.
NOTIC: [8] Undefined index: langconf D:\xampp\htdocs\DreamCMS\Template\Admin\bootstrap\Auth\Admin\addrole.php 第 130 行.
NOTIC: [8] Array to string conversion D:\xampp\htdocs\DreamCMS\Template\Admin\bootstrap\Auth\Admin\addrole.php 第 130 行.
NOTIC: [8] Undefined index: langconf D:\xampp\htdocs\DreamCMS\Template\Admin\bootstrap\Auth\Admin\addrole.php 第 131 行.
NOTIC: [8] Array to string conversion D:\xampp\htdocs\DreamCMS\Template\Admin\bootstrap\Auth\Admin\addrole.php 第 131 行.
NOTIC: [8] Undefined index: langconf D:\xampp\htdocs\DreamCMS\Template\Admin\bootstrap\Auth\Admin\addrole.php 第 108 行.
NOTIC: [8] Array to string conversion D:\xampp\htdocs\DreamCMS\Template\Admin\bootstrap\Auth\Admin\addrole.php 第 108 行.
NOTIC: [8] Undefined index: langconf D:\xampp\htdocs\DreamCMS\Template\Admin\bootstrap\Auth\Admin\addrole.php 第 130 行.
NOTIC: [8] Array to string conversion D:\xampp\htdocs\DreamCMS\Template\Admin\bootstrap\Auth\Admin\addrole.php 第 130 行.
NOTIC: [8] Undefined index: langconf D:\xampp\htdocs\DreamCMS\Template\Admin\bootstrap\Auth\Admin\addrole.php 第 131 行.
NOTIC: [8] Array to string conversion D:\xampp\htdocs\DreamCMS\Template\Admin\bootstrap\Auth\Admin\addrole.php 第 131 行.
INFO: [ view_filter ] --START--
INFO: Run Behavior\WriteHtmlCacheBehavior [ RunTime:0.001000s ]
INFO: [ view_filter ] --END-- [ RunTime:0.001000s ]
INFO: [ app_end ] --START--
INFO: Run Behavior\ShowPageTraceBehavior [ RunTime:0.001000s ]
INFO: [ app_end ] --END-- [ RunTime:0.002001s ]

