[ 2015-02-27T19:41:55+08:00 ] 127.0.0.1 /DreamCMS/plugin.php/Collection/Admin/index.html
INFO: [ app_init ] --START--
INFO: Run Behavior\BuildLiteBehavior [ RunTime:0.000000s ]
INFO: [ app_init ] --END-- [ RunTime:0.001000s ]
INFO: [ app_begin ] --START--
INFO: Run Behavior\ReadHtmlCacheBehavior [ RunTime:0.001000s ]
INFO: Run Behavior\FlChkLangBehavior [ RunTime:0.000000s ]
INFO: [ app_begin ] --END-- [ RunTime:0.001000s ]
NOTIC: [2048] Declaration of Auth\Controller\AuthbaseController::display() should be compatible with Think\Controller::display($templateFile = '', $charset = '', $contentType = '', $content = '', $prefix = '') F:\xampp\htdocs\DreamCMS\Admin\Auth\Controller\AuthbaseController.class.php 第 8 行.
NOTIC: [2048] Declaration of Common\Controller\AdminpluginController::display() should be compatible with Auth\Controller\AuthbaseController::display($view = '') F:\xampp\htdocs\DreamCMS\Plugin\Common\Controller\AdminpluginController.class.php 第 8 行.
NOTIC: [8] Use of undefined constant TMPL_PATH - assumed 'TMPL_PATH' F:\xampp\htdocs\DreamCMS\Admin\Common\Controller\AdminbaseController.class.php 第 14 行.
SQL: SHOW COLUMNS FROM `ur7_language` [ RunTime:0.0020s ]
SQL: SHOW COLUMNS FROM `ur7_admin_auth_group` [ RunTime:0.0020s ]
SQL: SELECT * FROM `ur7_admin_auth_group` ORDER BY sort  [ RunTime:0.0000s ]
SQL: SHOW COLUMNS FROM `ur7_admin_auth_action` [ RunTime:0.0020s ]
SQL: SELECT * FROM `ur7_admin_auth_action` WHERE `group` = 'Collection' AND `controller` = 'Admin' AND `action` = 'index' LIMIT 1   [ RunTime:0.0010s ]
INFO: [ view_filter ] --START--
INFO: Run Behavior\WriteHtmlCacheBehavior [ RunTime:0.001000s ]
INFO: [ view_filter ] --END-- [ RunTime:0.001000s ]
INFO: [ app_end ] --START--
INFO: Run Behavior\ShowPageTraceBehavior [ RunTime:0.002000s ]
INFO: [ app_end ] --END-- [ RunTime:0.002000s ]

[ 2015-02-27T19:41:57+08:00 ] 127.0.0.1 /DreamCMS/plugin.php/Collection/Admin/add.html
INFO: [ app_init ] --START--
INFO: Run Behavior\BuildLiteBehavior [ RunTime:0.000000s ]
INFO: [ app_init ] --END-- [ RunTime:0.000000s ]
INFO: [ app_begin ] --START--
INFO: Run Behavior\ReadHtmlCacheBehavior [ RunTime:0.000000s ]
INFO: Run Behavior\FlChkLangBehavior [ RunTime:0.001000s ]
INFO: [ app_begin ] --END-- [ RunTime:0.002000s ]
NOTIC: [2048] Declaration of Auth\Controller\AuthbaseController::display() should be compatible with Think\Controller::display($templateFile = '', $charset = '', $contentType = '', $content = '', $prefix = '') F:\xampp\htdocs\DreamCMS\Admin\Auth\Controller\AuthbaseController.class.php 第 8 行.
NOTIC: [2048] Declaration of Common\Controller\AdminpluginController::display() should be compatible with Auth\Controller\AuthbaseController::display($view = '') F:\xampp\htdocs\DreamCMS\Plugin\Common\Controller\AdminpluginController.class.php 第 8 行.
NOTIC: [8] Use of undefined constant TMPL_PATH - assumed 'TMPL_PATH' F:\xampp\htdocs\DreamCMS\Admin\Common\Controller\AdminbaseController.class.php 第 14 行.
SQL: SHOW COLUMNS FROM `ur7_language` [ RunTime:0.0030s ]
SQL: SHOW COLUMNS FROM `ur7_admin_auth_group` [ RunTime:0.0020s ]
SQL: SELECT * FROM `ur7_admin_auth_group` ORDER BY sort  [ RunTime:0.0000s ]
SQL: SHOW COLUMNS FROM `ur7_admin_auth_action` [ RunTime:0.0020s ]
SQL: SHOW COLUMNS FROM `ur7_model` [ RunTime:0.0030s ]
SQL: SELECT * FROM `ur7_model`  [ RunTime:0.0010s ]
INFO: [ view_filter ] --START--
INFO: Run Behavior\WriteHtmlCacheBehavior [ RunTime:0.002000s ]
INFO: [ view_filter ] --END-- [ RunTime:0.002000s ]
INFO: [ app_end ] --START--
INFO: Run Behavior\ShowPageTraceBehavior [ RunTime:0.004000s ]
INFO: [ app_end ] --END-- [ RunTime:0.004000s ]

[ 2015-02-27T20:12:13+08:00 ] 127.0.0.1 /DreamCMS/plugin.php/Collection/Admin/add.html
INFO: [ app_init ] --START--
INFO: Run Behavior\BuildLiteBehavior [ RunTime:0.000000s ]
INFO: [ app_init ] --END-- [ RunTime:0.001000s ]
INFO: [ app_begin ] --START--
INFO: Run Behavior\ReadHtmlCacheBehavior [ RunTime:0.001000s ]
INFO: Run Behavior\FlChkLangBehavior [ RunTime:0.001001s ]
INFO: [ app_begin ] --END-- [ RunTime:0.002001s ]
NOTIC: [2048] Declaration of Auth\Controller\AuthbaseController::display() should be compatible with Think\Controller::display($templateFile = '', $charset = '', $contentType = '', $content = '', $prefix = '') F:\xampp\htdocs\DreamCMS\Admin\Auth\Controller\AuthbaseController.class.php 第 8 行.
NOTIC: [2048] Declaration of Common\Controller\AdminpluginController::display() should be compatible with Auth\Controller\AuthbaseController::display($view = '') F:\xampp\htdocs\DreamCMS\Plugin\Common\Controller\AdminpluginController.class.php 第 8 行.
NOTIC: [8] Use of undefined constant TMPL_PATH - assumed 'TMPL_PATH' F:\xampp\htdocs\DreamCMS\Admin\Common\Controller\AdminbaseController.class.php 第 14 行.
SQL: SHOW COLUMNS FROM `ur7_language` [ RunTime:0.0040s ]
SQL: SHOW COLUMNS FROM `ur7_admin_auth_group` [ RunTime:0.0030s ]
SQL: SELECT * FROM `ur7_admin_auth_group` ORDER BY sort  [ RunTime:0.0010s ]
SQL: SHOW COLUMNS FROM `ur7_admin_auth_action` [ RunTime:0.0050s ]
SQL: SHOW COLUMNS FROM `ur7_model` [ RunTime:0.0030s ]
SQL: SELECT * FROM `ur7_model`  [ RunTime:0.0010s ]
INFO: [ view_filter ] --START--
INFO: Run Behavior\WriteHtmlCacheBehavior [ RunTime:0.000000s ]
INFO: [ view_filter ] --END-- [ RunTime:0.000000s ]
INFO: [ app_end ] --START--
INFO: Run Behavior\ShowPageTraceBehavior [ RunTime:0.001001s ]
INFO: [ app_end ] --END-- [ RunTime:0.001001s ]

[ 2015-02-27T20:46:06+08:00 ] 127.0.0.1 /DreamCMS/plugin.php/Collection/Admin/add.html
INFO: [ app_init ] --START--
INFO: Run Behavior\BuildLiteBehavior [ RunTime:0.000000s ]
INFO: [ app_init ] --END-- [ RunTime:0.001000s ]
INFO: [ app_begin ] --START--
INFO: Run Behavior\ReadHtmlCacheBehavior [ RunTime:0.002001s ]
INFO: Run Behavior\FlChkLangBehavior [ RunTime:0.001000s ]
INFO: [ app_begin ] --END-- [ RunTime:0.003001s ]
NOTIC: [2048] Declaration of Auth\Controller\AuthbaseController::display() should be compatible with Think\Controller::display($templateFile = '', $charset = '', $contentType = '', $content = '', $prefix = '') F:\xampp\htdocs\DreamCMS\Admin\Auth\Controller\AuthbaseController.class.php 第 8 行.
NOTIC: [2048] Declaration of Common\Controller\AdminpluginController::display() should be compatible with Auth\Controller\AuthbaseController::display($view = '') F:\xampp\htdocs\DreamCMS\Plugin\Common\Controller\AdminpluginController.class.php 第 8 行.
NOTIC: [8] Use of undefined constant TMPL_PATH - assumed 'TMPL_PATH' F:\xampp\htdocs\DreamCMS\Admin\Common\Controller\AdminbaseController.class.php 第 14 行.
SQL: SHOW COLUMNS FROM `ur7_language` [ RunTime:0.0030s ]
SQL: SHOW COLUMNS FROM `ur7_admin_auth_group` [ RunTime:0.0040s ]
SQL: SELECT * FROM `ur7_admin_auth_group` ORDER BY sort  [ RunTime:0.0000s ]
SQL: SHOW COLUMNS FROM `ur7_admin_auth_action` [ RunTime:0.0270s ]
SQL: SHOW COLUMNS FROM `ur7_model` [ RunTime:0.0030s ]
SQL: SELECT * FROM `ur7_model`  [ RunTime:0.0000s ]
INFO: [ view_filter ] --START--
INFO: Run Behavior\WriteHtmlCacheBehavior [ RunTime:0.001000s ]
INFO: [ view_filter ] --END-- [ RunTime:0.001000s ]
INFO: [ app_end ] --START--
INFO: Run Behavior\ShowPageTraceBehavior [ RunTime:0.001000s ]
INFO: [ app_end ] --END-- [ RunTime:0.001000s ]

[ 2015-02-27T20:52:24+08:00 ] 127.0.0.1 /DreamCMS/plugin.php/Collection/Admin/add.html
INFO: [ app_init ] --START--
INFO: Run Behavior\BuildLiteBehavior [ RunTime:0.000000s ]
INFO: [ app_init ] --END-- [ RunTime:0.001000s ]
INFO: [ app_begin ] --START--
INFO: Run Behavior\ReadHtmlCacheBehavior [ RunTime:0.001000s ]
INFO: Run Behavior\FlChkLangBehavior [ RunTime:0.001000s ]
INFO: [ app_begin ] --END-- [ RunTime:0.002000s ]
NOTIC: [2048] Declaration of Auth\Controller\AuthbaseController::display() should be compatible with Think\Controller::display($templateFile = '', $charset = '', $contentType = '', $content = '', $prefix = '') F:\xampp\htdocs\DreamCMS\Admin\Auth\Controller\AuthbaseController.class.php 第 8 行.
NOTIC: [2048] Declaration of Common\Controller\AdminpluginController::display() should be compatible with Auth\Controller\AuthbaseController::display($view = '') F:\xampp\htdocs\DreamCMS\Plugin\Common\Controller\AdminpluginController.class.php 第 8 行.
NOTIC: [8] Use of undefined constant TMPL_PATH - assumed 'TMPL_PATH' F:\xampp\htdocs\DreamCMS\Admin\Common\Controller\AdminbaseController.class.php 第 14 行.
SQL: SHOW COLUMNS FROM `ur7_language` [ RunTime:0.0040s ]
SQL: SHOW COLUMNS FROM `ur7_admin_auth_group` [ RunTime:0.0050s ]
SQL: SELECT * FROM `ur7_admin_auth_group` ORDER BY sort  [ RunTime:0.0010s ]
SQL: SHOW COLUMNS FROM `ur7_admin_auth_action` [ RunTime:0.0040s ]
SQL: SHOW COLUMNS FROM `ur7_model` [ RunTime:0.0050s ]
SQL: SELECT * FROM `ur7_model`  [ RunTime:0.0010s ]
INFO: [ view_filter ] --START--
INFO: Run Behavior\WriteHtmlCacheBehavior [ RunTime:0.001000s ]
INFO: [ view_filter ] --END-- [ RunTime:0.001000s ]
INFO: [ app_end ] --START--
INFO: Run Behavior\ShowPageTraceBehavior [ RunTime:0.002000s ]
INFO: [ app_end ] --END-- [ RunTime:0.002000s ]

[ 2015-02-27T20:55:29+08:00 ] 127.0.0.1 /DreamCMS/plugin.php/Collection/Admin/add.html
INFO: [ app_init ] --START--
INFO: Run Behavior\BuildLiteBehavior [ RunTime:0.000000s ]
INFO: [ app_init ] --END-- [ RunTime:0.000000s ]
INFO: [ app_begin ] --START--
INFO: Run Behavior\ReadHtmlCacheBehavior [ RunTime:0.001001s ]
INFO: Run Behavior\FlChkLangBehavior [ RunTime:0.001000s ]
INFO: [ app_begin ] --END-- [ RunTime:0.002001s ]
NOTIC: [2048] Declaration of Auth\Controller\AuthbaseController::display() should be compatible with Think\Controller::display($templateFile = '', $charset = '', $contentType = '', $content = '', $prefix = '') F:\xampp\htdocs\DreamCMS\Admin\Auth\Controller\AuthbaseController.class.php 第 8 行.
NOTIC: [2048] Declaration of Common\Controller\AdminpluginController::display() should be compatible with Auth\Controller\AuthbaseController::display($view = '') F:\xampp\htdocs\DreamCMS\Plugin\Common\Controller\AdminpluginController.class.php 第 8 行.
NOTIC: [8] Use of undefined constant TMPL_PATH - assumed 'TMPL_PATH' F:\xampp\htdocs\DreamCMS\Admin\Common\Controller\AdminbaseController.class.php 第 14 行.
SQL: SHOW COLUMNS FROM `ur7_language` [ RunTime:0.0220s ]
SQL: SHOW COLUMNS FROM `ur7_admin_auth_group` [ RunTime:0.0040s ]
SQL: SELECT * FROM `ur7_admin_auth_group` ORDER BY sort  [ RunTime:0.0000s ]
SQL: SHOW COLUMNS FROM `ur7_admin_auth_action` [ RunTime:0.0030s ]
SQL: SHOW COLUMNS FROM `ur7_model` [ RunTime:0.0040s ]
SQL: SELECT * FROM `ur7_model`  [ RunTime:0.0000s ]
INFO: [ view_filter ] --START--
INFO: Run Behavior\WriteHtmlCacheBehavior [ RunTime:0.001000s ]
INFO: [ view_filter ] --END-- [ RunTime:0.001000s ]
INFO: [ app_end ] --START--
INFO: Run Behavior\ShowPageTraceBehavior [ RunTime:0.001000s ]
INFO: [ app_end ] --END-- [ RunTime:0.002000s ]

[ 2015-02-27T20:55:31+08:00 ] 127.0.0.1 /DreamCMS/Plugin.php/Collection/Admin/getfields.html
INFO: [ app_init ] --START--
INFO: Run Behavior\BuildLiteBehavior [ RunTime:0.000000s ]
INFO: [ app_init ] --END-- [ RunTime:0.001000s ]
INFO: [ app_begin ] --START--
INFO: Run Behavior\ReadHtmlCacheBehavior [ RunTime:0.001000s ]
INFO: Run Behavior\FlChkLangBehavior [ RunTime:0.001000s ]
INFO: [ app_begin ] --END-- [ RunTime:0.002000s ]
NOTIC: [2048] Declaration of Auth\Controller\AuthbaseController::display() should be compatible with Think\Controller::display($templateFile = '', $charset = '', $contentType = '', $content = '', $prefix = '') F:\xampp\htdocs\DreamCMS\Admin\Auth\Controller\AuthbaseController.class.php 第 8 行.
NOTIC: [2048] Declaration of Common\Controller\AdminpluginController::display() should be compatible with Auth\Controller\AuthbaseController::display($view = '') F:\xampp\htdocs\DreamCMS\Plugin\Common\Controller\AdminpluginController.class.php 第 8 行.
NOTIC: [8] Use of undefined constant TMPL_PATH - assumed 'TMPL_PATH' F:\xampp\htdocs\DreamCMS\Admin\Common\Controller\AdminbaseController.class.php 第 14 行.
SQL: SHOW COLUMNS FROM `ur7_language` [ RunTime:0.0030s ]
SQL: SHOW COLUMNS FROM `ur7_admin_auth_group` [ RunTime:0.0030s ]
SQL: SELECT * FROM `ur7_admin_auth_group` ORDER BY sort  [ RunTime:0.0010s ]
SQL: SHOW COLUMNS FROM `ur7_admin_auth_action` [ RunTime:0.0030s ]
SQL: SELECT * FROM `ur7_admin_auth_action` WHERE `group` = 'Collection' AND `controller` = 'Admin' AND `action` = 'getfields' LIMIT 1   [ RunTime:0.0010s ]
SQL: SHOW COLUMNS FROM `ur7_model_field` [ RunTime:0.3800s ]
SQL: SELECT * FROM `ur7_model_field` WHERE `mid` = 30  [ RunTime:0.0010s ]
INFO: [ app_end ] --START--
INFO: Run Behavior\ShowPageTraceBehavior [ RunTime:0.001000s ]
INFO: [ app_end ] --END-- [ RunTime:0.001000s ]

[ 2015-02-27T20:55:37+08:00 ] 127.0.0.1 /DreamCMS/Plugin.php/Collection/Admin/getfields.html
INFO: [ app_init ] --START--
INFO: Run Behavior\BuildLiteBehavior [ RunTime:0.000000s ]
INFO: [ app_init ] --END-- [ RunTime:0.000000s ]
INFO: [ app_begin ] --START--
INFO: Run Behavior\ReadHtmlCacheBehavior [ RunTime:0.000000s ]
INFO: Run Behavior\FlChkLangBehavior [ RunTime:0.001000s ]
INFO: [ app_begin ] --END-- [ RunTime:0.001000s ]
NOTIC: [2048] Declaration of Auth\Controller\AuthbaseController::display() should be compatible with Think\Controller::display($templateFile = '', $charset = '', $contentType = '', $content = '', $prefix = '') F:\xampp\htdocs\DreamCMS\Admin\Auth\Controller\AuthbaseController.class.php 第 8 行.
NOTIC: [2048] Declaration of Common\Controller\AdminpluginController::display() should be compatible with Auth\Controller\AuthbaseController::display($view = '') F:\xampp\htdocs\DreamCMS\Plugin\Common\Controller\AdminpluginController.class.php 第 8 行.
NOTIC: [8] Use of undefined constant TMPL_PATH - assumed 'TMPL_PATH' F:\xampp\htdocs\DreamCMS\Admin\Common\Controller\AdminbaseController.class.php 第 14 行.
SQL: SHOW COLUMNS FROM `ur7_language` [ RunTime:0.0040s ]
SQL: SHOW COLUMNS FROM `ur7_admin_auth_group` [ RunTime:0.0040s ]
SQL: SELECT * FROM `ur7_admin_auth_group` ORDER BY sort  [ RunTime:0.0010s ]
SQL: SHOW COLUMNS FROM `ur7_admin_auth_action` [ RunTime:0.0040s ]
SQL: SELECT * FROM `ur7_admin_auth_action` WHERE `group` = 'Collection' AND `controller` = 'Admin' AND `action` = 'getfields' LIMIT 1   [ RunTime:0.0010s ]
SQL: SHOW COLUMNS FROM `ur7_model_field` [ RunTime:0.0030s ]
SQL: SELECT * FROM `ur7_model_field` WHERE `mid` = 30  [ RunTime:0.0020s ]
INFO: [ app_end ] --START--
INFO: Run Behavior\ShowPageTraceBehavior [ RunTime:0.002000s ]
INFO: [ app_end ] --END-- [ RunTime:0.002000s ]

[ 2015-02-27T20:55:41+08:00 ] 127.0.0.1 /DreamCMS/Plugin.php/Collection/Admin/getfields.html
INFO: [ app_init ] --START--
INFO: Run Behavior\BuildLiteBehavior [ RunTime:0.000000s ]
INFO: [ app_init ] --END-- [ RunTime:0.001000s ]
INFO: [ app_begin ] --START--
INFO: Run Behavior\ReadHtmlCacheBehavior [ RunTime:0.001000s ]
INFO: Run Behavior\FlChkLangBehavior [ RunTime:0.002000s ]
INFO: [ app_begin ] --END-- [ RunTime:0.003000s ]
NOTIC: [2048] Declaration of Auth\Controller\AuthbaseController::display() should be compatible with Think\Controller::display($templateFile = '', $charset = '', $contentType = '', $content = '', $prefix = '') F:\xampp\htdocs\DreamCMS\Admin\Auth\Controller\AuthbaseController.class.php 第 8 行.
NOTIC: [2048] Declaration of Common\Controller\AdminpluginController::display() should be compatible with Auth\Controller\AuthbaseController::display($view = '') F:\xampp\htdocs\DreamCMS\Plugin\Common\Controller\AdminpluginController.class.php 第 8 行.
NOTIC: [8] Use of undefined constant TMPL_PATH - assumed 'TMPL_PATH' F:\xampp\htdocs\DreamCMS\Admin\Common\Controller\AdminbaseController.class.php 第 14 行.
SQL: SHOW COLUMNS FROM `ur7_language` [ RunTime:0.0040s ]
SQL: SHOW COLUMNS FROM `ur7_admin_auth_group` [ RunTime:0.0030s ]
SQL: SELECT * FROM `ur7_admin_auth_group` ORDER BY sort  [ RunTime:0.0000s ]
SQL: SHOW COLUMNS FROM `ur7_admin_auth_action` [ RunTime:0.0070s ]
SQL: SELECT * FROM `ur7_admin_auth_action` WHERE `group` = 'Collection' AND `controller` = 'Admin' AND `action` = 'getfields' LIMIT 1   [ RunTime:0.0010s ]
SQL: SHOW COLUMNS FROM `ur7_model_field` [ RunTime:0.0040s ]
SQL: SELECT * FROM `ur7_model_field` WHERE `mid` = 31  [ RunTime:0.0010s ]
INFO: [ app_end ] --START--
INFO: Run Behavior\ShowPageTraceBehavior [ RunTime:0.003000s ]
INFO: [ app_end ] --END-- [ RunTime:0.003000s ]

[ 2015-02-27T20:56:34+08:00 ] 127.0.0.1 /DreamCMS/plugin.php/Collection/Admin/add.html
INFO: [ app_init ] --START--
INFO: Run Behavior\BuildLiteBehavior [ RunTime:0.000000s ]
INFO: [ app_init ] --END-- [ RunTime:0.001000s ]
INFO: [ app_begin ] --START--
INFO: Run Behavior\ReadHtmlCacheBehavior [ RunTime:0.001000s ]
INFO: Run Behavior\FlChkLangBehavior [ RunTime:0.001000s ]
INFO: [ app_begin ] --END-- [ RunTime:0.002000s ]
NOTIC: [2048] Declaration of Auth\Controller\AuthbaseController::display() should be compatible with Think\Controller::display($templateFile = '', $charset = '', $contentType = '', $content = '', $prefix = '') F:\xampp\htdocs\DreamCMS\Admin\Auth\Controller\AuthbaseController.class.php 第 8 行.
NOTIC: [2048] Declaration of Common\Controller\AdminpluginController::display() should be compatible with Auth\Controller\AuthbaseController::display($view = '') F:\xampp\htdocs\DreamCMS\Plugin\Common\Controller\AdminpluginController.class.php 第 8 行.
NOTIC: [8] Use of undefined constant TMPL_PATH - assumed 'TMPL_PATH' F:\xampp\htdocs\DreamCMS\Admin\Common\Controller\AdminbaseController.class.php 第 14 行.
SQL: SHOW COLUMNS FROM `ur7_language` [ RunTime:0.0040s ]
SQL: SHOW COLUMNS FROM `ur7_admin_auth_group` [ RunTime:0.0050s ]
SQL: SELECT * FROM `ur7_admin_auth_group` ORDER BY sort  [ RunTime:0.0010s ]
SQL: SHOW COLUMNS FROM `ur7_admin_auth_action` [ RunTime:0.0050s ]
SQL: SHOW COLUMNS FROM `ur7_model` [ RunTime:0.0040s ]
SQL: SELECT * FROM `ur7_model`  [ RunTime:0.0010s ]
INFO: [ view_filter ] --START--
INFO: Run Behavior\WriteHtmlCacheBehavior [ RunTime:0.000000s ]
INFO: [ view_filter ] --END-- [ RunTime:0.000000s ]
INFO: [ app_end ] --START--
INFO: Run Behavior\ShowPageTraceBehavior [ RunTime:0.001000s ]
INFO: [ app_end ] --END-- [ RunTime:0.001000s ]

[ 2015-02-27T20:56:36+08:00 ] 127.0.0.1 /DreamCMS/Plugin.php/Collection/Admin/getfields.html
INFO: [ app_init ] --START--
INFO: Run Behavior\BuildLiteBehavior [ RunTime:0.000000s ]
INFO: [ app_init ] --END-- [ RunTime:0.001001s ]
INFO: [ app_begin ] --START--
INFO: Run Behavior\ReadHtmlCacheBehavior [ RunTime:0.001000s ]
INFO: Run Behavior\FlChkLangBehavior [ RunTime:0.002000s ]
INFO: [ app_begin ] --END-- [ RunTime:0.003000s ]
NOTIC: [2048] Declaration of Auth\Controller\AuthbaseController::display() should be compatible with Think\Controller::display($templateFile = '', $charset = '', $contentType = '', $content = '', $prefix = '') F:\xampp\htdocs\DreamCMS\Admin\Auth\Controller\AuthbaseController.class.php 第 8 行.
NOTIC: [2048] Declaration of Common\Controller\AdminpluginController::display() should be compatible with Auth\Controller\AuthbaseController::display($view = '') F:\xampp\htdocs\DreamCMS\Plugin\Common\Controller\AdminpluginController.class.php 第 8 行.
NOTIC: [8] Use of undefined constant TMPL_PATH - assumed 'TMPL_PATH' F:\xampp\htdocs\DreamCMS\Admin\Common\Controller\AdminbaseController.class.php 第 14 行.
SQL: SHOW COLUMNS FROM `ur7_language` [ RunTime:0.0050s ]
SQL: SHOW COLUMNS FROM `ur7_admin_auth_group` [ RunTime:0.0040s ]
SQL: SELECT * FROM `ur7_admin_auth_group` ORDER BY sort  [ RunTime:0.0000s ]
SQL: SHOW COLUMNS FROM `ur7_admin_auth_action` [ RunTime:0.0060s ]
SQL: SELECT * FROM `ur7_admin_auth_action` WHERE `group` = 'Collection' AND `controller` = 'Admin' AND `action` = 'getfields' LIMIT 1   [ RunTime:0.0010s ]
SQL: SHOW COLUMNS FROM `ur7_model_field` [ RunTime:0.0050s ]
SQL: SELECT * FROM `ur7_model_field` WHERE `mid` = 31  [ RunTime:0.0010s ]
INFO: [ app_end ] --START--
INFO: Run Behavior\ShowPageTraceBehavior [ RunTime:0.001000s ]
INFO: [ app_end ] --END-- [ RunTime:0.001000s ]

[ 2015-02-27T20:57:38+08:00 ] 127.0.0.1 /DreamCMS/plugin.php/Collection/Admin/add.html
INFO: [ app_init ] --START--
INFO: Run Behavior\BuildLiteBehavior [ RunTime:0.000000s ]
INFO: [ app_init ] --END-- [ RunTime:0.001000s ]
INFO: [ app_begin ] --START--
INFO: Run Behavior\ReadHtmlCacheBehavior [ RunTime:0.001000s ]
INFO: Run Behavior\FlChkLangBehavior [ RunTime:0.001000s ]
INFO: [ app_begin ] --END-- [ RunTime:0.002000s ]
NOTIC: [2048] Declaration of Auth\Controller\AuthbaseController::display() should be compatible with Think\Controller::display($templateFile = '', $charset = '', $contentType = '', $content = '', $prefix = '') F:\xampp\htdocs\DreamCMS\Admin\Auth\Controller\AuthbaseController.class.php 第 8 行.
NOTIC: [2048] Declaration of Common\Controller\AdminpluginController::display() should be compatible with Auth\Controller\AuthbaseController::display($view = '') F:\xampp\htdocs\DreamCMS\Plugin\Common\Controller\AdminpluginController.class.php 第 8 行.
NOTIC: [8] Use of undefined constant TMPL_PATH - assumed 'TMPL_PATH' F:\xampp\htdocs\DreamCMS\Admin\Common\Controller\AdminbaseController.class.php 第 14 行.
SQL: SHOW COLUMNS FROM `ur7_language` [ RunTime:0.0720s ]
SQL: SHOW COLUMNS FROM `ur7_admin_auth_group` [ RunTime:0.0060s ]
SQL: SELECT * FROM `ur7_admin_auth_group` ORDER BY sort  [ RunTime:0.0010s ]
SQL: SHOW COLUMNS FROM `ur7_admin_auth_action` [ RunTime:0.0050s ]
SQL: SHOW COLUMNS FROM `ur7_model` [ RunTime:0.0030s ]
SQL: SELECT * FROM `ur7_model`  [ RunTime:0.0000s ]
INFO: [ view_filter ] --START--
INFO: Run Behavior\WriteHtmlCacheBehavior [ RunTime:0.001000s ]
INFO: [ view_filter ] --END-- [ RunTime:0.001000s ]
INFO: [ app_end ] --START--
INFO: Run Behavior\ShowPageTraceBehavior [ RunTime:0.001000s ]
INFO: [ app_end ] --END-- [ RunTime:0.002000s ]

[ 2015-02-27T20:57:40+08:00 ] 127.0.0.1 /DreamCMS/Plugin.php/Collection/Admin/getfields.html
INFO: [ app_init ] --START--
INFO: Run Behavior\BuildLiteBehavior [ RunTime:0.000000s ]
INFO: [ app_init ] --END-- [ RunTime:0.000000s ]
INFO: [ app_begin ] --START--
INFO: Run Behavior\ReadHtmlCacheBehavior [ RunTime:0.002000s ]
INFO: Run Behavior\FlChkLangBehavior [ RunTime:0.003000s ]
INFO: [ app_begin ] --END-- [ RunTime:0.005000s ]
NOTIC: [2048] Declaration of Auth\Controller\AuthbaseController::display() should be compatible with Think\Controller::display($templateFile = '', $charset = '', $contentType = '', $content = '', $prefix = '') F:\xampp\htdocs\DreamCMS\Admin\Auth\Controller\AuthbaseController.class.php 第 8 行.
NOTIC: [2048] Declaration of Common\Controller\AdminpluginController::display() should be compatible with Auth\Controller\AuthbaseController::display($view = '') F:\xampp\htdocs\DreamCMS\Plugin\Common\Controller\AdminpluginController.class.php 第 8 行.
NOTIC: [8] Use of undefined constant TMPL_PATH - assumed 'TMPL_PATH' F:\xampp\htdocs\DreamCMS\Admin\Common\Controller\AdminbaseController.class.php 第 14 行.
SQL: SHOW COLUMNS FROM `ur7_language` [ RunTime:0.0030s ]
SQL: SHOW COLUMNS FROM `ur7_admin_auth_group` [ RunTime:0.0060s ]
SQL: SELECT * FROM `ur7_admin_auth_group` ORDER BY sort  [ RunTime:0.0000s ]
SQL: SHOW COLUMNS FROM `ur7_admin_auth_action` [ RunTime:0.0050s ]
SQL: SELECT * FROM `ur7_admin_auth_action` WHERE `group` = 'Collection' AND `controller` = 'Admin' AND `action` = 'getfields' LIMIT 1   [ RunTime:0.0010s ]
SQL: SHOW COLUMNS FROM `ur7_model_field` [ RunTime:0.0070s ]
SQL: SELECT * FROM `ur7_model_field` WHERE `mid` = 31  [ RunTime:0.0000s ]
INFO: [ app_end ] --START--
INFO: Run Behavior\ShowPageTraceBehavior [ RunTime:0.002000s ]
INFO: [ app_end ] --END-- [ RunTime:0.002000s ]

[ 2015-02-27T20:58:54+08:00 ] 127.0.0.1 /DreamCMS/plugin.php/Collection/Admin/add.html
INFO: [ app_init ] --START--
INFO: Run Behavior\BuildLiteBehavior [ RunTime:0.000000s ]
INFO: [ app_init ] --END-- [ RunTime:0.001000s ]
INFO: [ app_begin ] --START--
INFO: Run Behavior\ReadHtmlCacheBehavior [ RunTime:0.001000s ]
INFO: Run Behavior\FlChkLangBehavior [ RunTime:0.002000s ]
INFO: [ app_begin ] --END-- [ RunTime:0.003000s ]
NOTIC: [2048] Declaration of Auth\Controller\AuthbaseController::display() should be compatible with Think\Controller::display($templateFile = '', $charset = '', $contentType = '', $content = '', $prefix = '') F:\xampp\htdocs\DreamCMS\Admin\Auth\Controller\AuthbaseController.class.php 第 8 行.
NOTIC: [2048] Declaration of Common\Controller\AdminpluginController::display() should be compatible with Auth\Controller\AuthbaseController::display($view = '') F:\xampp\htdocs\DreamCMS\Plugin\Common\Controller\AdminpluginController.class.php 第 8 行.
NOTIC: [8] Use of undefined constant TMPL_PATH - assumed 'TMPL_PATH' F:\xampp\htdocs\DreamCMS\Admin\Common\Controller\AdminbaseController.class.php 第 14 行.
SQL: SHOW COLUMNS FROM `ur7_language` [ RunTime:0.0040s ]
SQL: SHOW COLUMNS FROM `ur7_admin_auth_group` [ RunTime:0.0060s ]
SQL: SELECT * FROM `ur7_admin_auth_group` ORDER BY sort  [ RunTime:0.0000s ]
SQL: SHOW COLUMNS FROM `ur7_admin_auth_action` [ RunTime:0.0040s ]
SQL: SHOW COLUMNS FROM `ur7_model` [ RunTime:0.0040s ]
SQL: SELECT * FROM `ur7_model`  [ RunTime:0.0000s ]
INFO: [ view_filter ] --START--
INFO: Run Behavior\WriteHtmlCacheBehavior [ RunTime:0.001000s ]
INFO: [ view_filter ] --END-- [ RunTime:0.001000s ]
INFO: [ app_end ] --START--
INFO: Run Behavior\ShowPageTraceBehavior [ RunTime:0.001000s ]
INFO: [ app_end ] --END-- [ RunTime:0.001000s ]

[ 2015-02-27T20:59:08+08:00 ] 127.0.0.1 /DreamCMS/plugin.php/Collection/Admin/add.html
INFO: [ app_init ] --START--
INFO: Run Behavior\BuildLiteBehavior [ RunTime:0.000000s ]
INFO: [ app_init ] --END-- [ RunTime:0.001000s ]
INFO: [ app_begin ] --START--
INFO: Run Behavior\ReadHtmlCacheBehavior [ RunTime:0.001000s ]
INFO: Run Behavior\FlChkLangBehavior [ RunTime:0.001000s ]
INFO: [ app_begin ] --END-- [ RunTime:0.002000s ]
NOTIC: [2048] Declaration of Auth\Controller\AuthbaseController::display() should be compatible with Think\Controller::display($templateFile = '', $charset = '', $contentType = '', $content = '', $prefix = '') F:\xampp\htdocs\DreamCMS\Admin\Auth\Controller\AuthbaseController.class.php 第 8 行.
NOTIC: [2048] Declaration of Common\Controller\AdminpluginController::display() should be compatible with Auth\Controller\AuthbaseController::display($view = '') F:\xampp\htdocs\DreamCMS\Plugin\Common\Controller\AdminpluginController.class.php 第 8 行.
NOTIC: [8] Use of undefined constant TMPL_PATH - assumed 'TMPL_PATH' F:\xampp\htdocs\DreamCMS\Admin\Common\Controller\AdminbaseController.class.php 第 14 行.
SQL: SHOW COLUMNS FROM `ur7_language` [ RunTime:0.0060s ]
SQL: SHOW COLUMNS FROM `ur7_admin_auth_group` [ RunTime:0.0060s ]
SQL: SELECT * FROM `ur7_admin_auth_group` ORDER BY sort  [ RunTime:0.0000s ]
SQL: SHOW COLUMNS FROM `ur7_admin_auth_action` [ RunTime:0.0040s ]
SQL: SHOW COLUMNS FROM `ur7_model` [ RunTime:0.0040s ]
SQL: SELECT * FROM `ur7_model`  [ RunTime:0.0000s ]
INFO: [ view_filter ] --START--
INFO: Run Behavior\WriteHtmlCacheBehavior [ RunTime:0.001000s ]
INFO: [ view_filter ] --END-- [ RunTime:0.001000s ]
INFO: [ app_end ] --START--
INFO: Run Behavior\ShowPageTraceBehavior [ RunTime:0.001000s ]
INFO: [ app_end ] --END-- [ RunTime:0.001000s ]

[ 2015-02-27T20:59:16+08:00 ] 127.0.0.1 /DreamCMS/Plugin.php/Collection/Admin/getfields.html
INFO: [ app_init ] --START--
INFO: Run Behavior\BuildLiteBehavior [ RunTime:0.000000s ]
INFO: [ app_init ] --END-- [ RunTime:0.000000s ]
INFO: [ app_begin ] --START--
INFO: Run Behavior\ReadHtmlCacheBehavior [ RunTime:0.000000s ]
INFO: Run Behavior\FlChkLangBehavior [ RunTime:0.001000s ]
INFO: [ app_begin ] --END-- [ RunTime:0.001000s ]
NOTIC: [2048] Declaration of Auth\Controller\AuthbaseController::display() should be compatible with Think\Controller::display($templateFile = '', $charset = '', $contentType = '', $content = '', $prefix = '') F:\xampp\htdocs\DreamCMS\Admin\Auth\Controller\AuthbaseController.class.php 第 8 行.
NOTIC: [2048] Declaration of Common\Controller\AdminpluginController::display() should be compatible with Auth\Controller\AuthbaseController::display($view = '') F:\xampp\htdocs\DreamCMS\Plugin\Common\Controller\AdminpluginController.class.php 第 8 行.
NOTIC: [8] Use of undefined constant TMPL_PATH - assumed 'TMPL_PATH' F:\xampp\htdocs\DreamCMS\Admin\Common\Controller\AdminbaseController.class.php 第 14 行.
SQL: SHOW COLUMNS FROM `ur7_language` [ RunTime:0.0030s ]
SQL: SHOW COLUMNS FROM `ur7_admin_auth_group` [ RunTime:0.0040s ]
SQL: SELECT * FROM `ur7_admin_auth_group` ORDER BY sort  [ RunTime:0.0010s ]
SQL: SHOW COLUMNS FROM `ur7_admin_auth_action` [ RunTime:0.0060s ]
SQL: SELECT * FROM `ur7_admin_auth_action` WHERE `group` = 'Collection' AND `controller` = 'Admin' AND `action` = 'getfields' LIMIT 1   [ RunTime:0.0010s ]
SQL: SHOW COLUMNS FROM `ur7_model_field` [ RunTime:0.0050s ]
SQL: SELECT * FROM `ur7_model_field` WHERE `mid` = 31  [ RunTime:0.0010s ]
INFO: [ app_end ] --START--
INFO: Run Behavior\ShowPageTraceBehavior [ RunTime:0.002000s ]
INFO: [ app_end ] --END-- [ RunTime:0.002000s ]

[ 2015-02-27T20:59:41+08:00 ] 127.0.0.1 /DreamCMS/plugin.php/Collection/Admin/add.html
INFO: [ app_init ] --START--
INFO: Run Behavior\BuildLiteBehavior [ RunTime:0.000000s ]
INFO: [ app_init ] --END-- [ RunTime:0.000000s ]
INFO: [ app_begin ] --START--
INFO: Run Behavior\ReadHtmlCacheBehavior [ RunTime:0.002000s ]
INFO: Run Behavior\FlChkLangBehavior [ RunTime:0.001000s ]
INFO: [ app_begin ] --END-- [ RunTime:0.003000s ]
NOTIC: [2048] Declaration of Auth\Controller\AuthbaseController::display() should be compatible with Think\Controller::display($templateFile = '', $charset = '', $contentType = '', $content = '', $prefix = '') F:\xampp\htdocs\DreamCMS\Admin\Auth\Controller\AuthbaseController.class.php 第 8 行.
NOTIC: [2048] Declaration of Common\Controller\AdminpluginController::display() should be compatible with Auth\Controller\AuthbaseController::display($view = '') F:\xampp\htdocs\DreamCMS\Plugin\Common\Controller\AdminpluginController.class.php 第 8 行.
NOTIC: [8] Use of undefined constant TMPL_PATH - assumed 'TMPL_PATH' F:\xampp\htdocs\DreamCMS\Admin\Common\Controller\AdminbaseController.class.php 第 14 行.
SQL: SHOW COLUMNS FROM `ur7_language` [ RunTime:0.0040s ]
SQL: SHOW COLUMNS FROM `ur7_admin_auth_group` [ RunTime:0.0040s ]
SQL: SELECT * FROM `ur7_admin_auth_group` ORDER BY sort  [ RunTime:0.0000s ]
SQL: SHOW COLUMNS FROM `ur7_admin_auth_action` [ RunTime:0.0040s ]
SQL: SHOW COLUMNS FROM `ur7_model` [ RunTime:0.0030s ]
SQL: SELECT * FROM `ur7_model`  [ RunTime:0.0010s ]
INFO: [ view_filter ] --START--
INFO: Run Behavior\WriteHtmlCacheBehavior [ RunTime:0.000000s ]
INFO: [ view_filter ] --END-- [ RunTime:0.000000s ]
INFO: [ app_end ] --START--
INFO: Run Behavior\ShowPageTraceBehavior [ RunTime:0.001000s ]
INFO: [ app_end ] --END-- [ RunTime:0.002000s ]

[ 2015-02-27T20:59:43+08:00 ] 127.0.0.1 /DreamCMS/Plugin.php/Collection/Admin/getfields.html
INFO: [ app_init ] --START--
INFO: Run Behavior\BuildLiteBehavior [ RunTime:0.000000s ]
INFO: [ app_init ] --END-- [ RunTime:0.001000s ]
INFO: [ app_begin ] --START--
INFO: Run Behavior\ReadHtmlCacheBehavior [ RunTime:0.001000s ]
INFO: Run Behavior\FlChkLangBehavior [ RunTime:0.002001s ]
INFO: [ app_begin ] --END-- [ RunTime:0.003001s ]
NOTIC: [2048] Declaration of Auth\Controller\AuthbaseController::display() should be compatible with Think\Controller::display($templateFile = '', $charset = '', $contentType = '', $content = '', $prefix = '') F:\xampp\htdocs\DreamCMS\Admin\Auth\Controller\AuthbaseController.class.php 第 8 行.
NOTIC: [2048] Declaration of Common\Controller\AdminpluginController::display() should be compatible with Auth\Controller\AuthbaseController::display($view = '') F:\xampp\htdocs\DreamCMS\Plugin\Common\Controller\AdminpluginController.class.php 第 8 行.
NOTIC: [8] Use of undefined constant TMPL_PATH - assumed 'TMPL_PATH' F:\xampp\htdocs\DreamCMS\Admin\Common\Controller\AdminbaseController.class.php 第 14 行.
SQL: SHOW COLUMNS FROM `ur7_language` [ RunTime:0.0050s ]
SQL: SHOW COLUMNS FROM `ur7_admin_auth_group` [ RunTime:0.0040s ]
SQL: SELECT * FROM `ur7_admin_auth_group` ORDER BY sort  [ RunTime:0.0010s ]
SQL: SHOW COLUMNS FROM `ur7_admin_auth_action` [ RunTime:0.0040s ]
SQL: SELECT * FROM `ur7_admin_auth_action` WHERE `group` = 'Collection' AND `controller` = 'Admin' AND `action` = 'getfields' LIMIT 1   [ RunTime:0.0010s ]
SQL: SHOW COLUMNS FROM `ur7_model_field` [ RunTime:0.0040s ]
SQL: SELECT * FROM `ur7_model_field` WHERE `mid` = 31  [ RunTime:0.0010s ]
INFO: [ app_end ] --START--
INFO: Run Behavior\ShowPageTraceBehavior [ RunTime:0.001000s ]
INFO: [ app_end ] --END-- [ RunTime:0.001000s ]

[ 2015-02-27T21:07:18+08:00 ] 127.0.0.1 /DreamCMS/plugin.php/Collection/Admin/add.html
INFO: [ app_init ] --START--
INFO: Run Behavior\BuildLiteBehavior [ RunTime:0.000000s ]
INFO: [ app_init ] --END-- [ RunTime:0.001000s ]
INFO: [ app_begin ] --START--
INFO: Run Behavior\ReadHtmlCacheBehavior [ RunTime:0.001000s ]
INFO: Run Behavior\FlChkLangBehavior [ RunTime:0.001000s ]
INFO: [ app_begin ] --END-- [ RunTime:0.003000s ]
NOTIC: [2048] Declaration of Auth\Controller\AuthbaseController::display() should be compatible with Think\Controller::display($templateFile = '', $charset = '', $contentType = '', $content = '', $prefix = '') F:\xampp\htdocs\DreamCMS\Admin\Auth\Controller\AuthbaseController.class.php 第 8 行.
NOTIC: [2048] Declaration of Common\Controller\AdminpluginController::display() should be compatible with Auth\Controller\AuthbaseController::display($view = '') F:\xampp\htdocs\DreamCMS\Plugin\Common\Controller\AdminpluginController.class.php 第 8 行.
NOTIC: [8] Use of undefined constant TMPL_PATH - assumed 'TMPL_PATH' F:\xampp\htdocs\DreamCMS\Admin\Common\Controller\AdminbaseController.class.php 第 14 行.
SQL: SHOW COLUMNS FROM `ur7_language` [ RunTime:0.0040s ]
SQL: SHOW COLUMNS FROM `ur7_admin_auth_group` [ RunTime:0.0040s ]
SQL: SELECT * FROM `ur7_admin_auth_group` ORDER BY sort  [ RunTime:0.0010s ]
SQL: SHOW COLUMNS FROM `ur7_admin_auth_action` [ RunTime:0.0950s ]
SQL: SHOW COLUMNS FROM `ur7_model` [ RunTime:0.0030s ]
SQL: SELECT * FROM `ur7_model`  [ RunTime:0.0000s ]
INFO: [ view_filter ] --START--
INFO: Run Behavior\WriteHtmlCacheBehavior [ RunTime:0.001000s ]
INFO: [ view_filter ] --END-- [ RunTime:0.001000s ]
INFO: [ app_end ] --START--
INFO: Run Behavior\ShowPageTraceBehavior [ RunTime:0.002000s ]
INFO: [ app_end ] --END-- [ RunTime:0.002000s ]

[ 2015-02-27T21:07:21+08:00 ] 127.0.0.1 /DreamCMS/Plugin.php/Collection/Admin/getfields.html
INFO: [ app_init ] --START--
INFO: Run Behavior\BuildLiteBehavior [ RunTime:0.000000s ]
INFO: [ app_init ] --END-- [ RunTime:0.001000s ]
INFO: [ app_begin ] --START--
INFO: Run Behavior\ReadHtmlCacheBehavior [ RunTime:0.001000s ]
INFO: Run Behavior\FlChkLangBehavior [ RunTime:0.001001s ]
INFO: [ app_begin ] --END-- [ RunTime:0.002001s ]
NOTIC: [2048] Declaration of Auth\Controller\AuthbaseController::display() should be compatible with Think\Controller::display($templateFile = '', $charset = '', $contentType = '', $content = '', $prefix = '') F:\xampp\htdocs\DreamCMS\Admin\Auth\Controller\AuthbaseController.class.php 第 8 行.
NOTIC: [2048] Declaration of Common\Controller\AdminpluginController::display() should be compatible with Auth\Controller\AuthbaseController::display($view = '') F:\xampp\htdocs\DreamCMS\Plugin\Common\Controller\AdminpluginController.class.php 第 8 行.
NOTIC: [8] Use of undefined constant TMPL_PATH - assumed 'TMPL_PATH' F:\xampp\htdocs\DreamCMS\Admin\Common\Controller\AdminbaseController.class.php 第 14 行.
SQL: SHOW COLUMNS FROM `ur7_language` [ RunTime:0.0040s ]
SQL: SHOW COLUMNS FROM `ur7_admin_auth_group` [ RunTime:0.0040s ]
SQL: SELECT * FROM `ur7_admin_auth_group` ORDER BY sort  [ RunTime:0.0010s ]
SQL: SHOW COLUMNS FROM `ur7_admin_auth_action` [ RunTime:0.0070s ]
SQL: SELECT * FROM `ur7_admin_auth_action` WHERE `group` = 'Collection' AND `controller` = 'Admin' AND `action` = 'getfields' LIMIT 1   [ RunTime:0.0010s ]
SQL: SHOW COLUMNS FROM `ur7_model_field` [ RunTime:0.0030s ]
SQL: SELECT * FROM `ur7_model_field` WHERE `mid` = 31  [ RunTime:0.0000s ]
INFO: [ app_end ] --START--
INFO: Run Behavior\ShowPageTraceBehavior [ RunTime:0.002000s ]
INFO: [ app_end ] --END-- [ RunTime:0.002000s ]

[ 2015-02-27T21:07:33+08:00 ] 127.0.0.1 /DreamCMS/plugin.php/Collection/Admin/add.html
INFO: [ app_init ] --START--
INFO: Run Behavior\BuildLiteBehavior [ RunTime:0.000000s ]
INFO: [ app_init ] --END-- [ RunTime:0.002000s ]
INFO: [ app_begin ] --START--
INFO: Run Behavior\ReadHtmlCacheBehavior [ RunTime:0.001001s ]
INFO: Run Behavior\FlChkLangBehavior [ RunTime:0.003000s ]
INFO: [ app_begin ] --END-- [ RunTime:0.004001s ]
NOTIC: [2048] Declaration of Auth\Controller\AuthbaseController::display() should be compatible with Think\Controller::display($templateFile = '', $charset = '', $contentType = '', $content = '', $prefix = '') F:\xampp\htdocs\DreamCMS\Admin\Auth\Controller\AuthbaseController.class.php 第 8 行.
NOTIC: [2048] Declaration of Common\Controller\AdminpluginController::display() should be compatible with Auth\Controller\AuthbaseController::display($view = '') F:\xampp\htdocs\DreamCMS\Plugin\Common\Controller\AdminpluginController.class.php 第 8 行.
NOTIC: [8] Use of undefined constant TMPL_PATH - assumed 'TMPL_PATH' F:\xampp\htdocs\DreamCMS\Admin\Common\Controller\AdminbaseController.class.php 第 14 行.
SQL: SHOW COLUMNS FROM `ur7_language` [ RunTime:0.0050s ]
SQL: SHOW COLUMNS FROM `ur7_admin_auth_group` [ RunTime:0.0050s ]
SQL: SELECT * FROM `ur7_admin_auth_group` ORDER BY sort  [ RunTime:0.0010s ]
SQL: SHOW COLUMNS FROM `ur7_admin_auth_action` [ RunTime:0.0040s ]
SQL: SHOW COLUMNS FROM `ur7_model` [ RunTime:0.0050s ]
SQL: SELECT * FROM `ur7_model`  [ RunTime:0.0010s ]
INFO: [ view_filter ] --START--
INFO: Run Behavior\WriteHtmlCacheBehavior [ RunTime:0.001001s ]
INFO: [ view_filter ] --END-- [ RunTime:0.001001s ]
INFO: [ app_end ] --START--
INFO: Run Behavior\ShowPageTraceBehavior [ RunTime:0.001000s ]
INFO: [ app_end ] --END-- [ RunTime:0.002000s ]

[ 2015-02-27T21:07:35+08:00 ] 127.0.0.1 /DreamCMS/Plugin.php/Collection/Admin/getfields.html
INFO: [ app_init ] --START--
INFO: Run Behavior\BuildLiteBehavior [ RunTime:0.000000s ]
INFO: [ app_init ] --END-- [ RunTime:0.001000s ]
INFO: [ app_begin ] --START--
INFO: Run Behavior\ReadHtmlCacheBehavior [ RunTime:0.001000s ]
INFO: Run Behavior\FlChkLangBehavior [ RunTime:0.001000s ]
INFO: [ app_begin ] --END-- [ RunTime:0.002000s ]
NOTIC: [2048] Declaration of Auth\Controller\AuthbaseController::display() should be compatible with Think\Controller::display($templateFile = '', $charset = '', $contentType = '', $content = '', $prefix = '') F:\xampp\htdocs\DreamCMS\Admin\Auth\Controller\AuthbaseController.class.php 第 8 行.
NOTIC: [2048] Declaration of Common\Controller\AdminpluginController::display() should be compatible with Auth\Controller\AuthbaseController::display($view = '') F:\xampp\htdocs\DreamCMS\Plugin\Common\Controller\AdminpluginController.class.php 第 8 行.
NOTIC: [8] Use of undefined constant TMPL_PATH - assumed 'TMPL_PATH' F:\xampp\htdocs\DreamCMS\Admin\Common\Controller\AdminbaseController.class.php 第 14 行.
SQL: SHOW COLUMNS FROM `ur7_language` [ RunTime:0.0040s ]
SQL: SHOW COLUMNS FROM `ur7_admin_auth_group` [ RunTime:0.0040s ]
SQL: SELECT * FROM `ur7_admin_auth_group` ORDER BY sort  [ RunTime:0.0010s ]
SQL: SHOW COLUMNS FROM `ur7_admin_auth_action` [ RunTime:0.0040s ]
SQL: SELECT * FROM `ur7_admin_auth_action` WHERE `group` = 'Collection' AND `controller` = 'Admin' AND `action` = 'getfields' LIMIT 1   [ RunTime:0.0020s ]
SQL: SHOW COLUMNS FROM `ur7_model_field` [ RunTime:0.0040s ]
SQL: SELECT * FROM `ur7_model_field` WHERE `mid` = 31  [ RunTime:0.0000s ]
INFO: [ app_end ] --START--
INFO: Run Behavior\ShowPageTraceBehavior [ RunTime:0.001000s ]
INFO: [ app_end ] --END-- [ RunTime:0.001000s ]

[ 2015-02-27T21:14:56+08:00 ] 127.0.0.1 /DreamCMS/plugin.php/Collection/Admin/add.html
INFO: [ app_init ] --START--
INFO: Run Behavior\BuildLiteBehavior [ RunTime:0.000000s ]
INFO: [ app_init ] --END-- [ RunTime:0.001000s ]
INFO: [ app_begin ] --START--
INFO: Run Behavior\ReadHtmlCacheBehavior [ RunTime:0.001000s ]
INFO: Run Behavior\FlChkLangBehavior [ RunTime:0.001001s ]
INFO: [ app_begin ] --END-- [ RunTime:0.002001s ]
NOTIC: [2048] Declaration of Auth\Controller\AuthbaseController::display() should be compatible with Think\Controller::display($templateFile = '', $charset = '', $contentType = '', $content = '', $prefix = '') F:\xampp\htdocs\DreamCMS\Admin\Auth\Controller\AuthbaseController.class.php 第 8 行.
NOTIC: [2048] Declaration of Common\Controller\AdminpluginController::display() should be compatible with Auth\Controller\AuthbaseController::display($view = '') F:\xampp\htdocs\DreamCMS\Plugin\Common\Controller\AdminpluginController.class.php 第 8 行.
NOTIC: [8] Use of undefined constant TMPL_PATH - assumed 'TMPL_PATH' F:\xampp\htdocs\DreamCMS\Admin\Common\Controller\AdminbaseController.class.php 第 14 行.
SQL: SHOW COLUMNS FROM `ur7_language` [ RunTime:0.0030s ]
SQL: SHOW COLUMNS FROM `ur7_admin_auth_group` [ RunTime:0.0040s ]
SQL: SELECT * FROM `ur7_admin_auth_group` ORDER BY sort  [ RunTime:0.0000s ]
SQL: SHOW COLUMNS FROM `ur7_admin_auth_action` [ RunTime:0.0040s ]
SQL: SHOW COLUMNS FROM `ur7_model` [ RunTime:0.0040s ]
SQL: SELECT * FROM `ur7_model`  [ RunTime:0.0000s ]
INFO: [ view_filter ] --START--
INFO: Run Behavior\WriteHtmlCacheBehavior [ RunTime:0.001000s ]
INFO: [ view_filter ] --END-- [ RunTime:0.001000s ]
INFO: [ app_end ] --START--
INFO: Run Behavior\ShowPageTraceBehavior [ RunTime:0.001000s ]
INFO: [ app_end ] --END-- [ RunTime:0.001000s ]

[ 2015-02-27T21:14:58+08:00 ] 127.0.0.1 /DreamCMS/Plugin.php/Collection/Admin/getfields.html
INFO: [ app_init ] --START--
INFO: Run Behavior\BuildLiteBehavior [ RunTime:0.000000s ]
INFO: [ app_init ] --END-- [ RunTime:0.001000s ]
INFO: [ app_begin ] --START--
INFO: Run Behavior\ReadHtmlCacheBehavior [ RunTime:0.001000s ]
INFO: Run Behavior\FlChkLangBehavior [ RunTime:0.002000s ]
INFO: [ app_begin ] --END-- [ RunTime:0.003000s ]
NOTIC: [2048] Declaration of Auth\Controller\AuthbaseController::display() should be compatible with Think\Controller::display($templateFile = '', $charset = '', $contentType = '', $content = '', $prefix = '') F:\xampp\htdocs\DreamCMS\Admin\Auth\Controller\AuthbaseController.class.php 第 8 行.
NOTIC: [2048] Declaration of Common\Controller\AdminpluginController::display() should be compatible with Auth\Controller\AuthbaseController::display($view = '') F:\xampp\htdocs\DreamCMS\Plugin\Common\Controller\AdminpluginController.class.php 第 8 行.
NOTIC: [8] Use of undefined constant TMPL_PATH - assumed 'TMPL_PATH' F:\xampp\htdocs\DreamCMS\Admin\Common\Controller\AdminbaseController.class.php 第 14 行.
SQL: SHOW COLUMNS FROM `ur7_language` [ RunTime:0.0030s ]
SQL: SHOW COLUMNS FROM `ur7_admin_auth_group` [ RunTime:0.0040s ]
SQL: SELECT * FROM `ur7_admin_auth_group` ORDER BY sort  [ RunTime:0.0000s ]
SQL: SHOW COLUMNS FROM `ur7_admin_auth_action` [ RunTime:0.0040s ]
SQL: SELECT * FROM `ur7_admin_auth_action` WHERE `group` = 'Collection' AND `controller` = 'Admin' AND `action` = 'getfields' LIMIT 1   [ RunTime:0.0000s ]
SQL: SHOW COLUMNS FROM `ur7_model_field` [ RunTime:0.0040s ]
SQL: SELECT * FROM `ur7_model_field` WHERE `mid` = 31  [ RunTime:0.0000s ]
INFO: [ app_end ] --START--
INFO: Run Behavior\ShowPageTraceBehavior [ RunTime:0.001001s ]
INFO: [ app_end ] --END-- [ RunTime:0.001001s ]

[ 2015-02-27T21:15:24+08:00 ] 127.0.0.1 /DreamCMS/plugin.php/Collection/Admin/add.html
INFO: [ app_init ] --START--
INFO: Run Behavior\BuildLiteBehavior [ RunTime:0.000000s ]
INFO: [ app_init ] --END-- [ RunTime:0.001000s ]
INFO: [ app_begin ] --START--
INFO: Run Behavior\ReadHtmlCacheBehavior [ RunTime:0.000000s ]
INFO: Run Behavior\FlChkLangBehavior [ RunTime:0.001000s ]
INFO: [ app_begin ] --END-- [ RunTime:0.003001s ]
NOTIC: [2048] Declaration of Auth\Controller\AuthbaseController::display() should be compatible with Think\Controller::display($templateFile = '', $charset = '', $contentType = '', $content = '', $prefix = '') F:\xampp\htdocs\DreamCMS\Admin\Auth\Controller\AuthbaseController.class.php 第 8 行.
NOTIC: [2048] Declaration of Common\Controller\AdminpluginController::display() should be compatible with Auth\Controller\AuthbaseController::display($view = '') F:\xampp\htdocs\DreamCMS\Plugin\Common\Controller\AdminpluginController.class.php 第 8 行.
NOTIC: [8] Use of undefined constant TMPL_PATH - assumed 'TMPL_PATH' F:\xampp\htdocs\DreamCMS\Admin\Common\Controller\AdminbaseController.class.php 第 14 行.
SQL: SHOW COLUMNS FROM `ur7_language` [ RunTime:0.0060s ]
SQL: SHOW COLUMNS FROM `ur7_admin_auth_group` [ RunTime:0.0040s ]
SQL: SELECT * FROM `ur7_admin_auth_group` ORDER BY sort  [ RunTime:0.0010s ]
SQL: SHOW COLUMNS FROM `ur7_admin_auth_action` [ RunTime:0.0030s ]
SQL: SHOW COLUMNS FROM `ur7_model` [ RunTime:0.0030s ]
SQL: SELECT * FROM `ur7_model`  [ RunTime:0.0000s ]
INFO: [ view_filter ] --START--
INFO: Run Behavior\WriteHtmlCacheBehavior [ RunTime:0.001000s ]
INFO: [ view_filter ] --END-- [ RunTime:0.001000s ]
INFO: [ app_end ] --START--
INFO: Run Behavior\ShowPageTraceBehavior [ RunTime:0.001000s ]
INFO: [ app_end ] --END-- [ RunTime:0.001000s ]

[ 2015-02-27T21:15:26+08:00 ] 127.0.0.1 /DreamCMS/Plugin.php/Collection/Admin/getfields.html
INFO: [ app_init ] --START--
INFO: Run Behavior\BuildLiteBehavior [ RunTime:0.000000s ]
INFO: [ app_init ] --END-- [ RunTime:0.001000s ]
INFO: [ app_begin ] --START--
INFO: Run Behavior\ReadHtmlCacheBehavior [ RunTime:0.001000s ]
INFO: Run Behavior\FlChkLangBehavior [ RunTime:0.001000s ]
INFO: [ app_begin ] --END-- [ RunTime:0.002000s ]
NOTIC: [2048] Declaration of Auth\Controller\AuthbaseController::display() should be compatible with Think\Controller::display($templateFile = '', $charset = '', $contentType = '', $content = '', $prefix = '') F:\xampp\htdocs\DreamCMS\Admin\Auth\Controller\AuthbaseController.class.php 第 8 行.
NOTIC: [2048] Declaration of Common\Controller\AdminpluginController::display() should be compatible with Auth\Controller\AuthbaseController::display($view = '') F:\xampp\htdocs\DreamCMS\Plugin\Common\Controller\AdminpluginController.class.php 第 8 行.
NOTIC: [8] Use of undefined constant TMPL_PATH - assumed 'TMPL_PATH' F:\xampp\htdocs\DreamCMS\Admin\Common\Controller\AdminbaseController.class.php 第 14 行.
SQL: SHOW COLUMNS FROM `ur7_language` [ RunTime:0.0040s ]
SQL: SHOW COLUMNS FROM `ur7_admin_auth_group` [ RunTime:0.0690s ]
SQL: SELECT * FROM `ur7_admin_auth_group` ORDER BY sort  [ RunTime:0.0000s ]
SQL: SHOW COLUMNS FROM `ur7_admin_auth_action` [ RunTime:0.0040s ]
SQL: SELECT * FROM `ur7_admin_auth_action` WHERE `group` = 'Collection' AND `controller` = 'Admin' AND `action` = 'getfields' LIMIT 1   [ RunTime:0.0450s ]
SQL: SHOW COLUMNS FROM `ur7_model_field` [ RunTime:0.0060s ]
SQL: SELECT * FROM `ur7_model_field` WHERE `mid` = 31  [ RunTime:0.4510s ]
INFO: [ app_end ] --START--
INFO: Run Behavior\ShowPageTraceBehavior [ RunTime:0.001001s ]
INFO: [ app_end ] --END-- [ RunTime:0.002001s ]

[ 2015-02-27T21:17:49+08:00 ] 127.0.0.1 /DreamCMS/plugin.php/Collection/Admin/add.html
INFO: [ app_init ] --START--
INFO: Run Behavior\BuildLiteBehavior [ RunTime:0.000000s ]
INFO: [ app_init ] --END-- [ RunTime:0.001000s ]
INFO: [ app_begin ] --START--
INFO: Run Behavior\ReadHtmlCacheBehavior [ RunTime:0.001000s ]
INFO: Run Behavior\FlChkLangBehavior [ RunTime:0.001000s ]
INFO: [ app_begin ] --END-- [ RunTime:0.002000s ]
NOTIC: [2048] Declaration of Auth\Controller\AuthbaseController::display() should be compatible with Think\Controller::display($templateFile = '', $charset = '', $contentType = '', $content = '', $prefix = '') F:\xampp\htdocs\DreamCMS\Admin\Auth\Controller\AuthbaseController.class.php 第 8 行.
NOTIC: [2048] Declaration of Common\Controller\AdminpluginController::display() should be compatible with Auth\Controller\AuthbaseController::display($view = '') F:\xampp\htdocs\DreamCMS\Plugin\Common\Controller\AdminpluginController.class.php 第 8 行.
NOTIC: [8] Use of undefined constant TMPL_PATH - assumed 'TMPL_PATH' F:\xampp\htdocs\DreamCMS\Admin\Common\Controller\AdminbaseController.class.php 第 14 行.
SQL: SHOW COLUMNS FROM `ur7_language` [ RunTime:0.0040s ]
SQL: SHOW COLUMNS FROM `ur7_admin_auth_group` [ RunTime:0.0920s ]
SQL: SELECT * FROM `ur7_admin_auth_group` ORDER BY sort  [ RunTime:0.0010s ]
SQL: SHOW COLUMNS FROM `ur7_admin_auth_action` [ RunTime:0.0040s ]
SQL: SHOW COLUMNS FROM `ur7_model` [ RunTime:0.0040s ]
SQL: SELECT * FROM `ur7_model`  [ RunTime:0.0000s ]
INFO: [ view_filter ] --START--
INFO: Run Behavior\WriteHtmlCacheBehavior [ RunTime:0.001000s ]
INFO: [ view_filter ] --END-- [ RunTime:0.001000s ]
INFO: [ app_end ] --START--
INFO: Run Behavior\ShowPageTraceBehavior [ RunTime:0.001000s ]
INFO: [ app_end ] --END-- [ RunTime:0.001000s ]

[ 2015-02-27T21:17:51+08:00 ] 127.0.0.1 /DreamCMS/Plugin.php/Collection/Admin/getfields.html
INFO: [ app_init ] --START--
INFO: Run Behavior\BuildLiteBehavior [ RunTime:0.000000s ]
INFO: [ app_init ] --END-- [ RunTime:0.001000s ]
INFO: [ app_begin ] --START--
INFO: Run Behavior\ReadHtmlCacheBehavior [ RunTime:0.002000s ]
INFO: Run Behavior\FlChkLangBehavior [ RunTime:0.001000s ]
INFO: [ app_begin ] --END-- [ RunTime:0.003000s ]
NOTIC: [2048] Declaration of Auth\Controller\AuthbaseController::display() should be compatible with Think\Controller::display($templateFile = '', $charset = '', $contentType = '', $content = '', $prefix = '') F:\xampp\htdocs\DreamCMS\Admin\Auth\Controller\AuthbaseController.class.php 第 8 行.
NOTIC: [2048] Declaration of Common\Controller\AdminpluginController::display() should be compatible with Auth\Controller\AuthbaseController::display($view = '') F:\xampp\htdocs\DreamCMS\Plugin\Common\Controller\AdminpluginController.class.php 第 8 行.
NOTIC: [8] Use of undefined constant TMPL_PATH - assumed 'TMPL_PATH' F:\xampp\htdocs\DreamCMS\Admin\Common\Controller\AdminbaseController.class.php 第 14 行.
SQL: SHOW COLUMNS FROM `ur7_language` [ RunTime:0.0040s ]
SQL: SHOW COLUMNS FROM `ur7_admin_auth_group` [ RunTime:0.0040s ]
SQL: SELECT * FROM `ur7_admin_auth_group` ORDER BY sort  [ RunTime:0.0000s ]
SQL: SHOW COLUMNS FROM `ur7_admin_auth_action` [ RunTime:0.0040s ]
SQL: SELECT * FROM `ur7_admin_auth_action` WHERE `group` = 'Collection' AND `controller` = 'Admin' AND `action` = 'getfields' LIMIT 1   [ RunTime:0.0010s ]
SQL: SHOW COLUMNS FROM `ur7_model_field` [ RunTime:0.0040s ]
SQL: SELECT * FROM `ur7_model_field` WHERE `mid` = 31  [ RunTime:0.0000s ]
INFO: [ app_end ] --START--
INFO: Run Behavior\ShowPageTraceBehavior [ RunTime:0.001000s ]
INFO: [ app_end ] --END-- [ RunTime:0.001000s ]

[ 2015-02-27T21:24:44+08:00 ] 127.0.0.1 /DreamCMS/Plugin.php/Collection/Admin/getfields.html
INFO: [ app_init ] --START--
INFO: Run Behavior\BuildLiteBehavior [ RunTime:0.000000s ]
INFO: [ app_init ] --END-- [ RunTime:0.000000s ]
INFO: [ app_begin ] --START--
INFO: Run Behavior\ReadHtmlCacheBehavior [ RunTime:0.001000s ]
INFO: Run Behavior\FlChkLangBehavior [ RunTime:0.001000s ]
INFO: [ app_begin ] --END-- [ RunTime:0.002000s ]
NOTIC: [2048] Declaration of Auth\Controller\AuthbaseController::display() should be compatible with Think\Controller::display($templateFile = '', $charset = '', $contentType = '', $content = '', $prefix = '') F:\xampp\htdocs\DreamCMS\Admin\Auth\Controller\AuthbaseController.class.php 第 8 行.
NOTIC: [2048] Declaration of Common\Controller\AdminpluginController::display() should be compatible with Auth\Controller\AuthbaseController::display($view = '') F:\xampp\htdocs\DreamCMS\Plugin\Common\Controller\AdminpluginController.class.php 第 8 行.
NOTIC: [8] Use of undefined constant TMPL_PATH - assumed 'TMPL_PATH' F:\xampp\htdocs\DreamCMS\Admin\Common\Controller\AdminbaseController.class.php 第 14 行.
SQL: SHOW COLUMNS FROM `ur7_language` [ RunTime:0.0040s ]
SQL: SHOW COLUMNS FROM `ur7_admin_auth_group` [ RunTime:0.0040s ]
SQL: SELECT * FROM `ur7_admin_auth_group` ORDER BY sort  [ RunTime:0.0010s ]
SQL: SHOW COLUMNS FROM `ur7_admin_auth_action` [ RunTime:0.0030s ]
SQL: SELECT * FROM `ur7_admin_auth_action` WHERE `group` = 'Collection' AND `controller` = 'Admin' AND `action` = 'getfields' LIMIT 1   [ RunTime:0.0010s ]
SQL: SHOW COLUMNS FROM `ur7_model_field` [ RunTime:0.0040s ]
SQL: SELECT * FROM `ur7_model_field` WHERE `mid` = 31  [ RunTime:0.0000s ]
INFO: [ app_end ] --START--
INFO: Run Behavior\ShowPageTraceBehavior [ RunTime:0.001000s ]
INFO: [ app_end ] --END-- [ RunTime:0.001000s ]

[ 2015-02-27T21:24:47+08:00 ] 127.0.0.1 /DreamCMS/plugin.php/Collection/Admin/add.html
INFO: [ app_init ] --START--
INFO: Run Behavior\BuildLiteBehavior [ RunTime:0.001000s ]
INFO: [ app_init ] --END-- [ RunTime:0.001000s ]
INFO: [ app_begin ] --START--
INFO: Run Behavior\ReadHtmlCacheBehavior [ RunTime:0.001000s ]
INFO: Run Behavior\FlChkLangBehavior [ RunTime:0.001000s ]
INFO: [ app_begin ] --END-- [ RunTime:0.002000s ]
NOTIC: [2048] Declaration of Auth\Controller\AuthbaseController::display() should be compatible with Think\Controller::display($templateFile = '', $charset = '', $contentType = '', $content = '', $prefix = '') F:\xampp\htdocs\DreamCMS\Admin\Auth\Controller\AuthbaseController.class.php 第 8 行.
NOTIC: [2048] Declaration of Common\Controller\AdminpluginController::display() should be compatible with Auth\Controller\AuthbaseController::display($view = '') F:\xampp\htdocs\DreamCMS\Plugin\Common\Controller\AdminpluginController.class.php 第 8 行.
NOTIC: [8] Use of undefined constant TMPL_PATH - assumed 'TMPL_PATH' F:\xampp\htdocs\DreamCMS\Admin\Common\Controller\AdminbaseController.class.php 第 14 行.
SQL: SHOW COLUMNS FROM `ur7_language` [ RunTime:0.0060s ]
SQL: SHOW COLUMNS FROM `ur7_admin_auth_group` [ RunTime:0.0040s ]
SQL: SELECT * FROM `ur7_admin_auth_group` ORDER BY sort  [ RunTime:0.0000s ]
SQL: SHOW COLUMNS FROM `ur7_admin_auth_action` [ RunTime:0.0040s ]
SQL: SHOW COLUMNS FROM `ur7_model` [ RunTime:0.0040s ]
SQL: SELECT * FROM `ur7_model`  [ RunTime:0.0010s ]
INFO: [ view_filter ] --START--
INFO: Run Behavior\WriteHtmlCacheBehavior [ RunTime:0.000000s ]
INFO: [ view_filter ] --END-- [ RunTime:0.001000s ]
INFO: [ app_end ] --START--
INFO: Run Behavior\ShowPageTraceBehavior [ RunTime:0.001000s ]
INFO: [ app_end ] --END-- [ RunTime:0.001000s ]

[ 2015-02-27T21:24:50+08:00 ] 127.0.0.1 /DreamCMS/Plugin.php/Collection/Admin/getfields.html
INFO: [ app_init ] --START--
INFO: Run Behavior\BuildLiteBehavior [ RunTime:0.000000s ]
INFO: [ app_init ] --END-- [ RunTime:0.001000s ]
INFO: [ app_begin ] --START--
INFO: Run Behavior\ReadHtmlCacheBehavior [ RunTime:0.000000s ]
INFO: Run Behavior\FlChkLangBehavior [ RunTime:0.001001s ]
INFO: [ app_begin ] --END-- [ RunTime:0.002001s ]
NOTIC: [2048] Declaration of Auth\Controller\AuthbaseController::display() should be compatible with Think\Controller::display($templateFile = '', $charset = '', $contentType = '', $content = '', $prefix = '') F:\xampp\htdocs\DreamCMS\Admin\Auth\Controller\AuthbaseController.class.php 第 8 行.
NOTIC: [2048] Declaration of Common\Controller\AdminpluginController::display() should be compatible with Auth\Controller\AuthbaseController::display($view = '') F:\xampp\htdocs\DreamCMS\Plugin\Common\Controller\AdminpluginController.class.php 第 8 行.
NOTIC: [8] Use of undefined constant TMPL_PATH - assumed 'TMPL_PATH' F:\xampp\htdocs\DreamCMS\Admin\Common\Controller\AdminbaseController.class.php 第 14 行.
SQL: SHOW COLUMNS FROM `ur7_language` [ RunTime:0.0040s ]
SQL: SHOW COLUMNS FROM `ur7_admin_auth_group` [ RunTime:0.0070s ]
SQL: SELECT * FROM `ur7_admin_auth_group` ORDER BY sort  [ RunTime:0.0010s ]
SQL: SHOW COLUMNS FROM `ur7_admin_auth_action` [ RunTime:0.0050s ]
SQL: SELECT * FROM `ur7_admin_auth_action` WHERE `group` = 'Collection' AND `controller` = 'Admin' AND `action` = 'getfields' LIMIT 1   [ RunTime:0.0010s ]
SQL: SHOW COLUMNS FROM `ur7_model_field` [ RunTime:0.0050s ]
SQL: SELECT * FROM `ur7_model_field` WHERE `mid` = 31  [ RunTime:0.0010s ]
INFO: [ app_end ] --START--
INFO: Run Behavior\ShowPageTraceBehavior [ RunTime:0.002000s ]
INFO: [ app_end ] --END-- [ RunTime:0.002000s ]

